[16:05:56] [Server thread/INFO]: Starting minecraft server version 1.8.8
[16:05:56] [Server thread/WARN]: To start the server with more ram, launch it as "java -Xmx1024M -Xms1024M -jar minecraft_server.jar"
[16:05:56] [Server thread/INFO]: Loading properties
[16:05:56] [Server thread/INFO]: Default game type: SURVIVAL
[16:05:56] [Server thread/INFO]: This server is running CraftBukkit version git-PaperSpigot-445 (MC: 1.8.8) (Implementing API version 1.8.8-R0.1-SNAPSHOT)
[16:05:56] [Server thread/INFO]: Spigot Timings: true - Verbose: true - Interval: 5m - Length: 60m
[16:05:56] [Server thread/INFO]: Server Ping Player Sample Count: 12
[16:05:56] [Server thread/INFO]: Using 4 threads for Netty based IO
[16:05:56] [Server thread/INFO]: Debug logging is disabled
[16:05:56] [Server thread/INFO]: Data value allowed items: 
[16:05:56] [Server thread/INFO]: Generating keypair
[16:05:57] [Server thread/INFO]: Starting Minecraft server on localhost:25565
[16:05:57] [Server thread/INFO]: Using default channel type
[16:05:58] [Server thread/INFO]: Set PluginClassLoader as parallel capable
[16:05:59] [Server thread/INFO]: [LuckPerms] Loading LuckPerms v5.4.58
[16:06:01] [Server thread/INFO]: [WorldEdit] Loading WorldEdit v6.1;no_git_id
[16:06:01] [Server thread/INFO]: [PlaceholderAPI] Loading PlaceholderAPI v2.11.2
[16:06:01] [Server thread/INFO]: [EnderDragon] Loading EnderDragon v1.8.4
[16:06:01] [Server thread/INFO]: [Vault] Loading Vault v1.5.5-b47
[16:06:01] [Server thread/INFO]: [CustomRecipes] Loading CustomRecipes v2.0.1
[16:06:01] [Server thread/INFO]: [Backpacks] Loading Backpacks v1.8.3
[16:06:01] [Server thread/INFO]: [MinecraftServerManager] Loading MinecraftServerManager v1.0.3
[16:06:01] [Server thread/INFO]: [Multiverse-Core] Loading Multiverse-Core v2.5-b699
[16:06:01] [Server thread/INFO]: [WorldGuard] Loading WorldGuard v6.1
[16:06:01] [Server thread/INFO]: [Citizens] Loading Citizens v2.0.30-SNAPSHOT (build 2895)
[16:06:01] [Server thread/INFO]: [Essentials] Loading Essentials v2.19.7
[16:06:01] [Server thread/INFO]: [AdvancedEnchantments] Loading AdvancedEnchantments v9.0.0b56
[16:06:01] [Server thread/INFO]: [AuthMe] Loading AuthMe v5.6.0-beta2-b2453
[16:06:01] [Server thread/INFO]: [BlackMarket] Loading BlackMarket v1.34.1
[16:06:01] [Server thread/INFO]: [Info-Board] Loading Info-Board v0.2.9
[16:06:01] [Server thread/INFO]: [LuckPerms] Enabling LuckPerms v5.4.58
[16:06:03] [Server thread/INFO]:         __    
[16:06:03] [Server thread/INFO]:   |    |__)   LuckPerms v5.4.58
[16:06:03] [Server thread/INFO]:   |___ |      Running on Bukkit - CraftBukkit
[16:06:03] [Server thread/INFO]: [LuckPerms] Loading configuration...
[16:06:05] [Server thread/INFO]: [LuckPerms] Loading storage provider... [H2]
[16:06:10] [Server thread/INFO]: [LuckPerms] Loading internal permission managers...
[16:06:10] [Server thread/INFO]: [LuckPerms] Performing initial data load...
[16:06:11] [Server thread/INFO]: [LuckPerms] Successfully enabled. (took 10388ms)
[16:06:11] [Server thread/INFO]: [Vault] Enabling Vault v1.5.5-b47
[16:06:12] [Server thread/INFO]: [Vault] [Economy] Essentials Economy found: Waiting
[16:06:12] [Server thread/INFO]: [Vault] [Permission] SuperPermissions loaded as backup permission system.
[16:06:12] [Server thread/INFO]: [Vault] Enabled Version 1.5.5-b47
[16:06:12] [Server thread/INFO]: [LuckPerms] Registered Vault permission & chat hook.
[16:06:12] [Server thread/WARN]: **** SERVER IS RUNNING IN OFFLINE/INSECURE MODE!
[16:06:12] [Server thread/WARN]: The server will make no attempt to authenticate usernames. Beware.
[16:06:12] [Server thread/WARN]: Whilst this makes it possible to use BungeeCord, unless access to your server is properly restricted, it also opens up the ability for hackers to connect with any username they choose.
[16:06:12] [Server thread/WARN]: Please see http://www.spigotmc.org/wiki/firewall-guide/ for further information.
[16:06:12] [Server thread/WARN]: To change this, set "online-mode" to "true" in the server.properties file.
[16:06:12] [Server thread/INFO]: **** Beginning UUID conversion, this may take A LONG time ****
[16:06:13] [Server thread/INFO]: Preparing level "world"
[16:06:13] [Server thread/INFO]: -------- World Settings For [world] --------
[16:06:13] [Server thread/INFO]: Entity Activation Range: An 32 / Mo 32 / Mi 16
[16:06:13] [Server thread/INFO]: Entity Tracking Range: Pl 48 / An 48 / Mo 48 / Mi 32 / Other 64
[16:06:13] [Server thread/INFO]: Hopper Transfer: 8 Hopper Check: 8 Hopper Amount: 1
[16:06:13] [Server thread/INFO]: Random Lighting Updates: false
[16:06:13] [Server thread/INFO]: Structure Info Saving: true
[16:06:13] [Server thread/INFO]: Nerfing mobs spawned from spawners: false
[16:06:13] [Server thread/INFO]: Cactus Growth Modifier: 100%
[16:06:13] [Server thread/INFO]: Cane Growth Modifier: 100%
[16:06:13] [Server thread/INFO]: Melon Growth Modifier: 100%
[16:06:13] [Server thread/INFO]: Mushroom Growth Modifier: 100%
[16:06:13] [Server thread/INFO]: Pumpkin Growth Modifier: 100%
[16:06:13] [Server thread/INFO]: Sapling Growth Modifier: 100%
[16:06:13] [Server thread/INFO]: Wheat Growth Modifier: 100%
[16:06:14] [Server thread/INFO]: NetherWart Growth Modifier: 100%
[16:06:14] [Server thread/INFO]: Anti X-Ray: true
[16:06:14] [Server thread/INFO]: 	Engine Mode: 1
[16:06:14] [Server thread/INFO]: 	Hidden Blocks: [14, 15, 16, 21, 48, 49, 54, 56, 73, 74, 82, 129, 130]
[16:06:14] [Server thread/INFO]: 	Replace Blocks: [1, 5]
[16:06:14] [Server thread/INFO]: Mob Spawn Range: 4
[16:06:14] [Server thread/INFO]: Sending up to 10 chunks per packet
[16:06:14] [Server thread/INFO]: Max Entity Collisions: 8
[16:06:14] [Server thread/INFO]: Custom Map Seeds:  Village: 10387312 Feature: 14357617
[16:06:14] [Server thread/INFO]: Max TNT Explosions: 100
[16:06:14] [Server thread/INFO]: Tile Max Tick Time: 50ms Entity max Tick Time: 50ms
[16:06:14] [Server thread/INFO]: Item Despawn Rate: 6000
[16:06:14] [Server thread/INFO]: Item Merge Radius: 2.5
[16:06:14] [Server thread/INFO]: Arrow Despawn Rate: 1200
[16:06:14] [Server thread/INFO]: View Distance: 4
[16:06:14] [Server thread/INFO]: Allow Zombie Pigmen to spawn from portal blocks: true
[16:06:14] [Server thread/INFO]: Zombie Aggressive Towards Villager: true
[16:06:14] [Server thread/INFO]: Chunks to Grow per Tick: 650
[16:06:14] [Server thread/INFO]: Clear tick list: false
[16:06:14] [Server thread/INFO]: Experience Merge Radius: 3.0
[16:06:14] [Server thread/INFO]: -------- World Settings For [world] --------
[16:06:14] [Server thread/INFO]: Player blocking damage multiplier set to 0.5
[16:06:14] [Server thread/INFO]: Squids will spawn between Y: 45.0 and Y: 63.0
[16:06:14] [Server thread/INFO]: Remove invalid mob spawner tile entities: true
[16:06:14] [Server thread/INFO]: Max height for cactus growth 3. Max height for reed growth 3
[16:06:14] [Server thread/INFO]: Living Entity Despawn Ranges:  Soft: 32 Hard: 128
[16:06:14] [Server thread/INFO]: Fix TNT cannons: false
[16:06:14] [Server thread/INFO]: Water over lava flow speed: 5
[16:06:14] [Server thread/INFO]: Allow undead horse types to be leashed: false
[16:06:14] [Server thread/INFO]: Keep spawn chunk loaded: true
[16:06:14] [Server thread/INFO]: WorldServer TickNextTick cap set at 10000
[16:06:14] [Server thread/INFO]: WorldServer TickNextTickList cap always processes redstone: false
[16:06:14] [Server thread/INFO]: World async lighting: false
[16:06:15] [Server thread/INFO]: -------- World Settings For [world_nether] --------
[16:06:15] [Server thread/INFO]: Entity Activation Range: An 32 / Mo 32 / Mi 16
[16:06:15] [Server thread/INFO]: Entity Tracking Range: Pl 48 / An 48 / Mo 48 / Mi 32 / Other 64
[16:06:15] [Server thread/INFO]: Hopper Transfer: 8 Hopper Check: 8 Hopper Amount: 1
[16:06:15] [Server thread/INFO]: Random Lighting Updates: false
[16:06:15] [Server thread/INFO]: Structure Info Saving: true
[16:06:15] [Server thread/INFO]: Nerfing mobs spawned from spawners: false
[16:06:15] [Server thread/INFO]: Cactus Growth Modifier: 100%
[16:06:15] [Server thread/INFO]: Cane Growth Modifier: 100%
[16:06:15] [Server thread/INFO]: Melon Growth Modifier: 100%
[16:06:15] [Server thread/INFO]: Mushroom Growth Modifier: 100%
[16:06:15] [Server thread/INFO]: Pumpkin Growth Modifier: 100%
[16:06:15] [Server thread/INFO]: Sapling Growth Modifier: 100%
[16:06:15] [Server thread/INFO]: Wheat Growth Modifier: 100%
[16:06:15] [Server thread/INFO]: NetherWart Growth Modifier: 100%
[16:06:15] [Server thread/INFO]: Anti X-Ray: true
[16:06:15] [Server thread/INFO]: 	Engine Mode: 1
[16:06:15] [Server thread/INFO]: 	Hidden Blocks: [14, 15, 16, 21, 48, 49, 54, 56, 73, 74, 82, 129, 130]
[16:06:15] [Server thread/INFO]: 	Replace Blocks: [1, 5]
[16:06:15] [Server thread/INFO]: Mob Spawn Range: 4
[16:06:15] [Server thread/INFO]: Sending up to 10 chunks per packet
[16:06:15] [Server thread/INFO]: Max Entity Collisions: 8
[16:06:15] [Server thread/INFO]: Custom Map Seeds:  Village: 10387312 Feature: 14357617
[16:06:15] [Server thread/INFO]: Max TNT Explosions: 100
[16:06:15] [Server thread/INFO]: Tile Max Tick Time: 50ms Entity max Tick Time: 50ms
[16:06:15] [Server thread/INFO]: Item Despawn Rate: 6000
[16:06:15] [Server thread/INFO]: Item Merge Radius: 2.5
[16:06:15] [Server thread/INFO]: Arrow Despawn Rate: 1200
[16:06:15] [Server thread/INFO]: View Distance: 4
[16:06:15] [Server thread/INFO]: Allow Zombie Pigmen to spawn from portal blocks: true
[16:06:15] [Server thread/INFO]: Zombie Aggressive Towards Villager: true
[16:06:15] [Server thread/INFO]: Chunks to Grow per Tick: 650
[16:06:15] [Server thread/INFO]: Clear tick list: false
[16:06:15] [Server thread/INFO]: Experience Merge Radius: 3.0
[16:06:15] [Server thread/INFO]: -------- World Settings For [world_nether] --------
[16:06:15] [Server thread/INFO]: Player blocking damage multiplier set to 0.5
[16:06:15] [Server thread/INFO]: Squids will spawn between Y: 45.0 and Y: 63.0
[16:06:15] [Server thread/INFO]: Remove invalid mob spawner tile entities: true
[16:06:15] [Server thread/INFO]: Max height for cactus growth 3. Max height for reed growth 3
[16:06:15] [Server thread/INFO]: Living Entity Despawn Ranges:  Soft: 32 Hard: 128
[16:06:15] [Server thread/INFO]: Fix TNT cannons: false
[16:06:15] [Server thread/INFO]: Water over lava flow speed: 5
[16:06:15] [Server thread/INFO]: Allow undead horse types to be leashed: false
[16:06:15] [Server thread/INFO]: Keep spawn chunk loaded: true
[16:06:15] [Server thread/INFO]: WorldServer TickNextTick cap set at 10000
[16:06:15] [Server thread/INFO]: WorldServer TickNextTickList cap always processes redstone: false
[16:06:15] [Server thread/INFO]: World async lighting: false
[16:06:16] [Server thread/INFO]: -------- World Settings For [world_the_end] --------
[16:06:16] [Server thread/INFO]: Entity Activation Range: An 32 / Mo 32 / Mi 16
[16:06:16] [Server thread/INFO]: Entity Tracking Range: Pl 48 / An 48 / Mo 48 / Mi 32 / Other 64
[16:06:16] [Server thread/INFO]: Hopper Transfer: 8 Hopper Check: 8 Hopper Amount: 1
[16:06:16] [Server thread/INFO]: Random Lighting Updates: false
[16:06:16] [Server thread/INFO]: Structure Info Saving: true
[16:06:16] [Server thread/INFO]: Nerfing mobs spawned from spawners: false
[16:06:16] [Server thread/INFO]: Cactus Growth Modifier: 100%
[16:06:16] [Server thread/INFO]: Cane Growth Modifier: 100%
[16:06:16] [Server thread/INFO]: Melon Growth Modifier: 100%
[16:06:16] [Server thread/INFO]: Mushroom Growth Modifier: 100%
[16:06:16] [Server thread/INFO]: Pumpkin Growth Modifier: 100%
[16:06:16] [Server thread/INFO]: Sapling Growth Modifier: 100%
[16:06:16] [Server thread/INFO]: Wheat Growth Modifier: 100%
[16:06:16] [Server thread/INFO]: NetherWart Growth Modifier: 100%
[16:06:16] [Server thread/INFO]: Anti X-Ray: true
[16:06:16] [Server thread/INFO]: 	Engine Mode: 1
[16:06:16] [Server thread/INFO]: 	Hidden Blocks: [14, 15, 16, 21, 48, 49, 54, 56, 73, 74, 82, 129, 130]
[16:06:16] [Server thread/INFO]: 	Replace Blocks: [1, 5]
[16:06:16] [Server thread/INFO]: Mob Spawn Range: 4
[16:06:16] [Server thread/INFO]: Sending up to 10 chunks per packet
[16:06:16] [Server thread/INFO]: Max Entity Collisions: 8
[16:06:16] [Server thread/INFO]: Custom Map Seeds:  Village: 10387312 Feature: 14357617
[16:06:16] [Server thread/INFO]: Max TNT Explosions: 100
[16:06:16] [Server thread/INFO]: Tile Max Tick Time: 50ms Entity max Tick Time: 50ms
[16:06:16] [Server thread/INFO]: Item Despawn Rate: 6000
[16:06:16] [Server thread/INFO]: Item Merge Radius: 2.5
[16:06:16] [Server thread/INFO]: Arrow Despawn Rate: 1200
[16:06:16] [Server thread/INFO]: View Distance: 4
[16:06:16] [Server thread/INFO]: Allow Zombie Pigmen to spawn from portal blocks: true
[16:06:16] [Server thread/INFO]: Zombie Aggressive Towards Villager: true
[16:06:16] [Server thread/INFO]: Chunks to Grow per Tick: 650
[16:06:16] [Server thread/INFO]: Clear tick list: false
[16:06:16] [Server thread/INFO]: Experience Merge Radius: 3.0
[16:06:16] [Server thread/INFO]: -------- World Settings For [world_the_end] --------
[16:06:16] [Server thread/INFO]: Player blocking damage multiplier set to 0.5
[16:06:16] [Server thread/INFO]: Squids will spawn between Y: 45.0 and Y: 63.0
[16:06:16] [Server thread/INFO]: Remove invalid mob spawner tile entities: true
[16:06:16] [Server thread/INFO]: Max height for cactus growth 3. Max height for reed growth 3
[16:06:16] [Server thread/INFO]: Living Entity Despawn Ranges:  Soft: 32 Hard: 128
[16:06:16] [Server thread/INFO]: Fix TNT cannons: false
[16:06:16] [Server thread/INFO]: Water over lava flow speed: 5
[16:06:16] [Server thread/INFO]: Allow undead horse types to be leashed: false
[16:06:16] [Server thread/INFO]: Keep spawn chunk loaded: true
[16:06:16] [Server thread/INFO]: WorldServer TickNextTick cap set at 10000
[16:06:16] [Server thread/INFO]: WorldServer TickNextTickList cap always processes redstone: false
[16:06:16] [Server thread/INFO]: World async lighting: false
[16:06:16] [Server thread/INFO]: Preparing start region for level 0 (Seed: 5613873943173286319)
[16:06:18] [Server thread/INFO]: Preparing spawn area: 0%
[16:06:19] [Server thread/INFO]: Preparing spawn area: 0%
[16:06:20] [Server thread/INFO]: Preparing spawn area: 4%
[16:06:21] [Server thread/INFO]: Preparing spawn area: 6%
[16:06:22] [Server thread/INFO]: Preparing spawn area: 9%
[16:06:23] [Server thread/INFO]: Preparing spawn area: 13%
[16:06:24] [Server thread/INFO]: Preparing spawn area: 27%
[16:06:25] [Server thread/INFO]: Preparing spawn area: 43%
[16:06:26] [Server thread/INFO]: Preparing spawn area: 48%
[16:06:27] [Server thread/INFO]: Preparing spawn area: 64%
[16:06:28] [Server thread/INFO]: Preparing spawn area: 82%
[16:06:28] [Server thread/INFO]: Preparing start region for level 1 (Seed: -9051034665289085866)
[16:06:29] [Server thread/INFO]: Preparing spawn area: 1%
[16:06:31] [Server thread/INFO]: Preparing spawn area: 9%
[16:06:32] [Server thread/INFO]: Preparing spawn area: 33%
[16:06:33] [Server thread/INFO]: Preparing spawn area: 50%
[16:06:34] [Server thread/INFO]: Preparing spawn area: 78%
[16:06:34] [Server thread/INFO]: Preparing start region for level 2 (Seed: 279526566517587023)
[16:06:34] [Server thread/INFO]: [WorldEdit] Enabling WorldEdit v6.1;no_git_id
[16:06:37] [Server thread/INFO]: WEPIF: Using the Bukkit Permissions API.
[16:06:37] [Server thread/INFO]: [WorldEdit] Using com.sk89q.worldedit.bukkit.adapter.impl.Spigot_v1_8_R3 as the Bukkit adapter
[16:06:37] [Server thread/INFO]: [PlaceholderAPI] Enabling PlaceholderAPI v2.11.2
[16:06:38] [Server thread/INFO]: [PlaceholderAPI] Fetching available expansion information...
[16:06:38] [Server thread/INFO]: [EnderDragon] Enabling EnderDragon v1.8.4
[16:06:38] [Server thread/INFO]: [EnderDragon] Language: English
[16:06:38] [Server thread/INFO]: [EnderDragon] Enabling the plugin...
[16:06:38] [Server thread/INFO]: [EnderDragon] Author: Xanadu13
[16:06:38] [Server thread/INFO]: [EnderDragon] Checking update...
[16:06:39] [Server thread/INFO]: [EnderDragon] You are using the latest version (v1.8.4)...
[16:06:39] [Server thread/INFO]: [CustomRecipes] Enabling CustomRecipes v2.0.1
[16:06:40] [Server thread/INFO]: [CustomRecipes] The plugin has been enabled successfully, and all recipes have been loaded.
[16:06:40] [Server thread/INFO]: [Backpacks] Enabling Backpacks v1.8.3
[16:06:40] [Server thread/INFO]: [Backpacks] Loading backpacks. Please wait...
[16:06:40] [Server thread/INFO]: [Backpacks] 13 backpack(s) have been loaded.
[16:06:40] [Server thread/INFO]: [Backpacks] Backpacks has been enabled!
[16:06:40] [Server thread/INFO]: [MinecraftServerManager] Enabling MinecraftServerManager v1.0.3
[16:06:40] [Server thread/INFO]: [Multiverse-Core] Enabling Multiverse-Core v2.5-b699
[16:06:42] [Server thread/INFO]: -------- World Settings For [hub] --------
[16:06:42] [Server thread/INFO]: Entity Activation Range: An 32 / Mo 32 / Mi 16
[16:06:42] [Server thread/INFO]: Entity Tracking Range: Pl 48 / An 48 / Mo 48 / Mi 32 / Other 64
[16:06:42] [Server thread/INFO]: Hopper Transfer: 8 Hopper Check: 8 Hopper Amount: 1
[16:06:42] [Server thread/INFO]: Random Lighting Updates: false
[16:06:42] [Server thread/INFO]: Structure Info Saving: true
[16:06:42] [Server thread/INFO]: Nerfing mobs spawned from spawners: false
[16:06:42] [Server thread/INFO]: Cactus Growth Modifier: 100%
[16:06:42] [Server thread/INFO]: Cane Growth Modifier: 100%
[16:06:42] [Server thread/INFO]: Melon Growth Modifier: 100%
[16:06:42] [Server thread/INFO]: Mushroom Growth Modifier: 100%
[16:06:42] [Server thread/INFO]: Pumpkin Growth Modifier: 100%
[16:06:42] [Server thread/INFO]: Sapling Growth Modifier: 100%
[16:06:42] [Server thread/INFO]: Wheat Growth Modifier: 100%
[16:06:42] [Server thread/INFO]: NetherWart Growth Modifier: 100%
[16:06:42] [Server thread/INFO]: Anti X-Ray: true
[16:06:42] [Server thread/INFO]: 	Engine Mode: 1
[16:06:42] [Server thread/INFO]: 	Hidden Blocks: [14, 15, 16, 21, 48, 49, 54, 56, 73, 74, 82, 129, 130]
[16:06:42] [Server thread/INFO]: 	Replace Blocks: [1, 5]
[16:06:42] [Server thread/INFO]: Mob Spawn Range: 4
[16:06:42] [Server thread/INFO]: Sending up to 10 chunks per packet
[16:06:42] [Server thread/INFO]: Max Entity Collisions: 8
[16:06:42] [Server thread/INFO]: Custom Map Seeds:  Village: 10387312 Feature: 14357617
[16:06:42] [Server thread/INFO]: Max TNT Explosions: 100
[16:06:42] [Server thread/INFO]: Tile Max Tick Time: 50ms Entity max Tick Time: 50ms
[16:06:42] [Server thread/INFO]: Item Despawn Rate: 6000
[16:06:42] [Server thread/INFO]: Item Merge Radius: 2.5
[16:06:42] [Server thread/INFO]: Arrow Despawn Rate: 1200
[16:06:42] [Server thread/INFO]: View Distance: 4
[16:06:42] [Server thread/INFO]: Allow Zombie Pigmen to spawn from portal blocks: true
[16:06:42] [Server thread/INFO]: Zombie Aggressive Towards Villager: true
[16:06:42] [Server thread/INFO]: Chunks to Grow per Tick: 650
[16:06:42] [Server thread/INFO]: Clear tick list: false
[16:06:42] [Server thread/INFO]: Experience Merge Radius: 3.0
[16:06:42] [Server thread/INFO]: -------- World Settings For [hub] --------
[16:06:42] [Server thread/INFO]: Player blocking damage multiplier set to 0.5
[16:06:42] [Server thread/INFO]: Squids will spawn between Y: 45.0 and Y: 63.0
[16:06:42] [Server thread/INFO]: Remove invalid mob spawner tile entities: true
[16:06:42] [Server thread/INFO]: Max height for cactus growth 3. Max height for reed growth 3
[16:06:42] [Server thread/INFO]: Living Entity Despawn Ranges:  Soft: 32 Hard: 128
[16:06:42] [Server thread/INFO]: Fix TNT cannons: false
[16:06:42] [Server thread/INFO]: Water over lava flow speed: 5
[16:06:42] [Server thread/INFO]: Allow undead horse types to be leashed: false
[16:06:42] [Server thread/INFO]: Keep spawn chunk loaded: true
[16:06:42] [Server thread/INFO]: WorldServer TickNextTick cap set at 10000
[16:06:42] [Server thread/INFO]: WorldServer TickNextTickList cap always processes redstone: false
[16:06:42] [Server thread/INFO]: World async lighting: false
[16:06:42] [Server thread/INFO]: Preparing start region for level 3 (Seed: -3462355243548058792)
[16:06:43] [Server thread/INFO]: Preparing spawn area for hub, 28%
[16:06:44] [Server thread/INFO]: Preparing spawn area for hub, 56%
[16:06:45] [Server thread/INFO]: Preparing spawn area for hub, 93%
[16:06:45] [Server thread/INFO]: -------- World Settings For [Survival] --------
[16:06:45] [Server thread/INFO]: Entity Activation Range: An 32 / Mo 32 / Mi 16
[16:06:45] [Server thread/INFO]: Entity Tracking Range: Pl 48 / An 48 / Mo 48 / Mi 32 / Other 64
[16:06:45] [Server thread/INFO]: Hopper Transfer: 8 Hopper Check: 8 Hopper Amount: 1
[16:06:45] [Server thread/INFO]: Random Lighting Updates: false
[16:06:45] [Server thread/INFO]: Structure Info Saving: true
[16:06:45] [Server thread/INFO]: Nerfing mobs spawned from spawners: false
[16:06:45] [Server thread/INFO]: Cactus Growth Modifier: 100%
[16:06:45] [Server thread/INFO]: Cane Growth Modifier: 100%
[16:06:45] [Server thread/INFO]: Melon Growth Modifier: 100%
[16:06:45] [Server thread/INFO]: Mushroom Growth Modifier: 100%
[16:06:45] [Server thread/INFO]: Pumpkin Growth Modifier: 100%
[16:06:45] [Server thread/INFO]: Sapling Growth Modifier: 100%
[16:06:45] [Server thread/INFO]: Wheat Growth Modifier: 100%
[16:06:45] [Server thread/INFO]: NetherWart Growth Modifier: 100%
[16:06:45] [Server thread/INFO]: Anti X-Ray: true
[16:06:45] [Server thread/INFO]: 	Engine Mode: 1
[16:06:45] [Server thread/INFO]: 	Hidden Blocks: [14, 15, 16, 21, 48, 49, 54, 56, 73, 74, 82, 129, 130]
[16:06:45] [Server thread/INFO]: 	Replace Blocks: [1, 5]
[16:06:45] [Server thread/INFO]: Mob Spawn Range: 4
[16:06:45] [Server thread/INFO]: Sending up to 10 chunks per packet
[16:06:45] [Server thread/INFO]: Max Entity Collisions: 8
[16:06:45] [Server thread/INFO]: Custom Map Seeds:  Village: 10387312 Feature: 14357617
[16:06:45] [Server thread/INFO]: Max TNT Explosions: 100
[16:06:45] [Server thread/INFO]: Tile Max Tick Time: 50ms Entity max Tick Time: 50ms
[16:06:45] [Server thread/INFO]: Item Despawn Rate: 6000
[16:06:45] [Server thread/INFO]: Item Merge Radius: 2.5
[16:06:45] [Server thread/INFO]: Arrow Despawn Rate: 1200
[16:06:45] [Server thread/INFO]: View Distance: 4
[16:06:45] [Server thread/INFO]: Allow Zombie Pigmen to spawn from portal blocks: true
[16:06:45] [Server thread/INFO]: Zombie Aggressive Towards Villager: true
[16:06:45] [Server thread/INFO]: Chunks to Grow per Tick: 650
[16:06:45] [Server thread/INFO]: Clear tick list: false
[16:06:45] [Server thread/INFO]: Experience Merge Radius: 3.0
[16:06:45] [Server thread/INFO]: -------- World Settings For [Survival] --------
[16:06:45] [Server thread/INFO]: Player blocking damage multiplier set to 0.5
[16:06:45] [Server thread/INFO]: Squids will spawn between Y: 45.0 and Y: 63.0
[16:06:45] [Server thread/INFO]: Remove invalid mob spawner tile entities: true
[16:06:45] [Server thread/INFO]: Max height for cactus growth 3. Max height for reed growth 3
[16:06:45] [Server thread/INFO]: Living Entity Despawn Ranges:  Soft: 32 Hard: 128
[16:06:45] [Server thread/INFO]: Fix TNT cannons: false
[16:06:45] [Server thread/INFO]: Water over lava flow speed: 5
[16:06:45] [Server thread/INFO]: Allow undead horse types to be leashed: false
[16:06:45] [Server thread/INFO]: Keep spawn chunk loaded: true
[16:06:45] [Server thread/INFO]: WorldServer TickNextTick cap set at 10000
[16:06:45] [Server thread/INFO]: WorldServer TickNextTickList cap always processes redstone: false
[16:06:45] [Server thread/INFO]: World async lighting: false
[16:06:45] [Server thread/INFO]: Preparing start region for level 4 (Seed: 2062431773848230165)
[16:06:46] [Server thread/INFO]: Preparing spawn area for Survival, 24%
[16:06:47] [Server thread/INFO]: Preparing spawn area for Survival, 57%
[16:06:48] [Server thread/INFO]: Preparing spawn area for Survival, 85%
[16:06:49] [Server thread/INFO]: [Multiverse-Core] 5 - World(s) loaded.
[16:06:49] [Server thread/INFO]: [Multiverse-Core] Version 2.5-b699 (API v19) Enabled - By Rigby, fernferret, lithium3141 and main--
[16:06:49] [Server thread/INFO]: [WorldGuard] Enabling WorldGuard v6.1
[16:06:50] [Server thread/INFO]: [WorldGuard] (world) TNT ignition is PERMITTED.
[16:06:50] [Server thread/INFO]: [WorldGuard] (world) Lighters are PERMITTED.
[16:06:50] [Server thread/INFO]: [WorldGuard] (world) Lava fire is PERMITTED.
[16:06:50] [Server thread/INFO]: [WorldGuard] (world) Fire spread is UNRESTRICTED.
[16:06:50] [Server thread/INFO]: [WorldGuard] Loaded configuration for world 'world'
[16:06:50] [Server thread/INFO]: [WorldGuard] (world_nether) TNT ignition is PERMITTED.
[16:06:50] [Server thread/INFO]: [WorldGuard] (world_nether) Lighters are PERMITTED.
[16:06:50] [Server thread/INFO]: [WorldGuard] (world_nether) Lava fire is PERMITTED.
[16:06:50] [Server thread/INFO]: [WorldGuard] (world_nether) Fire spread is UNRESTRICTED.
[16:06:50] [Server thread/INFO]: [WorldGuard] Loaded configuration for world 'world_nether'
[16:06:50] [Server thread/INFO]: [WorldGuard] (world_the_end) TNT ignition is PERMITTED.
[16:06:50] [Server thread/INFO]: [WorldGuard] (world_the_end) Lighters are PERMITTED.
[16:06:50] [Server thread/INFO]: [WorldGuard] (world_the_end) Lava fire is PERMITTED.
[16:06:50] [Server thread/INFO]: [WorldGuard] (world_the_end) Fire spread is UNRESTRICTED.
[16:06:50] [Server thread/INFO]: [WorldGuard] Loaded configuration for world 'world_the_end'
[16:06:50] [Server thread/INFO]: [WorldGuard] (hub) TNT ignition is PERMITTED.
[16:06:50] [Server thread/INFO]: [WorldGuard] (hub) Lighters are PERMITTED.
[16:06:50] [Server thread/INFO]: [WorldGuard] (hub) Lava fire is PERMITTED.
[16:06:50] [Server thread/INFO]: [WorldGuard] (hub) Fire spread is UNRESTRICTED.
[16:06:50] [Server thread/INFO]: [WorldGuard] Loaded configuration for world 'hub'
[16:06:50] [Server thread/INFO]: [WorldGuard] (Survival) TNT ignition is PERMITTED.
[16:06:50] [Server thread/INFO]: [WorldGuard] (Survival) Lighters are PERMITTED.
[16:06:50] [Server thread/INFO]: [WorldGuard] (Survival) Lava fire is PERMITTED.
[16:06:50] [Server thread/INFO]: [WorldGuard] (Survival) Fire spread is UNRESTRICTED.
[16:06:50] [Server thread/INFO]: [WorldGuard] Loaded configuration for world 'Survival'
[16:06:50] [Server thread/INFO]: [WorldGuard] Loading region data...
[16:06:52] [Server thread/INFO]: [Citizens] Enabling Citizens v2.0.30-SNAPSHOT (build 2895)
[16:06:52] [Server thread/INFO]: [Citizens] Loading external libraries
[16:06:55] [Server thread/INFO]: [PlaceholderAPI] Successfully registered expansion: citizensplaceholder [1.0.0]
[16:06:55] [Server thread/INFO]: [Citizens] Loaded economy handling via Vault.
[16:06:56] [Server thread/INFO]: [Essentials] Enabling Essentials v2.19.7
[16:06:56] [Server thread/INFO]: You are running a server with limited API functionality. EssentialsX will still work, but certain features may be disabled.
[16:06:58] [Server thread/INFO]: Attempting to convert old kits in config.yml to new kits.yml
[16:06:58] [Server thread/INFO]: No kits found to migrate.
[16:06:59] [Server thread/INFO]: Loaded 853 items from items.csv.
[16:06:59] [Server thread/INFO]: Using locale en_US
[16:06:59] [Server thread/INFO]: ServerListPingEvent: Spigot iterator API
[16:06:59] [Server thread/INFO]: Starting Metrics. Opt-out using the global bStats config.
[16:06:59] [Server thread/INFO]: [Vault][Economy] Essentials Economy hooked.
[16:06:59] [Server thread/INFO]: Using Vault based permissions (LuckPerms)
[16:07:00] [Server thread/INFO]: [AdvancedEnchantments] Enabling AdvancedEnchantments v9.0.0b56
[16:07:02] [Server thread/INFO]: [AdvancedEnchantments] Successfully hooked into WorldGuard.
[16:07:02] [Server thread/INFO]: [PlaceholderAPI] Successfully registered expansion: advancedenchantments [1.0.0]
[16:07:02] [Server thread/INFO]: [AdvancedEnchantments] Successfully hooked into PlaceholderAPI.
[16:07:02] [Server thread/INFO]: [AdvancedEnchantments] Successfully hooked into Essentials.
[16:07:02] [Server thread/INFO]: [AdvancedEnchantments] Loaded 7 armor sets.
[16:07:02] [Server thread/INFO]: [AdvancedEnchantments] Loaded 5 weapons.
[16:07:06] [Server thread/INFO]: [AdvancedEnchantments] Successfully hooked into economy plugin (Vault)
[16:07:07] [Server thread/INFO]: [34m Downloaded from https://directleaks.to [0m
[16:07:07] [Server thread/INFO]: [AuthMe] Enabling AuthMe v5.6.0-beta2-b2453
[16:07:08] [Server thread/INFO]: [AuthMe] SQLite Setup finished
[16:07:09] [Server thread/INFO]: [AuthMe] Hooked into LuckPerms!
[16:07:09] [Server thread/INFO]: [AuthMe] Hooked successfully into Essentials
[16:07:10] [Server thread/INFO]: [AuthMe] Hooked successfully into Multiverse-Core
[16:07:10] [Server thread/INFO]: [AuthMe] Essentials spawn file not found: '/home/runner/eaglercraftx/server/plugins/Essentials/spawn.yml'
[16:07:10] [Server thread/WARN]: [AuthMe] WARNING! The protectInventory feature requires ProtocolLib! Disabling it...
[16:07:11] [Server thread/INFO]: [AuthMe] AuthMe 5.6.0-beta2 build n.2453 successfully enabled!
[16:07:13] [Server thread/INFO]: [BlackMarket] Enabling BlackMarket v1.34.1
[16:07:15] [Server thread/INFO]: [Info-Board] Enabling Info-Board v0.2.9
[16:07:15] [Server thread/INFO]: Metrics was started!
[16:07:15] [Server thread/INFO]: Server permissions file permissions.yml is empty, ignoring it
[16:07:18] [Server thread/INFO]: Done (65.436s)! For help, type "help" or "?"
[16:07:18] [Server thread/INFO]: Timings Reset
[16:07:18] [Server thread/INFO]: Essentials found a compatible payment resolution method: Vault Compatibility Layer (v1.5.5-b47)!
[16:07:18] [Craft Scheduler Thread - 2/INFO]: [AuthMe] Downloading GEO IP database, because the old database is older than 30 days or doesn't exist
[16:07:18] [Craft Scheduler Thread - 2/WARN]: [AuthMe] No MaxMind credentials found in the configuration file! GeoIp protections will be disabled.
[16:07:18] [Craft Scheduler Thread - 2/INFO]: [AuthMe] There is no newer GEO IP database uploaded to MaxMind. Using the old one for now.
[16:07:18] [Craft Scheduler Thread - 2/WARN]: [AuthMe] Could not download GeoLiteAPI database [FileNotFoundException]: plugins/AuthMe/GeoLite2-Country.mmdb (No such file or directory)
[16:07:18] [Craft Scheduler Thread - 3/INFO]: §6Fetching version information...
[16:07:19] [Server thread/INFO]: [PlaceholderAPI] Placeholder expansion registration initializing...
[16:07:19] [Server thread/INFO]: 0 placeholder hook(s) registered!
[16:07:22] [Server thread/INFO]: [Citizens] Loaded 7 NPCs.
[16:07:57] [Thread-14/INFO]: UUID of player TheExecutionist is ab7f3eb0-bc3b-350d-ab5c-56984c3c89b4
[16:07:57] [Server thread/INFO]: TheExecutionist[/172.31.128.1:33756] logged in with entity id 936 at ([hub]-453.69999998807907, 71.0, 7.084613397451356)
[16:07:58] [Server thread/WARN]: Permissions lag notice with (LuckPermsHandler). Response took 99.166383ms. Summary: Getting group for TheExecutionist
[16:08:00] [Server thread/INFO]: Title command successfully executed
[16:08:06] [Craft Scheduler Thread - 3/INFO]: [AuthMe] The user TheExecutionist has 9 accounts:
[16:08:06] [Craft Scheduler Thread - 3/INFO]: [AuthMe] §7§aTheExecutionist§7, chonken, viggyee267, bluestonenuke, fatal, wasup1st, yeelervool268, wait_what_glitch, yuko_duck.
[16:08:06] [Craft Scheduler Thread - 3/INFO]: [AuthMe] TheExecutionist logged in 172.31.128.1
[16:08:31] [Server thread/INFO]: TheExecutionist issued server command: /gamemode c
[16:09:00] [Server thread/INFO]: TheExecutionist issued server command: /npc
[16:09:08] [Server thread/INFO]: TheExecutionist issued server command: /warp hub
[16:10:24] [Server thread/INFO]: TheExecutionist issued server command: /npc sel
[16:10:28] [Server thread/INFO]: TheExecutionist issued server command: /npc shop edit
[16:14:15] [Server thread/INFO]: TheExecutionist issued server command: /npc sel
[16:14:18] [Server thread/INFO]: TheExecutionist issued server command: /npc shop edit
[16:16:06] [Server thread/INFO]: Selected Miner (ID 9).
[16:16:12] [Server thread/INFO]: Error downloading skin texture from https://www.minecraftskins.com/uploads/skins/2023/02/01/miner-21293898.png?v538. Are you sure the URL is valid?
[16:16:40] [Thread-9/INFO]: [Backpacks] Saving 12 backpack(s)...
[16:16:40] [Thread-9/INFO]: [Backpacks] Backpacks have been saved.
[16:17:03] [Server thread/INFO]: Downloaded Miner's skin from https://www.minecraftskins.com/uploads/skins/2022/12/30/miner-steve-21187588.png?v538.
[16:17:17] [Server thread/INFO]: TheExecutionist issued server command: /npc equip
[16:17:26] [Server thread/INFO]: TheExecutionist issued server command: /npc sel
[16:17:31] [Server thread/INFO]: TheExecutionist issued server command: /npc equip
[16:17:46] [Server thread/INFO]: TheExecutionist issued server command: /npc equip
[16:18:58] [Server thread/INFO]: TheExecutionist issued server command: /give TheExecutionist barrier 8
[16:19:03] [Server thread/INFO]: TheExecutionist issued server command: /npc sel
[16:19:06] [Server thread/INFO]: TheExecutionist issued server command: /npc shop edit
[16:19:34] [Server thread/WARN]: java.lang.NullPointerException: input
[16:19:34] [Server thread/WARN]: 	at java.util.Objects.requireNonNull(Objects.java:228)
[16:19:34] [Server thread/WARN]: 	at clib.net.kyori.adventure.text.minimessage.MiniMessageImpl.newContext(MiniMessageImpl.java:138)
[16:19:34] [Server thread/WARN]: 	at clib.net.kyori.adventure.text.minimessage.MiniMessageImpl.deserialize(MiniMessageImpl.java:79)
[16:19:34] [Server thread/WARN]: 	at clib.net.kyori.adventure.text.minimessage.MiniMessageImpl.deserialize(MiniMessageImpl.java:45)
[16:19:34] [Server thread/WARN]: 	at net.citizensnpcs.api.util.Messaging.parseComponents(Messaging.java:167)
[16:19:34] [Server thread/WARN]: 	at net.citizensnpcs.trait.ShopTrait$NPCShopItemEditor.lambda$onEditName$14(ShopTrait.java:484)
[16:19:34] [Server thread/WARN]: 	at net.citizensnpcs.api.gui.InputMenus.lambda$stringSetter$1(InputMenus.java:229)
[16:19:34] [Server thread/WARN]: 	at net.citizensnpcs.api.gui.InputMenus$StringInputMenu.save(InputMenus.java:204)
[16:19:34] [Server thread/WARN]: 	at net.citizensnpcs.api.gui.InventoryMenu$1.accept(InventoryMenu.java:531)
[16:19:34] [Server thread/WARN]: 	at net.citizensnpcs.api.gui.InventoryMenu$1.accept(InventoryMenu.java:523)
[16:19:34] [Server thread/WARN]: 	at net.citizensnpcs.api.gui.InventoryMenuSlot.onClick(InventoryMenuSlot.java:130)
[16:19:34] [Server thread/WARN]: 	at net.citizensnpcs.api.gui.InventoryMenu.handleClick(InventoryMenu.java:240)
[16:19:34] [Server thread/WARN]: 	at net.citizensnpcs.api.gui.InventoryMenu.onInventoryClick(InventoryMenu.java:340)
[16:19:34] [Server thread/WARN]: 	at sun.reflect.GeneratedMethodAccessor80.invoke(Unknown Source)
[16:19:34] [Server thread/WARN]: 	at sun.reflect.DelegatingMethodAccessorImpl.invoke(DelegatingMethodAccessorImpl.java:43)
[16:19:34] [Server thread/WARN]: 	at java.lang.reflect.Method.invoke(Method.java:498)
[16:19:34] [Server thread/WARN]: 	at org.bukkit.plugin.java.JavaPluginLoader$1.execute(JavaPluginLoader.java:300)
[16:19:34] [Server thread/WARN]: 	at co.aikar.timings.TimedEventExecutor.execute(TimedEventExecutor.java:78)
[16:19:34] [Server thread/WARN]: 	at org.bukkit.plugin.RegisteredListener.callEvent(RegisteredListener.java:62)
[16:19:34] [Server thread/WARN]: 	at org.bukkit.plugin.SimplePluginManager.fireEvent(SimplePluginManager.java:517)
[16:19:34] [Server thread/WARN]: 	at org.bukkit.plugin.SimplePluginManager.callEvent(SimplePluginManager.java:502)
[16:19:34] [Server thread/WARN]: 	at net.minecraft.server.v1_8_R3.PlayerConnection.a(PlayerConnection.java:1657)
[16:19:34] [Server thread/WARN]: 	at net.minecraft.server.v1_8_R3.PacketPlayInWindowClick.a(SourceFile:31)
[16:19:34] [Server thread/WARN]: 	at net.minecraft.server.v1_8_R3.PacketPlayInWindowClick.a(SourceFile:9)
[16:19:34] [Server thread/WARN]: 	at net.minecraft.server.v1_8_R3.PlayerConnectionUtils$1.run(SourceFile:13)
[16:19:34] [Server thread/WARN]: 	at java.util.concurrent.Executors$RunnableAdapter.call(Executors.java:511)
[16:19:34] [Server thread/WARN]: 	at java.util.concurrent.FutureTask.run(FutureTask.java:266)
[16:19:34] [Server thread/WARN]: 	at net.minecraft.server.v1_8_R3.SystemUtils.a(SourceFile:44)
[16:19:34] [Server thread/WARN]: 	at net.minecraft.server.v1_8_R3.MinecraftServer.B(MinecraftServer.java:774)
[16:19:34] [Server thread/WARN]: 	at net.minecraft.server.v1_8_R3.DedicatedServer.B(DedicatedServer.java:378)
[16:19:34] [Server thread/WARN]: 	at net.minecraft.server.v1_8_R3.MinecraftServer.A(MinecraftServer.java:713)
[16:19:34] [Server thread/WARN]: 	at net.minecraft.server.v1_8_R3.MinecraftServer.run(MinecraftServer.java:616)
[16:19:34] [Server thread/WARN]: 	at java.lang.Thread.run(Thread.java:750)
[16:24:48] [Server thread/INFO]: TheExecutionist lost connection: Disconnected
[16:24:48] [Server thread/INFO]: Title command successfully executed
[16:24:48] [Server thread/INFO]: TheExecutionist left the game.
[16:26:40] [Thread-9/INFO]: [Backpacks] Saving 12 backpack(s)...
[16:26:41] [Thread-9/INFO]: [Backpacks] Backpacks have been saved.
[16:36:41] [Thread-9/INFO]: [Backpacks] Saving 12 backpack(s)...
[16:36:41] [Thread-9/INFO]: [Backpacks] Backpacks have been saved.
[16:46:41] [Thread-9/INFO]: [Backpacks] Saving 12 backpack(s)...
[16:46:41] [Thread-9/INFO]: [Backpacks] Backpacks have been saved.
[16:56:41] [Thread-9/INFO]: [Backpacks] Saving 12 backpack(s)...
[16:56:41] [Thread-9/INFO]: [Backpacks] Backpacks have been saved.
[17:06:41] [Thread-9/INFO]: [Backpacks] Saving 12 backpack(s)...
[17:06:41] [Thread-9/INFO]: [Backpacks] Backpacks have been saved.
