[18:23:08] [main/INFO]: Using mbed TLS based native cipher.
[18:23:08] [main/INFO]: Using zlib based native compressor.
[18:23:08] [main/INFO]: Enabled Waterfall version git:Waterfall-Bootstrap:1.19-R0.1-SNAPSHOT:13085b9:510
[18:23:08] [main/INFO]: Not on Windows, attempting to use enhanced EpollEventLoop
[18:23:09] [main/INFO]: Epoll is working, utilising it!
[18:23:10] [main/INFO]: Discovered module: ModuleSpec(name=cmd_alert, file=modules/cmd_alert.jar, provider=JenkinsModuleSource())
[18:23:10] [main/INFO]: Discovered module: ModuleSpec(name=cmd_find, file=modules/cmd_find.jar, provider=JenkinsModuleSource())
[18:23:10] [main/INFO]: Discovered module: ModuleSpec(name=cmd_list, file=modules/cmd_list.jar, provider=JenkinsModuleSource())
[18:23:10] [main/INFO]: Discovered module: ModuleSpec(name=cmd_send, file=modules/cmd_send.jar, provider=JenkinsModuleSource())
[18:23:10] [main/INFO]: Discovered module: ModuleSpec(name=cmd_server, file=modules/cmd_server.jar, provider=JenkinsModuleSource())
[18:23:10] [main/INFO]: Discovered module: ModuleSpec(name=reconnect_yaml, file=modules/reconnect_yaml.jar, provider=JenkinsModuleSource())
[18:23:10] [main/INFO]: Loaded plugin reconnect_yaml version git:reconnect_yaml:1.19-R0.1-SNAPSHOT:13085b9:510 by WaterfallMC
[18:23:10] [main/INFO]: Loaded plugin cmd_find version git:cmd_find:1.19-R0.1-SNAPSHOT:13085b9:510 by WaterfallMC
[18:23:10] [main/INFO]: Loaded plugin cmd_server version git:cmd_server:1.19-R0.1-SNAPSHOT:13085b9:510 by WaterfallMC
[18:23:10] [main/INFO]: Loaded plugin cmd_alert version git:cmd_alert:1.19-R0.1-SNAPSHOT:13085b9:510 by WaterfallMC
[18:23:10] [main/INFO]: Loaded plugin cmd_send version git:cmd_send:1.19-R0.1-SNAPSHOT:13085b9:510 by WaterfallMC
[18:23:10] [main/INFO]: Loaded plugin cmd_list version git:cmd_list:1.19-R0.1-SNAPSHOT:13085b9:510 by WaterfallMC
[18:23:11] [main/INFO] [EaglercraftXBungee]: Loading vanilla profile: lax1dude
[18:23:17] [main/WARN] [EaglercraftXBungee]: Profile load timed out
[18:23:17] [main/INFO]: Loaded plugin EaglercraftXBungee version 1.0.4 by lax1dude
