#
# A fatal error has been detected by the Java Runtime Environment:
#
#  SIGSEGV (0xb) at pc=0x00007f8dc9117471, pid=1771, tid=0x00007f8ddf8ff640
#
# JRE version: OpenJDK Runtime Environment (8.0_322) (build 1.8.0_322-ga)
# Java VM: OpenJDK 64-Bit Server VM (25.322-bga mixed mode linux-amd64 compressed oops)
# Problematic frame:
# J 28 C1 java.lang.String.getChars(II[CI)V (62 bytes) @ 0x00007f8dc9117471 [0x00007f8dc91172c0+0x1b1]
#
# Core dump written. Default location: /home/runner/eaglercraftx/bungee/core or core.1771
#
# If you would like to submit a bug report, please visit:
#   http://bugreport.java.com/bugreport/crash.jsp
#

---------------  T H R E A D  ---------------

Current thread (0x00007f8dd800a800):  JavaThread "main" [_thread_in_Java, id=1779, stack(0x00007f8ddf800000,0x00007f8ddf900000)]

siginfo: si_signo: 11 (SIGSEGV), si_code: 0 (SI_USER)

Registers:
RAX=0x0000000000000000, RBX=0x0000000000000032, RCX=0x0000000000000032, RDX=0x0000000000000000
RSP=0x00007f8ddf8fbf88, RBP=0x00007f8ddf8fc118, RSI=0x00000000f8344bbc, RDI=0x00000000f806623c
R8 =0x0000000000000000, R9 =0x0000000000000032, R10=0x00000000f8344b50, R11=0x00000000000002d2
R12=0x0000000000000000, R13=0x00007f8ddf8fc0c8, R14=0x00007f8ddf8fc148, R15=0x00007f8dd800a800
RIP=0x00007f8dc9117471, EFLAGS=0x0000000000010202, CSGSFS=0x002b000000000033, ERR=0x0000000000000004
  TRAPNO=0x000000000000000e

Top of Stack: (sp=0x00007f8ddf8fbf88)
0x00007f8ddf8fbf88:   00007f8dc911b08c 00007f8ddf8fc190
0x00007f8ddf8fbf98:   00007f8dc910fa50 0000000000000d68
0x00007f8ddf8fbfa8:   00007f8ddf8fc7c0 00007f8ddf8fc6c8
0x00007f8ddf8fbfb8:   00007f8de3126840 00007f8d00000000
0x00007f8ddf8fbfc8:   0000000000000000 0000000000000020
0x00007f8ddf8fbfd8:   00000000f80519f8 0000000000000000
0x00007f8ddf8fbfe8:   00007f8d00000001 00007f8ddf8fc130
0x00007f8ddf8fbff8:   00007f8dc9168a94 0000000000000002
0x00007f8ddf8fc008:   ffffffffffffffff 00000000f8344af0
0x00007f8ddf8fc018:   0000000000000000 00007f8ddf8fc190
0x00007f8ddf8fc028:   00007f8dc9168a94 0000000000000000
0x00007f8ddf8fc038:   0000003200000010 00000000f8344b20
0x00007f8ddf8fc048:   00000000f8344b08 00000000f80661b8
0x00007f8ddf8fc058:   00000000f8344b50 0000006a0000006f
0x00007f8ddf8fc068:   0000000100000001 00007f8ddf8fc118
0x00007f8ddf8fc078:   00007f8dc9121ac4 00000000f805fee8
0x00007f8ddf8fc088:   0000004a0000004f 0000006a0000006f
0x00007f8ddf8fc098:   0000000100000001 00000000f8344b08
0x00007f8ddf8fc0a8:   00007f8dc90077d0 00007f8ddf8fc118
0x00007f8ddf8fc0b8:   00007f8dc9007d80 00007f8dc9007d80
0x00007f8ddf8fc0c8:   00000000f80661b8 00000000f8344b08
0x00007f8ddf8fc0d8:   00007f8ddf8fc0d8 00007f8dded44237
0x00007f8ddf8fc0e8:   00007f8ddf8fc148 00007f8dded442b0
0x00007f8ddf8fc0f8:   0000000000000000 00007f8dded44258
0x00007f8ddf8fc108:   00007f8ddf8fc0c8 00007f8ddf8fc138
0x00007f8ddf8fc118:   00007f8ddf8fc190 00007f8dc9007d80
0x00007f8ddf8fc128:   0000000000000000 00000000f80661b8
0x00007f8ddf8fc138:   00000000f8344a20 00000000f83447f0
0x00007f8ddf8fc148:   00000000f8051fb8 00007f8ddf8fc150
0x00007f8ddf8fc158:   00007f8dded43fa1 00007f8ddf8fc210
0x00007f8ddf8fc168:   00007f8dded442b0 0000000000000000
0x00007f8ddf8fc178:   00007f8dded44018 00007f8ddf8fc138 

Instructions: (pc=0x00007f8dc9117471)
0x00007f8dc9117451:   12 00 00 00 48 83 ec 08 e8 62 ad f3 ff 48 83 c4
0x00007f8dc9117461:   08 e9 05 00 00 00 e8 54 ad f3 ff 48 83 c4 60 5d
0x00007f8dc9117471:   85 05 89 ac 69 16 c3 e9 fb 00 00 00 00 00 00 00
0x00007f8dc9117481:   00 e9 fb 00 00 00 48 8b d0 48 be 28 c6 de de 8d 

Register to memory mapping:

RAX=0x0000000000000000 is an unknown value
RBX=0x0000000000000032 is an unknown value
RCX=0x0000000000000032 is an unknown value
RDX=0x0000000000000000 is an unknown value
RSP=0x00007f8ddf8fbf88 is pointing into the stack for thread: 0x00007f8dd800a800
RBP=0x00007f8ddf8fc118 is pointing into the stack for thread: 0x00007f8dd800a800
RSI=
[error occurred during error reporting (printing register info), id 0xb]

Stack: [0x00007f8ddf800000,0x00007f8ddf900000],  sp=0x00007f8ddf8fbf88,  free space=1007k
Native frames: (J=compiled Java code, j=interpreted, Vv=VM code, C=native code)
J 28 C1 java.lang.String.getChars(II[CI)V (62 bytes) @ 0x00007f8dc9117471 [0x00007f8dc91172c0+0x1b1]
C  0x00007f8ddf8fc130


---------------  P R O C E S S  ---------------

Java Threads: ( => current thread )
  0x00007f8dd81f3800 JavaThread "Reconnect Saver" [_thread_blocked, id=1796, stack(0x00007f8dddae8000,0x00007f8dddbe8000)]
  0x00007f8dd80ea800 JavaThread "Service Thread" daemon [_thread_blocked, id=1794, stack(0x00007f8ddde8f000,0x00007f8dddf8f000)]
  0x00007f8dd80dd800 JavaThread "C1 CompilerThread1" daemon [_thread_blocked, id=1793, stack(0x00007f8dddf90000,0x00007f8dde090000)]
  0x00007f8dd80db000 JavaThread "C2 CompilerThread0" daemon [_thread_blocked, id=1792, stack(0x00007f8dde091000,0x00007f8dde191000)]
  0x00007f8dd80d6000 JavaThread "Signal Dispatcher" daemon [_thread_blocked, id=1791, stack(0x00007f8dde197000,0x00007f8dde297000)]
  0x00007f8dd80a5800 JavaThread "Finalizer" daemon [_thread_blocked, id=1785, stack(0x00007f8dde57d000,0x00007f8dde67d000)]
  0x00007f8dd80a1000 JavaThread "Reference Handler" daemon [_thread_blocked, id=1784, stack(0x00007f8dde67d000,0x00007f8dde77d000)]
=>0x00007f8dd800a800 JavaThread "main" [_thread_in_Java, id=1779, stack(0x00007f8ddf800000,0x00007f8ddf900000)]

Other Threads:
  0x00007f8dd8097000 VMThread [stack: 0x00007f8dde77e000,0x00007f8dde87e000] [id=1781]
  0x00007f8dd80ed800 WatcherThread [stack: 0x00007f8dddd8f000,0x00007f8ddde8f000] [id=1795]

VM state:synchronizing (normal execution)

VM Mutex/Monitor currently owned by a thread:  ([mutex/lock_event])
[0x00007f8dd8008f50] Safepoint_lock - owner thread: 0x00007f8dd8097000
[0x00007f8dd8008fd0] Threads_lock - owner thread: 0x00007f8dd8097000

heap address: 0x00000000f8000000, size: 128 MB, Compressed Oops mode: 32-bit
Narrow klass base: 0x0000000000000000, Narrow klass shift: 3
Compressed class space size: 1073741824 Address: 0x0000000100000000

Heap:
 def new generation   total 4928K, used 3421K [0x00000000f8000000, 0x00000000f8550000, 0x00000000faaa0000)
  eden space 4416K,  77% used [0x00000000f8000000, 0x00000000f83574f8, 0x00000000f8450000)
  from space 512K,   0% used [0x00000000f8450000, 0x00000000f8450000, 0x00000000f84d0000)
  to   space 512K,   0% used [0x00000000f84d0000, 0x00000000f84d0000, 0x00000000f8550000)
 tenured generation   total 10944K, used 0K [0x00000000faaa0000, 0x00000000fb550000, 0x0000000100000000)
   the space 10944K,   0% used [0x00000000faaa0000, 0x00000000faaa0000, 0x00000000faaa0200, 0x00000000fb550000)
 Metaspace       used 5339K, capacity 5392K, committed 5504K, reserved 1056768K
  class space    used 588K, capacity 624K, committed 640K, reserved 1048576K

Card table byte_map: [0x00007f8ddf399000,0x00007f8ddf3da000] byte_map_base: 0x00007f8ddebd9000

Polling page: 0x00007f8ddf7b2000

CodeCache: size=245760Kb used=1473Kb max_used=1473Kb free=244286Kb
 bounds [0x00007f8dc9000000, 0x00007f8dc9270000, 0x00007f8dd8000000]
 total_blobs=466 nmethods=180 adapters=201
 compilation: enabled

Compilation events (10 events):
Event: 21.114 Thread 0x00007f8dd80dd800  177       3       java.lang.Character::isHighSurrogate (18 bytes)
Event: 21.143 Thread 0x00007f8dd80dd800 nmethod 177 0x00007f8dc916d150 code [0x00007f8dc916d2c0, 0x00007f8dc916d490]
Event: 21.508 Thread 0x00007f8dd80dd800  178       3       java.io.InputStream::<init> (5 bytes)
Event: 21.509 Thread 0x00007f8dd80dd800 nmethod 178 0x00007f8dc916cd50 code [0x00007f8dc916cec0, 0x00007f8dc916d070]
Event: 21.539 Thread 0x00007f8dd80dd800  179       3       sun.misc.URLClassPath::getResource (83 bytes)
Event: 21.540 Thread 0x00007f8dd80dd800 nmethod 179 0x00007f8dc916f9d0 code [0x00007f8dc916fb80, 0x00007f8dc916ff48]
Event: 21.540 Thread 0x00007f8dd80dd800  180       3       java.lang.ref.Finalizer::register (10 bytes)
Event: 21.556 Thread 0x00007f8dd80dd800 nmethod 180 0x00007f8dc91700d0 code [0x00007f8dc9170260, 0x00007f8dc9170688]
Event: 21.556 Thread 0x00007f8dd80dd800  181       3       java.lang.ref.Finalizer::<init> (23 bytes)
Event: 21.585 Thread 0x00007f8dd80dd800 nmethod 181 0x00007f8dc9170850 code [0x00007f8dc91709e0, 0x00007f8dc9170d48]

GC Heap History (0 events):
No events

Deoptimization events (0 events):
No events

Classes redefined (0 events):
No events

Internal exceptions (7 events):
Event: 1.655 Thread 0x00007f8dd800a800 Exception <a 'java/lang/NoSuchMethodError': Method sun.misc.Unsafe.defineClass(Ljava/lang/String;[BII)Ljava/lang/Class; name or signature does not match> (0x00000000f8007cc0) thrown at [/build/source/hotspot/src/share/vm/prims/jni.cpp, line 4014]
Event: 1.656 Thread 0x00007f8dd800a800 Exception <a 'java/lang/NoSuchMethodError': Method sun.misc.Unsafe.prefetchRead(Ljava/lang/Object;J)V name or signature does not match> (0x00000000f8007fa8) thrown at [/build/source/hotspot/src/share/vm/prims/jni.cpp, line 4014]
Event: 12.286 Thread 0x00007f8dd800a800 Exception <a 'java/security/PrivilegedActionException'> (0x00000000f81a4e20) thrown at [/build/source/hotspot/src/share/vm/prims/jvm.cpp, line 1522]
Event: 12.286 Thread 0x00007f8dd800a800 Exception <a 'java/security/PrivilegedActionException'> (0x00000000f81a5218) thrown at [/build/source/hotspot/src/share/vm/prims/jvm.cpp, line 1522]
Event: 12.296 Thread 0x00007f8dd800a800 Exception <a 'java/security/PrivilegedActionException'> (0x00000000f81a8dd0) thrown at [/build/source/hotspot/src/share/vm/prims/jvm.cpp, line 1522]
Event: 12.296 Thread 0x00007f8dd800a800 Exception <a 'java/security/PrivilegedActionException'> (0x00000000f81a91c8) thrown at [/build/source/hotspot/src/share/vm/prims/jvm.cpp, line 1522]
Event: 21.928 Thread 0x00007f8dd800a800 Implicit null exception at 0x00007f8dc9117471 to 0x0000000000000000

Events (10 events):
Event: 21.467 loading class org/yaml/snakeyaml/constructor/SafeConstructor$ConstructYamlNull
Event: 21.467 loading class org/yaml/snakeyaml/constructor/SafeConstructor$ConstructYamlNull done
Event: 21.499 loading class org/yaml/snakeyaml/constructor/SafeConstructor$ConstructYamlBool
Event: 21.499 loading class org/yaml/snakeyaml/constructor/SafeConstructor$ConstructYamlBool done
Event: 21.508 loading class org/yaml/snakeyaml/constructor/SafeConstructor$ConstructYamlInt
Event: 21.508 loading class org/yaml/snakeyaml/constructor/SafeConstructor$ConstructYamlInt done
Event: 21.539 loading class org/yaml/snakeyaml/constructor/SafeConstructor$ConstructYamlFloat
Event: 21.539 loading class org/yaml/snakeyaml/constructor/SafeConstructor$ConstructYamlFloat done
Event: 21.540 loading class org/yaml/snakeyaml/constructor/SafeConstructor$ConstructYamlBinary
Event: 21.540 loading class org/yaml/snakeyaml/constructor/SafeConstructor$ConstructYamlBinary done


Dynamic libraries:
f8000000-f8550000 rw-p 00000000 00:00 0 
f8550000-faaa0000 ---p 00000000 00:00 0 
faaa0000-fb550000 rw-p 00000000 00:00 0 
fb550000-100000000 ---p 00000000 00:00 0 
100000000-1000a0000 rw-p 00000000 00:00 0 
1000a0000-140000000 ---p 00000000 00:00 0 
55d53cb73000-55d53cb74000 r--p 00000000 00:293f 9223372037534124076      /nix/store/arja5b2nhs4z9ajrcx4wiipjywcw1ip6-openjdk-8u322-ga-jre/lib/openjdk/jre/bin/java
55d53cb74000-55d53cb75000 r-xp 00001000 00:293f 9223372037534124076      /nix/store/arja5b2nhs4z9ajrcx4wiipjywcw1ip6-openjdk-8u322-ga-jre/lib/openjdk/jre/bin/java
55d53cb75000-55d53cb76000 r--p 00002000 00:293f 9223372037534124076      /nix/store/arja5b2nhs4z9ajrcx4wiipjywcw1ip6-openjdk-8u322-ga-jre/lib/openjdk/jre/bin/java
55d53cb76000-55d53cb77000 r--p 00002000 00:293f 9223372037534124076      /nix/store/arja5b2nhs4z9ajrcx4wiipjywcw1ip6-openjdk-8u322-ga-jre/lib/openjdk/jre/bin/java
55d53cb77000-55d53cb78000 rw-p 00003000 00:293f 9223372037534124076      /nix/store/arja5b2nhs4z9ajrcx4wiipjywcw1ip6-openjdk-8u322-ga-jre/lib/openjdk/jre/bin/java
55d53cb78000-55d53cb79000 rw-p 00004000 00:293f 9223372037534124076      /nix/store/arja5b2nhs4z9ajrcx4wiipjywcw1ip6-openjdk-8u322-ga-jre/lib/openjdk/jre/bin/java
55d53d6e6000-55d53d749000 rw-p 00000000 00:00 0                          [heap]
7f8da4000000-7f8da4021000 rw-p 00000000 00:00 0 
7f8da4021000-7f8da8000000 ---p 00000000 00:00 0 
7f8da8000000-7f8da8021000 rw-p 00000000 00:00 0 
7f8da8021000-7f8dac000000 ---p 00000000 00:00 0 
7f8dac000000-7f8dac19f000 rw-p 00000000 00:00 0 
7f8dac19f000-7f8db0000000 ---p 00000000 00:00 0 
7f8db0000000-7f8db0021000 rw-p 00000000 00:00 0 
7f8db0021000-7f8db4000000 ---p 00000000 00:00 0 
7f8db4000000-7f8db4021000 rw-p 00000000 00:00 0 
7f8db4021000-7f8db8000000 ---p 00000000 00:00 0 
7f8db8000000-7f8db8076000 rw-p 00000000 00:00 0 
7f8db8076000-7f8dbc000000 ---p 00000000 00:00 0 
7f8dbc000000-7f8dbc021000 rw-p 00000000 00:00 0 
7f8dbc021000-7f8dc0000000 ---p 00000000 00:00 0 
7f8dc0000000-7f8dc0021000 rw-p 00000000 00:00 0 
7f8dc0021000-7f8dc4000000 ---p 00000000 00:00 0 
7f8dc4000000-7f8dc4021000 rw-p 00000000 00:00 0 
7f8dc4021000-7f8dc8000000 ---p 00000000 00:00 0 
7f8dc9000000-7f8dc9270000 rwxp 00000000 00:00 0 
7f8dc9270000-7f8dd8000000 ---p 00000000 00:00 0 
7f8dd8000000-7f8dd8455000 rw-p 00000000 00:00 0 
7f8dd8455000-7f8ddc000000 ---p 00000000 00:00 0 
7f8dddae8000-7f8dddaeb000 ---p 00000000 00:00 0 
7f8dddaeb000-7f8dddbe8000 rw-p 00000000 00:00 0 
7f8dddbe8000-7f8dddbf9000 r--s 001c5000 00:293f 9223372037534126386      /nix/store/arja5b2nhs4z9ajrcx4wiipjywcw1ip6-openjdk-8u322-ga-jre/lib/openjdk/jre/lib/jsse.jar
7f8dddbf9000-7f8dddbfe000 r--p 00000000 00:293f 9223372037534124407      /nix/store/arja5b2nhs4z9ajrcx4wiipjywcw1ip6-openjdk-8u322-ga-jre/lib/openjdk/jre/lib/amd64/libnet.so
7f8dddbfe000-7f8dddc0f000 r-xp 00005000 00:293f 9223372037534124407      /nix/store/arja5b2nhs4z9ajrcx4wiipjywcw1ip6-openjdk-8u322-ga-jre/lib/openjdk/jre/lib/amd64/libnet.so
7f8dddc0f000-7f8dddc13000 r--p 00016000 00:293f 9223372037534124407      /nix/store/arja5b2nhs4z9ajrcx4wiipjywcw1ip6-openjdk-8u322-ga-jre/lib/openjdk/jre/lib/amd64/libnet.so
7f8dddc13000-7f8dddc14000 r--p 00019000 00:293f 9223372037534124407      /nix/store/arja5b2nhs4z9ajrcx4wiipjywcw1ip6-openjdk-8u322-ga-jre/lib/openjdk/jre/lib/amd64/libnet.so
7f8dddc14000-7f8dddc15000 rw-p 0001a000 00:293f 9223372037534124407      /nix/store/arja5b2nhs4z9ajrcx4wiipjywcw1ip6-openjdk-8u322-ga-jre/lib/openjdk/jre/lib/amd64/libnet.so
7f8dddc15000-7f8dddc18000 rw-p 00020000 00:293f 9223372037534124407      /nix/store/arja5b2nhs4z9ajrcx4wiipjywcw1ip6-openjdk-8u322-ga-jre/lib/openjdk/jre/lib/amd64/libnet.so
7f8dddc18000-7f8dddc1b000 rw-p 00023000 00:293f 9223372037534124407      /nix/store/arja5b2nhs4z9ajrcx4wiipjywcw1ip6-openjdk-8u322-ga-jre/lib/openjdk/jre/lib/amd64/libnet.so
7f8dddc1b000-7f8dddc22000 r--p 00000000 00:293f 9223372037534124411      /nix/store/arja5b2nhs4z9ajrcx4wiipjywcw1ip6-openjdk-8u322-ga-jre/lib/openjdk/jre/lib/amd64/libnio.so
7f8dddc22000-7f8dddc2a000 r-xp 00007000 00:293f 9223372037534124411      /nix/store/arja5b2nhs4z9ajrcx4wiipjywcw1ip6-openjdk-8u322-ga-jre/lib/openjdk/jre/lib/amd64/libnio.so
7f8dddc2a000-7f8dddc2d000 r--p 0000f000 00:293f 9223372037534124411      /nix/store/arja5b2nhs4z9ajrcx4wiipjywcw1ip6-openjdk-8u322-ga-jre/lib/openjdk/jre/lib/amd64/libnio.so
7f8dddc2d000-7f8dddc2e000 r--p 00012000 00:293f 9223372037534124411      /nix/store/arja5b2nhs4z9ajrcx4wiipjywcw1ip6-openjdk-8u322-ga-jre/lib/openjdk/jre/lib/amd64/libnio.so
7f8dddc2e000-7f8dddc2f000 rw-p 00013000 00:293f 9223372037534124411      /nix/store/arja5b2nhs4z9ajrcx4wiipjywcw1ip6-openjdk-8u322-ga-jre/lib/openjdk/jre/lib/amd64/libnio.so
7f8dddc2f000-7f8dddc33000 rw-p 00019000 00:293f 9223372037534124411      /nix/store/arja5b2nhs4z9ajrcx4wiipjywcw1ip6-openjdk-8u322-ga-jre/lib/openjdk/jre/lib/amd64/libnio.so
7f8dddc33000-7f8dddc37000 rw-p 0001d000 00:293f 9223372037534124411      /nix/store/arja5b2nhs4z9ajrcx4wiipjywcw1ip6-openjdk-8u322-ga-jre/lib/openjdk/jre/lib/amd64/libnio.so
7f8dddc37000-7f8dddd8e000 r--s 013a1000 00:15a6 357                      /home/runner/eaglercraftx/bungee/bungee.jar
7f8dddd8e000-7f8dddd8f000 ---p 00000000 00:00 0 
7f8dddd8f000-7f8ddde8f000 rw-p 00000000 00:00 0 
7f8ddde8f000-7f8ddde92000 ---p 00000000 00:00 0 
7f8ddde92000-7f8dddf8f000 rw-p 00000000 00:00 0 
7f8dddf8f000-7f8dddf90000 ---p 00000000 00:00 0 
7f8dddf90000-7f8dddf93000 ---p 00000000 00:00 0 
7f8dddf93000-7f8dde090000 rw-p 00000000 00:00 0 
7f8dde090000-7f8dde091000 ---p 00000000 00:00 0 
7f8dde091000-7f8dde094000 ---p 00000000 00:00 0 
7f8dde094000-7f8dde191000 rw-p 00000000 00:00 0 
7f8dde191000-7f8dde197000 r--s 000d3000 00:293f 9223372037534126385      /nix/store/arja5b2nhs4z9ajrcx4wiipjywcw1ip6-openjdk-8u322-ga-jre/lib/openjdk/jre/lib/jfr.jar
7f8dde197000-7f8dde19a000 ---p 00000000 00:00 0 
7f8dde19a000-7f8dde297000 rw-p 00000000 00:00 0 
7f8dde297000-7f8dde57d000 r--p 00000000 00:2930 28444448                 /usr/lib/locale/locale-archive
7f8dde57d000-7f8dde580000 ---p 00000000 00:00 0 
7f8dde580000-7f8dde67d000 rw-p 00000000 00:00 0 
7f8dde67d000-7f8dde680000 ---p 00000000 00:00 0 
7f8dde680000-7f8dde77d000 rw-p 00000000 00:00 0 
7f8dde77d000-7f8dde77e000 ---p 00000000 00:00 0 
7f8dde77e000-7f8dde8cc000 rw-p 00000000 00:00 0 
7f8dde8cc000-7f8ddea9d000 r--s 03cb6000 00:293f 9223372037534126401      /nix/store/arja5b2nhs4z9ajrcx4wiipjywcw1ip6-openjdk-8u322-ga-jre/lib/openjdk/jre/lib/rt.jar
7f8ddea9d000-7f8ddf02e000 rw-p 00000000 00:00 0 
7f8ddf02e000-7f8ddf36e000 ---p 00000000 00:00 0 
7f8ddf36e000-7f8ddf374000 rw-p 00000000 00:00 0 
7f8ddf374000-7f8ddf399000 ---p 00000000 00:00 0 
7f8ddf399000-7f8ddf39c000 rw-p 00000000 00:00 0 
7f8ddf39c000-7f8ddf3ae000 ---p 00000000 00:00 0 
7f8ddf3ae000-7f8ddf3b4000 rw-p 00000000 00:00 0 
7f8ddf3b4000-7f8ddf3d9000 ---p 00000000 00:00 0 
7f8ddf3d9000-7f8ddf3e4000 rw-p 00000000 00:00 0 
7f8ddf3e4000-7f8ddf79a000 ---p 00000000 00:00 0 
7f8ddf79a000-7f8ddf79d000 r--p 00000000 00:293f 9223372037534124511      /nix/store/arja5b2nhs4z9ajrcx4wiipjywcw1ip6-openjdk-8u322-ga-jre/lib/openjdk/jre/lib/amd64/libzip.so
7f8ddf79d000-7f8ddf7a1000 r-xp 00003000 00:293f 9223372037534124511      /nix/store/arja5b2nhs4z9ajrcx4wiipjywcw1ip6-openjdk-8u322-ga-jre/lib/openjdk/jre/lib/amd64/libzip.so
7f8ddf7a1000-7f8ddf7a3000 r--p 00007000 00:293f 9223372037534124511      /nix/store/arja5b2nhs4z9ajrcx4wiipjywcw1ip6-openjdk-8u322-ga-jre/lib/openjdk/jre/lib/amd64/libzip.so
7f8ddf7a3000-7f8ddf7a4000 r--p 00008000 00:293f 9223372037534124511      /nix/store/arja5b2nhs4z9ajrcx4wiipjywcw1ip6-openjdk-8u322-ga-jre/lib/openjdk/jre/lib/amd64/libzip.so
7f8ddf7a4000-7f8ddf7a5000 rw-p 00009000 00:293f 9223372037534124511      /nix/store/arja5b2nhs4z9ajrcx4wiipjywcw1ip6-openjdk-8u322-ga-jre/lib/openjdk/jre/lib/amd64/libzip.so
7f8ddf7a5000-7f8ddf7a7000 rw-p 0000c000 00:293f 9223372037534124511      /nix/store/arja5b2nhs4z9ajrcx4wiipjywcw1ip6-openjdk-8u322-ga-jre/lib/openjdk/jre/lib/amd64/libzip.so
7f8ddf7a7000-7f8ddf7a9000 rw-p 0000e000 00:293f 9223372037534124511      /nix/store/arja5b2nhs4z9ajrcx4wiipjywcw1ip6-openjdk-8u322-ga-jre/lib/openjdk/jre/lib/amd64/libzip.so
7f8ddf7a9000-7f8ddf7b1000 rw-s 00000000 00:994 459                       /tmp/hsperfdata_runner/1771
7f8ddf7b1000-7f8ddf7b2000 rw-p 00000000 00:00 0 
7f8ddf7b2000-7f8ddf7b3000 ---p 00000000 00:00 0 
7f8ddf7b3000-7f8ddf7c0000 r--p 00000000 00:293f 9223372037534124225      /nix/store/arja5b2nhs4z9ajrcx4wiipjywcw1ip6-openjdk-8u322-ga-jre/lib/openjdk/jre/lib/amd64/libjava.so
7f8ddf7c0000-7f8ddf7d5000 r-xp 0000d000 00:293f 9223372037534124225      /nix/store/arja5b2nhs4z9ajrcx4wiipjywcw1ip6-openjdk-8u322-ga-jre/lib/openjdk/jre/lib/amd64/libjava.so
7f8ddf7d5000-7f8ddf7dc000 r--p 00022000 00:293f 9223372037534124225      /nix/store/arja5b2nhs4z9ajrcx4wiipjywcw1ip6-openjdk-8u322-ga-jre/lib/openjdk/jre/lib/amd64/libjava.so
7f8ddf7dc000-7f8ddf7dd000 r--p 00028000 00:293f 9223372037534124225      /nix/store/arja5b2nhs4z9ajrcx4wiipjywcw1ip6-openjdk-8u322-ga-jre/lib/openjdk/jre/lib/amd64/libjava.so
7f8ddf7dd000-7f8ddf7de000 rw-p 00029000 00:293f 9223372037534124225      /nix/store/arja5b2nhs4z9ajrcx4wiipjywcw1ip6-openjdk-8u322-ga-jre/lib/openjdk/jre/lib/amd64/libjava.so
7f8ddf7de000-7f8ddf7df000 rw-p 00000000 00:00 0 
7f8ddf7df000-7f8ddf7e5000 rw-p 00033000 00:293f 9223372037534124225      /nix/store/arja5b2nhs4z9ajrcx4wiipjywcw1ip6-openjdk-8u322-ga-jre/lib/openjdk/jre/lib/amd64/libjava.so
7f8ddf7e5000-7f8ddf7ea000 rw-p 00039000 00:293f 9223372037534124225      /nix/store/arja5b2nhs4z9ajrcx4wiipjywcw1ip6-openjdk-8u322-ga-jre/lib/openjdk/jre/lib/amd64/libjava.so
7f8ddf7ea000-7f8ddf7ef000 r--p 00000000 00:293f 9223372037534124507      /nix/store/arja5b2nhs4z9ajrcx4wiipjywcw1ip6-openjdk-8u322-ga-jre/lib/openjdk/jre/lib/amd64/libverify.so
7f8ddf7ef000-7f8ddf7f6000 r-xp 00005000 00:293f 9223372037534124507      /nix/store/arja5b2nhs4z9ajrcx4wiipjywcw1ip6-openjdk-8u322-ga-jre/lib/openjdk/jre/lib/amd64/libverify.so
7f8ddf7f6000-7f8ddf7f8000 r--p 0000c000 00:293f 9223372037534124507      /nix/store/arja5b2nhs4z9ajrcx4wiipjywcw1ip6-openjdk-8u322-ga-jre/lib/openjdk/jre/lib/amd64/libverify.so
7f8ddf7f8000-7f8ddf7fa000 r--p 0000d000 00:293f 9223372037534124507      /nix/store/arja5b2nhs4z9ajrcx4wiipjywcw1ip6-openjdk-8u322-ga-jre/lib/openjdk/jre/lib/amd64/libverify.so
7f8ddf7fa000-7f8ddf7fb000 rw-p 0000f000 00:293f 9223372037534124507      /nix/store/arja5b2nhs4z9ajrcx4wiipjywcw1ip6-openjdk-8u322-ga-jre/lib/openjdk/jre/lib/amd64/libverify.so
7f8ddf7fb000-7f8ddf7fd000 rw-p 00011000 00:293f 9223372037534124507      /nix/store/arja5b2nhs4z9ajrcx4wiipjywcw1ip6-openjdk-8u322-ga-jre/lib/openjdk/jre/lib/amd64/libverify.so
7f8ddf7fd000-7f8ddf7ff000 rw-p 00013000 00:293f 9223372037534124507      /nix/store/arja5b2nhs4z9ajrcx4wiipjywcw1ip6-openjdk-8u322-ga-jre/lib/openjdk/jre/lib/amd64/libverify.so
7f8ddf7ff000-7f8ddf800000 ---p 00000000 00:00 0 
7f8ddf800000-7f8ddf803000 ---p 00000000 00:00 0 
7f8ddf803000-7f8ddf900000 rw-p 00000000 00:00 0 
7f8ddf900000-7f8ddf903000 r--p 00000000 00:293f 9223372037532303436      /nix/store/mdck89nsfisflwjv6xv8ydj7dj0sj2pn-gcc-11.3.0-lib/lib/libgcc_s.so.1
7f8ddf903000-7f8ddf915000 r-xp 00003000 00:293f 9223372037532303436      /nix/store/mdck89nsfisflwjv6xv8ydj7dj0sj2pn-gcc-11.3.0-lib/lib/libgcc_s.so.1
7f8ddf915000-7f8ddf918000 r--p 00015000 00:293f 9223372037532303436      /nix/store/mdck89nsfisflwjv6xv8ydj7dj0sj2pn-gcc-11.3.0-lib/lib/libgcc_s.so.1
7f8ddf918000-7f8ddf919000 r--p 00018000 00:293f 9223372037532303436      /nix/store/mdck89nsfisflwjv6xv8ydj7dj0sj2pn-gcc-11.3.0-lib/lib/libgcc_s.so.1
7f8ddf919000-7f8ddf91a000 rw-p 00019000 00:293f 9223372037532303436      /nix/store/mdck89nsfisflwjv6xv8ydj7dj0sj2pn-gcc-11.3.0-lib/lib/libgcc_s.so.1
7f8ddf91a000-7f8ddf9bb000 r--p 00000000 00:293f 9223372037532303461      /nix/store/mdck89nsfisflwjv6xv8ydj7dj0sj2pn-gcc-11.3.0-lib/lib/libstdc++.so.6.0.29
7f8ddf9bb000-7f8ddfab3000 r-xp 000a1000 00:293f 9223372037532303461      /nix/store/mdck89nsfisflwjv6xv8ydj7dj0sj2pn-gcc-11.3.0-lib/lib/libstdc++.so.6.0.29
7f8ddfab3000-7f8ddfb1f000 r--p 00199000 00:293f 9223372037532303461      /nix/store/mdck89nsfisflwjv6xv8ydj7dj0sj2pn-gcc-11.3.0-lib/lib/libstdc++.so.6.0.29
7f8ddfb1f000-7f8ddfb2c000 r--p 00205000 00:293f 9223372037532303461      /nix/store/mdck89nsfisflwjv6xv8ydj7dj0sj2pn-gcc-11.3.0-lib/lib/libstdc++.so.6.0.29
7f8ddfb2c000-7f8ddfb2d000 rw-p 00212000 00:293f 9223372037532303461      /nix/store/mdck89nsfisflwjv6xv8ydj7dj0sj2pn-gcc-11.3.0-lib/lib/libstdc++.so.6.0.29
7f8ddfb2d000-7f8ddfb30000 rw-p 00000000 00:00 0 
7f8ddfb30000-7f8ddfd25000 r--p 00000000 00:293f 9223372037534124522      /nix/store/arja5b2nhs4z9ajrcx4wiipjywcw1ip6-openjdk-8u322-ga-jre/lib/openjdk/jre/lib/amd64/server/libjvm.so
7f8ddfd25000-7f8de0647000 r-xp 001f5000 00:293f 9223372037534124522      /nix/store/arja5b2nhs4z9ajrcx4wiipjywcw1ip6-openjdk-8u322-ga-jre/lib/openjdk/jre/lib/amd64/server/libjvm.so
7f8de0647000-7f8de07f3000 r--p 00b17000 00:293f 9223372037534124522      /nix/store/arja5b2nhs4z9ajrcx4wiipjywcw1ip6-openjdk-8u322-ga-jre/lib/openjdk/jre/lib/amd64/server/libjvm.so
7f8de07f3000-7f8de0889000 r--p 00cc3000 00:293f 9223372037534124522      /nix/store/arja5b2nhs4z9ajrcx4wiipjywcw1ip6-openjdk-8u322-ga-jre/lib/openjdk/jre/lib/amd64/server/libjvm.so
7f8de0889000-7f8de08b2000 rw-p 00d59000 00:293f 9223372037534124522      /nix/store/arja5b2nhs4z9ajrcx4wiipjywcw1ip6-openjdk-8u322-ga-jre/lib/openjdk/jre/lib/amd64/server/libjvm.so
7f8de08b2000-7f8de08e5000 rw-p 00000000 00:00 0 
7f8de08e5000-7f8de08ea000 rw-p 0100e000 00:293f 9223372037534124522      /nix/store/arja5b2nhs4z9ajrcx4wiipjywcw1ip6-openjdk-8u322-ga-jre/lib/openjdk/jre/lib/amd64/server/libjvm.so
7f8de08ea000-7f8de08ed000 rw-p 01013000 00:293f 9223372037534124522      /nix/store/arja5b2nhs4z9ajrcx4wiipjywcw1ip6-openjdk-8u322-ga-jre/lib/openjdk/jre/lib/amd64/server/libjvm.so
7f8de08ed000-7f8de08f6000 rw-p 00000000 00:00 0 
7f8de08f6000-7f8de08f9000 r--p 00000000 00:293f 9223372037533472831      /nix/store/jijvvmbza698qa6yjgr1ndgdgyryvq1i-libcap-2.66-lib/lib/libcap.so.2.66
7f8de08f9000-7f8de08fe000 r-xp 00003000 00:293f 9223372037533472831      /nix/store/jijvvmbza698qa6yjgr1ndgdgyryvq1i-libcap-2.66-lib/lib/libcap.so.2.66
7f8de08fe000-7f8de0900000 r--p 00008000 00:293f 9223372037533472831      /nix/store/jijvvmbza698qa6yjgr1ndgdgyryvq1i-libcap-2.66-lib/lib/libcap.so.2.66
7f8de0900000-7f8de0901000 r--p 0000a000 00:293f 9223372037533472831      /nix/store/jijvvmbza698qa6yjgr1ndgdgyryvq1i-libcap-2.66-lib/lib/libcap.so.2.66
7f8de0901000-7f8de0902000 rw-p 0000b000 00:293f 9223372037533472831      /nix/store/jijvvmbza698qa6yjgr1ndgdgyryvq1i-libcap-2.66-lib/lib/libcap.so.2.66
7f8de0902000-7f8de0904000 r--p 00000000 00:293f 9223372037533485846      /nix/store/2rs0zshg1zhczv96rhhg3br9kypdf2bz-libdatrie-2019-12-20-lib/lib/libdatrie.so.1.3.5
7f8de0904000-7f8de0908000 r-xp 00002000 00:293f 9223372037533485846      /nix/store/2rs0zshg1zhczv96rhhg3br9kypdf2bz-libdatrie-2019-12-20-lib/lib/libdatrie.so.1.3.5
7f8de0908000-7f8de090a000 r--p 00006000 00:293f 9223372037533485846      /nix/store/2rs0zshg1zhczv96rhhg3br9kypdf2bz-libdatrie-2019-12-20-lib/lib/libdatrie.so.1.3.5
7f8de090a000-7f8de090b000 r--p 00007000 00:293f 9223372037533485846      /nix/store/2rs0zshg1zhczv96rhhg3br9kypdf2bz-libdatrie-2019-12-20-lib/lib/libdatrie.so.1.3.5
7f8de090b000-7f8de090c000 rw-p 00008000 00:293f 9223372037533485846      /nix/store/2rs0zshg1zhczv96rhhg3br9kypdf2bz-libdatrie-2019-12-20-lib/lib/libdatrie.so.1.3.5
7f8de090c000-7f8de090e000 rw-p 00000000 00:00 0 
7f8de090e000-7f8de0911000 r--p 00000000 00:293f 4611686018429464838      /nix/store/hisqvx32cd57apbpcsnkpx6k3549wql1-libglvnd-1.4.0/lib/libGLX.so.0.0.0
7f8de0911000-7f8de092c000 r-xp 00003000 00:293f 4611686018429464838      /nix/store/hisqvx32cd57apbpcsnkpx6k3549wql1-libglvnd-1.4.0/lib/libGLX.so.0.0.0
7f8de092c000-7f8de092f000 r--p 0001e000 00:293f 4611686018429464838      /nix/store/hisqvx32cd57apbpcsnkpx6k3549wql1-libglvnd-1.4.0/lib/libGLX.so.0.0.0
7f8de092f000-7f8de0930000 ---p 00021000 00:293f 4611686018429464838      /nix/store/hisqvx32cd57apbpcsnkpx6k3549wql1-libglvnd-1.4.0/lib/libGLX.so.0.0.0
7f8de0930000-7f8de0931000 r--p 00021000 00:293f 4611686018429464838      /nix/store/hisqvx32cd57apbpcsnkpx6k3549wql1-libglvnd-1.4.0/lib/libGLX.so.0.0.0
7f8de0931000-7f8de0932000 rw-p 00022000 00:293f 4611686018429464838      /nix/store/hisqvx32cd57apbpcsnkpx6k3549wql1-libglvnd-1.4.0/lib/libGLX.so.0.0.0
7f8de0932000-7f8de0942000 rw-p 00000000 00:00 0 
7f8de0942000-7f8de0943000 rw-p 00057000 00:293f 4611686018429464838      /nix/store/hisqvx32cd57apbpcsnkpx6k3549wql1-libglvnd-1.4.0/lib/libGLX.so.0.0.0
7f8de0943000-7f8de0984000 r--p 00000000 00:293f 4611686018429464854      /nix/store/hisqvx32cd57apbpcsnkpx6k3549wql1-libglvnd-1.4.0/lib/libGLdispatch.so.0.0.0
7f8de0984000-7f8de09c3000 r-xp 00041000 00:293f 4611686018429464854      /nix/store/hisqvx32cd57apbpcsnkpx6k3549wql1-libglvnd-1.4.0/lib/libGLdispatch.so.0.0.0
7f8de09c3000-7f8de09d6000 r--p 00080000 00:293f 4611686018429464854      /nix/store/hisqvx32cd57apbpcsnkpx6k3549wql1-libglvnd-1.4.0/lib/libGLdispatch.so.0.0.0
7f8de09d6000-7f8de09d7000 ---p 00093000 00:293f 4611686018429464854      /nix/store/hisqvx32cd57apbpcsnkpx6k3549wql1-libglvnd-1.4.0/lib/libGLdispatch.so.0.0.0
7f8de09d7000-7f8de09f3000 r--p 00093000 00:293f 4611686018429464854      /nix/store/hisqvx32cd57apbpcsnkpx6k3549wql1-libglvnd-1.4.0/lib/libGLdispatch.so.0.0.0
7f8de09f3000-7f8de09f4000 rw-p 000af000 00:293f 4611686018429464854      /nix/store/hisqvx32cd57apbpcsnkpx6k3549wql1-libglvnd-1.4.0/lib/libGLdispatch.so.0.0.0
7f8de09f4000-7f8de09fc000 rw-p 00000000 00:00 0 
7f8de09fc000-7f8de09fe000 r--p 00000000 00:293f 9223372037533472782      /nix/store/09gxmx43bc0snqc2hf094hnxpx2bb4hh-libXdmcp-1.1.3/lib/libXdmcp.so.6.0.0
7f8de09fe000-7f8de0a00000 r-xp 00002000 00:293f 9223372037533472782      /nix/store/09gxmx43bc0snqc2hf094hnxpx2bb4hh-libXdmcp-1.1.3/lib/libXdmcp.so.6.0.0
7f8de0a00000-7f8de0a02000 r--p 00004000 00:293f 9223372037533472782      /nix/store/09gxmx43bc0snqc2hf094hnxpx2bb4hh-libXdmcp-1.1.3/lib/libXdmcp.so.6.0.0
7f8de0a02000-7f8de0a03000 r--p 00005000 00:293f 9223372037533472782      /nix/store/09gxmx43bc0snqc2hf094hnxpx2bb4hh-libXdmcp-1.1.3/lib/libXdmcp.so.6.0.0
7f8de0a03000-7f8de0a04000 rw-p 00006000 00:293f 9223372037533472782      /nix/store/09gxmx43bc0snqc2hf094hnxpx2bb4hh-libXdmcp-1.1.3/lib/libXdmcp.so.6.0.0
7f8de0a04000-7f8de0a05000 r--p 00000000 00:293f 9223372037533472719      /nix/store/8ypkjcki98cwblzc4k0kblxz2zpjqj45-libXau-1.0.9/lib/libXau.so.6.0.0
7f8de0a05000-7f8de0a06000 r-xp 00001000 00:293f 9223372037533472719      /nix/store/8ypkjcki98cwblzc4k0kblxz2zpjqj45-libXau-1.0.9/lib/libXau.so.6.0.0
7f8de0a06000-7f8de0a07000 r--p 00002000 00:293f 9223372037533472719      /nix/store/8ypkjcki98cwblzc4k0kblxz2zpjqj45-libXau-1.0.9/lib/libXau.so.6.0.0
7f8de0a07000-7f8de0a08000 r--p 00002000 00:293f 9223372037533472719      /nix/store/8ypkjcki98cwblzc4k0kblxz2zpjqj45-libXau-1.0.9/lib/libXau.so.6.0.0
7f8de0a08000-7f8de0a09000 rw-p 00003000 00:293f 9223372037533472719      /nix/store/8ypkjcki98cwblzc4k0kblxz2zpjqj45-libXau-1.0.9/lib/libXau.so.6.0.0
7f8de0a09000-7f8de0a0b000 rw-p 00000000 00:00 0 
7f8de0a0b000-7f8de0a22000 r--p 00000000 00:293f 9223372037533870545      /nix/store/adnxnv29s3nnrxrv19z5jnqzww0jd1aa-systemd-minimal-251.7/lib/libsystemd.so.0.34.0
7f8de0a22000-7f8de0aae000 r-xp 00017000 00:293f 9223372037533870545      /nix/store/adnxnv29s3nnrxrv19z5jnqzww0jd1aa-systemd-minimal-251.7/lib/libsystemd.so.0.34.0
7f8de0aae000-7f8de0ae9000 r--p 000a3000 00:293f 9223372037533870545      /nix/store/adnxnv29s3nnrxrv19z5jnqzww0jd1aa-systemd-minimal-251.7/lib/libsystemd.so.0.34.0
7f8de0ae9000-7f8de0af5000 r--p 000de000 00:293f 9223372037533870545      /nix/store/adnxnv29s3nnrxrv19z5jnqzww0jd1aa-systemd-minimal-251.7/lib/libsystemd.so.0.34.0
7f8de0af5000-7f8de0af6000 rw-p 000ea000 00:293f 9223372037533870545      /nix/store/adnxnv29s3nnrxrv19z5jnqzww0jd1aa-systemd-minimal-251.7/lib/libsystemd.so.0.34.0
7f8de0af6000-7f8de0af7000 rw-p 00000000 00:00 0 
7f8de0af7000-7f8de0af9000 r--p 00000000 00:293f 9223372037533484464      /nix/store/1dgws25664p544znpc6f1nh9xmjf4ykc-pcre-8.45/lib/libpcre.so.1.2.13
7f8de0af9000-7f8de0b50000 r-xp 00002000 00:293f 9223372037533484464      /nix/store/1dgws25664p544znpc6f1nh9xmjf4ykc-pcre-8.45/lib/libpcre.so.1.2.13
7f8de0b50000-7f8de0b6d000 r--p 00059000 00:293f 9223372037533484464      /nix/store/1dgws25664p544znpc6f1nh9xmjf4ykc-pcre-8.45/lib/libpcre.so.1.2.13
7f8de0b6d000-7f8de0b6e000 r--p 00075000 00:293f 9223372037533484464      /nix/store/1dgws25664p544znpc6f1nh9xmjf4ykc-pcre-8.45/lib/libpcre.so.1.2.13
7f8de0b6e000-7f8de0b6f000 rw-p 00076000 00:293f 9223372037533484464      /nix/store/1dgws25664p544znpc6f1nh9xmjf4ykc-pcre-8.45/lib/libpcre.so.1.2.13
7f8de0b6f000-7f8de0b79000 r--p 00000000 00:293f 9223372037533490636      /nix/store/acvafmp652dj67f4g3sdx68n2mg1afz4-util-linux-minimal-2.38.1-lib/lib/libblkid.so.1.1.0
7f8de0b79000-7f8de0baf000 r-xp 0000a000 00:293f 9223372037533490636      /nix/store/acvafmp652dj67f4g3sdx68n2mg1afz4-util-linux-minimal-2.38.1-lib/lib/libblkid.so.1.1.0
7f8de0baf000-7f8de0bc0000 r--p 00040000 00:293f 9223372037533490636      /nix/store/acvafmp652dj67f4g3sdx68n2mg1afz4-util-linux-minimal-2.38.1-lib/lib/libblkid.so.1.1.0
7f8de0bc0000-7f8de0bc6000 r--p 00051000 00:293f 9223372037533490636      /nix/store/acvafmp652dj67f4g3sdx68n2mg1afz4-util-linux-minimal-2.38.1-lib/lib/libblkid.so.1.1.0
7f8de0bc6000-7f8de0bc7000 rw-p 00057000 00:293f 9223372037533490636      /nix/store/acvafmp652dj67f4g3sdx68n2mg1afz4-util-linux-minimal-2.38.1-lib/lib/libblkid.so.1.1.0
7f8de0bc7000-7f8de0bca000 r--p 00000000 00:293f 9223372037533472459      /nix/store/ppipcv58wj9xp7impnqblrhz5j9q1gdg-graphite2-1.3.14/lib/libgraphite2.so.3.2.1
7f8de0bca000-7f8de0be7000 r-xp 00003000 00:293f 9223372037533472459      /nix/store/ppipcv58wj9xp7impnqblrhz5j9q1gdg-graphite2-1.3.14/lib/libgraphite2.so.3.2.1
7f8de0be7000-7f8de0bec000 r--p 00020000 00:293f 9223372037533472459      /nix/store/ppipcv58wj9xp7impnqblrhz5j9q1gdg-graphite2-1.3.14/lib/libgraphite2.so.3.2.1
7f8de0bec000-7f8de0bee000 r--p 00024000 00:293f 9223372037533472459      /nix/store/ppipcv58wj9xp7impnqblrhz5j9q1gdg-graphite2-1.3.14/lib/libgraphite2.so.3.2.1
7f8de0bee000-7f8de0bef000 rw-p 00026000 00:293f 9223372037533472459      /nix/store/ppipcv58wj9xp7impnqblrhz5j9q1gdg-graphite2-1.3.14/lib/libgraphite2.so.3.2.1
7f8de0bef000-7f8de0bf1000 rw-p 00000000 00:00 0 
7f8de0bf1000-7f8de0bf4000 r--p 00000000 00:293f 9223372037533486669      /nix/store/cjdm2inq3madwqpnnddi59vv5yd89m52-pcre2-10.40/lib/libpcre2-8.so.0.11.0
7f8de0bf4000-7f8de0c62000 r-xp 00003000 00:293f 9223372037533486669      /nix/store/cjdm2inq3madwqpnnddi59vv5yd89m52-pcre2-10.40/lib/libpcre2-8.so.0.11.0
7f8de0c62000-7f8de0c8d000 r--p 00071000 00:293f 9223372037533486669      /nix/store/cjdm2inq3madwqpnnddi59vv5yd89m52-pcre2-10.40/lib/libpcre2-8.so.0.11.0
7f8de0c8d000-7f8de0c8e000 r--p 0009c000 00:293f 9223372037533486669      /nix/store/cjdm2inq3madwqpnnddi59vv5yd89m52-pcre2-10.40/lib/libpcre2-8.so.0.11.0
7f8de0c8e000-7f8de0c8f000 rw-p 0009d000 00:293f 9223372037533486669      /nix/store/cjdm2inq3madwqpnnddi59vv5yd89m52-pcre2-10.40/lib/libpcre2-8.so.0.11.0
7f8de0c8f000-7f8de0c91000 r--p 00000000 00:293f 9223372037533473396      /nix/store/xghl0l2f6byzqvy06ana2y4isqwa7blw-libffi-3.4.4/lib/libffi.so.8.1.2
7f8de0c91000-7f8de0c98000 r-xp 00002000 00:293f 9223372037533473396      /nix/store/xghl0l2f6byzqvy06ana2y4isqwa7blw-libffi-3.4.4/lib/libffi.so.8.1.2
7f8de0c98000-7f8de0c9a000 r--p 00009000 00:293f 9223372037533473396      /nix/store/xghl0l2f6byzqvy06ana2y4isqwa7blw-libffi-3.4.4/lib/libffi.so.8.1.2
7f8de0c9a000-7f8de0c9b000 r--p 0000a000 00:293f 9223372037533473396      /nix/store/xghl0l2f6byzqvy06ana2y4isqwa7blw-libffi-3.4.4/lib/libffi.so.8.1.2
7f8de0c9b000-7f8de0c9c000 rw-p 0000b000 00:293f 9223372037533473396      /nix/store/xghl0l2f6byzqvy06ana2y4isqwa7blw-libffi-3.4.4/lib/libffi.so.8.1.2
7f8de0c9c000-7f8de0c9f000 r--p 00000000 00:293f 9223372037533488759      /nix/store/j49aryma2g2np2ycs9hplx4w8xmvwxnf-libthai-0.1.29/lib/libthai.so.0.3.1
7f8de0c9f000-7f8de0ca3000 r-xp 00003000 00:293f 9223372037533488759      /nix/store/j49aryma2g2np2ycs9hplx4w8xmvwxnf-libthai-0.1.29/lib/libthai.so.0.3.1
7f8de0ca3000-7f8de0ca6000 r--p 00007000 00:293f 9223372037533488759      /nix/store/j49aryma2g2np2ycs9hplx4w8xmvwxnf-libthai-0.1.29/lib/libthai.so.0.3.1
7f8de0ca6000-7f8de0ca7000 r--p 00009000 00:293f 9223372037533488759      /nix/store/j49aryma2g2np2ycs9hplx4w8xmvwxnf-libthai-0.1.29/lib/libthai.so.0.3.1
7f8de0ca7000-7f8de0ca8000 rw-p 0000a000 00:293f 9223372037533488759      /nix/store/j49aryma2g2np2ycs9hplx4w8xmvwxnf-libthai-0.1.29/lib/libthai.so.0.3.1
7f8de0ca8000-7f8de0caa000 r--p 00000000 00:293f 9223372037531798929      /nix/store/qx1955hp5ghvp6j3g4vxyli87wbmc35w-fribidi-1.0.12/lib/libfribidi.so.0.4.0
7f8de0caa000-7f8de0caf000 r-xp 00002000 00:293f 9223372037531798929      /nix/store/qx1955hp5ghvp6j3g4vxyli87wbmc35w-fribidi-1.0.12/lib/libfribidi.so.0.4.0
7f8de0caf000-7f8de0cc6000 r--p 00007000 00:293f 9223372037531798929      /nix/store/qx1955hp5ghvp6j3g4vxyli87wbmc35w-fribidi-1.0.12/lib/libfribidi.so.0.4.0
7f8de0cc6000-7f8de0cc7000 r--p 0001d000 00:293f 9223372037531798929      /nix/store/qx1955hp5ghvp6j3g4vxyli87wbmc35w-fribidi-1.0.12/lib/libfribidi.so.0.4.0
7f8de0cc7000-7f8de0cc8000 rw-p 0001e000 00:293f 9223372037531798929      /nix/store/qx1955hp5ghvp6j3g4vxyli87wbmc35w-fribidi-1.0.12/lib/libfribidi.so.0.4.0
7f8de0cc8000-7f8de0cca000 rw-p 00000000 00:00 0 
7f8de0cca000-7f8de0ccf000 r--p 00000000 00:293f 9223372037533473740      /nix/store/ip2qihjd99hcdnr1vpp53dxz5dfsl5fd-libjpeg-turbo-2.1.4/lib/libjpeg.so.62.3.0
7f8de0ccf000-7f8de0d34000 r-xp 00005000 00:293f 9223372037533473740      /nix/store/ip2qihjd99hcdnr1vpp53dxz5dfsl5fd-libjpeg-turbo-2.1.4/lib/libjpeg.so.62.3.0
7f8de0d34000-7f8de0d77000 r--p 0006a000 00:293f 9223372037533473740      /nix/store/ip2qihjd99hcdnr1vpp53dxz5dfsl5fd-libjpeg-turbo-2.1.4/lib/libjpeg.so.62.3.0
7f8de0d77000-7f8de0d78000 r--p 000ac000 00:293f 9223372037533473740      /nix/store/ip2qihjd99hcdnr1vpp53dxz5dfsl5fd-libjpeg-turbo-2.1.4/lib/libjpeg.so.62.3.0
7f8de0d78000-7f8de0d79000 rw-p 000ad000 00:293f 9223372037533473740      /nix/store/ip2qihjd99hcdnr1vpp53dxz5dfsl5fd-libjpeg-turbo-2.1.4/lib/libjpeg.so.62.3.0
7f8de0d79000-7f8de0d7a000 r--p 00000000 00:293f 9223372037455367850      /nix/store/4nlgxhb09sdr51nc9hdm8az5b08vzkgx-glibc-2.35-163/lib/librt.so.1
7f8de0d7a000-7f8de0d7b000 r-xp 00001000 00:293f 9223372037455367850      /nix/store/4nlgxhb09sdr51nc9hdm8az5b08vzkgx-glibc-2.35-163/lib/librt.so.1
7f8de0d7b000-7f8de0d7c000 r--p 00002000 00:293f 9223372037455367850      /nix/store/4nlgxhb09sdr51nc9hdm8az5b08vzkgx-glibc-2.35-163/lib/librt.so.1
7f8de0d7c000-7f8de0d7d000 r--p 00002000 00:293f 9223372037455367850      /nix/store/4nlgxhb09sdr51nc9hdm8az5b08vzkgx-glibc-2.35-163/lib/librt.so.1
7f8de0d7d000-7f8de0d7e000 rw-p 00003000 00:293f 9223372037455367850      /nix/store/4nlgxhb09sdr51nc9hdm8az5b08vzkgx-glibc-2.35-163/lib/librt.so.1
7f8de0d7e000-7f8de0dc7000 r--p 00000000 00:293f 4611686018429464842      /nix/store/hisqvx32cd57apbpcsnkpx6k3549wql1-libglvnd-1.4.0/lib/libGL.so.1.7.0
7f8de0dc7000-7f8de0de7000 r-xp 00049000 00:293f 4611686018429464842      /nix/store/hisqvx32cd57apbpcsnkpx6k3549wql1-libglvnd-1.4.0/lib/libGL.so.1.7.0
7f8de0de7000-7f8de0dfc000 r--p 00069000 00:293f 4611686018429464842      /nix/store/hisqvx32cd57apbpcsnkpx6k3549wql1-libglvnd-1.4.0/lib/libGL.so.1.7.0
7f8de0dfc000-7f8de0e0a000 r--p 0007d000 00:293f 4611686018429464842      /nix/store/hisqvx32cd57apbpcsnkpx6k3549wql1-libglvnd-1.4.0/lib/libGL.so.1.7.0
7f8de0e0a000-7f8de0e0b000 rw-p 0008b000 00:293f 4611686018429464842      /nix/store/hisqvx32cd57apbpcsnkpx6k3549wql1-libglvnd-1.4.0/lib/libGL.so.1.7.0
7f8de0e0b000-7f8de0e0c000 rw-p 00000000 00:00 0 
7f8de0e0c000-7f8de0e12000 r--p 00000000 00:293f 9223372037533474803      /nix/store/xs3v53gpwwpz34aj5h51rz4wxmjfrf08-libxcb-1.14/lib/libxcb-render.so.0.0.0
7f8de0e12000-7f8de0e17000 r-xp 00006000 00:293f 9223372037533474803      /nix/store/xs3v53gpwwpz34aj5h51rz4wxmjfrf08-libxcb-1.14/lib/libxcb-render.so.0.0.0
7f8de0e17000-7f8de0e19000 r--p 0000b000 00:293f 9223372037533474803      /nix/store/xs3v53gpwwpz34aj5h51rz4wxmjfrf08-libxcb-1.14/lib/libxcb-render.so.0.0.0
7f8de0e19000-7f8de0e1a000 r--p 0000d000 00:293f 9223372037533474803      /nix/store/xs3v53gpwwpz34aj5h51rz4wxmjfrf08-libxcb-1.14/lib/libxcb-render.so.0.0.0
7f8de0e1a000-7f8de0e1b000 rw-p 0000e000 00:293f 9223372037533474803      /nix/store/xs3v53gpwwpz34aj5h51rz4wxmjfrf08-libxcb-1.14/lib/libxcb-render.so.0.0.0
7f8de0e1b000-7f8de0e1c000 r--p 00000000 00:293f 9223372037533474857      /nix/store/xs3v53gpwwpz34aj5h51rz4wxmjfrf08-libxcb-1.14/lib/libxcb-shm.so.0.0.0
7f8de0e1c000-7f8de0e1d000 r-xp 00001000 00:293f 9223372037533474857      /nix/store/xs3v53gpwwpz34aj5h51rz4wxmjfrf08-libxcb-1.14/lib/libxcb-shm.so.0.0.0
7f8de0e1d000-7f8de0e1e000 r--p 00002000 00:293f 9223372037533474857      /nix/store/xs3v53gpwwpz34aj5h51rz4wxmjfrf08-libxcb-1.14/lib/libxcb-shm.so.0.0.0
7f8de0e1e000-7f8de0e1f000 r--p 00002000 00:293f 9223372037533474857      /nix/store/xs3v53gpwwpz34aj5h51rz4wxmjfrf08-libxcb-1.14/lib/libxcb-shm.so.0.0.0
7f8de0e1f000-7f8de0e20000 rw-p 00003000 00:293f 9223372037533474857      /nix/store/xs3v53gpwwpz34aj5h51rz4wxmjfrf08-libxcb-1.14/lib/libxcb-shm.so.0.0.0
7f8de0e20000-7f8de0e22000 rw-p 00000000 00:00 0 
7f8de0e22000-7f8de0e25000 r--p 00000000 00:293f 4611686018429464843      /nix/store/hisqvx32cd57apbpcsnkpx6k3549wql1-libglvnd-1.4.0/lib/libEGL.so.1.1.0
7f8de0e25000-7f8de0e31000 r-xp 00003000 00:293f 4611686018429464843      /nix/store/hisqvx32cd57apbpcsnkpx6k3549wql1-libglvnd-1.4.0/lib/libEGL.so.1.1.0
7f8de0e31000-7f8de0e36000 r--p 0000f000 00:293f 4611686018429464843      /nix/store/hisqvx32cd57apbpcsnkpx6k3549wql1-libglvnd-1.4.0/lib/libEGL.so.1.1.0
7f8de0e36000-7f8de0e37000 r--p 00013000 00:293f 4611686018429464843      /nix/store/hisqvx32cd57apbpcsnkpx6k3549wql1-libglvnd-1.4.0/lib/libEGL.so.1.1.0
7f8de0e37000-7f8de0e38000 rw-p 00014000 00:293f 4611686018429464843      /nix/store/hisqvx32cd57apbpcsnkpx6k3549wql1-libglvnd-1.4.0/lib/libEGL.so.1.1.0
7f8de0e38000-7f8de0e43000 r--p 00000000 00:293f 9223372037533486886      /nix/store/4y2cc1fv776f8mg2j1mk4f5bna71am4q-pixman-0.42.2/lib/libpixman-1.so.0.42.2
7f8de0e43000-7f8de0ec8000 r-xp 0000b000 00:293f 9223372037533486886      /nix/store/4y2cc1fv776f8mg2j1mk4f5bna71am4q-pixman-0.42.2/lib/libpixman-1.so.0.42.2
7f8de0ec8000-7f8de0eda000 r--p 00090000 00:293f 9223372037533486886      /nix/store/4y2cc1fv776f8mg2j1mk4f5bna71am4q-pixman-0.42.2/lib/libpixman-1.so.0.42.2
7f8de0eda000-7f8de0ee2000 r--p 000a2000 00:293f 9223372037533486886      /nix/store/4y2cc1fv776f8mg2j1mk4f5bna71am4q-pixman-0.42.2/lib/libpixman-1.so.0.42.2
7f8de0ee2000-7f8de0ee3000 rw-p 000aa000 00:293f 9223372037533486886      /nix/store/4y2cc1fv776f8mg2j1mk4f5bna71am4q-pixman-0.42.2/lib/libpixman-1.so.0.42.2
7f8de0ee3000-7f8de0ef0000 r--p 00000000 00:293f 9223372037533475126      /nix/store/xs3v53gpwwpz34aj5h51rz4wxmjfrf08-libxcb-1.14/lib/libxcb.so.1.1.0
7f8de0ef0000-7f8de0f03000 r-xp 0000d000 00:293f 9223372037533475126      /nix/store/xs3v53gpwwpz34aj5h51rz4wxmjfrf08-libxcb-1.14/lib/libxcb.so.1.1.0
7f8de0f03000-7f8de0f0c000 r--p 00020000 00:293f 9223372037533475126      /nix/store/xs3v53gpwwpz34aj5h51rz4wxmjfrf08-libxcb-1.14/lib/libxcb.so.1.1.0
7f8de0f0c000-7f8de0f0d000 r--p 00028000 00:293f 9223372037533475126      /nix/store/xs3v53gpwwpz34aj5h51rz4wxmjfrf08-libxcb-1.14/lib/libxcb.so.1.1.0
7f8de0f0d000-7f8de0f0e000 rw-p 00029000 00:293f 9223372037533475126      /nix/store/xs3v53gpwwpz34aj5h51rz4wxmjfrf08-libxcb-1.14/lib/libxcb.so.1.1.0
7f8de0f0e000-7f8de0f20000 r--p 00000000 00:293f 9223372037533470371      /nix/store/ijz81p08bp812q2bvv77lz9qpfzncibd-gmp-with-cxx-6.2.1/lib/libgmp.so.10.4.1
7f8de0f20000-7f8de0f94000 r-xp 00012000 00:293f 9223372037533470371      /nix/store/ijz81p08bp812q2bvv77lz9qpfzncibd-gmp-with-cxx-6.2.1/lib/libgmp.so.10.4.1
7f8de0f94000-7f8de0fab000 r--p 00086000 00:293f 9223372037533470371      /nix/store/ijz81p08bp812q2bvv77lz9qpfzncibd-gmp-with-cxx-6.2.1/lib/libgmp.so.10.4.1
7f8de0fab000-7f8de0fad000 r--p 0009d000 00:293f 9223372037533470371      /nix/store/ijz81p08bp812q2bvv77lz9qpfzncibd-gmp-with-cxx-6.2.1/lib/libgmp.so.10.4.1
7f8de0fad000-7f8de0fae000 rw-p 0009f000 00:293f 9223372037533470371      /nix/store/ijz81p08bp812q2bvv77lz9qpfzncibd-gmp-with-cxx-6.2.1/lib/libgmp.so.10.4.1
7f8de0fae000-7f8de0fb0000 rw-p 00000000 00:00 0 
7f8de0fb0000-7f8de0fba000 r--p 00000000 00:293f 9223372037533598892      /nix/store/raz5jjjszg123qlmx07dv0w5zjqf2x3y-nettle-3.8.1/lib/libhogweed.so.6.6
7f8de0fba000-7f8de0fcd000 r-xp 0000a000 00:293f 9223372037533598892      /nix/store/raz5jjjszg123qlmx07dv0w5zjqf2x3y-nettle-3.8.1/lib/libhogweed.so.6.6
7f8de0fcd000-7f8de0ff7000 r--p 0001d000 00:293f 9223372037533598892      /nix/store/raz5jjjszg123qlmx07dv0w5zjqf2x3y-nettle-3.8.1/lib/libhogweed.so.6.6
7f8de0ff7000-7f8de0ff9000 r--p 00047000 00:293f 9223372037533598892      /nix/store/raz5jjjszg123qlmx07dv0w5zjqf2x3y-nettle-3.8.1/lib/libhogweed.so.6.6
7f8de0ff9000-7f8de0ffa000 rw-p 00049000 00:293f 9223372037533598892      /nix/store/raz5jjjszg123qlmx07dv0w5zjqf2x3y-nettle-3.8.1/lib/libhogweed.so.6.6
7f8de0ffa000-7f8de1008000 r--p 00000000 00:293f 9223372037533598906      /nix/store/raz5jjjszg123qlmx07dv0w5zjqf2x3y-nettle-3.8.1/lib/libnettle.so.8.6
7f8de1008000-7f8de102e000 r-xp 0000e000 00:293f 9223372037533598906      /nix/store/raz5jjjszg123qlmx07dv0w5zjqf2x3y-nettle-3.8.1/lib/libnettle.so.8.6
7f8de102e000-7f8de1045000 r--p 00034000 00:293f 9223372037533598906      /nix/store/raz5jjjszg123qlmx07dv0w5zjqf2x3y-nettle-3.8.1/lib/libnettle.so.8.6
7f8de1045000-7f8de1047000 r--p 0004b000 00:293f 9223372037533598906      /nix/store/raz5jjjszg123qlmx07dv0w5zjqf2x3y-nettle-3.8.1/lib/libnettle.so.8.6
7f8de1047000-7f8de1048000 rw-p 0004d000 00:293f 9223372037533598906      /nix/store/raz5jjjszg123qlmx07dv0w5zjqf2x3y-nettle-3.8.1/lib/libnettle.so.8.6
7f8de1048000-7f8de104b000 r--p 00000000 00:293f 9223372037533488306      /nix/store/vzrbz3lvmiziy3i79rzmk01wfprhwjh0-libtasn1-4.19.0/lib/libtasn1.so.6.6.3
7f8de104b000-7f8de1057000 r-xp 00003000 00:293f 9223372037533488306      /nix/store/vzrbz3lvmiziy3i79rzmk01wfprhwjh0-libtasn1-4.19.0/lib/libtasn1.so.6.6.3
7f8de1057000-7f8de105b000 r--p 0000f000 00:293f 9223372037533488306      /nix/store/vzrbz3lvmiziy3i79rzmk01wfprhwjh0-libtasn1-4.19.0/lib/libtasn1.so.6.6.3
7f8de105b000-7f8de105c000 r--p 00013000 00:293f 9223372037533488306      /nix/store/vzrbz3lvmiziy3i79rzmk01wfprhwjh0-libtasn1-4.19.0/lib/libtasn1.so.6.6.3
7f8de105c000-7f8de105d000 rw-p 00014000 00:293f 9223372037533488306      /nix/store/vzrbz3lvmiziy3i79rzmk01wfprhwjh0-libtasn1-4.19.0/lib/libtasn1.so.6.6.3
7f8de105d000-7f8de1070000 r--p 00000000 00:293f 9223372037434543708      /nix/store/34xlpp3j3vy7ksn09zh44f1c04w77khf-libunistring-1.0/lib/libunistring.so.2.2.0
7f8de1070000-7f8de10a5000 r-xp 00013000 00:293f 9223372037434543708      /nix/store/34xlpp3j3vy7ksn09zh44f1c04w77khf-libunistring-1.0/lib/libunistring.so.2.2.0
7f8de10a5000-7f8de1204000 r--p 00048000 00:293f 9223372037434543708      /nix/store/34xlpp3j3vy7ksn09zh44f1c04w77khf-libunistring-1.0/lib/libunistring.so.2.2.0
7f8de1204000-7f8de1208000 r--p 001a6000 00:293f 9223372037434543708      /nix/store/34xlpp3j3vy7ksn09zh44f1c04w77khf-libunistring-1.0/lib/libunistring.so.2.2.0
7f8de1208000-7f8de1209000 rw-p 001aa000 00:293f 9223372037434543708      /nix/store/34xlpp3j3vy7ksn09zh44f1c04w77khf-libunistring-1.0/lib/libunistring.so.2.2.0
7f8de1209000-7f8de120b000 r--p 00000000 00:293f 9223372037449593805      /nix/store/5mh5019jigj0k14rdnjam1xwk5avn1id-libidn2-2.3.2/lib/libidn2.so.0.3.7
7f8de120b000-7f8de1210000 r-xp 00002000 00:293f 9223372037449593805      /nix/store/5mh5019jigj0k14rdnjam1xwk5avn1id-libidn2-2.3.2/lib/libidn2.so.0.3.7
7f8de1210000-7f8de1229000 r--p 00007000 00:293f 9223372037449593805      /nix/store/5mh5019jigj0k14rdnjam1xwk5avn1id-libidn2-2.3.2/lib/libidn2.so.0.3.7
7f8de1229000-7f8de122a000 r--p 0001f000 00:293f 9223372037449593805      /nix/store/5mh5019jigj0k14rdnjam1xwk5avn1id-libidn2-2.3.2/lib/libidn2.so.0.3.7
7f8de122a000-7f8de122b000 rw-p 00020000 00:293f 9223372037449593805      /nix/store/5mh5019jigj0k14rdnjam1xwk5avn1id-libidn2-2.3.2/lib/libidn2.so.0.3.7
7f8de122b000-7f8de122d000 rw-p 00000000 00:00 0 
7f8de122d000-7f8de1259000 r--p 00000000 00:293f 9223372037533599450      /nix/store/h6hww2m19vbc93n6511zvhd810cql278-p11-kit-0.24.1/lib/libp11-kit.so.0.3.0
7f8de1259000-7f8de12f2000 r-xp 0002c000 00:293f 9223372037533599450      /nix/store/h6hww2m19vbc93n6511zvhd810cql278-p11-kit-0.24.1/lib/libp11-kit.so.0.3.0
7f8de12f2000-7f8de134e000 r--p 000c5000 00:293f 9223372037533599450      /nix/store/h6hww2m19vbc93n6511zvhd810cql278-p11-kit-0.24.1/lib/libp11-kit.so.0.3.0
7f8de134e000-7f8de1359000 r--p 00120000 00:293f 9223372037533599450      /nix/store/h6hww2m19vbc93n6511zvhd810cql278-p11-kit-0.24.1/lib/libp11-kit.so.0.3.0
7f8de1359000-7f8de1363000 rw-p 0012b000 00:293f 9223372037533599450      /nix/store/h6hww2m19vbc93n6511zvhd810cql278-p11-kit-0.24.1/lib/libp11-kit.so.0.3.0
7f8de1363000-7f8de1364000 r--p 00000000 00:293f 9223372037532303456      /nix/store/mdck89nsfisflwjv6xv8ydj7dj0sj2pn-gcc-11.3.0-lib/lib/libssp.so.0.0.0
7f8de1364000-7f8de1365000 r-xp 00001000 00:293f 9223372037532303456      /nix/store/mdck89nsfisflwjv6xv8ydj7dj0sj2pn-gcc-11.3.0-lib/lib/libssp.so.0.0.0
7f8de1365000-7f8de1366000 r--p 00002000 00:293f 9223372037532303456      /nix/store/mdck89nsfisflwjv6xv8ydj7dj0sj2pn-gcc-11.3.0-lib/lib/libssp.so.0.0.0
7f8de1366000-7f8de1367000 r--p 00002000 00:293f 9223372037532303456      /nix/store/mdck89nsfisflwjv6xv8ydj7dj0sj2pn-gcc-11.3.0-lib/lib/libssp.so.0.0.0
7f8de1367000-7f8de1368000 rw-p 00003000 00:293f 9223372037532303456      /nix/store/mdck89nsfisflwjv6xv8ydj7dj0sj2pn-gcc-11.3.0-lib/lib/libssp.so.0.0.0
7f8de1368000-7f8de1391000 r--p 00000000 00:293f 9223372037533729576      /nix/store/9yk4rl8vdkq07n9b1aw757hrpnzd1008-ORBit2-2.14.19/lib/libORBit-2.so.0.1.0
7f8de1391000-7f8de13b6000 r-xp 00029000 00:293f 9223372037533729576      /nix/store/9yk4rl8vdkq07n9b1aw757hrpnzd1008-ORBit2-2.14.19/lib/libORBit-2.so.0.1.0
7f8de13b6000-7f8de13ca000 r--p 0004e000 00:293f 9223372037533729576      /nix/store/9yk4rl8vdkq07n9b1aw757hrpnzd1008-ORBit2-2.14.19/lib/libORBit-2.so.0.1.0
7f8de13ca000-7f8de13da000 r--p 00061000 00:293f 9223372037533729576      /nix/store/9yk4rl8vdkq07n9b1aw757hrpnzd1008-ORBit2-2.14.19/lib/libORBit-2.so.0.1.0
7f8de13da000-7f8de13dc000 rw-p 00071000 00:293f 9223372037533729576      /nix/store/9yk4rl8vdkq07n9b1aw757hrpnzd1008-ORBit2-2.14.19/lib/libORBit-2.so.0.1.0
7f8de13dc000-7f8de13df000 rw-p 00000000 00:00 0 
7f8de13df000-7f8de13e0000 r--p 00000000 00:293f 9223372037533874819      /nix/store/g1gfc2843yh6bv457x7m9sv0dp6crlw2-avahi-0.8/lib/libavahi-glib.so.1.0.2
7f8de13e0000-7f8de13e1000 r-xp 00001000 00:293f 9223372037533874819      /nix/store/g1gfc2843yh6bv457x7m9sv0dp6crlw2-avahi-0.8/lib/libavahi-glib.so.1.0.2
7f8de13e1000-7f8de13e2000 r--p 00002000 00:293f 9223372037533874819      /nix/store/g1gfc2843yh6bv457x7m9sv0dp6crlw2-avahi-0.8/lib/libavahi-glib.so.1.0.2
7f8de13e2000-7f8de13e3000 r--p 00002000 00:293f 9223372037533874819      /nix/store/g1gfc2843yh6bv457x7m9sv0dp6crlw2-avahi-0.8/lib/libavahi-glib.so.1.0.2
7f8de13e3000-7f8de13e4000 rw-p 00003000 00:293f 9223372037533874819      /nix/store/g1gfc2843yh6bv457x7m9sv0dp6crlw2-avahi-0.8/lib/libavahi-glib.so.1.0.2
7f8de13e4000-7f8de14a0000 r--p 00000000 00:293f 9223372037533484018      /nix/store/4mxnw95jcm5a27qk60z7yc0gvxp42b9a-openssl-3.0.7/lib/libcrypto.so.3
7f8de14a0000-7f8de1727000 r-xp 000bc000 00:293f 9223372037533484018      /nix/store/4mxnw95jcm5a27qk60z7yc0gvxp42b9a-openssl-3.0.7/lib/libcrypto.so.3
7f8de1727000-7f8de1802000 r--p 00343000 00:293f 9223372037533484018      /nix/store/4mxnw95jcm5a27qk60z7yc0gvxp42b9a-openssl-3.0.7/lib/libcrypto.so.3
7f8de1802000-7f8de185d000 r--p 0041d000 00:293f 9223372037533484018      /nix/store/4mxnw95jcm5a27qk60z7yc0gvxp42b9a-openssl-3.0.7/lib/libcrypto.so.3
7f8de185d000-7f8de1860000 rw-p 00478000 00:293f 9223372037533484018      /nix/store/4mxnw95jcm5a27qk60z7yc0gvxp42b9a-openssl-3.0.7/lib/libcrypto.so.3
7f8de1860000-7f8de1863000 rw-p 00000000 00:00 0 
7f8de1863000-7f8de1883000 r--p 00000000 00:293f 9223372037533484341      /nix/store/4mxnw95jcm5a27qk60z7yc0gvxp42b9a-openssl-3.0.7/lib/libssl.so.3
7f8de1883000-7f8de18e3000 r-xp 00020000 00:293f 9223372037533484341      /nix/store/4mxnw95jcm5a27qk60z7yc0gvxp42b9a-openssl-3.0.7/lib/libssl.so.3
7f8de18e3000-7f8de1902000 r--p 00080000 00:293f 9223372037533484341      /nix/store/4mxnw95jcm5a27qk60z7yc0gvxp42b9a-openssl-3.0.7/lib/libssl.so.3
7f8de1902000-7f8de190c000 r--p 0009e000 00:293f 9223372037533484341      /nix/store/4mxnw95jcm5a27qk60z7yc0gvxp42b9a-openssl-3.0.7/lib/libssl.so.3
7f8de190c000-7f8de1910000 rw-p 000a8000 00:293f 9223372037533484341      /nix/store/4mxnw95jcm5a27qk60z7yc0gvxp42b9a-openssl-3.0.7/lib/libssl.so.3
7f8de1910000-7f8de191f000 r--p 00000000 00:293f 9223372037533874028      /nix/store/y1ffp4g3yl0ijwdl8lgh4hhq3wl8frcc-dbus-1.14.4-lib/lib/libdbus-1.so.3.32.1
7f8de191f000-7f8de1950000 r-xp 0000f000 00:293f 9223372037533874028      /nix/store/y1ffp4g3yl0ijwdl8lgh4hhq3wl8frcc-dbus-1.14.4-lib/lib/libdbus-1.so.3.32.1
7f8de1950000-7f8de1965000 r--p 00040000 00:293f 9223372037533874028      /nix/store/y1ffp4g3yl0ijwdl8lgh4hhq3wl8frcc-dbus-1.14.4-lib/lib/libdbus-1.so.3.32.1
7f8de1965000-7f8de1967000 r--p 00054000 00:293f 9223372037533874028      /nix/store/y1ffp4g3yl0ijwdl8lgh4hhq3wl8frcc-dbus-1.14.4-lib/lib/libdbus-1.so.3.32.1
7f8de1967000-7f8de1968000 rw-p 00056000 00:293f 9223372037533874028      /nix/store/y1ffp4g3yl0ijwdl8lgh4hhq3wl8frcc-dbus-1.14.4-lib/lib/libdbus-1.so.3.32.1
7f8de1968000-7f8de1972000 r--p 00000000 00:293f 9223372037534002261      /nix/store/hfax18sslmvq4q541jxq3bgfhj9cr5zq-dbus-glib-0.112/lib/libdbus-glib-1.so.2.3.5
7f8de1972000-7f8de1987000 r-xp 0000a000 00:293f 9223372037534002261      /nix/store/hfax18sslmvq4q541jxq3bgfhj9cr5zq-dbus-glib-0.112/lib/libdbus-glib-1.so.2.3.5
7f8de1987000-7f8de1990000 r--p 0001f000 00:293f 9223372037534002261      /nix/store/hfax18sslmvq4q541jxq3bgfhj9cr5zq-dbus-glib-0.112/lib/libdbus-glib-1.so.2.3.5
7f8de1990000-7f8de1992000 r--p 00027000 00:293f 9223372037534002261      /nix/store/hfax18sslmvq4q541jxq3bgfhj9cr5zq-dbus-glib-0.112/lib/libdbus-glib-1.so.2.3.5
7f8de1992000-7f8de1993000 rw-p 00029000 00:293f 9223372037534002261      /nix/store/hfax18sslmvq4q541jxq3bgfhj9cr5zq-dbus-glib-0.112/lib/libdbus-glib-1.so.2.3.5
7f8de1993000-7f8de1995000 rw-p 00000000 00:00 0 
7f8de1995000-7f8de19ca000 r--p 00000000 00:293f 9223372037533730125      /nix/store/h5slhj7gqpqh5q4jb00xdbcwbl8vqqa7-libxml2-2.10.3/lib/libxml2.so.2.10.3
7f8de19ca000-7f8de1aa8000 r-xp 00035000 00:293f 9223372037533730125      /nix/store/h5slhj7gqpqh5q4jb00xdbcwbl8vqqa7-libxml2-2.10.3/lib/libxml2.so.2.10.3
7f8de1aa8000-7f8de1aef000 r--p 00113000 00:293f 9223372037533730125      /nix/store/h5slhj7gqpqh5q4jb00xdbcwbl8vqqa7-libxml2-2.10.3/lib/libxml2.so.2.10.3
7f8de1aef000-7f8de1afa000 r--p 00159000 00:293f 9223372037533730125      /nix/store/h5slhj7gqpqh5q4jb00xdbcwbl8vqqa7-libxml2-2.10.3/lib/libxml2.so.2.10.3
7f8de1afa000-7f8de1afb000 rw-p 00164000 00:293f 9223372037533730125      /nix/store/h5slhj7gqpqh5q4jb00xdbcwbl8vqqa7-libxml2-2.10.3/lib/libxml2.so.2.10.3
7f8de1afb000-7f8de1afc000 rw-p 00000000 00:00 0 
7f8de1afc000-7f8de1afd000 r--p 00000000 00:293f 9223372037533612519      /nix/store/2k366jrbsra97gjfxwvrhvixjfxdach5-glib-2.74.1/lib/libgthread-2.0.so.0.7400.1
7f8de1afd000-7f8de1afe000 r-xp 00001000 00:293f 9223372037533612519      /nix/store/2k366jrbsra97gjfxwvrhvixjfxdach5-glib-2.74.1/lib/libgthread-2.0.so.0.7400.1
7f8de1afe000-7f8de1aff000 r--p 00002000 00:293f 9223372037533612519      /nix/store/2k366jrbsra97gjfxwvrhvixjfxdach5-glib-2.74.1/lib/libgthread-2.0.so.0.7400.1
7f8de1aff000-7f8de1b00000 r--p 00002000 00:293f 9223372037533612519      /nix/store/2k366jrbsra97gjfxwvrhvixjfxdach5-glib-2.74.1/lib/libgthread-2.0.so.0.7400.1
7f8de1b00000-7f8de1b01000 rw-p 00003000 00:293f 9223372037533612519      /nix/store/2k366jrbsra97gjfxwvrhvixjfxdach5-glib-2.74.1/lib/libgthread-2.0.so.0.7400.1
7f8de1b01000-7f8de1b08000 r--p 00000000 00:293f 9223372037533486411      /nix/store/ii8xgfqglbvvaiv4isqpy0s7lhqgxrmy-libselinux-3.3/lib/libselinux.so.1
7f8de1b08000-7f8de1b22000 r-xp 00007000 00:293f 9223372037533486411      /nix/store/ii8xgfqglbvvaiv4isqpy0s7lhqgxrmy-libselinux-3.3/lib/libselinux.so.1
7f8de1b22000-7f8de1b2a000 r--p 00021000 00:293f 9223372037533486411      /nix/store/ii8xgfqglbvvaiv4isqpy0s7lhqgxrmy-libselinux-3.3/lib/libselinux.so.1
7f8de1b2a000-7f8de1b2b000 r--p 00028000 00:293f 9223372037533486411      /nix/store/ii8xgfqglbvvaiv4isqpy0s7lhqgxrmy-libselinux-3.3/lib/libselinux.so.1
7f8de1b2b000-7f8de1b2c000 rw-p 00029000 00:293f 9223372037533486411      /nix/store/ii8xgfqglbvvaiv4isqpy0s7lhqgxrmy-libselinux-3.3/lib/libselinux.so.1
7f8de1b2c000-7f8de1b2e000 rw-p 00000000 00:00 0 
7f8de1b2e000-7f8de1b3b000 r--p 00000000 00:293f 9223372037533490659      /nix/store/acvafmp652dj67f4g3sdx68n2mg1afz4-util-linux-minimal-2.38.1-lib/lib/libmount.so.1.1.0
7f8de1b3b000-7f8de1b7a000 r-xp 0000d000 00:293f 9223372037533490659      /nix/store/acvafmp652dj67f4g3sdx68n2mg1afz4-util-linux-minimal-2.38.1-lib/lib/libmount.so.1.1.0
7f8de1b7a000-7f8de1b8d000 r--p 0004c000 00:293f 9223372037533490659      /nix/store/acvafmp652dj67f4g3sdx68n2mg1afz4-util-linux-minimal-2.38.1-lib/lib/libmount.so.1.1.0
7f8de1b8d000-7f8de1b8f000 r--p 0005f000 00:293f 9223372037533490659      /nix/store/acvafmp652dj67f4g3sdx68n2mg1afz4-util-linux-minimal-2.38.1-lib/lib/libmount.so.1.1.0
7f8de1b8f000-7f8de1b90000 rw-p 00061000 00:293f 9223372037533490659      /nix/store/acvafmp652dj67f4g3sdx68n2mg1afz4-util-linux-minimal-2.38.1-lib/lib/libmount.so.1.1.0
7f8de1b90000-7f8de1b92000 rw-p 00000000 00:00 0 
7f8de1b92000-7f8de1b9e000 r--p 00000000 00:293f 9223372037533729722      /nix/store/2jrs0v6gypniiqi9c1h8498q3iikmcw5-harfbuzz-5.2.0/lib/libharfbuzz.so.0.50200.0
7f8de1b9e000-7f8de1c5e000 r-xp 0000c000 00:293f 9223372037533729722      /nix/store/2jrs0v6gypniiqi9c1h8498q3iikmcw5-harfbuzz-5.2.0/lib/libharfbuzz.so.0.50200.0
7f8de1c5e000-7f8de1c97000 r--p 000cc000 00:293f 9223372037533729722      /nix/store/2jrs0v6gypniiqi9c1h8498q3iikmcw5-harfbuzz-5.2.0/lib/libharfbuzz.so.0.50200.0
7f8de1c97000-7f8de1c98000 r--p 00105000 00:293f 9223372037533729722      /nix/store/2jrs0v6gypniiqi9c1h8498q3iikmcw5-harfbuzz-5.2.0/lib/libharfbuzz.so.0.50200.0
7f8de1c98000-7f8de1c99000 rw-p 00106000 00:293f 9223372037533729722      /nix/store/2jrs0v6gypniiqi9c1h8498q3iikmcw5-harfbuzz-5.2.0/lib/libharfbuzz.so.0.50200.0
7f8de1c99000-7f8de1cba000 r--p 00000000 00:293f 9223372037533612455      /nix/store/2k366jrbsra97gjfxwvrhvixjfxdach5-glib-2.74.1/lib/libglib-2.0.so.0.7400.1
7f8de1cba000-7f8de1d47000 r-xp 00021000 00:293f 9223372037533612455      /nix/store/2k366jrbsra97gjfxwvrhvixjfxdach5-glib-2.74.1/lib/libglib-2.0.so.0.7400.1
7f8de1d47000-7f8de1dd3000 r--p 000ae000 00:293f 9223372037533612455      /nix/store/2k366jrbsra97gjfxwvrhvixjfxdach5-glib-2.74.1/lib/libglib-2.0.so.0.7400.1
7f8de1dd3000-7f8de1dd4000 r--p 00139000 00:293f 9223372037533612455      /nix/store/2k366jrbsra97gjfxwvrhvixjfxdach5-glib-2.74.1/lib/libglib-2.0.so.0.7400.1
7f8de1dd4000-7f8de1dd5000 rw-p 0013a000 00:293f 9223372037533612455      /nix/store/2k366jrbsra97gjfxwvrhvixjfxdach5-glib-2.74.1/lib/libglib-2.0.so.0.7400.1
7f8de1dd5000-7f8de1dd6000 rw-p 00000000 00:00 0 
7f8de1dd6000-7f8de1de6000 r--p 00000000 00:293f 9223372037533612500      /nix/store/2k366jrbsra97gjfxwvrhvixjfxdach5-glib-2.74.1/lib/libgobject-2.0.so.0.7400.1
7f8de1de6000-7f8de1e19000 r-xp 00010000 00:293f 9223372037533612500      /nix/store/2k366jrbsra97gjfxwvrhvixjfxdach5-glib-2.74.1/lib/libgobject-2.0.so.0.7400.1
7f8de1e19000-7f8de1e33000 r--p 00043000 00:293f 9223372037533612500      /nix/store/2k366jrbsra97gjfxwvrhvixjfxdach5-glib-2.74.1/lib/libgobject-2.0.so.0.7400.1
7f8de1e33000-7f8de1e36000 r--p 0005d000 00:293f 9223372037533612500      /nix/store/2k366jrbsra97gjfxwvrhvixjfxdach5-glib-2.74.1/lib/libgobject-2.0.so.0.7400.1
7f8de1e36000-7f8de1e37000 rw-p 00060000 00:293f 9223372037533612500      /nix/store/2k366jrbsra97gjfxwvrhvixjfxdach5-glib-2.74.1/lib/libgobject-2.0.so.0.7400.1
7f8de1e37000-7f8de1e4a000 r--p 00000000 00:293f 9223372037533730810      /nix/store/jlkg24hm8bwrg3x4a517w3gb2qrxn7g4-pango-1.50.11/lib/libpango-1.0.so.0.5000.11
7f8de1e4a000-7f8de1e7e000 r-xp 00013000 00:293f 9223372037533730810      /nix/store/jlkg24hm8bwrg3x4a517w3gb2qrxn7g4-pango-1.50.11/lib/libpango-1.0.so.0.5000.11
7f8de1e7e000-7f8de1e99000 r--p 00047000 00:293f 9223372037533730810      /nix/store/jlkg24hm8bwrg3x4a517w3gb2qrxn7g4-pango-1.50.11/lib/libpango-1.0.so.0.5000.11
7f8de1e99000-7f8de1e9d000 r--p 00061000 00:293f 9223372037533730810      /nix/store/jlkg24hm8bwrg3x4a517w3gb2qrxn7g4-pango-1.50.11/lib/libpango-1.0.so.0.5000.11
7f8de1e9d000-7f8de1e9e000 rw-p 00065000 00:293f 9223372037533730810      /nix/store/jlkg24hm8bwrg3x4a517w3gb2qrxn7g4-pango-1.50.11/lib/libpango-1.0.so.0.5000.11
7f8de1e9e000-7f8de1ea6000 r--p 00000000 00:293f 9223372037533730816      /nix/store/jlkg24hm8bwrg3x4a517w3gb2qrxn7g4-pango-1.50.11/lib/libpangoft2-1.0.so.0.5000.11
7f8de1ea6000-7f8de1eb2000 r-xp 00008000 00:293f 9223372037533730816      /nix/store/jlkg24hm8bwrg3x4a517w3gb2qrxn7g4-pango-1.50.11/lib/libpangoft2-1.0.so.0.5000.11
7f8de1eb2000-7f8de1eb7000 r--p 00014000 00:293f 9223372037533730816      /nix/store/jlkg24hm8bwrg3x4a517w3gb2qrxn7g4-pango-1.50.11/lib/libpangoft2-1.0.so.0.5000.11
7f8de1eb7000-7f8de1eb8000 r--p 00018000 00:293f 9223372037533730816      /nix/store/jlkg24hm8bwrg3x4a517w3gb2qrxn7g4-pango-1.50.11/lib/libpangoft2-1.0.so.0.5000.11
7f8de1eb8000-7f8de1eb9000 rw-p 00019000 00:293f 9223372037533730816      /nix/store/jlkg24hm8bwrg3x4a517w3gb2qrxn7g4-pango-1.50.11/lib/libpangoft2-1.0.so.0.5000.11
7f8de1eb9000-7f8de1ec1000 r--p 00000000 00:293f 9223372037533730234      /nix/store/crz3s569f4dyc5ynldizlk53g6bkw7s5-gdk-pixbuf-2.42.10/lib/libgdk_pixbuf-2.0.so.0.4200.10
7f8de1ec1000-7f8de1edb000 r-xp 00008000 00:293f 9223372037533730234      /nix/store/crz3s569f4dyc5ynldizlk53g6bkw7s5-gdk-pixbuf-2.42.10/lib/libgdk_pixbuf-2.0.so.0.4200.10
7f8de1edb000-7f8de1ee5000 r--p 00022000 00:293f 9223372037533730234      /nix/store/crz3s569f4dyc5ynldizlk53g6bkw7s5-gdk-pixbuf-2.42.10/lib/libgdk_pixbuf-2.0.so.0.4200.10
7f8de1ee5000-7f8de1ee6000 r--p 0002c000 00:293f 9223372037533730234      /nix/store/crz3s569f4dyc5ynldizlk53g6bkw7s5-gdk-pixbuf-2.42.10/lib/libgdk_pixbuf-2.0.so.0.4200.10
7f8de1ee6000-7f8de1ee7000 rw-p 0002d000 00:293f 9223372037533730234      /nix/store/crz3s569f4dyc5ynldizlk53g6bkw7s5-gdk-pixbuf-2.42.10/lib/libgdk_pixbuf-2.0.so.0.4200.10
7f8de1ee7000-7f8de1ee9000 rw-p 00000000 00:00 0 
7f8de1ee9000-7f8de1efe000 r--p 00000000 00:293f 9223372037533614425      /nix/store/72mqxxhh3cy5yifh92wh2yb8cl2hikyy-cairo-1.16.0/lib/libcairo.so.2.11600.0
7f8de1efe000-7f8de1fdd000 r-xp 00015000 00:293f 9223372037533614425      /nix/store/72mqxxhh3cy5yifh92wh2yb8cl2hikyy-cairo-1.16.0/lib/libcairo.so.2.11600.0
7f8de1fdd000-7f8de201f000 r--p 000f4000 00:293f 9223372037533614425      /nix/store/72mqxxhh3cy5yifh92wh2yb8cl2hikyy-cairo-1.16.0/lib/libcairo.so.2.11600.0
7f8de201f000-7f8de2023000 r--p 00135000 00:293f 9223372037533614425      /nix/store/72mqxxhh3cy5yifh92wh2yb8cl2hikyy-cairo-1.16.0/lib/libcairo.so.2.11600.0
7f8de2023000-7f8de2024000 rw-p 00139000 00:293f 9223372037533614425      /nix/store/72mqxxhh3cy5yifh92wh2yb8cl2hikyy-cairo-1.16.0/lib/libcairo.so.2.11600.0
7f8de2024000-7f8de2026000 rw-p 00000000 00:00 0 
7f8de2026000-7f8de2031000 r--p 00000000 00:293f 9223372037533874175      /nix/store/6jl8x6kl4ldd8x3g731x1l04cpfyar2g-at-spi2-core-2.46.0/lib/libatk-1.0.so.0.24609.1
7f8de2031000-7f8de2040000 r-xp 0000b000 00:293f 9223372037533874175      /nix/store/6jl8x6kl4ldd8x3g731x1l04cpfyar2g-at-spi2-core-2.46.0/lib/libatk-1.0.so.0.24609.1
7f8de2040000-7f8de204c000 r--p 0001a000 00:293f 9223372037533874175      /nix/store/6jl8x6kl4ldd8x3g731x1l04cpfyar2g-at-spi2-core-2.46.0/lib/libatk-1.0.so.0.24609.1
7f8de204c000-7f8de204f000 r--p 00025000 00:293f 9223372037533874175      /nix/store/6jl8x6kl4ldd8x3g731x1l04cpfyar2g-at-spi2-core-2.46.0/lib/libatk-1.0.so.0.24609.1
7f8de204f000-7f8de2050000 rw-p 00028000 00:293f 9223372037533874175      /nix/store/6jl8x6kl4ldd8x3g731x1l04cpfyar2g-at-spi2-core-2.46.0/lib/libatk-1.0.so.0.24609.1
7f8de2050000-7f8de2051000 r--p 00000000 00:293f 9223372037533490843      /nix/store/swg93im3s35jqdf5cqynq8qskzw6v3a8-libXcomposite-0.4.5/lib/libXcomposite.so.1.0.0
7f8de2051000-7f8de2052000 r-xp 00001000 00:293f 9223372037533490843      /nix/store/swg93im3s35jqdf5cqynq8qskzw6v3a8-libXcomposite-0.4.5/lib/libXcomposite.so.1.0.0
7f8de2052000-7f8de2053000 r--p 00002000 00:293f 9223372037533490843      /nix/store/swg93im3s35jqdf5cqynq8qskzw6v3a8-libXcomposite-0.4.5/lib/libXcomposite.so.1.0.0
7f8de2053000-7f8de2054000 r--p 00002000 00:293f 9223372037533490843      /nix/store/swg93im3s35jqdf5cqynq8qskzw6v3a8-libXcomposite-0.4.5/lib/libXcomposite.so.1.0.0
7f8de2054000-7f8de2055000 rw-p 00003000 00:293f 9223372037533490843      /nix/store/swg93im3s35jqdf5cqynq8qskzw6v3a8-libXcomposite-0.4.5/lib/libXcomposite.so.1.0.0
7f8de2055000-7f8de2057000 r--p 00000000 00:293f 9223372037533478493      /nix/store/cr7ldrd6xlq4rgqr99yygy43f77zdk1x-libXfixes-6.0.0/lib/libXfixes.so.3.1.0
7f8de2057000-7f8de205a000 r-xp 00002000 00:293f 9223372037533478493      /nix/store/cr7ldrd6xlq4rgqr99yygy43f77zdk1x-libXfixes-6.0.0/lib/libXfixes.so.3.1.0
7f8de205a000-7f8de205b000 r--p 00005000 00:293f 9223372037533478493      /nix/store/cr7ldrd6xlq4rgqr99yygy43f77zdk1x-libXfixes-6.0.0/lib/libXfixes.so.3.1.0
7f8de205b000-7f8de205c000 r--p 00006000 00:293f 9223372037533478493      /nix/store/cr7ldrd6xlq4rgqr99yygy43f77zdk1x-libXfixes-6.0.0/lib/libXfixes.so.3.1.0
7f8de205c000-7f8de205d000 rw-p 00007000 00:293f 9223372037533478493      /nix/store/cr7ldrd6xlq4rgqr99yygy43f77zdk1x-libXfixes-6.0.0/lib/libXfixes.so.3.1.0
7f8de205d000-7f8de2062000 r--p 00000000 00:293f 9223372037533730813      /nix/store/jlkg24hm8bwrg3x4a517w3gb2qrxn7g4-pango-1.50.11/lib/libpangocairo-1.0.so.0.5000.11
7f8de2062000-7f8de2069000 r-xp 00005000 00:293f 9223372037533730813      /nix/store/jlkg24hm8bwrg3x4a517w3gb2qrxn7g4-pango-1.50.11/lib/libpangocairo-1.0.so.0.5000.11
7f8de2069000-7f8de206c000 r--p 0000c000 00:293f 9223372037533730813      /nix/store/jlkg24hm8bwrg3x4a517w3gb2qrxn7g4-pango-1.50.11/lib/libpangocairo-1.0.so.0.5000.11
7f8de206c000-7f8de206d000 r--p 0000e000 00:293f 9223372037533730813      /nix/store/jlkg24hm8bwrg3x4a517w3gb2qrxn7g4-pango-1.50.11/lib/libpangocairo-1.0.so.0.5000.11
7f8de206d000-7f8de206e000 rw-p 0000f000 00:293f 9223372037533730813      /nix/store/jlkg24hm8bwrg3x4a517w3gb2qrxn7g4-pango-1.50.11/lib/libpangocairo-1.0.so.0.5000.11
7f8de206e000-7f8de2070000 rw-p 00000000 00:00 0 
7f8de2070000-7f8de2072000 r--p 00000000 00:293f 9223372037533612497      /nix/store/2k366jrbsra97gjfxwvrhvixjfxdach5-glib-2.74.1/lib/libgmodule-2.0.so.0.7400.1
7f8de2072000-7f8de2074000 r-xp 00002000 00:293f 9223372037533612497      /nix/store/2k366jrbsra97gjfxwvrhvixjfxdach5-glib-2.74.1/lib/libgmodule-2.0.so.0.7400.1
7f8de2074000-7f8de2075000 r--p 00004000 00:293f 9223372037533612497      /nix/store/2k366jrbsra97gjfxwvrhvixjfxdach5-glib-2.74.1/lib/libgmodule-2.0.so.0.7400.1
7f8de2075000-7f8de2076000 r--p 00004000 00:293f 9223372037533612497      /nix/store/2k366jrbsra97gjfxwvrhvixjfxdach5-glib-2.74.1/lib/libgmodule-2.0.so.0.7400.1
7f8de2076000-7f8de2077000 rw-p 00005000 00:293f 9223372037533612497      /nix/store/2k366jrbsra97gjfxwvrhvixjfxdach5-glib-2.74.1/lib/libgmodule-2.0.so.0.7400.1
7f8de2077000-7f8de207a000 r--p 00000000 00:293f 9223372037533491016      /nix/store/mnf2gsd24llnva76k5qgirvkg16pic4z-libXcursor-1.2.0/lib/libXcursor.so.1.0.2
7f8de207a000-7f8de2080000 r-xp 00003000 00:293f 9223372037533491016      /nix/store/mnf2gsd24llnva76k5qgirvkg16pic4z-libXcursor-1.2.0/lib/libXcursor.so.1.0.2
7f8de2080000-7f8de2082000 r--p 00009000 00:293f 9223372037533491016      /nix/store/mnf2gsd24llnva76k5qgirvkg16pic4z-libXcursor-1.2.0/lib/libXcursor.so.1.0.2
7f8de2082000-7f8de2083000 r--p 0000a000 00:293f 9223372037533491016      /nix/store/mnf2gsd24llnva76k5qgirvkg16pic4z-libXcursor-1.2.0/lib/libXcursor.so.1.0.2
7f8de2083000-7f8de2084000 rw-p 0000b000 00:293f 9223372037533491016      /nix/store/mnf2gsd24llnva76k5qgirvkg16pic4z-libXcursor-1.2.0/lib/libXcursor.so.1.0.2
7f8de2084000-7f8de2087000 r--p 00000000 00:293f 9223372037533490909      /nix/store/bjhi22jj82f08b3mk58p8vaj1778jyzi-libXi-1.8/lib/libXi.so.6.1.0
7f8de2087000-7f8de2093000 r-xp 00003000 00:293f 9223372037533490909      /nix/store/bjhi22jj82f08b3mk58p8vaj1778jyzi-libXi-1.8/lib/libXi.so.6.1.0
7f8de2093000-7f8de2096000 r--p 0000f000 00:293f 9223372037533490909      /nix/store/bjhi22jj82f08b3mk58p8vaj1778jyzi-libXi-1.8/lib/libXi.so.6.1.0
7f8de2096000-7f8de2097000 r--p 00011000 00:293f 9223372037533490909      /nix/store/bjhi22jj82f08b3mk58p8vaj1778jyzi-libXi-1.8/lib/libXi.so.6.1.0
7f8de2097000-7f8de2098000 rw-p 00012000 00:293f 9223372037533490909      /nix/store/bjhi22jj82f08b3mk58p8vaj1778jyzi-libXi-1.8/lib/libXi.so.6.1.0
7f8de2098000-7f8de20b6000 r--p 00000000 00:293f 9223372037534002441      /nix/store/jpimcg7iyg5ii67yd400ak0gvn00x3l7-gtk+-2.24.33/lib/libgdk-x11-2.0.so.0.2400.33
7f8de20b6000-7f8de2114000 r-xp 0001e000 00:293f 9223372037534002441      /nix/store/jpimcg7iyg5ii67yd400ak0gvn00x3l7-gtk+-2.24.33/lib/libgdk-x11-2.0.so.0.2400.33
7f8de2114000-7f8de214f000 r--p 0007c000 00:293f 9223372037534002441      /nix/store/jpimcg7iyg5ii67yd400ak0gvn00x3l7-gtk+-2.24.33/lib/libgdk-x11-2.0.so.0.2400.33
7f8de214f000-7f8de2154000 r--p 000b7000 00:293f 9223372037534002441      /nix/store/jpimcg7iyg5ii67yd400ak0gvn00x3l7-gtk+-2.24.33/lib/libgdk-x11-2.0.so.0.2400.33
7f8de2154000-7f8de2155000 rw-p 000bc000 00:293f 9223372037534002441      /nix/store/jpimcg7iyg5ii67yd400ak0gvn00x3l7-gtk+-2.24.33/lib/libgdk-x11-2.0.so.0.2400.33
7f8de2155000-7f8de2157000 rw-p 00000000 00:00 0 
7f8de2157000-7f8de2159000 r--p 00000000 00:293f 9223372037533478636      /nix/store/13cv29rz58179gnajkjcc2ibm9xvw5fk-libXrender-0.9.10/lib/libXrender.so.1.3.0
7f8de2159000-7f8de2160000 r-xp 00002000 00:293f 9223372037533478636      /nix/store/13cv29rz58179gnajkjcc2ibm9xvw5fk-libXrender-0.9.10/lib/libXrender.so.1.3.0
7f8de2160000-7f8de2162000 r--p 00009000 00:293f 9223372037533478636      /nix/store/13cv29rz58179gnajkjcc2ibm9xvw5fk-libXrender-0.9.10/lib/libXrender.so.1.3.0
7f8de2162000-7f8de2163000 r--p 0000a000 00:293f 9223372037533478636      /nix/store/13cv29rz58179gnajkjcc2ibm9xvw5fk-libXrender-0.9.10/lib/libXrender.so.1.3.0
7f8de2163000-7f8de2164000 rw-p 0000b000 00:293f 9223372037533478636      /nix/store/13cv29rz58179gnajkjcc2ibm9xvw5fk-libXrender-0.9.10/lib/libXrender.so.1.3.0
7f8de2164000-7f8de2168000 r--p 00000000 00:293f 9223372037533478445      /nix/store/qvvaq9p7lw05r7szvsx3c17ca5x8h982-libXext-1.3.4/lib/libXext.so.6.4.0
7f8de2168000-7f8de2173000 r-xp 00004000 00:293f 9223372037533478445      /nix/store/qvvaq9p7lw05r7szvsx3c17ca5x8h982-libXext-1.3.4/lib/libXext.so.6.4.0
7f8de2173000-7f8de2177000 r--p 0000f000 00:293f 9223372037533478445      /nix/store/qvvaq9p7lw05r7szvsx3c17ca5x8h982-libXext-1.3.4/lib/libXext.so.6.4.0
7f8de2177000-7f8de2178000 r--p 00012000 00:293f 9223372037533478445      /nix/store/qvvaq9p7lw05r7szvsx3c17ca5x8h982-libXext-1.3.4/lib/libXext.so.6.4.0
7f8de2178000-7f8de2179000 rw-p 00013000 00:293f 9223372037533478445      /nix/store/qvvaq9p7lw05r7szvsx3c17ca5x8h982-libXext-1.3.4/lib/libXext.so.6.4.0
7f8de2179000-7f8de2197000 r--p 00000000 00:293f 9223372037533476047      /nix/store/w3zzhfl4a7xp0xfflz2gawv02y8ba9z8-libX11-1.8.1/lib/libX11.so.6.4.0
7f8de2197000-7f8de2223000 r-xp 0001e000 00:293f 9223372037533476047      /nix/store/w3zzhfl4a7xp0xfflz2gawv02y8ba9z8-libX11-1.8.1/lib/libX11.so.6.4.0
7f8de2223000-7f8de22b8000 r--p 000aa000 00:293f 9223372037533476047      /nix/store/w3zzhfl4a7xp0xfflz2gawv02y8ba9z8-libX11-1.8.1/lib/libX11.so.6.4.0
7f8de22b8000-7f8de22b9000 r--p 0013f000 00:293f 9223372037533476047      /nix/store/w3zzhfl4a7xp0xfflz2gawv02y8ba9z8-libX11-1.8.1/lib/libX11.so.6.4.0
7f8de22b9000-7f8de22be000 rw-p 00140000 00:293f 9223372037533476047      /nix/store/w3zzhfl4a7xp0xfflz2gawv02y8ba9z8-libX11-1.8.1/lib/libX11.so.6.4.0
7f8de22be000-7f8de22c0000 rw-p 00000000 00:00 0 
7f8de22c0000-7f8de22ce000 r--p 00000000 00:293f 9223372037455367831      /nix/store/4nlgxhb09sdr51nc9hdm8az5b08vzkgx-glibc-2.35-163/lib/libm.so.6
7f8de22ce000-7f8de2341000 r-xp 0000e000 00:293f 9223372037455367831      /nix/store/4nlgxhb09sdr51nc9hdm8az5b08vzkgx-glibc-2.35-163/lib/libm.so.6
7f8de2341000-7f8de239e000 r--p 00081000 00:293f 9223372037455367831      /nix/store/4nlgxhb09sdr51nc9hdm8az5b08vzkgx-glibc-2.35-163/lib/libm.so.6
7f8de239e000-7f8de239f000 r--p 000dd000 00:293f 9223372037455367831      /nix/store/4nlgxhb09sdr51nc9hdm8az5b08vzkgx-glibc-2.35-163/lib/libm.so.6
7f8de239f000-7f8de23a0000 rw-p 000de000 00:293f 9223372037455367831      /nix/store/4nlgxhb09sdr51nc9hdm8az5b08vzkgx-glibc-2.35-163/lib/libm.so.6
7f8de23a0000-7f8de23d9000 r--p 00000000 00:293f 9223372037533614380      /nix/store/mq9jfv5yzjr626nszc429pkbg6qc22wa-gnutls-3.7.8/lib/libgnutls.so.30.34.2
7f8de23d9000-7f8de2505000 r-xp 00039000 00:293f 9223372037533614380      /nix/store/mq9jfv5yzjr626nszc429pkbg6qc22wa-gnutls-3.7.8/lib/libgnutls.so.30.34.2
7f8de2505000-7f8de259f000 r--p 00165000 00:293f 9223372037533614380      /nix/store/mq9jfv5yzjr626nszc429pkbg6qc22wa-gnutls-3.7.8/lib/libgnutls.so.30.34.2
7f8de259f000-7f8de25b0000 r--p 001fe000 00:293f 9223372037533614380      /nix/store/mq9jfv5yzjr626nszc429pkbg6qc22wa-gnutls-3.7.8/lib/libgnutls.so.30.34.2
7f8de25b0000-7f8de25b2000 rw-p 0020f000 00:293f 9223372037533614380      /nix/store/mq9jfv5yzjr626nszc429pkbg6qc22wa-gnutls-3.7.8/lib/libgnutls.so.30.34.2
7f8de25b2000-7f8de25b6000 rw-p 00000000 00:00 0 
7f8de25b6000-7f8de25ba000 r--p 00000000 00:293f 9223372037533874691      /nix/store/g1gfc2843yh6bv457x7m9sv0dp6crlw2-avahi-0.8/lib/libavahi-client.so.3.2.9
7f8de25ba000-7f8de25c3000 r-xp 00004000 00:293f 9223372037533874691      /nix/store/g1gfc2843yh6bv457x7m9sv0dp6crlw2-avahi-0.8/lib/libavahi-client.so.3.2.9
7f8de25c3000-7f8de25c7000 r--p 0000d000 00:293f 9223372037533874691      /nix/store/g1gfc2843yh6bv457x7m9sv0dp6crlw2-avahi-0.8/lib/libavahi-client.so.3.2.9
7f8de25c7000-7f8de25c8000 r--p 00011000 00:293f 9223372037533874691      /nix/store/g1gfc2843yh6bv457x7m9sv0dp6crlw2-avahi-0.8/lib/libavahi-client.so.3.2.9
7f8de25c8000-7f8de25c9000 rw-p 00012000 00:293f 9223372037533874691      /nix/store/g1gfc2843yh6bv457x7m9sv0dp6crlw2-avahi-0.8/lib/libavahi-client.so.3.2.9
7f8de25c9000-7f8de25cd000 r--p 00000000 00:293f 9223372037533874708      /nix/store/g1gfc2843yh6bv457x7m9sv0dp6crlw2-avahi-0.8/lib/libavahi-common.so.3.5.4
7f8de25cd000-7f8de25d3000 r-xp 00004000 00:293f 9223372037533874708      /nix/store/g1gfc2843yh6bv457x7m9sv0dp6crlw2-avahi-0.8/lib/libavahi-common.so.3.5.4
7f8de25d3000-7f8de25d6000 r--p 0000a000 00:293f 9223372037533874708      /nix/store/g1gfc2843yh6bv457x7m9sv0dp6crlw2-avahi-0.8/lib/libavahi-common.so.3.5.4
7f8de25d6000-7f8de25d7000 r--p 0000d000 00:293f 9223372037533874708      /nix/store/g1gfc2843yh6bv457x7m9sv0dp6crlw2-avahi-0.8/lib/libavahi-common.so.3.5.4
7f8de25d7000-7f8de25d8000 rw-p 0000e000 00:293f 9223372037533874708      /nix/store/g1gfc2843yh6bv457x7m9sv0dp6crlw2-avahi-0.8/lib/libavahi-common.so.3.5.4
7f8de25d8000-7f8de25dc000 r--p 00000000 00:293f 9223372037523930339      /nix/store/4lkjvagv0bqq58qpysfabw66rqrbddgb-expat-2.5.0/lib/libexpat.so.1.8.10
7f8de25dc000-7f8de25fb000 r-xp 00004000 00:293f 9223372037523930339      /nix/store/4lkjvagv0bqq58qpysfabw66rqrbddgb-expat-2.5.0/lib/libexpat.so.1.8.10
7f8de25fb000-7f8de2605000 r--p 00023000 00:293f 9223372037523930339      /nix/store/4lkjvagv0bqq58qpysfabw66rqrbddgb-expat-2.5.0/lib/libexpat.so.1.8.10
7f8de2605000-7f8de2607000 r--p 0002d000 00:293f 9223372037523930339      /nix/store/4lkjvagv0bqq58qpysfabw66rqrbddgb-expat-2.5.0/lib/libexpat.so.1.8.10
7f8de2607000-7f8de2608000 rw-p 0002f000 00:293f 9223372037523930339      /nix/store/4lkjvagv0bqq58qpysfabw66rqrbddgb-expat-2.5.0/lib/libexpat.so.1.8.10
7f8de2608000-7f8de260a000 rw-p 00000000 00:00 0 
7f8de260a000-7f8de2610000 r--p 00000000 00:293f 9223372037533613543      /nix/store/d9i9f63d1121378id4kf2swn06a5grwa-libpng-apng-1.6.37/lib/libpng16.so.16.37.0
7f8de2610000-7f8de2636000 r-xp 00006000 00:293f 9223372037533613543      /nix/store/d9i9f63d1121378id4kf2swn06a5grwa-libpng-apng-1.6.37/lib/libpng16.so.16.37.0
7f8de2636000-7f8de2642000 r--p 0002c000 00:293f 9223372037533613543      /nix/store/d9i9f63d1121378id4kf2swn06a5grwa-libpng-apng-1.6.37/lib/libpng16.so.16.37.0
7f8de2642000-7f8de2643000 r--p 00037000 00:293f 9223372037533613543      /nix/store/d9i9f63d1121378id4kf2swn06a5grwa-libpng-apng-1.6.37/lib/libpng16.so.16.37.0
7f8de2643000-7f8de2644000 rw-p 00038000 00:293f 9223372037533613543      /nix/store/d9i9f63d1121378id4kf2swn06a5grwa-libpng-apng-1.6.37/lib/libpng16.so.16.37.0
7f8de2644000-7f8de2646000 r--p 00000000 00:293f 9223372037518430836      /nix/store/ysl6qj5r7nn63b16954dhk7x47r5yq7i-bzip2-1.0.8/lib/libbz2.so.1.0.8
7f8de2646000-7f8de2653000 r-xp 00002000 00:293f 9223372037518430836      /nix/store/ysl6qj5r7nn63b16954dhk7x47r5yq7i-bzip2-1.0.8/lib/libbz2.so.1.0.8
7f8de2653000-7f8de2655000 r--p 0000f000 00:293f 9223372037518430836      /nix/store/ysl6qj5r7nn63b16954dhk7x47r5yq7i-bzip2-1.0.8/lib/libbz2.so.1.0.8
7f8de2655000-7f8de2656000 r--p 00010000 00:293f 9223372037518430836      /nix/store/ysl6qj5r7nn63b16954dhk7x47r5yq7i-bzip2-1.0.8/lib/libbz2.so.1.0.8
7f8de2656000-7f8de2657000 rw-p 00011000 00:293f 9223372037518430836      /nix/store/ysl6qj5r7nn63b16954dhk7x47r5yq7i-bzip2-1.0.8/lib/libbz2.so.1.0.8
7f8de2657000-7f8de2665000 r--p 00000000 00:293f 9223372037533614093      /nix/store/shxbchcb9zl755mvlhf0ll61hz8s6imm-freetype-2.12.1/lib/libfreetype.so.6.18.3
7f8de2665000-7f8de26eb000 r-xp 0000e000 00:293f 9223372037533614093      /nix/store/shxbchcb9zl755mvlhf0ll61hz8s6imm-freetype-2.12.1/lib/libfreetype.so.6.18.3
7f8de26eb000-7f8de2716000 r--p 00094000 00:293f 9223372037533614093      /nix/store/shxbchcb9zl755mvlhf0ll61hz8s6imm-freetype-2.12.1/lib/libfreetype.so.6.18.3
7f8de2716000-7f8de271e000 r--p 000be000 00:293f 9223372037533614093      /nix/store/shxbchcb9zl755mvlhf0ll61hz8s6imm-freetype-2.12.1/lib/libfreetype.so.6.18.3
7f8de271e000-7f8de271f000 rw-p 000c6000 00:293f 9223372037533614093      /nix/store/shxbchcb9zl755mvlhf0ll61hz8s6imm-freetype-2.12.1/lib/libfreetype.so.6.18.3
7f8de271f000-7f8de2730000 r--p 00000000 00:293f 9223372037534122125      /nix/store/3814q7yzfvk2jsdd8a93lqsi2qyhi2a9-gconf-3.2.6/lib/libgconf-2.so.4.1.5
7f8de2730000-7f8de274f000 r-xp 00011000 00:293f 9223372037534122125      /nix/store/3814q7yzfvk2jsdd8a93lqsi2qyhi2a9-gconf-3.2.6/lib/libgconf-2.so.4.1.5
7f8de274f000-7f8de275d000 r--p 00030000 00:293f 9223372037534122125      /nix/store/3814q7yzfvk2jsdd8a93lqsi2qyhi2a9-gconf-3.2.6/lib/libgconf-2.so.4.1.5
7f8de275d000-7f8de2760000 r--p 0003d000 00:293f 9223372037534122125      /nix/store/3814q7yzfvk2jsdd8a93lqsi2qyhi2a9-gconf-3.2.6/lib/libgconf-2.so.4.1.5
7f8de2760000-7f8de2762000 rw-p 00040000 00:293f 9223372037534122125      /nix/store/3814q7yzfvk2jsdd8a93lqsi2qyhi2a9-gconf-3.2.6/lib/libgconf-2.so.4.1.5
7f8de2762000-7f8de2764000 rw-p 00000000 00:00 0 
7f8de2764000-7f8de277b000 r--p 00000000 00:293f 9223372037534123735      /nix/store/y056fs7d6j488j49bwjcl7bwrqg3ia1v-gnome-vfs-2.24.4/lib/libgnomevfs-2.so.0.2400.4
7f8de277b000-7f8de27b4000 r-xp 00017000 00:293f 9223372037534123735      /nix/store/y056fs7d6j488j49bwjcl7bwrqg3ia1v-gnome-vfs-2.24.4/lib/libgnomevfs-2.so.0.2400.4
7f8de27b4000-7f8de27cd000 r--p 00050000 00:293f 9223372037534123735      /nix/store/y056fs7d6j488j49bwjcl7bwrqg3ia1v-gnome-vfs-2.24.4/lib/libgnomevfs-2.so.0.2400.4
7f8de27cd000-7f8de27d1000 r--p 00068000 00:293f 9223372037534123735      /nix/store/y056fs7d6j488j49bwjcl7bwrqg3ia1v-gnome-vfs-2.24.4/lib/libgnomevfs-2.so.0.2400.4
7f8de27d1000-7f8de27d2000 rw-p 0006c000 00:293f 9223372037534123735      /nix/store/y056fs7d6j488j49bwjcl7bwrqg3ia1v-gnome-vfs-2.24.4/lib/libgnomevfs-2.so.0.2400.4
7f8de27d2000-7f8de27d3000 rw-p 00000000 00:00 0 
7f8de27d3000-7f8de2813000 r--p 00000000 00:293f 9223372037533612376      /nix/store/2k366jrbsra97gjfxwvrhvixjfxdach5-glib-2.74.1/lib/libgio-2.0.so.0.7400.1
7f8de2813000-7f8de2921000 r-xp 00040000 00:293f 9223372037533612376      /nix/store/2k366jrbsra97gjfxwvrhvixjfxdach5-glib-2.74.1/lib/libgio-2.0.so.0.7400.1
7f8de2921000-7f8de29ae000 r--p 0014e000 00:293f 9223372037533612376      /nix/store/2k366jrbsra97gjfxwvrhvixjfxdach5-glib-2.74.1/lib/libgio-2.0.so.0.7400.1
7f8de29ae000-7f8de29b7000 r--p 001da000 00:293f 9223372037533612376      /nix/store/2k366jrbsra97gjfxwvrhvixjfxdach5-glib-2.74.1/lib/libgio-2.0.so.0.7400.1
7f8de29b7000-7f8de29b8000 rw-p 001e3000 00:293f 9223372037533612376      /nix/store/2k366jrbsra97gjfxwvrhvixjfxdach5-glib-2.74.1/lib/libgio-2.0.so.0.7400.1
7f8de29b8000-7f8de29ba000 rw-p 00000000 00:00 0 
7f8de29ba000-7f8de2a28000 r--p 00000000 00:293f 9223372037534002472      /nix/store/jpimcg7iyg5ii67yd400ak0gvn00x3l7-gtk+-2.24.33/lib/libgtk-x11-2.0.so.0.2400.33
7f8de2a28000-7f8de2c9a000 r-xp 0006e000 00:293f 9223372037534002472      /nix/store/jpimcg7iyg5ii67yd400ak0gvn00x3l7-gtk+-2.24.33/lib/libgtk-x11-2.0.so.0.2400.33
7f8de2c9a000-7f8de2e0c000 r--p 002e0000 00:293f 9223372037534002472      /nix/store/jpimcg7iyg5ii67yd400ak0gvn00x3l7-gtk+-2.24.33/lib/libgtk-x11-2.0.so.0.2400.33
7f8de2e0c000-7f8de2e16000 r--p 00452000 00:293f 9223372037534002472      /nix/store/jpimcg7iyg5ii67yd400ak0gvn00x3l7-gtk+-2.24.33/lib/libgtk-x11-2.0.so.0.2400.33
7f8de2e16000-7f8de2e17000 rw-p 0045c000 00:293f 9223372037534002472      /nix/store/jpimcg7iyg5ii67yd400ak0gvn00x3l7-gtk+-2.24.33/lib/libgtk-x11-2.0.so.0.2400.33
7f8de2e17000-7f8de2e19000 rw-p 00000000 00:00 0 
7f8de2e19000-7f8de2e1d000 r--p 00000000 00:293f 9223372037533598831      /nix/store/p4vpay6wkmraar8p626zk2421790vr62-file-5.43/lib/libmagic.so.1.0.0
7f8de2e1d000-7f8de2e39000 r-xp 00004000 00:293f 9223372037533598831      /nix/store/p4vpay6wkmraar8p626zk2421790vr62-file-5.43/lib/libmagic.so.1.0.0
7f8de2e39000-7f8de2e42000 r--p 00020000 00:293f 9223372037533598831      /nix/store/p4vpay6wkmraar8p626zk2421790vr62-file-5.43/lib/libmagic.so.1.0.0
7f8de2e42000-7f8de2e44000 r--p 00028000 00:293f 9223372037533598831      /nix/store/p4vpay6wkmraar8p626zk2421790vr62-file-5.43/lib/libmagic.so.1.0.0
7f8de2e44000-7f8de2e45000 rw-p 0002a000 00:293f 9223372037533598831      /nix/store/p4vpay6wkmraar8p626zk2421790vr62-file-5.43/lib/libmagic.so.1.0.0
7f8de2e45000-7f8de2e47000 r--p 00000000 00:293f 9223372037533491072      /nix/store/dn40mwzzfpikw1d5n01fmj5cl0b33yl5-libXrandr-1.5.2/lib/libXrandr.so.2.2.0
7f8de2e47000-7f8de2e4e000 r-xp 00002000 00:293f 9223372037533491072      /nix/store/dn40mwzzfpikw1d5n01fmj5cl0b33yl5-libXrandr-1.5.2/lib/libXrandr.so.2.2.0
7f8de2e4e000-7f8de2e50000 r--p 00009000 00:293f 9223372037533491072      /nix/store/dn40mwzzfpikw1d5n01fmj5cl0b33yl5-libXrandr-1.5.2/lib/libXrandr.so.2.2.0
7f8de2e50000-7f8de2e51000 r--p 0000a000 00:293f 9223372037533491072      /nix/store/dn40mwzzfpikw1d5n01fmj5cl0b33yl5-libXrandr-1.5.2/lib/libXrandr.so.2.2.0
7f8de2e51000-7f8de2e52000 rw-p 0000b000 00:293f 9223372037533491072      /nix/store/dn40mwzzfpikw1d5n01fmj5cl0b33yl5-libXrandr-1.5.2/lib/libXrandr.so.2.2.0
7f8de2e52000-7f8de2e53000 r--p 00000000 00:293f 9223372037533478551      /nix/store/nylgj86p4v01rlm50f71537ashgbhhsg-libXinerama-1.1.4/lib/libXinerama.so.1.0.0
7f8de2e53000-7f8de2e54000 r-xp 00001000 00:293f 9223372037533478551      /nix/store/nylgj86p4v01rlm50f71537ashgbhhsg-libXinerama-1.1.4/lib/libXinerama.so.1.0.0
7f8de2e54000-7f8de2e55000 r--p 00002000 00:293f 9223372037533478551      /nix/store/nylgj86p4v01rlm50f71537ashgbhhsg-libXinerama-1.1.4/lib/libXinerama.so.1.0.0
7f8de2e55000-7f8de2e56000 r--p 00002000 00:293f 9223372037533478551      /nix/store/nylgj86p4v01rlm50f71537ashgbhhsg-libXinerama-1.1.4/lib/libXinerama.so.1.0.0
7f8de2e56000-7f8de2e57000 rw-p 00003000 00:293f 9223372037533478551      /nix/store/nylgj86p4v01rlm50f71537ashgbhhsg-libXinerama-1.1.4/lib/libXinerama.so.1.0.0
7f8de2e57000-7f8de2e59000 rw-p 00000000 00:00 0 
7f8de2e59000-7f8de2e79000 r--p 00000000 00:293f 9223372037533991043      /nix/store/a4pff549sk2idnkpzk5nsfps3mdkdnvm-cups-2.4.2-lib/lib/libcups.so.2
7f8de2e79000-7f8de2ebd000 r-xp 00020000 00:293f 9223372037533991043      /nix/store/a4pff549sk2idnkpzk5nsfps3mdkdnvm-cups-2.4.2-lib/lib/libcups.so.2
7f8de2ebd000-7f8de2ed9000 r--p 00064000 00:293f 9223372037533991043      /nix/store/a4pff549sk2idnkpzk5nsfps3mdkdnvm-cups-2.4.2-lib/lib/libcups.so.2
7f8de2ed9000-7f8de2ee3000 r--p 0007f000 00:293f 9223372037533991043      /nix/store/a4pff549sk2idnkpzk5nsfps3mdkdnvm-cups-2.4.2-lib/lib/libcups.so.2
7f8de2ee3000-7f8de2ee4000 rw-p 00089000 00:293f 9223372037533991043      /nix/store/a4pff549sk2idnkpzk5nsfps3mdkdnvm-cups-2.4.2-lib/lib/libcups.so.2
7f8de2ee4000-7f8de2eec000 r--p 00000000 00:293f 9223372037533614205      /nix/store/4llf22n9mbnk5i20zkwa1j6zx5c1gz8h-fontconfig-2.14.0-lib/lib/libfontconfig.so.1.12.0
7f8de2eec000-7f8de2f14000 r-xp 00008000 00:293f 9223372037533614205      /nix/store/4llf22n9mbnk5i20zkwa1j6zx5c1gz8h-fontconfig-2.14.0-lib/lib/libfontconfig.so.1.12.0
7f8de2f14000-7f8de2f2d000 r--p 00030000 00:293f 9223372037533614205      /nix/store/4llf22n9mbnk5i20zkwa1j6zx5c1gz8h-fontconfig-2.14.0-lib/lib/libfontconfig.so.1.12.0
7f8de2f2d000-7f8de2f2f000 r--p 00048000 00:293f 9223372037533614205      /nix/store/4llf22n9mbnk5i20zkwa1j6zx5c1gz8h-fontconfig-2.14.0-lib/lib/libfontconfig.so.1.12.0
7f8de2f2f000-7f8de2f30000 rw-p 0004a000 00:293f 9223372037533614205      /nix/store/4llf22n9mbnk5i20zkwa1j6zx5c1gz8h-fontconfig-2.14.0-lib/lib/libfontconfig.so.1.12.0
7f8de2f30000-7f8de2f58000 r--p 00000000 00:293f 9223372037455367822      /nix/store/4nlgxhb09sdr51nc9hdm8az5b08vzkgx-glibc-2.35-163/lib/libc.so.6
7f8de2f58000-7f8de30ce000 r-xp 00028000 00:293f 9223372037455367822      /nix/store/4nlgxhb09sdr51nc9hdm8az5b08vzkgx-glibc-2.35-163/lib/libc.so.6
7f8de30ce000-7f8de3126000 r--p 0019e000 00:293f 9223372037455367822      /nix/store/4nlgxhb09sdr51nc9hdm8az5b08vzkgx-glibc-2.35-163/lib/libc.so.6
7f8de3126000-7f8de312a000 r--p 001f6000 00:293f 9223372037455367822      /nix/store/4nlgxhb09sdr51nc9hdm8az5b08vzkgx-glibc-2.35-163/lib/libc.so.6
7f8de312a000-7f8de312c000 rw-p 001fa000 00:293f 9223372037455367822      /nix/store/4nlgxhb09sdr51nc9hdm8az5b08vzkgx-glibc-2.35-163/lib/libc.so.6
7f8de312c000-7f8de3139000 rw-p 00000000 00:00 0 
7f8de3139000-7f8de313a000 r--p 00000000 00:293f 9223372037455367827      /nix/store/4nlgxhb09sdr51nc9hdm8az5b08vzkgx-glibc-2.35-163/lib/libdl.so.2
7f8de313a000-7f8de313b000 r-xp 00001000 00:293f 9223372037455367827      /nix/store/4nlgxhb09sdr51nc9hdm8az5b08vzkgx-glibc-2.35-163/lib/libdl.so.2
7f8de313b000-7f8de313c000 r--p 00002000 00:293f 9223372037455367827      /nix/store/4nlgxhb09sdr51nc9hdm8az5b08vzkgx-glibc-2.35-163/lib/libdl.so.2
7f8de313c000-7f8de313d000 r--p 00002000 00:293f 9223372037455367827      /nix/store/4nlgxhb09sdr51nc9hdm8az5b08vzkgx-glibc-2.35-163/lib/libdl.so.2
7f8de313d000-7f8de313e000 rw-p 00003000 00:293f 9223372037455367827      /nix/store/4nlgxhb09sdr51nc9hdm8az5b08vzkgx-glibc-2.35-163/lib/libdl.so.2
7f8de313e000-7f8de3141000 r--p 00000000 00:293f 9223372037534124090      /nix/store/arja5b2nhs4z9ajrcx4wiipjywcw1ip6-openjdk-8u322-ga-jre/lib/openjdk/jre/lib/amd64/jli/libjli.so
7f8de3141000-7f8de314a000 r-xp 00003000 00:293f 9223372037534124090      /nix/store/arja5b2nhs4z9ajrcx4wiipjywcw1ip6-openjdk-8u322-ga-jre/lib/openjdk/jre/lib/amd64/jli/libjli.so
7f8de314a000-7f8de314d000 r--p 0000c000 00:293f 9223372037534124090      /nix/store/arja5b2nhs4z9ajrcx4wiipjywcw1ip6-openjdk-8u322-ga-jre/lib/openjdk/jre/lib/amd64/jli/libjli.so
7f8de314d000-7f8de314e000 r--p 0000e000 00:293f 9223372037534124090      /nix/store/arja5b2nhs4z9ajrcx4wiipjywcw1ip6-openjdk-8u322-ga-jre/lib/openjdk/jre/lib/amd64/jli/libjli.so
7f8de314e000-7f8de314f000 rw-p 0000f000 00:293f 9223372037534124090      /nix/store/arja5b2nhs4z9ajrcx4wiipjywcw1ip6-openjdk-8u322-ga-jre/lib/openjdk/jre/lib/amd64/jli/libjli.so
7f8de314f000-7f8de3151000 rw-p 00012000 00:293f 9223372037534124090      /nix/store/arja5b2nhs4z9ajrcx4wiipjywcw1ip6-openjdk-8u322-ga-jre/lib/openjdk/jre/lib/amd64/jli/libjli.so
7f8de3151000-7f8de3153000 rw-p 00014000 00:293f 9223372037534124090      /nix/store/arja5b2nhs4z9ajrcx4wiipjywcw1ip6-openjdk-8u322-ga-jre/lib/openjdk/jre/lib/amd64/jli/libjli.so
7f8de3153000-7f8de3155000 rw-p 00000000 00:00 0 
7f8de3155000-7f8de3158000 r--p 00000000 00:293f 9223372037533597975      /nix/store/026hln0aq1hyshaxsdvhg0kmcm6yf45r-zlib-1.2.13/lib/libz.so.1.2.13
7f8de3158000-7f8de316a000 r-xp 00003000 00:293f 9223372037533597975      /nix/store/026hln0aq1hyshaxsdvhg0kmcm6yf45r-zlib-1.2.13/lib/libz.so.1.2.13
7f8de316a000-7f8de3171000 r--p 00015000 00:293f 9223372037533597975      /nix/store/026hln0aq1hyshaxsdvhg0kmcm6yf45r-zlib-1.2.13/lib/libz.so.1.2.13
7f8de3171000-7f8de3172000 r--p 0001b000 00:293f 9223372037533597975      /nix/store/026hln0aq1hyshaxsdvhg0kmcm6yf45r-zlib-1.2.13/lib/libz.so.1.2.13
7f8de3172000-7f8de3173000 rw-p 0001c000 00:293f 9223372037533597975      /nix/store/026hln0aq1hyshaxsdvhg0kmcm6yf45r-zlib-1.2.13/lib/libz.so.1.2.13
7f8de3173000-7f8de3174000 r--p 00000000 00:293f 9223372037455367846      /nix/store/4nlgxhb09sdr51nc9hdm8az5b08vzkgx-glibc-2.35-163/lib/libpthread.so.0
7f8de3174000-7f8de3175000 r-xp 00001000 00:293f 9223372037455367846      /nix/store/4nlgxhb09sdr51nc9hdm8az5b08vzkgx-glibc-2.35-163/lib/libpthread.so.0
7f8de3175000-7f8de3176000 r--p 00002000 00:293f 9223372037455367846      /nix/store/4nlgxhb09sdr51nc9hdm8az5b08vzkgx-glibc-2.35-163/lib/libpthread.so.0
7f8de3176000-7f8de3177000 r--p 00002000 00:293f 9223372037455367846      /nix/store/4nlgxhb09sdr51nc9hdm8az5b08vzkgx-glibc-2.35-163/lib/libpthread.so.0
7f8de3177000-7f8de3178000 rw-p 00003000 00:293f 9223372037455367846      /nix/store/4nlgxhb09sdr51nc9hdm8az5b08vzkgx-glibc-2.35-163/lib/libpthread.so.0
7f8de3178000-7f8de317a000 rw-p 00000000 00:00 0 
7f8de317a000-7f8de317c000 r--p 00000000 00:293f 9223372037455367816      /nix/store/4nlgxhb09sdr51nc9hdm8az5b08vzkgx-glibc-2.35-163/lib/ld-linux-x86-64.so.2
7f8de317c000-7f8de31a3000 r-xp 00002000 00:293f 9223372037455367816      /nix/store/4nlgxhb09sdr51nc9hdm8az5b08vzkgx-glibc-2.35-163/lib/ld-linux-x86-64.so.2
7f8de31a3000-7f8de31af000 r--p 00029000 00:293f 9223372037455367816      /nix/store/4nlgxhb09sdr51nc9hdm8az5b08vzkgx-glibc-2.35-163/lib/ld-linux-x86-64.so.2
7f8de31af000-7f8de31b1000 r--p 00034000 00:293f 9223372037455367816      /nix/store/4nlgxhb09sdr51nc9hdm8az5b08vzkgx-glibc-2.35-163/lib/ld-linux-x86-64.so.2
7f8de31b1000-7f8de31b3000 rw-p 00036000 00:293f 9223372037455367816      /nix/store/4nlgxhb09sdr51nc9hdm8az5b08vzkgx-glibc-2.35-163/lib/ld-linux-x86-64.so.2
7ffed4611000-7ffed4636000 rw-p 00000000 00:00 0                          [stack]
7ffed4770000-7ffed4774000 r--p 00000000 00:00 0                          [vvar]
7ffed4774000-7ffed4776000 r-xp 00000000 00:00 0                          [vdso]
ffffffffff600000-ffffffffff601000 --xp 00000000 00:00 0                  [vsyscall]

VM Arguments:
jvm_args: -Xmx128M 
java_command: bungee.jar
java_class_path (initial): bungee.jar
Launcher Type: SUN_STANDARD

Environment Variables:
JAVA_HOME=/nix/store/i4qskvnfw3wbc9pldqnnd3kb9cf9yp16-openjdk-11.0.15+10/lib/openjdk
LD_LIBRARY_PATH=/nix/store/hisqvx32cd57apbpcsnkpx6k3549wql1-libglvnd-1.4.0/lib:/nix/store/p36pgcv991mq5srvg765b78yqpxvk3qs-mesa-21.3.3-drivers/lib:/nix/store/mav4251if1ahjq5vkpwycyyvnmy459c4-pulseaudio-14.2/lib
SHELL=/bin/bash

Signal Handlers:
SIGSEGV: [libjvm.so+0xaf1fb0], sa_mask[0]=11111111011111111101111111111110, sa_flags=SA_RESTART|SA_SIGINFO
SIGBUS: [libjvm.so+0xaf1fb0], sa_mask[0]=11111111011111111101111111111110, sa_flags=SA_RESTART|SA_SIGINFO
SIGFPE: [libjvm.so+0x93d520], sa_mask[0]=11111111011111111101111111111110, sa_flags=SA_RESTART|SA_SIGINFO
SIGPIPE: [libjvm.so+0x93d520], sa_mask[0]=11111111011111111101111111111110, sa_flags=SA_RESTART|SA_SIGINFO
SIGXFSZ: [libjvm.so+0x93d520], sa_mask[0]=11111111011111111101111111111110, sa_flags=SA_RESTART|SA_SIGINFO
SIGILL: [libjvm.so+0x93d520], sa_mask[0]=11111111011111111101111111111110, sa_flags=SA_RESTART|SA_SIGINFO
SIGUSR1: SIG_DFL, sa_mask[0]=00000000000000000000000000000000, sa_flags=none
SIGUSR2: [libjvm.so+0x93d850], sa_mask[0]=00000000000000000000000000000000, sa_flags=SA_RESTART|SA_SIGINFO
SIGHUP: [libjvm.so+0x93d7a0], sa_mask[0]=11111111011111111101111111111110, sa_flags=SA_RESTART|SA_SIGINFO
SIGINT: [libjvm.so+0x93d7a0], sa_mask[0]=11111111011111111101111111111110, sa_flags=SA_RESTART|SA_SIGINFO
SIGTERM: [libjvm.so+0x93d7a0], sa_mask[0]=11111111011111111101111111111110, sa_flags=SA_RESTART|SA_SIGINFO
SIGQUIT: [libjvm.so+0x93d7a0], sa_mask[0]=11111111011111111101111111111110, sa_flags=SA_RESTART|SA_SIGINFO


---------------  S Y S T E M  ---------------

OS:DISTRIB_ID=Ubuntu
DISTRIB_RELEASE=20.04
DISTRIB_CODENAME=focal
DISTRIB_DESCRIPTION="Ubuntu 20.04.2 LTS"

uname:Linux 5.15.0-1027-gcp #34~20.04.1-Ubuntu SMP Mon Jan 9 18:40:09 UTC 2023 x86_64
libc:glibc 2.35 NPTL 2.35 
rlimit: STACK 8192k, CORE infinity, NPROC infinity, NOFILE 5242, AS infinity
load average:81.79 105.42 268.07

/proc/meminfo:
MemTotal:       32872720 kB
MemFree:          561916 kB
MemAvailable:    4074080 kB
Buffers:           14012 kB
Cached:          4919600 kB
SwapCached:            0 kB
Active:          1827196 kB
Inactive:       26550284 kB
Active(anon):     887912 kB
Inactive(anon): 24652252 kB
Active(file):     939284 kB
Inactive(file):  1898032 kB
Unevictable:       42552 kB
Mlocked:           42552 kB
SwapTotal:             0 kB
SwapFree:              0 kB
Dirty:              3420 kB
Writeback:             0 kB
AnonPages:      23486668 kB
Mapped:          3244192 kB
Shmem:           2191000 kB
KReclaimable:    1140684 kB
Slab:            2647672 kB
SReclaimable:    1140684 kB
SUnreclaim:      1506988 kB
KernelStack:      525472 kB
PageTables:       406532 kB
NFS_Unstable:          0 kB
Bounce:                0 kB
WritebackTmp:          0 kB
CommitLimit:    16436360 kB
Committed_AS:   114129248 kB
VmallocTotal:   34359738367 kB
VmallocUsed:      567556 kB
VmallocChunk:          0 kB
Percpu:            33664 kB
HardwareCorrupted:     0 kB
AnonHugePages:     49152 kB
ShmemHugePages:        0 kB
ShmemPmdMapped:        0 kB
FileHugePages:         0 kB
FilePmdMapped:         0 kB
HugePages_Total:       0
HugePages_Free:        0
HugePages_Rsvd:        0
HugePages_Surp:        0
Hugepagesize:       2048 kB
Hugetlb:               0 kB
DirectMap4k:     4021056 kB
DirectMap2M:    26384384 kB
DirectMap1G:     5242880 kB

container (cgroup) information:
container_type: cgroupv1
cpu_cpuset_cpus: 1-3
cpu_memory_nodes: 0
active_processor_count: 1
cpu_quota: 30000
cpu_period: 100000
cpu_shares: 307
memory_limit_in_bytes: 1073741824
memory_and_swap_limit_in_bytes: 1073741824
memory_soft_limit_in_bytes: 536870912
memory_usage_in_bytes: 212996096
memory_max_usage_in_bytes: 846274560


CPU:total 4 (initial active 1) (4 cores per cpu, 1 threads per core) family 23 model 49 stepping 0, cmov, cx8, fxsr, mmx, sse, sse2, sse3, ssse3, sse4.1, sse4.2, popcnt, avx, avx2, aes, clmul, mmxext, 3dnowpref, lzcnt, sse4a, tsc, tscinvbit, tscinv, bmi1

/proc/cpuinfo:
processor	: 0
vendor_id	: AuthenticAMD
cpu family	: 23
model		: 49
model name	: AMD EPYC 7B12
stepping	: 0
microcode	: 0xffffffff
cpu MHz		: 2250.000
cache size	: 512 KB
physical id	: 0
siblings	: 4
core id		: 0
cpu cores	: 2
apicid		: 0
initial apicid	: 0
fpu		: yes
fpu_exception	: yes
cpuid level	: 13
wp		: yes
flags		: fpu vme de pse tsc msr pae mce cx8 apic sep mtrr pge mca cmov pat pse36 clflush mmx fxsr sse sse2 ht syscall nx mmxext fxsr_opt pdpe1gb rdtscp lm constant_tsc rep_good nopl nonstop_tsc cpuid extd_apicid tsc_known_freq pni pclmulqdq ssse3 fma cx16 sse4_1 sse4_2 movbe popcnt aes xsave avx f16c rdrand hypervisor lahf_lm cmp_legacy cr8_legacy abm sse4a misalignsse 3dnowprefetch osvw topoext ssbd ibrs ibpb stibp vmmcall fsgsbase tsc_adjust bmi1 avx2 smep bmi2 rdseed adx smap clflushopt clwb sha_ni xsaveopt xsavec xgetbv1 clzero xsaveerptr arat npt nrip_save umip rdpid
bugs		: sysret_ss_attrs null_seg spectre_v1 spectre_v2 spec_store_bypass retbleed
bogomips	: 4500.00
TLB size	: 3072 4K pages
clflush size	: 64
cache_alignment	: 64
address sizes	: 48 bits physical, 48 bits virtual
power management:

processor	: 1
vendor_id	: AuthenticAMD
cpu family	: 23
model		: 49
model name	: AMD EPYC 7B12
stepping	: 0
microcode	: 0xffffffff
cpu MHz		: 2250.000
cache size	: 512 KB
physical id	: 0
siblings	: 4
core id		: 1
cpu cores	: 2
apicid		: 2
initial apicid	: 2
fpu		: yes
fpu_exception	: yes
cpuid level	: 13
wp		: yes
flags		: fpu vme de pse tsc msr pae mce cx8 apic sep mtrr pge mca cmov pat pse36 clflush mmx fxsr sse sse2 ht syscall nx mmxext fxsr_opt pdpe1gb rdtscp lm constant_tsc rep_good nopl nonstop_tsc cpuid extd_apicid tsc_known_freq pni pclmulqdq ssse3 fma cx16 sse4_1 sse4_2 movbe popcnt aes xsave avx f16c rdrand hypervisor lahf_lm cmp_legacy cr8_legacy abm sse4a misalignsse 3dnowprefetch osvw topoext ssbd ibrs ibpb stibp vmmcall fsgsbase tsc_adjust bmi1 avx2 smep bmi2 rdseed adx smap clflushopt clwb sha_ni xsaveopt xsavec xgetbv1 clzero xsaveerptr arat npt nrip_save umip rdpid
bugs		: sysret_ss_attrs null_seg spectre_v1 spectre_v2 spec_store_bypass retbleed
bogomips	: 4500.00
TLB size	: 3072 4K pages
clflush size	: 64
cache_alignment	: 64
address sizes	: 48 bits physical, 48 bits virtual
power management:

processor	: 2
vendor_id	: AuthenticAMD
cpu family	: 23
model		: 49
model name	: AMD EPYC 7B12
stepping	: 0
microcode	: 0xffffffff
cpu MHz		: 2250.000
cache size	: 512 KB
physical id	: 0
siblings	: 4
core id		: 0
cpu cores	: 2
apicid		: 1
initial apicid	: 1
fpu		: yes
fpu_exception	: yes
cpuid level	: 13
wp		: yes
flags		: fpu vme de pse tsc msr pae mce cx8 apic sep mtrr pge mca cmov pat pse36 clflush mmx fxsr sse sse2 ht syscall nx mmxext fxsr_opt pdpe1gb rdtscp lm constant_tsc rep_good nopl nonstop_tsc cpuid extd_apicid tsc_known_freq pni pclmulqdq ssse3 fma cx16 sse4_1 sse4_2 movbe popcnt aes xsave avx f16c rdrand hypervisor lahf_lm cmp_legacy cr8_legacy abm sse4a misalignsse 3dnowprefetch osvw topoext ssbd ibrs ibpb stibp vmmcall fsgsbase tsc_adjust bmi1 avx2 smep bmi2 rdseed adx smap clflushopt clwb sha_ni xsaveopt xsavec xgetbv1 clzero xsaveerptr arat npt nrip_save umip rdpid
bugs		: sysret_ss_attrs null_seg spectre_v1 spectre_v2 spec_store_bypass retbleed
bogomips	: 4500.00
TLB size	: 3072 4K pages
clflush size	: 64
cache_alignment	: 64
address sizes	: 48 bits physical, 48 bits virtual
power management:

processor	: 3
vendor_id	: AuthenticAMD
cpu family	: 23
model		: 49
model name	: AMD EPYC 7B12
stepping	: 0
microcode	: 0xffffffff
cpu MHz		: 2250.000
cache size	: 512 KB
physical id	: 0
siblings	: 4
core id		: 1
cpu cores	: 2
apicid		: 3
initial apicid	: 3
fpu		: yes
fpu_exception	: yes
cpuid level	: 13
wp		: yes
flags		: fpu vme de pse tsc msr pae mce cx8 apic sep mtrr pge mca cmov pat pse36 clflush mmx fxsr sse sse2 ht syscall nx mmxext fxsr_opt pdpe1gb rdtscp lm constant_tsc rep_good nopl nonstop_tsc cpuid extd_apicid tsc_known_freq pni pclmulqdq ssse3 fma cx16 sse4_1 sse4_2 movbe popcnt aes xsave avx f16c rdrand hypervisor lahf_lm cmp_legacy cr8_legacy abm sse4a misalignsse 3dnowprefetch osvw topoext ssbd ibrs ibpb stibp vmmcall fsgsbase tsc_adjust bmi1 avx2 smep bmi2 rdseed adx smap clflushopt clwb sha_ni xsaveopt xsavec xgetbv1 clzero xsaveerptr arat npt nrip_save umip rdpid
bugs		: sysret_ss_attrs null_seg spectre_v1 spectre_v2 spec_store_bypass retbleed
bogomips	: 4500.00
TLB size	: 3072 4K pages
clflush size	: 64
cache_alignment	: 64
address sizes	: 48 bits physical, 48 bits virtual
power management:



Memory: 4k page, physical 1048576k(841172k free), swap 0k(0k free)

vm_info: OpenJDK 64-Bit Server VM (25.322-bga) for linux-amd64 JRE (1.8.0_322-ga), built on Jan  1 1980 00:00:00 by "nixbld" with gcc 11.3.0

time: Wed Jan 25 11:48:37 2023
timezone: UTC
elapsed time: 24.471523 seconds (0d 0h 0m 24s)

