#
# A fatal error has been detected by the Java Runtime Environment:
#
#  SIGSEGV (0xb) at pc=0x00007f93cd14d214, pid=2411, tid=0x00007f93e04a0640
#
# JRE version: OpenJDK Runtime Environment (8.0_322) (build 1.8.0_322-ga)
# Java VM: OpenJDK 64-Bit Server VM (25.322-bga mixed mode linux-amd64 compressed oops)
# Problematic frame:
# J 112 C1 java.util.concurrent.ConcurrentHashMap.addCount(JI)V (292 bytes) @ 0x00007f93cd14d214 [0x00007f93cd14c920+0x8f4]
#
# Core dump written. Default location: /home/runner/eaglercraftx/bungee/core or core.2411
#
# If you would like to submit a bug report, please visit:
#   http://bugreport.java.com/bugreport/crash.jsp
#

---------------  T H R E A D  ---------------

Current thread (0x00007f93dc00a800):  JavaThread "main" [_thread_in_Java, id=2417, stack(0x00007f93e03a1000,0x00007f93e04a1000)]

siginfo: si_signo: 11 (SIGSEGV), si_code: 0 (SI_USER)

Registers:
RAX=0x00000000000002b8, RBX=0x00007f93cc7ae7f8, RCX=0x0000000000000001, RDX=0x000000000000005a
RSP=0x00007f93e049e0d8, RBP=0x00007f93e049e3b8, RSI=0x00000000f8051bf8, RDI=0x00000000000000c0
R8 =0x0000000000000093, R9 =0x000000000000005a, R10=0x00000000f828f050, R11=0x00000000f828efc0
R12=0x0000000000000000, R13=0x0000000057fd62c7, R14=0x00000000f828f040, R15=0x00007f93dc00a800
RIP=0x00007f93cd14d214, EFLAGS=0x0000000000010202, CSGSFS=0x002b000000000033, ERR=0x0000000000000004
  TRAPNO=0x000000000000000e

Top of Stack: (sp=0x00007f93e049e0d8)
0x00007f93e049e0d8:   00007f93cd161644 00007f93cc466748
0x00007f93e049e0e8:   0000000000000100 00007f93e049e108
0x00007f93e049e0f8:   00007f93e049e0a8 00007f93e049e0e9
0x00007f93e049e108:   0000000800000001 00007f93cd012a00
0x00007f93e049e118:   00007f93dc00a800 00007f93cd005310
0x00007f93e049e128:   00007f9300000000 00007f93e049e1c8
0x00007f93e049e138:   00007f93e049e188 0000000000000000
0x00007f93e049e148:   00000000000000bf 0000000000000000
0x00007f93e049e158:   00007f93cc4ca31c 00007f93e049e1f0
0x00007f93e049e168:   00000000f8051bf8 00000000f828efc0
0x00007f93e049e178:   00000000f828f040 0000000000000001
0x00007f93e049e188:   0000000157fd62c7 00007f93cd15d384
0x00007f93e049e198:   00000000f828cfa0 00000000f81e1690
0x00007f93e049e1a8:   00000001000000c7 00007f93cc454168
0x00007f93e049e1b8:   00007f93e0276b00 00007f93e049e1f0
0x00007f93e049e1c8:   00000000f828cfa0 0000000100002368
0x00007f93e049e1d8:   0000000100002368 00007f93e049e3b8
0x00007f93e049e1e8:   00007f93cd15b414 00007f93e049e240
0x00007f93e049e1f8:   00007f93e0edb79c 00007f93dc00a800
0x00007f93e049e208:   0000000100000000 00007f93e049e350
0x00007f93e049e218:   0000000000000000 0000000100002368
0x00007f93e049e228:   00007f93e049e550 00007f93e0276b00
0x00007f93e049e238:   00007f93e0278900 00007f93e049e3b0
0x00007f93e049e248:   00007f93e0ee06e2 00007f93dc00a800
0x00007f93e049e258:   00007f93cd01833b 00007f93dc00be80
0x00007f93e049e268:   00007f93cd007ffd 00000000f8285040
0x00007f93e049e278:   00007f93e049e278 0000000000000000
0x00007f93e049e288:   0000000000000000 00000000f828f040
0x00007f93e049e298:   00000000f8051a50 00000000f828efc0
0x00007f93e049e2a8:   0000000000000000 00007f93e049e2d8
0x00007f93e049e2b8:   00007f93e049e328 00007f93cd007d80
0x00007f93e049e2c8:   00000000f828ce08 00007f93cd011a5b 

Instructions: (pc=0x00007f93cd14d214)
0x00007f93cd14d1f4:   4c 8b c0 e9 0c fb ff ff 48 ba f8 e7 7a cc 93 7f
0x00007f93cd14d204:   00 00 ff 82 e8 03 00 00 48 81 c4 c0 00 00 00 5d
0x00007f93cd14d214:   85 05 e6 5e 20 13 c3 48 81 c4 c0 00 00 00 5d 85
0x00007f93cd14d224:   05 d7 5e 20 13 c3 48 8b ce 48 bb f8 e7 7a cc 93 

Register to memory mapping:

RAX=0x00000000000002b8 is an unknown value
RBX=0x00007f93cc7ae7f8 is pointing into metadata
RCX=0x0000000000000001 is an unknown value
RDX=0x000000000000005a is an unknown value
RSP=0x00007f93e049e0d8 is pointing into the stack for thread: 0x00007f93dc00a800
RBP=0x00007f93e049e3b8 is pointing into the stack for thread: 0x00007f93dc00a800
RSI=0x00000000f8051bf8 is an oop
java.util.concurrent.ConcurrentHashMap 
 - klass: 'java/util/concurrent/ConcurrentHashMap'
RDI=0x00000000000000c0 is an unknown value
R8 =0x0000000000000093 is an unknown value
R9 =0x000000000000005a is an unknown value
R10=
[error occurred during error reporting (printing register info), id 0xb]

Stack: [0x00007f93e03a1000,0x00007f93e04a1000],  sp=0x00007f93e049e0d8,  free space=1012k
Native frames: (J=compiled Java code, j=interpreted, Vv=VM code, C=native code)
J 112 C1 java.util.concurrent.ConcurrentHashMap.addCount(JI)V (292 bytes) @ 0x00007f93cd14d214 [0x00007f93cd14c920+0x8f4]
C  0x00000000f81e1690


---------------  P R O C E S S  ---------------

Java Threads: ( => current thread )
  0x00007f93dc1e4000 JavaThread "Reconnect Saver" [_thread_blocked, id=2435, stack(0x00007f93c75c0000,0x00007f93c76c0000)]
  0x00007f93dc0e2800 JavaThread "Service Thread" daemon [_thread_blocked, id=2433, stack(0x00007f93c7918000,0x00007f93c7a18000)]
  0x00007f93dc0dd800 JavaThread "C1 CompilerThread1" daemon [_thread_blocked, id=2432, stack(0x00007f93c7a19000,0x00007f93c7b19000)]
  0x00007f93dc0db000 JavaThread "C2 CompilerThread0" daemon [_thread_blocked, id=2431, stack(0x00007f93c7b1a000,0x00007f93c7c1a000)]
  0x00007f93dc0d6000 JavaThread "Signal Dispatcher" daemon [_thread_blocked, id=2430, stack(0x00007f93c7c1a000,0x00007f93c7d1a000)]
  0x00007f93dc0a5800 JavaThread "Finalizer" daemon [_thread_blocked, id=2424, stack(0x00007f93cc0f1000,0x00007f93cc1f1000)]
  0x00007f93dc0a1000 JavaThread "Reference Handler" daemon [_thread_blocked, id=2422, stack(0x00007f93cc1f1000,0x00007f93cc2f1000)]
=>0x00007f93dc00a800 JavaThread "main" [_thread_in_Java, id=2417, stack(0x00007f93e03a1000,0x00007f93e04a1000)]

Other Threads:
  0x00007f93dc097000 VMThread [stack: 0x00007f93cc2f2000,0x00007f93cc3f2000] [id=2420]
  0x00007f93dc0e6000 WatcherThread [stack: 0x00007f93c7818000,0x00007f93c7918000] [id=2434]

VM state:synchronizing (normal execution)

VM Mutex/Monitor currently owned by a thread:  ([mutex/lock_event])
[0x00007f93dc008f50] Safepoint_lock - owner thread: 0x00007f93dc097000
[0x00007f93dc008fd0] Threads_lock - owner thread: 0x00007f93dc097000

heap address: 0x00000000f8000000, size: 128 MB, Compressed Oops mode: 32-bit
Narrow klass base: 0x0000000000000000, Narrow klass shift: 3
Compressed class space size: 1073741824 Address: 0x0000000100000000

Heap:
 def new generation   total 4928K, used 2667K [0x00000000f8000000, 0x00000000f8550000, 0x00000000faaa0000)
  eden space 4416K,  60% used [0x00000000f8000000, 0x00000000f829ade0, 0x00000000f8450000)
  from space 512K,   0% used [0x00000000f8450000, 0x00000000f8450000, 0x00000000f84d0000)
  to   space 512K,   0% used [0x00000000f84d0000, 0x00000000f84d0000, 0x00000000f8550000)
 tenured generation   total 10944K, used 0K [0x00000000faaa0000, 0x00000000fb550000, 0x0000000100000000)
   the space 10944K,   0% used [0x00000000faaa0000, 0x00000000faaa0000, 0x00000000faaa0200, 0x00000000fb550000)
 Metaspace       used 4648K, capacity 4992K, committed 5248K, reserved 1056768K
  class space    used 512K, capacity 560K, committed 640K, reserved 1048576K

Card table byte_map: [0x00007f93e02fa000,0x00007f93e033b000] byte_map_base: 0x00007f93dfb3a000

Polling page: 0x00007f93e0353000

CodeCache: size=245760Kb used=1425Kb max_used=1425Kb free=244334Kb
 bounds [0x00007f93cd000000, 0x00007f93cd270000, 0x00007f93dc000000]
 total_blobs=439 nmethods=155 adapters=199
 compilation: enabled

Compilation events (10 events):
Event: 15.092 Thread 0x00007f93dc0dd800  153       3       java.lang.String::concat (47 bytes)
Event: 15.099 Thread 0x00007f93dc0dd800 nmethod 153 0x00007f93cd162b10 code [0x00007f93cd162ce0, 0x00007f93cd163478]
Event: 15.247 Thread 0x00007f93dc0dd800  155       3       java.lang.String::toCharArray (25 bytes)
Event: 15.251 Thread 0x00007f93dc0dd800 nmethod 155 0x00007f93cd163810 code [0x00007f93cd163980, 0x00007f93cd163c08]
Event: 15.251 Thread 0x00007f93dc0dd800  154       3       java.nio.charset.CharsetEncoder::maxBytesPerChar (5 bytes)
Event: 15.251 Thread 0x00007f93dc0dd800 nmethod 154 0x00007f93cd163cd0 code [0x00007f93cd163e20, 0x00007f93cd163f70]
Event: 15.382 Thread 0x00007f93dc0dd800  156       3       java.util.WeakHashMap::maskNull (12 bytes)
Event: 15.387 Thread 0x00007f93dc0dd800 nmethod 156 0x00007f93cd163fd0 code [0x00007f93cd164140, 0x00007f93cd1642d0]
Event: 15.387 Thread 0x00007f93dc0dd800  157       3       java.util.WeakHashMap::hash (28 bytes)
Event: 15.393 Thread 0x00007f93dc0dd800 nmethod 157 0x00007f93cd164350 code [0x00007f93cd1644c0, 0x00007f93cd164708]

GC Heap History (0 events):
No events

Deoptimization events (0 events):
No events

Classes redefined (0 events):
No events

Internal exceptions (7 events):
Event: 2.118 Thread 0x00007f93dc00a800 Exception <a 'java/lang/NoSuchMethodError': Method sun.misc.Unsafe.defineClass(Ljava/lang/String;[BII)Ljava/lang/Class; name or signature does not match> (0x00000000f8007cc0) thrown at [/build/source/hotspot/src/share/vm/prims/jni.cpp, line 4014]
Event: 2.118 Thread 0x00007f93dc00a800 Exception <a 'java/lang/NoSuchMethodError': Method sun.misc.Unsafe.prefetchRead(Ljava/lang/Object;J)V name or signature does not match> (0x00000000f8007fa8) thrown at [/build/source/hotspot/src/share/vm/prims/jni.cpp, line 4014]
Event: 9.554 Thread 0x00007f93dc00a800 Exception <a 'java/security/PrivilegedActionException'> (0x00000000f81a4e20) thrown at [/build/source/hotspot/src/share/vm/prims/jvm.cpp, line 1522]
Event: 9.554 Thread 0x00007f93dc00a800 Exception <a 'java/security/PrivilegedActionException'> (0x00000000f81a5218) thrown at [/build/source/hotspot/src/share/vm/prims/jvm.cpp, line 1522]
Event: 9.554 Thread 0x00007f93dc00a800 Exception <a 'java/security/PrivilegedActionException'> (0x00000000f81a8dd0) thrown at [/build/source/hotspot/src/share/vm/prims/jvm.cpp, line 1522]
Event: 9.555 Thread 0x00007f93dc00a800 Exception <a 'java/security/PrivilegedActionException'> (0x00000000f81a91c8) thrown at [/build/source/hotspot/src/share/vm/prims/jvm.cpp, line 1522]
Event: 15.403 Thread 0x00007f93dc00a800 Implicit null exception at 0x00007f93cd14d214 to 0x0000000000000000

Events (10 events):
Event: 15.237 loading class java/util/concurrent/locks/ReentrantLock$Sync done
Event: 15.237 loading class java/util/concurrent/locks/ReentrantLock$NonfairSync done
Event: 15.237 loading class net/md_5/bungee/conf/YamlConfig
Event: 15.237 loading class net/md_5/bungee/conf/YamlConfig done
Event: 15.247 loading class org/yaml/snakeyaml/error/YAMLException
Event: 15.247 loading class org/yaml/snakeyaml/error/YAMLException done
Event: 15.257 loading class org/yaml/snakeyaml/DumperOptions
Event: 15.257 loading class org/yaml/snakeyaml/DumperOptions done
Event: 15.379 loading class org/yaml/snakeyaml/serializer/AnchorGenerator
Event: 15.379 loading class org/yaml/snakeyaml/serializer/AnchorGenerator done


Dynamic libraries:
f8000000-f8550000 rw-p 00000000 00:00 0 
f8550000-faaa0000 ---p 00000000 00:00 0 
faaa0000-fb550000 rw-p 00000000 00:00 0 
fb550000-100000000 ---p 00000000 00:00 0 
100000000-1000a0000 rw-p 00000000 00:00 0 
1000a0000-140000000 ---p 00000000 00:00 0 
55c8d06de000-55c8d06df000 r--p 00000000 00:293f 9223372037534124076      /nix/store/arja5b2nhs4z9ajrcx4wiipjywcw1ip6-openjdk-8u322-ga-jre/lib/openjdk/jre/bin/java
55c8d06df000-55c8d06e0000 r-xp 00001000 00:293f 9223372037534124076      /nix/store/arja5b2nhs4z9ajrcx4wiipjywcw1ip6-openjdk-8u322-ga-jre/lib/openjdk/jre/bin/java
55c8d06e0000-55c8d06e1000 r--p 00002000 00:293f 9223372037534124076      /nix/store/arja5b2nhs4z9ajrcx4wiipjywcw1ip6-openjdk-8u322-ga-jre/lib/openjdk/jre/bin/java
55c8d06e1000-55c8d06e2000 r--p 00002000 00:293f 9223372037534124076      /nix/store/arja5b2nhs4z9ajrcx4wiipjywcw1ip6-openjdk-8u322-ga-jre/lib/openjdk/jre/bin/java
55c8d06e2000-55c8d06e3000 rw-p 00003000 00:293f 9223372037534124076      /nix/store/arja5b2nhs4z9ajrcx4wiipjywcw1ip6-openjdk-8u322-ga-jre/lib/openjdk/jre/bin/java
55c8d06e3000-55c8d06e4000 rw-p 00004000 00:293f 9223372037534124076      /nix/store/arja5b2nhs4z9ajrcx4wiipjywcw1ip6-openjdk-8u322-ga-jre/lib/openjdk/jre/bin/java
55c8d1dc1000-55c8d1e24000 rw-p 00000000 00:00 0                          [heap]
7f93a4000000-7f93a4021000 rw-p 00000000 00:00 0 
7f93a4021000-7f93a8000000 ---p 00000000 00:00 0 
7f93a8000000-7f93a8021000 rw-p 00000000 00:00 0 
7f93a8021000-7f93ac000000 ---p 00000000 00:00 0 
7f93ac000000-7f93ac198000 rw-p 00000000 00:00 0 
7f93ac198000-7f93b0000000 ---p 00000000 00:00 0 
7f93b0000000-7f93b0021000 rw-p 00000000 00:00 0 
7f93b0021000-7f93b4000000 ---p 00000000 00:00 0 
7f93b4000000-7f93b4021000 rw-p 00000000 00:00 0 
7f93b4021000-7f93b8000000 ---p 00000000 00:00 0 
7f93b8000000-7f93b8056000 rw-p 00000000 00:00 0 
7f93b8056000-7f93bc000000 ---p 00000000 00:00 0 
7f93bc000000-7f93bc021000 rw-p 00000000 00:00 0 
7f93bc021000-7f93c0000000 ---p 00000000 00:00 0 
7f93c0000000-7f93c0021000 rw-p 00000000 00:00 0 
7f93c0021000-7f93c4000000 ---p 00000000 00:00 0 
7f93c75c0000-7f93c75c3000 ---p 00000000 00:00 0 
7f93c75c3000-7f93c76c0000 rw-p 00000000 00:00 0 
7f93c76c0000-7f93c7817000 r--s 013a1000 00:15a6 357                      /home/runner/eaglercraftx/bungee/bungee.jar
7f93c7817000-7f93c7818000 ---p 00000000 00:00 0 
7f93c7818000-7f93c7918000 rw-p 00000000 00:00 0 
7f93c7918000-7f93c791b000 ---p 00000000 00:00 0 
7f93c791b000-7f93c7a18000 rw-p 00000000 00:00 0 
7f93c7a18000-7f93c7a19000 ---p 00000000 00:00 0 
7f93c7a19000-7f93c7a1c000 ---p 00000000 00:00 0 
7f93c7a1c000-7f93c7b19000 rw-p 00000000 00:00 0 
7f93c7b19000-7f93c7b1a000 ---p 00000000 00:00 0 
7f93c7b1a000-7f93c7b1d000 ---p 00000000 00:00 0 
7f93c7b1d000-7f93c7c1a000 rw-p 00000000 00:00 0 
7f93c7c1a000-7f93c7c1d000 ---p 00000000 00:00 0 
7f93c7c1d000-7f93c7d1a000 rw-p 00000000 00:00 0 
7f93c7d1a000-7f93c8000000 r--p 00000000 00:2930 28444448                 /usr/lib/locale/locale-archive
7f93c8000000-7f93c8021000 rw-p 00000000 00:00 0 
7f93c8021000-7f93cc000000 ---p 00000000 00:00 0 
7f93cc0be000-7f93cc0cf000 r--s 001c5000 00:293f 9223372037534126386      /nix/store/arja5b2nhs4z9ajrcx4wiipjywcw1ip6-openjdk-8u322-ga-jre/lib/openjdk/jre/lib/jsse.jar
7f93cc0cf000-7f93cc0d4000 r--p 00000000 00:293f 9223372037534124407      /nix/store/arja5b2nhs4z9ajrcx4wiipjywcw1ip6-openjdk-8u322-ga-jre/lib/openjdk/jre/lib/amd64/libnet.so
7f93cc0d4000-7f93cc0e5000 r-xp 00005000 00:293f 9223372037534124407      /nix/store/arja5b2nhs4z9ajrcx4wiipjywcw1ip6-openjdk-8u322-ga-jre/lib/openjdk/jre/lib/amd64/libnet.so
7f93cc0e5000-7f93cc0e9000 r--p 00016000 00:293f 9223372037534124407      /nix/store/arja5b2nhs4z9ajrcx4wiipjywcw1ip6-openjdk-8u322-ga-jre/lib/openjdk/jre/lib/amd64/libnet.so
7f93cc0e9000-7f93cc0ea000 r--p 00019000 00:293f 9223372037534124407      /nix/store/arja5b2nhs4z9ajrcx4wiipjywcw1ip6-openjdk-8u322-ga-jre/lib/openjdk/jre/lib/amd64/libnet.so
7f93cc0ea000-7f93cc0eb000 rw-p 0001a000 00:293f 9223372037534124407      /nix/store/arja5b2nhs4z9ajrcx4wiipjywcw1ip6-openjdk-8u322-ga-jre/lib/openjdk/jre/lib/amd64/libnet.so
7f93cc0eb000-7f93cc0ee000 rw-p 00020000 00:293f 9223372037534124407      /nix/store/arja5b2nhs4z9ajrcx4wiipjywcw1ip6-openjdk-8u322-ga-jre/lib/openjdk/jre/lib/amd64/libnet.so
7f93cc0ee000-7f93cc0f1000 rw-p 00023000 00:293f 9223372037534124407      /nix/store/arja5b2nhs4z9ajrcx4wiipjywcw1ip6-openjdk-8u322-ga-jre/lib/openjdk/jre/lib/amd64/libnet.so
7f93cc0f1000-7f93cc0f4000 ---p 00000000 00:00 0 
7f93cc0f4000-7f93cc1f1000 rw-p 00000000 00:00 0 
7f93cc1f1000-7f93cc1f4000 ---p 00000000 00:00 0 
7f93cc1f4000-7f93cc2f1000 rw-p 00000000 00:00 0 
7f93cc2f1000-7f93cc2f2000 ---p 00000000 00:00 0 
7f93cc2f2000-7f93cc8c0000 rw-p 00000000 00:00 0 
7f93cc8c0000-7f93ccc40000 ---p 00000000 00:00 0 
7f93ccc40000-7f93ccc4a000 rw-p 00000000 00:00 0 
7f93ccc4a000-7f93cd000000 ---p 00000000 00:00 0 
7f93cd000000-7f93cd270000 rwxp 00000000 00:00 0 
7f93cd270000-7f93dc000000 ---p 00000000 00:00 0 
7f93dc000000-7f93dc44e000 rw-p 00000000 00:00 0 
7f93dc44e000-7f93e0000000 ---p 00000000 00:00 0 
7f93e000b000-7f93e0012000 r--p 00000000 00:293f 9223372037534124411      /nix/store/arja5b2nhs4z9ajrcx4wiipjywcw1ip6-openjdk-8u322-ga-jre/lib/openjdk/jre/lib/amd64/libnio.so
7f93e0012000-7f93e001a000 r-xp 00007000 00:293f 9223372037534124411      /nix/store/arja5b2nhs4z9ajrcx4wiipjywcw1ip6-openjdk-8u322-ga-jre/lib/openjdk/jre/lib/amd64/libnio.so
7f93e001a000-7f93e001d000 r--p 0000f000 00:293f 9223372037534124411      /nix/store/arja5b2nhs4z9ajrcx4wiipjywcw1ip6-openjdk-8u322-ga-jre/lib/openjdk/jre/lib/amd64/libnio.so
7f93e001d000-7f93e001e000 r--p 00012000 00:293f 9223372037534124411      /nix/store/arja5b2nhs4z9ajrcx4wiipjywcw1ip6-openjdk-8u322-ga-jre/lib/openjdk/jre/lib/amd64/libnio.so
7f93e001e000-7f93e001f000 rw-p 00013000 00:293f 9223372037534124411      /nix/store/arja5b2nhs4z9ajrcx4wiipjywcw1ip6-openjdk-8u322-ga-jre/lib/openjdk/jre/lib/amd64/libnio.so
7f93e001f000-7f93e0023000 rw-p 00019000 00:293f 9223372037534124411      /nix/store/arja5b2nhs4z9ajrcx4wiipjywcw1ip6-openjdk-8u322-ga-jre/lib/openjdk/jre/lib/amd64/libnio.so
7f93e0023000-7f93e0027000 rw-p 0001d000 00:293f 9223372037534124411      /nix/store/arja5b2nhs4z9ajrcx4wiipjywcw1ip6-openjdk-8u322-ga-jre/lib/openjdk/jre/lib/amd64/libnio.so
7f93e0027000-7f93e002d000 r--s 000d3000 00:293f 9223372037534126385      /nix/store/arja5b2nhs4z9ajrcx4wiipjywcw1ip6-openjdk-8u322-ga-jre/lib/openjdk/jre/lib/jfr.jar
7f93e002d000-7f93e01fe000 r--s 03cb6000 00:293f 9223372037534126401      /nix/store/arja5b2nhs4z9ajrcx4wiipjywcw1ip6-openjdk-8u322-ga-jre/lib/openjdk/jre/lib/rt.jar
7f93e01fe000-7f93e02d5000 rw-p 00000000 00:00 0 
7f93e02d5000-7f93e02fa000 ---p 00000000 00:00 0 
7f93e02fa000-7f93e02fd000 rw-p 00000000 00:00 0 
7f93e02fd000-7f93e030f000 ---p 00000000 00:00 0 
7f93e030f000-7f93e0315000 rw-p 00000000 00:00 0 
7f93e0315000-7f93e033a000 ---p 00000000 00:00 0 
7f93e033a000-7f93e033b000 rw-p 00000000 00:00 0 
7f93e033b000-7f93e033e000 r--p 00000000 00:293f 9223372037534124511      /nix/store/arja5b2nhs4z9ajrcx4wiipjywcw1ip6-openjdk-8u322-ga-jre/lib/openjdk/jre/lib/amd64/libzip.so
7f93e033e000-7f93e0342000 r-xp 00003000 00:293f 9223372037534124511      /nix/store/arja5b2nhs4z9ajrcx4wiipjywcw1ip6-openjdk-8u322-ga-jre/lib/openjdk/jre/lib/amd64/libzip.so
7f93e0342000-7f93e0344000 r--p 00007000 00:293f 9223372037534124511      /nix/store/arja5b2nhs4z9ajrcx4wiipjywcw1ip6-openjdk-8u322-ga-jre/lib/openjdk/jre/lib/amd64/libzip.so
7f93e0344000-7f93e0345000 r--p 00008000 00:293f 9223372037534124511      /nix/store/arja5b2nhs4z9ajrcx4wiipjywcw1ip6-openjdk-8u322-ga-jre/lib/openjdk/jre/lib/amd64/libzip.so
7f93e0345000-7f93e0346000 rw-p 00009000 00:293f 9223372037534124511      /nix/store/arja5b2nhs4z9ajrcx4wiipjywcw1ip6-openjdk-8u322-ga-jre/lib/openjdk/jre/lib/amd64/libzip.so
7f93e0346000-7f93e0348000 rw-p 0000c000 00:293f 9223372037534124511      /nix/store/arja5b2nhs4z9ajrcx4wiipjywcw1ip6-openjdk-8u322-ga-jre/lib/openjdk/jre/lib/amd64/libzip.so
7f93e0348000-7f93e034a000 rw-p 0000e000 00:293f 9223372037534124511      /nix/store/arja5b2nhs4z9ajrcx4wiipjywcw1ip6-openjdk-8u322-ga-jre/lib/openjdk/jre/lib/amd64/libzip.so
7f93e034a000-7f93e0352000 rw-s 00000000 00:994 494                       /tmp/hsperfdata_runner/2411
7f93e0352000-7f93e0353000 rw-p 00000000 00:00 0 
7f93e0353000-7f93e0354000 ---p 00000000 00:00 0 
7f93e0354000-7f93e0361000 r--p 00000000 00:293f 9223372037534124225      /nix/store/arja5b2nhs4z9ajrcx4wiipjywcw1ip6-openjdk-8u322-ga-jre/lib/openjdk/jre/lib/amd64/libjava.so
7f93e0361000-7f93e0376000 r-xp 0000d000 00:293f 9223372037534124225      /nix/store/arja5b2nhs4z9ajrcx4wiipjywcw1ip6-openjdk-8u322-ga-jre/lib/openjdk/jre/lib/amd64/libjava.so
7f93e0376000-7f93e037d000 r--p 00022000 00:293f 9223372037534124225      /nix/store/arja5b2nhs4z9ajrcx4wiipjywcw1ip6-openjdk-8u322-ga-jre/lib/openjdk/jre/lib/amd64/libjava.so
7f93e037d000-7f93e037e000 r--p 00028000 00:293f 9223372037534124225      /nix/store/arja5b2nhs4z9ajrcx4wiipjywcw1ip6-openjdk-8u322-ga-jre/lib/openjdk/jre/lib/amd64/libjava.so
7f93e037e000-7f93e037f000 rw-p 00029000 00:293f 9223372037534124225      /nix/store/arja5b2nhs4z9ajrcx4wiipjywcw1ip6-openjdk-8u322-ga-jre/lib/openjdk/jre/lib/amd64/libjava.so
7f93e037f000-7f93e0380000 rw-p 00000000 00:00 0 
7f93e0380000-7f93e0386000 rw-p 00033000 00:293f 9223372037534124225      /nix/store/arja5b2nhs4z9ajrcx4wiipjywcw1ip6-openjdk-8u322-ga-jre/lib/openjdk/jre/lib/amd64/libjava.so
7f93e0386000-7f93e038b000 rw-p 00039000 00:293f 9223372037534124225      /nix/store/arja5b2nhs4z9ajrcx4wiipjywcw1ip6-openjdk-8u322-ga-jre/lib/openjdk/jre/lib/amd64/libjava.so
7f93e038b000-7f93e0390000 r--p 00000000 00:293f 9223372037534124507      /nix/store/arja5b2nhs4z9ajrcx4wiipjywcw1ip6-openjdk-8u322-ga-jre/lib/openjdk/jre/lib/amd64/libverify.so
7f93e0390000-7f93e0397000 r-xp 00005000 00:293f 9223372037534124507      /nix/store/arja5b2nhs4z9ajrcx4wiipjywcw1ip6-openjdk-8u322-ga-jre/lib/openjdk/jre/lib/amd64/libverify.so
7f93e0397000-7f93e0399000 r--p 0000c000 00:293f 9223372037534124507      /nix/store/arja5b2nhs4z9ajrcx4wiipjywcw1ip6-openjdk-8u322-ga-jre/lib/openjdk/jre/lib/amd64/libverify.so
7f93e0399000-7f93e039b000 r--p 0000d000 00:293f 9223372037534124507      /nix/store/arja5b2nhs4z9ajrcx4wiipjywcw1ip6-openjdk-8u322-ga-jre/lib/openjdk/jre/lib/amd64/libverify.so
7f93e039b000-7f93e039c000 rw-p 0000f000 00:293f 9223372037534124507      /nix/store/arja5b2nhs4z9ajrcx4wiipjywcw1ip6-openjdk-8u322-ga-jre/lib/openjdk/jre/lib/amd64/libverify.so
7f93e039c000-7f93e039e000 rw-p 00011000 00:293f 9223372037534124507      /nix/store/arja5b2nhs4z9ajrcx4wiipjywcw1ip6-openjdk-8u322-ga-jre/lib/openjdk/jre/lib/amd64/libverify.so
7f93e039e000-7f93e03a0000 rw-p 00013000 00:293f 9223372037534124507      /nix/store/arja5b2nhs4z9ajrcx4wiipjywcw1ip6-openjdk-8u322-ga-jre/lib/openjdk/jre/lib/amd64/libverify.so
7f93e03a0000-7f93e03a1000 ---p 00000000 00:00 0 
7f93e03a1000-7f93e03a4000 ---p 00000000 00:00 0 
7f93e03a4000-7f93e04a1000 rw-p 00000000 00:00 0 
7f93e04a1000-7f93e04a4000 r--p 00000000 00:293f 9223372037532303436      /nix/store/mdck89nsfisflwjv6xv8ydj7dj0sj2pn-gcc-11.3.0-lib/lib/libgcc_s.so.1
7f93e04a4000-7f93e04b6000 r-xp 00003000 00:293f 9223372037532303436      /nix/store/mdck89nsfisflwjv6xv8ydj7dj0sj2pn-gcc-11.3.0-lib/lib/libgcc_s.so.1
7f93e04b6000-7f93e04b9000 r--p 00015000 00:293f 9223372037532303436      /nix/store/mdck89nsfisflwjv6xv8ydj7dj0sj2pn-gcc-11.3.0-lib/lib/libgcc_s.so.1
7f93e04b9000-7f93e04ba000 r--p 00018000 00:293f 9223372037532303436      /nix/store/mdck89nsfisflwjv6xv8ydj7dj0sj2pn-gcc-11.3.0-lib/lib/libgcc_s.so.1
7f93e04ba000-7f93e04bb000 rw-p 00019000 00:293f 9223372037532303436      /nix/store/mdck89nsfisflwjv6xv8ydj7dj0sj2pn-gcc-11.3.0-lib/lib/libgcc_s.so.1
7f93e04bb000-7f93e055c000 r--p 00000000 00:293f 9223372037532303461      /nix/store/mdck89nsfisflwjv6xv8ydj7dj0sj2pn-gcc-11.3.0-lib/lib/libstdc++.so.6.0.29
7f93e055c000-7f93e0654000 r-xp 000a1000 00:293f 9223372037532303461      /nix/store/mdck89nsfisflwjv6xv8ydj7dj0sj2pn-gcc-11.3.0-lib/lib/libstdc++.so.6.0.29
7f93e0654000-7f93e06c0000 r--p 00199000 00:293f 9223372037532303461      /nix/store/mdck89nsfisflwjv6xv8ydj7dj0sj2pn-gcc-11.3.0-lib/lib/libstdc++.so.6.0.29
7f93e06c0000-7f93e06cd000 r--p 00205000 00:293f 9223372037532303461      /nix/store/mdck89nsfisflwjv6xv8ydj7dj0sj2pn-gcc-11.3.0-lib/lib/libstdc++.so.6.0.29
7f93e06cd000-7f93e06ce000 rw-p 00212000 00:293f 9223372037532303461      /nix/store/mdck89nsfisflwjv6xv8ydj7dj0sj2pn-gcc-11.3.0-lib/lib/libstdc++.so.6.0.29
7f93e06ce000-7f93e06d1000 rw-p 00000000 00:00 0 
7f93e06d1000-7f93e08c6000 r--p 00000000 00:293f 9223372037534124522      /nix/store/arja5b2nhs4z9ajrcx4wiipjywcw1ip6-openjdk-8u322-ga-jre/lib/openjdk/jre/lib/amd64/server/libjvm.so
7f93e08c6000-7f93e11e8000 r-xp 001f5000 00:293f 9223372037534124522      /nix/store/arja5b2nhs4z9ajrcx4wiipjywcw1ip6-openjdk-8u322-ga-jre/lib/openjdk/jre/lib/amd64/server/libjvm.so
7f93e11e8000-7f93e1394000 r--p 00b17000 00:293f 9223372037534124522      /nix/store/arja5b2nhs4z9ajrcx4wiipjywcw1ip6-openjdk-8u322-ga-jre/lib/openjdk/jre/lib/amd64/server/libjvm.so
7f93e1394000-7f93e142a000 r--p 00cc3000 00:293f 9223372037534124522      /nix/store/arja5b2nhs4z9ajrcx4wiipjywcw1ip6-openjdk-8u322-ga-jre/lib/openjdk/jre/lib/amd64/server/libjvm.so
7f93e142a000-7f93e1453000 rw-p 00d59000 00:293f 9223372037534124522      /nix/store/arja5b2nhs4z9ajrcx4wiipjywcw1ip6-openjdk-8u322-ga-jre/lib/openjdk/jre/lib/amd64/server/libjvm.so
7f93e1453000-7f93e1486000 rw-p 00000000 00:00 0 
7f93e1486000-7f93e148b000 rw-p 0100e000 00:293f 9223372037534124522      /nix/store/arja5b2nhs4z9ajrcx4wiipjywcw1ip6-openjdk-8u322-ga-jre/lib/openjdk/jre/lib/amd64/server/libjvm.so
7f93e148b000-7f93e148e000 rw-p 01013000 00:293f 9223372037534124522      /nix/store/arja5b2nhs4z9ajrcx4wiipjywcw1ip6-openjdk-8u322-ga-jre/lib/openjdk/jre/lib/amd64/server/libjvm.so
7f93e148e000-7f93e1497000 rw-p 00000000 00:00 0 
7f93e1497000-7f93e149a000 r--p 00000000 00:293f 9223372037533472831      /nix/store/jijvvmbza698qa6yjgr1ndgdgyryvq1i-libcap-2.66-lib/lib/libcap.so.2.66
7f93e149a000-7f93e149f000 r-xp 00003000 00:293f 9223372037533472831      /nix/store/jijvvmbza698qa6yjgr1ndgdgyryvq1i-libcap-2.66-lib/lib/libcap.so.2.66
7f93e149f000-7f93e14a1000 r--p 00008000 00:293f 9223372037533472831      /nix/store/jijvvmbza698qa6yjgr1ndgdgyryvq1i-libcap-2.66-lib/lib/libcap.so.2.66
7f93e14a1000-7f93e14a2000 r--p 0000a000 00:293f 9223372037533472831      /nix/store/jijvvmbza698qa6yjgr1ndgdgyryvq1i-libcap-2.66-lib/lib/libcap.so.2.66
7f93e14a2000-7f93e14a3000 rw-p 0000b000 00:293f 9223372037533472831      /nix/store/jijvvmbza698qa6yjgr1ndgdgyryvq1i-libcap-2.66-lib/lib/libcap.so.2.66
7f93e14a3000-7f93e14a5000 r--p 00000000 00:293f 9223372037533485846      /nix/store/2rs0zshg1zhczv96rhhg3br9kypdf2bz-libdatrie-2019-12-20-lib/lib/libdatrie.so.1.3.5
7f93e14a5000-7f93e14a9000 r-xp 00002000 00:293f 9223372037533485846      /nix/store/2rs0zshg1zhczv96rhhg3br9kypdf2bz-libdatrie-2019-12-20-lib/lib/libdatrie.so.1.3.5
7f93e14a9000-7f93e14ab000 r--p 00006000 00:293f 9223372037533485846      /nix/store/2rs0zshg1zhczv96rhhg3br9kypdf2bz-libdatrie-2019-12-20-lib/lib/libdatrie.so.1.3.5
7f93e14ab000-7f93e14ac000 r--p 00007000 00:293f 9223372037533485846      /nix/store/2rs0zshg1zhczv96rhhg3br9kypdf2bz-libdatrie-2019-12-20-lib/lib/libdatrie.so.1.3.5
7f93e14ac000-7f93e14ad000 rw-p 00008000 00:293f 9223372037533485846      /nix/store/2rs0zshg1zhczv96rhhg3br9kypdf2bz-libdatrie-2019-12-20-lib/lib/libdatrie.so.1.3.5
7f93e14ad000-7f93e14af000 rw-p 00000000 00:00 0 
7f93e14af000-7f93e14b2000 r--p 00000000 00:293f 4611686018429464838      /nix/store/hisqvx32cd57apbpcsnkpx6k3549wql1-libglvnd-1.4.0/lib/libGLX.so.0.0.0
7f93e14b2000-7f93e14cd000 r-xp 00003000 00:293f 4611686018429464838      /nix/store/hisqvx32cd57apbpcsnkpx6k3549wql1-libglvnd-1.4.0/lib/libGLX.so.0.0.0
7f93e14cd000-7f93e14d0000 r--p 0001e000 00:293f 4611686018429464838      /nix/store/hisqvx32cd57apbpcsnkpx6k3549wql1-libglvnd-1.4.0/lib/libGLX.so.0.0.0
7f93e14d0000-7f93e14d1000 ---p 00021000 00:293f 4611686018429464838      /nix/store/hisqvx32cd57apbpcsnkpx6k3549wql1-libglvnd-1.4.0/lib/libGLX.so.0.0.0
7f93e14d1000-7f93e14d2000 r--p 00021000 00:293f 4611686018429464838      /nix/store/hisqvx32cd57apbpcsnkpx6k3549wql1-libglvnd-1.4.0/lib/libGLX.so.0.0.0
7f93e14d2000-7f93e14d3000 rw-p 00022000 00:293f 4611686018429464838      /nix/store/hisqvx32cd57apbpcsnkpx6k3549wql1-libglvnd-1.4.0/lib/libGLX.so.0.0.0
7f93e14d3000-7f93e14e3000 rw-p 00000000 00:00 0 
7f93e14e3000-7f93e14e4000 rw-p 00057000 00:293f 4611686018429464838      /nix/store/hisqvx32cd57apbpcsnkpx6k3549wql1-libglvnd-1.4.0/lib/libGLX.so.0.0.0
7f93e14e4000-7f93e1525000 r--p 00000000 00:293f 4611686018429464854      /nix/store/hisqvx32cd57apbpcsnkpx6k3549wql1-libglvnd-1.4.0/lib/libGLdispatch.so.0.0.0
7f93e1525000-7f93e1564000 r-xp 00041000 00:293f 4611686018429464854      /nix/store/hisqvx32cd57apbpcsnkpx6k3549wql1-libglvnd-1.4.0/lib/libGLdispatch.so.0.0.0
7f93e1564000-7f93e1577000 r--p 00080000 00:293f 4611686018429464854      /nix/store/hisqvx32cd57apbpcsnkpx6k3549wql1-libglvnd-1.4.0/lib/libGLdispatch.so.0.0.0
7f93e1577000-7f93e1578000 ---p 00093000 00:293f 4611686018429464854      /nix/store/hisqvx32cd57apbpcsnkpx6k3549wql1-libglvnd-1.4.0/lib/libGLdispatch.so.0.0.0
7f93e1578000-7f93e1594000 r--p 00093000 00:293f 4611686018429464854      /nix/store/hisqvx32cd57apbpcsnkpx6k3549wql1-libglvnd-1.4.0/lib/libGLdispatch.so.0.0.0
7f93e1594000-7f93e1595000 rw-p 000af000 00:293f 4611686018429464854      /nix/store/hisqvx32cd57apbpcsnkpx6k3549wql1-libglvnd-1.4.0/lib/libGLdispatch.so.0.0.0
7f93e1595000-7f93e159d000 rw-p 00000000 00:00 0 
7f93e159d000-7f93e159f000 r--p 00000000 00:293f 9223372037533472782      /nix/store/09gxmx43bc0snqc2hf094hnxpx2bb4hh-libXdmcp-1.1.3/lib/libXdmcp.so.6.0.0
7f93e159f000-7f93e15a1000 r-xp 00002000 00:293f 9223372037533472782      /nix/store/09gxmx43bc0snqc2hf094hnxpx2bb4hh-libXdmcp-1.1.3/lib/libXdmcp.so.6.0.0
7f93e15a1000-7f93e15a3000 r--p 00004000 00:293f 9223372037533472782      /nix/store/09gxmx43bc0snqc2hf094hnxpx2bb4hh-libXdmcp-1.1.3/lib/libXdmcp.so.6.0.0
7f93e15a3000-7f93e15a4000 r--p 00005000 00:293f 9223372037533472782      /nix/store/09gxmx43bc0snqc2hf094hnxpx2bb4hh-libXdmcp-1.1.3/lib/libXdmcp.so.6.0.0
7f93e15a4000-7f93e15a5000 rw-p 00006000 00:293f 9223372037533472782      /nix/store/09gxmx43bc0snqc2hf094hnxpx2bb4hh-libXdmcp-1.1.3/lib/libXdmcp.so.6.0.0
7f93e15a5000-7f93e15a6000 r--p 00000000 00:293f 9223372037533472719      /nix/store/8ypkjcki98cwblzc4k0kblxz2zpjqj45-libXau-1.0.9/lib/libXau.so.6.0.0
7f93e15a6000-7f93e15a7000 r-xp 00001000 00:293f 9223372037533472719      /nix/store/8ypkjcki98cwblzc4k0kblxz2zpjqj45-libXau-1.0.9/lib/libXau.so.6.0.0
7f93e15a7000-7f93e15a8000 r--p 00002000 00:293f 9223372037533472719      /nix/store/8ypkjcki98cwblzc4k0kblxz2zpjqj45-libXau-1.0.9/lib/libXau.so.6.0.0
7f93e15a8000-7f93e15a9000 r--p 00002000 00:293f 9223372037533472719      /nix/store/8ypkjcki98cwblzc4k0kblxz2zpjqj45-libXau-1.0.9/lib/libXau.so.6.0.0
7f93e15a9000-7f93e15aa000 rw-p 00003000 00:293f 9223372037533472719      /nix/store/8ypkjcki98cwblzc4k0kblxz2zpjqj45-libXau-1.0.9/lib/libXau.so.6.0.0
7f93e15aa000-7f93e15ac000 rw-p 00000000 00:00 0 
7f93e15ac000-7f93e15c3000 r--p 00000000 00:293f 9223372037533870545      /nix/store/adnxnv29s3nnrxrv19z5jnqzww0jd1aa-systemd-minimal-251.7/lib/libsystemd.so.0.34.0
7f93e15c3000-7f93e164f000 r-xp 00017000 00:293f 9223372037533870545      /nix/store/adnxnv29s3nnrxrv19z5jnqzww0jd1aa-systemd-minimal-251.7/lib/libsystemd.so.0.34.0
7f93e164f000-7f93e168a000 r--p 000a3000 00:293f 9223372037533870545      /nix/store/adnxnv29s3nnrxrv19z5jnqzww0jd1aa-systemd-minimal-251.7/lib/libsystemd.so.0.34.0
7f93e168a000-7f93e1696000 r--p 000de000 00:293f 9223372037533870545      /nix/store/adnxnv29s3nnrxrv19z5jnqzww0jd1aa-systemd-minimal-251.7/lib/libsystemd.so.0.34.0
7f93e1696000-7f93e1697000 rw-p 000ea000 00:293f 9223372037533870545      /nix/store/adnxnv29s3nnrxrv19z5jnqzww0jd1aa-systemd-minimal-251.7/lib/libsystemd.so.0.34.0
7f93e1697000-7f93e1698000 rw-p 00000000 00:00 0 
7f93e1698000-7f93e169a000 r--p 00000000 00:293f 9223372037533484464      /nix/store/1dgws25664p544znpc6f1nh9xmjf4ykc-pcre-8.45/lib/libpcre.so.1.2.13
7f93e169a000-7f93e16f1000 r-xp 00002000 00:293f 9223372037533484464      /nix/store/1dgws25664p544znpc6f1nh9xmjf4ykc-pcre-8.45/lib/libpcre.so.1.2.13
7f93e16f1000-7f93e170e000 r--p 00059000 00:293f 9223372037533484464      /nix/store/1dgws25664p544znpc6f1nh9xmjf4ykc-pcre-8.45/lib/libpcre.so.1.2.13
7f93e170e000-7f93e170f000 r--p 00075000 00:293f 9223372037533484464      /nix/store/1dgws25664p544znpc6f1nh9xmjf4ykc-pcre-8.45/lib/libpcre.so.1.2.13
7f93e170f000-7f93e1710000 rw-p 00076000 00:293f 9223372037533484464      /nix/store/1dgws25664p544znpc6f1nh9xmjf4ykc-pcre-8.45/lib/libpcre.so.1.2.13
7f93e1710000-7f93e171a000 r--p 00000000 00:293f 9223372037533490636      /nix/store/acvafmp652dj67f4g3sdx68n2mg1afz4-util-linux-minimal-2.38.1-lib/lib/libblkid.so.1.1.0
7f93e171a000-7f93e1750000 r-xp 0000a000 00:293f 9223372037533490636      /nix/store/acvafmp652dj67f4g3sdx68n2mg1afz4-util-linux-minimal-2.38.1-lib/lib/libblkid.so.1.1.0
7f93e1750000-7f93e1761000 r--p 00040000 00:293f 9223372037533490636      /nix/store/acvafmp652dj67f4g3sdx68n2mg1afz4-util-linux-minimal-2.38.1-lib/lib/libblkid.so.1.1.0
7f93e1761000-7f93e1767000 r--p 00051000 00:293f 9223372037533490636      /nix/store/acvafmp652dj67f4g3sdx68n2mg1afz4-util-linux-minimal-2.38.1-lib/lib/libblkid.so.1.1.0
7f93e1767000-7f93e1768000 rw-p 00057000 00:293f 9223372037533490636      /nix/store/acvafmp652dj67f4g3sdx68n2mg1afz4-util-linux-minimal-2.38.1-lib/lib/libblkid.so.1.1.0
7f93e1768000-7f93e176b000 r--p 00000000 00:293f 9223372037533472459      /nix/store/ppipcv58wj9xp7impnqblrhz5j9q1gdg-graphite2-1.3.14/lib/libgraphite2.so.3.2.1
7f93e176b000-7f93e1788000 r-xp 00003000 00:293f 9223372037533472459      /nix/store/ppipcv58wj9xp7impnqblrhz5j9q1gdg-graphite2-1.3.14/lib/libgraphite2.so.3.2.1
7f93e1788000-7f93e178d000 r--p 00020000 00:293f 9223372037533472459      /nix/store/ppipcv58wj9xp7impnqblrhz5j9q1gdg-graphite2-1.3.14/lib/libgraphite2.so.3.2.1
7f93e178d000-7f93e178f000 r--p 00024000 00:293f 9223372037533472459      /nix/store/ppipcv58wj9xp7impnqblrhz5j9q1gdg-graphite2-1.3.14/lib/libgraphite2.so.3.2.1
7f93e178f000-7f93e1790000 rw-p 00026000 00:293f 9223372037533472459      /nix/store/ppipcv58wj9xp7impnqblrhz5j9q1gdg-graphite2-1.3.14/lib/libgraphite2.so.3.2.1
7f93e1790000-7f93e1792000 rw-p 00000000 00:00 0 
7f93e1792000-7f93e1795000 r--p 00000000 00:293f 9223372037533486669      /nix/store/cjdm2inq3madwqpnnddi59vv5yd89m52-pcre2-10.40/lib/libpcre2-8.so.0.11.0
7f93e1795000-7f93e1803000 r-xp 00003000 00:293f 9223372037533486669      /nix/store/cjdm2inq3madwqpnnddi59vv5yd89m52-pcre2-10.40/lib/libpcre2-8.so.0.11.0
7f93e1803000-7f93e182e000 r--p 00071000 00:293f 9223372037533486669      /nix/store/cjdm2inq3madwqpnnddi59vv5yd89m52-pcre2-10.40/lib/libpcre2-8.so.0.11.0
7f93e182e000-7f93e182f000 r--p 0009c000 00:293f 9223372037533486669      /nix/store/cjdm2inq3madwqpnnddi59vv5yd89m52-pcre2-10.40/lib/libpcre2-8.so.0.11.0
7f93e182f000-7f93e1830000 rw-p 0009d000 00:293f 9223372037533486669      /nix/store/cjdm2inq3madwqpnnddi59vv5yd89m52-pcre2-10.40/lib/libpcre2-8.so.0.11.0
7f93e1830000-7f93e1832000 r--p 00000000 00:293f 9223372037533473396      /nix/store/xghl0l2f6byzqvy06ana2y4isqwa7blw-libffi-3.4.4/lib/libffi.so.8.1.2
7f93e1832000-7f93e1839000 r-xp 00002000 00:293f 9223372037533473396      /nix/store/xghl0l2f6byzqvy06ana2y4isqwa7blw-libffi-3.4.4/lib/libffi.so.8.1.2
7f93e1839000-7f93e183b000 r--p 00009000 00:293f 9223372037533473396      /nix/store/xghl0l2f6byzqvy06ana2y4isqwa7blw-libffi-3.4.4/lib/libffi.so.8.1.2
7f93e183b000-7f93e183c000 r--p 0000a000 00:293f 9223372037533473396      /nix/store/xghl0l2f6byzqvy06ana2y4isqwa7blw-libffi-3.4.4/lib/libffi.so.8.1.2
7f93e183c000-7f93e183d000 rw-p 0000b000 00:293f 9223372037533473396      /nix/store/xghl0l2f6byzqvy06ana2y4isqwa7blw-libffi-3.4.4/lib/libffi.so.8.1.2
7f93e183d000-7f93e1840000 r--p 00000000 00:293f 9223372037533488759      /nix/store/j49aryma2g2np2ycs9hplx4w8xmvwxnf-libthai-0.1.29/lib/libthai.so.0.3.1
7f93e1840000-7f93e1844000 r-xp 00003000 00:293f 9223372037533488759      /nix/store/j49aryma2g2np2ycs9hplx4w8xmvwxnf-libthai-0.1.29/lib/libthai.so.0.3.1
7f93e1844000-7f93e1847000 r--p 00007000 00:293f 9223372037533488759      /nix/store/j49aryma2g2np2ycs9hplx4w8xmvwxnf-libthai-0.1.29/lib/libthai.so.0.3.1
7f93e1847000-7f93e1848000 r--p 00009000 00:293f 9223372037533488759      /nix/store/j49aryma2g2np2ycs9hplx4w8xmvwxnf-libthai-0.1.29/lib/libthai.so.0.3.1
7f93e1848000-7f93e1849000 rw-p 0000a000 00:293f 9223372037533488759      /nix/store/j49aryma2g2np2ycs9hplx4w8xmvwxnf-libthai-0.1.29/lib/libthai.so.0.3.1
7f93e1849000-7f93e184b000 r--p 00000000 00:293f 9223372037531798929      /nix/store/qx1955hp5ghvp6j3g4vxyli87wbmc35w-fribidi-1.0.12/lib/libfribidi.so.0.4.0
7f93e184b000-7f93e1850000 r-xp 00002000 00:293f 9223372037531798929      /nix/store/qx1955hp5ghvp6j3g4vxyli87wbmc35w-fribidi-1.0.12/lib/libfribidi.so.0.4.0
7f93e1850000-7f93e1867000 r--p 00007000 00:293f 9223372037531798929      /nix/store/qx1955hp5ghvp6j3g4vxyli87wbmc35w-fribidi-1.0.12/lib/libfribidi.so.0.4.0
7f93e1867000-7f93e1868000 r--p 0001d000 00:293f 9223372037531798929      /nix/store/qx1955hp5ghvp6j3g4vxyli87wbmc35w-fribidi-1.0.12/lib/libfribidi.so.0.4.0
7f93e1868000-7f93e1869000 rw-p 0001e000 00:293f 9223372037531798929      /nix/store/qx1955hp5ghvp6j3g4vxyli87wbmc35w-fribidi-1.0.12/lib/libfribidi.so.0.4.0
7f93e1869000-7f93e186b000 rw-p 00000000 00:00 0 
7f93e186b000-7f93e1870000 r--p 00000000 00:293f 9223372037533473740      /nix/store/ip2qihjd99hcdnr1vpp53dxz5dfsl5fd-libjpeg-turbo-2.1.4/lib/libjpeg.so.62.3.0
7f93e1870000-7f93e18d5000 r-xp 00005000 00:293f 9223372037533473740      /nix/store/ip2qihjd99hcdnr1vpp53dxz5dfsl5fd-libjpeg-turbo-2.1.4/lib/libjpeg.so.62.3.0
7f93e18d5000-7f93e1918000 r--p 0006a000 00:293f 9223372037533473740      /nix/store/ip2qihjd99hcdnr1vpp53dxz5dfsl5fd-libjpeg-turbo-2.1.4/lib/libjpeg.so.62.3.0
7f93e1918000-7f93e1919000 r--p 000ac000 00:293f 9223372037533473740      /nix/store/ip2qihjd99hcdnr1vpp53dxz5dfsl5fd-libjpeg-turbo-2.1.4/lib/libjpeg.so.62.3.0
7f93e1919000-7f93e191a000 rw-p 000ad000 00:293f 9223372037533473740      /nix/store/ip2qihjd99hcdnr1vpp53dxz5dfsl5fd-libjpeg-turbo-2.1.4/lib/libjpeg.so.62.3.0
7f93e191a000-7f93e191b000 r--p 00000000 00:293f 9223372037455367850      /nix/store/4nlgxhb09sdr51nc9hdm8az5b08vzkgx-glibc-2.35-163/lib/librt.so.1
7f93e191b000-7f93e191c000 r-xp 00001000 00:293f 9223372037455367850      /nix/store/4nlgxhb09sdr51nc9hdm8az5b08vzkgx-glibc-2.35-163/lib/librt.so.1
7f93e191c000-7f93e191d000 r--p 00002000 00:293f 9223372037455367850      /nix/store/4nlgxhb09sdr51nc9hdm8az5b08vzkgx-glibc-2.35-163/lib/librt.so.1
7f93e191d000-7f93e191e000 r--p 00002000 00:293f 9223372037455367850      /nix/store/4nlgxhb09sdr51nc9hdm8az5b08vzkgx-glibc-2.35-163/lib/librt.so.1
7f93e191e000-7f93e191f000 rw-p 00003000 00:293f 9223372037455367850      /nix/store/4nlgxhb09sdr51nc9hdm8az5b08vzkgx-glibc-2.35-163/lib/librt.so.1
7f93e191f000-7f93e1968000 r--p 00000000 00:293f 4611686018429464842      /nix/store/hisqvx32cd57apbpcsnkpx6k3549wql1-libglvnd-1.4.0/lib/libGL.so.1.7.0
7f93e1968000-7f93e1988000 r-xp 00049000 00:293f 4611686018429464842      /nix/store/hisqvx32cd57apbpcsnkpx6k3549wql1-libglvnd-1.4.0/lib/libGL.so.1.7.0
7f93e1988000-7f93e199d000 r--p 00069000 00:293f 4611686018429464842      /nix/store/hisqvx32cd57apbpcsnkpx6k3549wql1-libglvnd-1.4.0/lib/libGL.so.1.7.0
7f93e199d000-7f93e19ab000 r--p 0007d000 00:293f 4611686018429464842      /nix/store/hisqvx32cd57apbpcsnkpx6k3549wql1-libglvnd-1.4.0/lib/libGL.so.1.7.0
7f93e19ab000-7f93e19ac000 rw-p 0008b000 00:293f 4611686018429464842      /nix/store/hisqvx32cd57apbpcsnkpx6k3549wql1-libglvnd-1.4.0/lib/libGL.so.1.7.0
7f93e19ac000-7f93e19ad000 rw-p 00000000 00:00 0 
7f93e19ad000-7f93e19b3000 r--p 00000000 00:293f 9223372037533474803      /nix/store/xs3v53gpwwpz34aj5h51rz4wxmjfrf08-libxcb-1.14/lib/libxcb-render.so.0.0.0
7f93e19b3000-7f93e19b8000 r-xp 00006000 00:293f 9223372037533474803      /nix/store/xs3v53gpwwpz34aj5h51rz4wxmjfrf08-libxcb-1.14/lib/libxcb-render.so.0.0.0
7f93e19b8000-7f93e19ba000 r--p 0000b000 00:293f 9223372037533474803      /nix/store/xs3v53gpwwpz34aj5h51rz4wxmjfrf08-libxcb-1.14/lib/libxcb-render.so.0.0.0
7f93e19ba000-7f93e19bb000 r--p 0000d000 00:293f 9223372037533474803      /nix/store/xs3v53gpwwpz34aj5h51rz4wxmjfrf08-libxcb-1.14/lib/libxcb-render.so.0.0.0
7f93e19bb000-7f93e19bc000 rw-p 0000e000 00:293f 9223372037533474803      /nix/store/xs3v53gpwwpz34aj5h51rz4wxmjfrf08-libxcb-1.14/lib/libxcb-render.so.0.0.0
7f93e19bc000-7f93e19bd000 r--p 00000000 00:293f 9223372037533474857      /nix/store/xs3v53gpwwpz34aj5h51rz4wxmjfrf08-libxcb-1.14/lib/libxcb-shm.so.0.0.0
7f93e19bd000-7f93e19be000 r-xp 00001000 00:293f 9223372037533474857      /nix/store/xs3v53gpwwpz34aj5h51rz4wxmjfrf08-libxcb-1.14/lib/libxcb-shm.so.0.0.0
7f93e19be000-7f93e19bf000 r--p 00002000 00:293f 9223372037533474857      /nix/store/xs3v53gpwwpz34aj5h51rz4wxmjfrf08-libxcb-1.14/lib/libxcb-shm.so.0.0.0
7f93e19bf000-7f93e19c0000 r--p 00002000 00:293f 9223372037533474857      /nix/store/xs3v53gpwwpz34aj5h51rz4wxmjfrf08-libxcb-1.14/lib/libxcb-shm.so.0.0.0
7f93e19c0000-7f93e19c1000 rw-p 00003000 00:293f 9223372037533474857      /nix/store/xs3v53gpwwpz34aj5h51rz4wxmjfrf08-libxcb-1.14/lib/libxcb-shm.so.0.0.0
7f93e19c1000-7f93e19c3000 rw-p 00000000 00:00 0 
7f93e19c3000-7f93e19c6000 r--p 00000000 00:293f 4611686018429464843      /nix/store/hisqvx32cd57apbpcsnkpx6k3549wql1-libglvnd-1.4.0/lib/libEGL.so.1.1.0
7f93e19c6000-7f93e19d2000 r-xp 00003000 00:293f 4611686018429464843      /nix/store/hisqvx32cd57apbpcsnkpx6k3549wql1-libglvnd-1.4.0/lib/libEGL.so.1.1.0
7f93e19d2000-7f93e19d7000 r--p 0000f000 00:293f 4611686018429464843      /nix/store/hisqvx32cd57apbpcsnkpx6k3549wql1-libglvnd-1.4.0/lib/libEGL.so.1.1.0
7f93e19d7000-7f93e19d8000 r--p 00013000 00:293f 4611686018429464843      /nix/store/hisqvx32cd57apbpcsnkpx6k3549wql1-libglvnd-1.4.0/lib/libEGL.so.1.1.0
7f93e19d8000-7f93e19d9000 rw-p 00014000 00:293f 4611686018429464843      /nix/store/hisqvx32cd57apbpcsnkpx6k3549wql1-libglvnd-1.4.0/lib/libEGL.so.1.1.0
7f93e19d9000-7f93e19e4000 r--p 00000000 00:293f 9223372037533486886      /nix/store/4y2cc1fv776f8mg2j1mk4f5bna71am4q-pixman-0.42.2/lib/libpixman-1.so.0.42.2
7f93e19e4000-7f93e1a69000 r-xp 0000b000 00:293f 9223372037533486886      /nix/store/4y2cc1fv776f8mg2j1mk4f5bna71am4q-pixman-0.42.2/lib/libpixman-1.so.0.42.2
7f93e1a69000-7f93e1a7b000 r--p 00090000 00:293f 9223372037533486886      /nix/store/4y2cc1fv776f8mg2j1mk4f5bna71am4q-pixman-0.42.2/lib/libpixman-1.so.0.42.2
7f93e1a7b000-7f93e1a83000 r--p 000a2000 00:293f 9223372037533486886      /nix/store/4y2cc1fv776f8mg2j1mk4f5bna71am4q-pixman-0.42.2/lib/libpixman-1.so.0.42.2
7f93e1a83000-7f93e1a84000 rw-p 000aa000 00:293f 9223372037533486886      /nix/store/4y2cc1fv776f8mg2j1mk4f5bna71am4q-pixman-0.42.2/lib/libpixman-1.so.0.42.2
7f93e1a84000-7f93e1a91000 r--p 00000000 00:293f 9223372037533475126      /nix/store/xs3v53gpwwpz34aj5h51rz4wxmjfrf08-libxcb-1.14/lib/libxcb.so.1.1.0
7f93e1a91000-7f93e1aa4000 r-xp 0000d000 00:293f 9223372037533475126      /nix/store/xs3v53gpwwpz34aj5h51rz4wxmjfrf08-libxcb-1.14/lib/libxcb.so.1.1.0
7f93e1aa4000-7f93e1aad000 r--p 00020000 00:293f 9223372037533475126      /nix/store/xs3v53gpwwpz34aj5h51rz4wxmjfrf08-libxcb-1.14/lib/libxcb.so.1.1.0
7f93e1aad000-7f93e1aae000 r--p 00028000 00:293f 9223372037533475126      /nix/store/xs3v53gpwwpz34aj5h51rz4wxmjfrf08-libxcb-1.14/lib/libxcb.so.1.1.0
7f93e1aae000-7f93e1aaf000 rw-p 00029000 00:293f 9223372037533475126      /nix/store/xs3v53gpwwpz34aj5h51rz4wxmjfrf08-libxcb-1.14/lib/libxcb.so.1.1.0
7f93e1aaf000-7f93e1ac1000 r--p 00000000 00:293f 9223372037533470371      /nix/store/ijz81p08bp812q2bvv77lz9qpfzncibd-gmp-with-cxx-6.2.1/lib/libgmp.so.10.4.1
7f93e1ac1000-7f93e1b35000 r-xp 00012000 00:293f 9223372037533470371      /nix/store/ijz81p08bp812q2bvv77lz9qpfzncibd-gmp-with-cxx-6.2.1/lib/libgmp.so.10.4.1
7f93e1b35000-7f93e1b4c000 r--p 00086000 00:293f 9223372037533470371      /nix/store/ijz81p08bp812q2bvv77lz9qpfzncibd-gmp-with-cxx-6.2.1/lib/libgmp.so.10.4.1
7f93e1b4c000-7f93e1b4e000 r--p 0009d000 00:293f 9223372037533470371      /nix/store/ijz81p08bp812q2bvv77lz9qpfzncibd-gmp-with-cxx-6.2.1/lib/libgmp.so.10.4.1
7f93e1b4e000-7f93e1b4f000 rw-p 0009f000 00:293f 9223372037533470371      /nix/store/ijz81p08bp812q2bvv77lz9qpfzncibd-gmp-with-cxx-6.2.1/lib/libgmp.so.10.4.1
7f93e1b4f000-7f93e1b51000 rw-p 00000000 00:00 0 
7f93e1b51000-7f93e1b5b000 r--p 00000000 00:293f 9223372037533598892      /nix/store/raz5jjjszg123qlmx07dv0w5zjqf2x3y-nettle-3.8.1/lib/libhogweed.so.6.6
7f93e1b5b000-7f93e1b6e000 r-xp 0000a000 00:293f 9223372037533598892      /nix/store/raz5jjjszg123qlmx07dv0w5zjqf2x3y-nettle-3.8.1/lib/libhogweed.so.6.6
7f93e1b6e000-7f93e1b98000 r--p 0001d000 00:293f 9223372037533598892      /nix/store/raz5jjjszg123qlmx07dv0w5zjqf2x3y-nettle-3.8.1/lib/libhogweed.so.6.6
7f93e1b98000-7f93e1b9a000 r--p 00047000 00:293f 9223372037533598892      /nix/store/raz5jjjszg123qlmx07dv0w5zjqf2x3y-nettle-3.8.1/lib/libhogweed.so.6.6
7f93e1b9a000-7f93e1b9b000 rw-p 00049000 00:293f 9223372037533598892      /nix/store/raz5jjjszg123qlmx07dv0w5zjqf2x3y-nettle-3.8.1/lib/libhogweed.so.6.6
7f93e1b9b000-7f93e1ba9000 r--p 00000000 00:293f 9223372037533598906      /nix/store/raz5jjjszg123qlmx07dv0w5zjqf2x3y-nettle-3.8.1/lib/libnettle.so.8.6
7f93e1ba9000-7f93e1bcf000 r-xp 0000e000 00:293f 9223372037533598906      /nix/store/raz5jjjszg123qlmx07dv0w5zjqf2x3y-nettle-3.8.1/lib/libnettle.so.8.6
7f93e1bcf000-7f93e1be6000 r--p 00034000 00:293f 9223372037533598906      /nix/store/raz5jjjszg123qlmx07dv0w5zjqf2x3y-nettle-3.8.1/lib/libnettle.so.8.6
7f93e1be6000-7f93e1be8000 r--p 0004b000 00:293f 9223372037533598906      /nix/store/raz5jjjszg123qlmx07dv0w5zjqf2x3y-nettle-3.8.1/lib/libnettle.so.8.6
7f93e1be8000-7f93e1be9000 rw-p 0004d000 00:293f 9223372037533598906      /nix/store/raz5jjjszg123qlmx07dv0w5zjqf2x3y-nettle-3.8.1/lib/libnettle.so.8.6
7f93e1be9000-7f93e1bec000 r--p 00000000 00:293f 9223372037533488306      /nix/store/vzrbz3lvmiziy3i79rzmk01wfprhwjh0-libtasn1-4.19.0/lib/libtasn1.so.6.6.3
7f93e1bec000-7f93e1bf8000 r-xp 00003000 00:293f 9223372037533488306      /nix/store/vzrbz3lvmiziy3i79rzmk01wfprhwjh0-libtasn1-4.19.0/lib/libtasn1.so.6.6.3
7f93e1bf8000-7f93e1bfc000 r--p 0000f000 00:293f 9223372037533488306      /nix/store/vzrbz3lvmiziy3i79rzmk01wfprhwjh0-libtasn1-4.19.0/lib/libtasn1.so.6.6.3
7f93e1bfc000-7f93e1bfd000 r--p 00013000 00:293f 9223372037533488306      /nix/store/vzrbz3lvmiziy3i79rzmk01wfprhwjh0-libtasn1-4.19.0/lib/libtasn1.so.6.6.3
7f93e1bfd000-7f93e1bfe000 rw-p 00014000 00:293f 9223372037533488306      /nix/store/vzrbz3lvmiziy3i79rzmk01wfprhwjh0-libtasn1-4.19.0/lib/libtasn1.so.6.6.3
7f93e1bfe000-7f93e1c11000 r--p 00000000 00:293f 9223372037434543708      /nix/store/34xlpp3j3vy7ksn09zh44f1c04w77khf-libunistring-1.0/lib/libunistring.so.2.2.0
7f93e1c11000-7f93e1c46000 r-xp 00013000 00:293f 9223372037434543708      /nix/store/34xlpp3j3vy7ksn09zh44f1c04w77khf-libunistring-1.0/lib/libunistring.so.2.2.0
7f93e1c46000-7f93e1da5000 r--p 00048000 00:293f 9223372037434543708      /nix/store/34xlpp3j3vy7ksn09zh44f1c04w77khf-libunistring-1.0/lib/libunistring.so.2.2.0
7f93e1da5000-7f93e1da9000 r--p 001a6000 00:293f 9223372037434543708      /nix/store/34xlpp3j3vy7ksn09zh44f1c04w77khf-libunistring-1.0/lib/libunistring.so.2.2.0
7f93e1da9000-7f93e1daa000 rw-p 001aa000 00:293f 9223372037434543708      /nix/store/34xlpp3j3vy7ksn09zh44f1c04w77khf-libunistring-1.0/lib/libunistring.so.2.2.0
7f93e1daa000-7f93e1dac000 r--p 00000000 00:293f 9223372037449593805      /nix/store/5mh5019jigj0k14rdnjam1xwk5avn1id-libidn2-2.3.2/lib/libidn2.so.0.3.7
7f93e1dac000-7f93e1db1000 r-xp 00002000 00:293f 9223372037449593805      /nix/store/5mh5019jigj0k14rdnjam1xwk5avn1id-libidn2-2.3.2/lib/libidn2.so.0.3.7
7f93e1db1000-7f93e1dca000 r--p 00007000 00:293f 9223372037449593805      /nix/store/5mh5019jigj0k14rdnjam1xwk5avn1id-libidn2-2.3.2/lib/libidn2.so.0.3.7
7f93e1dca000-7f93e1dcb000 r--p 0001f000 00:293f 9223372037449593805      /nix/store/5mh5019jigj0k14rdnjam1xwk5avn1id-libidn2-2.3.2/lib/libidn2.so.0.3.7
7f93e1dcb000-7f93e1dcc000 rw-p 00020000 00:293f 9223372037449593805      /nix/store/5mh5019jigj0k14rdnjam1xwk5avn1id-libidn2-2.3.2/lib/libidn2.so.0.3.7
7f93e1dcc000-7f93e1dce000 rw-p 00000000 00:00 0 
7f93e1dce000-7f93e1dfa000 r--p 00000000 00:293f 9223372037533599450      /nix/store/h6hww2m19vbc93n6511zvhd810cql278-p11-kit-0.24.1/lib/libp11-kit.so.0.3.0
7f93e1dfa000-7f93e1e93000 r-xp 0002c000 00:293f 9223372037533599450      /nix/store/h6hww2m19vbc93n6511zvhd810cql278-p11-kit-0.24.1/lib/libp11-kit.so.0.3.0
7f93e1e93000-7f93e1eef000 r--p 000c5000 00:293f 9223372037533599450      /nix/store/h6hww2m19vbc93n6511zvhd810cql278-p11-kit-0.24.1/lib/libp11-kit.so.0.3.0
7f93e1eef000-7f93e1efa000 r--p 00120000 00:293f 9223372037533599450      /nix/store/h6hww2m19vbc93n6511zvhd810cql278-p11-kit-0.24.1/lib/libp11-kit.so.0.3.0
7f93e1efa000-7f93e1f04000 rw-p 0012b000 00:293f 9223372037533599450      /nix/store/h6hww2m19vbc93n6511zvhd810cql278-p11-kit-0.24.1/lib/libp11-kit.so.0.3.0
7f93e1f04000-7f93e1f05000 r--p 00000000 00:293f 9223372037532303456      /nix/store/mdck89nsfisflwjv6xv8ydj7dj0sj2pn-gcc-11.3.0-lib/lib/libssp.so.0.0.0
7f93e1f05000-7f93e1f06000 r-xp 00001000 00:293f 9223372037532303456      /nix/store/mdck89nsfisflwjv6xv8ydj7dj0sj2pn-gcc-11.3.0-lib/lib/libssp.so.0.0.0
7f93e1f06000-7f93e1f07000 r--p 00002000 00:293f 9223372037532303456      /nix/store/mdck89nsfisflwjv6xv8ydj7dj0sj2pn-gcc-11.3.0-lib/lib/libssp.so.0.0.0
7f93e1f07000-7f93e1f08000 r--p 00002000 00:293f 9223372037532303456      /nix/store/mdck89nsfisflwjv6xv8ydj7dj0sj2pn-gcc-11.3.0-lib/lib/libssp.so.0.0.0
7f93e1f08000-7f93e1f09000 rw-p 00003000 00:293f 9223372037532303456      /nix/store/mdck89nsfisflwjv6xv8ydj7dj0sj2pn-gcc-11.3.0-lib/lib/libssp.so.0.0.0
7f93e1f09000-7f93e1f32000 r--p 00000000 00:293f 9223372037533729576      /nix/store/9yk4rl8vdkq07n9b1aw757hrpnzd1008-ORBit2-2.14.19/lib/libORBit-2.so.0.1.0
7f93e1f32000-7f93e1f57000 r-xp 00029000 00:293f 9223372037533729576      /nix/store/9yk4rl8vdkq07n9b1aw757hrpnzd1008-ORBit2-2.14.19/lib/libORBit-2.so.0.1.0
7f93e1f57000-7f93e1f6b000 r--p 0004e000 00:293f 9223372037533729576      /nix/store/9yk4rl8vdkq07n9b1aw757hrpnzd1008-ORBit2-2.14.19/lib/libORBit-2.so.0.1.0
7f93e1f6b000-7f93e1f7b000 r--p 00061000 00:293f 9223372037533729576      /nix/store/9yk4rl8vdkq07n9b1aw757hrpnzd1008-ORBit2-2.14.19/lib/libORBit-2.so.0.1.0
7f93e1f7b000-7f93e1f7d000 rw-p 00071000 00:293f 9223372037533729576      /nix/store/9yk4rl8vdkq07n9b1aw757hrpnzd1008-ORBit2-2.14.19/lib/libORBit-2.so.0.1.0
7f93e1f7d000-7f93e1f80000 rw-p 00000000 00:00 0 
7f93e1f80000-7f93e1f81000 r--p 00000000 00:293f 9223372037533874819      /nix/store/g1gfc2843yh6bv457x7m9sv0dp6crlw2-avahi-0.8/lib/libavahi-glib.so.1.0.2
7f93e1f81000-7f93e1f82000 r-xp 00001000 00:293f 9223372037533874819      /nix/store/g1gfc2843yh6bv457x7m9sv0dp6crlw2-avahi-0.8/lib/libavahi-glib.so.1.0.2
7f93e1f82000-7f93e1f83000 r--p 00002000 00:293f 9223372037533874819      /nix/store/g1gfc2843yh6bv457x7m9sv0dp6crlw2-avahi-0.8/lib/libavahi-glib.so.1.0.2
7f93e1f83000-7f93e1f84000 r--p 00002000 00:293f 9223372037533874819      /nix/store/g1gfc2843yh6bv457x7m9sv0dp6crlw2-avahi-0.8/lib/libavahi-glib.so.1.0.2
7f93e1f84000-7f93e1f85000 rw-p 00003000 00:293f 9223372037533874819      /nix/store/g1gfc2843yh6bv457x7m9sv0dp6crlw2-avahi-0.8/lib/libavahi-glib.so.1.0.2
7f93e1f85000-7f93e2041000 r--p 00000000 00:293f 9223372037533484018      /nix/store/4mxnw95jcm5a27qk60z7yc0gvxp42b9a-openssl-3.0.7/lib/libcrypto.so.3
7f93e2041000-7f93e22c8000 r-xp 000bc000 00:293f 9223372037533484018      /nix/store/4mxnw95jcm5a27qk60z7yc0gvxp42b9a-openssl-3.0.7/lib/libcrypto.so.3
7f93e22c8000-7f93e23a3000 r--p 00343000 00:293f 9223372037533484018      /nix/store/4mxnw95jcm5a27qk60z7yc0gvxp42b9a-openssl-3.0.7/lib/libcrypto.so.3
7f93e23a3000-7f93e23fe000 r--p 0041d000 00:293f 9223372037533484018      /nix/store/4mxnw95jcm5a27qk60z7yc0gvxp42b9a-openssl-3.0.7/lib/libcrypto.so.3
7f93e23fe000-7f93e2401000 rw-p 00478000 00:293f 9223372037533484018      /nix/store/4mxnw95jcm5a27qk60z7yc0gvxp42b9a-openssl-3.0.7/lib/libcrypto.so.3
7f93e2401000-7f93e2404000 rw-p 00000000 00:00 0 
7f93e2404000-7f93e2424000 r--p 00000000 00:293f 9223372037533484341      /nix/store/4mxnw95jcm5a27qk60z7yc0gvxp42b9a-openssl-3.0.7/lib/libssl.so.3
7f93e2424000-7f93e2484000 r-xp 00020000 00:293f 9223372037533484341      /nix/store/4mxnw95jcm5a27qk60z7yc0gvxp42b9a-openssl-3.0.7/lib/libssl.so.3
7f93e2484000-7f93e24a3000 r--p 00080000 00:293f 9223372037533484341      /nix/store/4mxnw95jcm5a27qk60z7yc0gvxp42b9a-openssl-3.0.7/lib/libssl.so.3
7f93e24a3000-7f93e24ad000 r--p 0009e000 00:293f 9223372037533484341      /nix/store/4mxnw95jcm5a27qk60z7yc0gvxp42b9a-openssl-3.0.7/lib/libssl.so.3
7f93e24ad000-7f93e24b1000 rw-p 000a8000 00:293f 9223372037533484341      /nix/store/4mxnw95jcm5a27qk60z7yc0gvxp42b9a-openssl-3.0.7/lib/libssl.so.3
7f93e24b1000-7f93e24c0000 r--p 00000000 00:293f 9223372037533874028      /nix/store/y1ffp4g3yl0ijwdl8lgh4hhq3wl8frcc-dbus-1.14.4-lib/lib/libdbus-1.so.3.32.1
7f93e24c0000-7f93e24f1000 r-xp 0000f000 00:293f 9223372037533874028      /nix/store/y1ffp4g3yl0ijwdl8lgh4hhq3wl8frcc-dbus-1.14.4-lib/lib/libdbus-1.so.3.32.1
7f93e24f1000-7f93e2506000 r--p 00040000 00:293f 9223372037533874028      /nix/store/y1ffp4g3yl0ijwdl8lgh4hhq3wl8frcc-dbus-1.14.4-lib/lib/libdbus-1.so.3.32.1
7f93e2506000-7f93e2508000 r--p 00054000 00:293f 9223372037533874028      /nix/store/y1ffp4g3yl0ijwdl8lgh4hhq3wl8frcc-dbus-1.14.4-lib/lib/libdbus-1.so.3.32.1
7f93e2508000-7f93e2509000 rw-p 00056000 00:293f 9223372037533874028      /nix/store/y1ffp4g3yl0ijwdl8lgh4hhq3wl8frcc-dbus-1.14.4-lib/lib/libdbus-1.so.3.32.1
7f93e2509000-7f93e2513000 r--p 00000000 00:293f 9223372037534002261      /nix/store/hfax18sslmvq4q541jxq3bgfhj9cr5zq-dbus-glib-0.112/lib/libdbus-glib-1.so.2.3.5
7f93e2513000-7f93e2528000 r-xp 0000a000 00:293f 9223372037534002261      /nix/store/hfax18sslmvq4q541jxq3bgfhj9cr5zq-dbus-glib-0.112/lib/libdbus-glib-1.so.2.3.5
7f93e2528000-7f93e2531000 r--p 0001f000 00:293f 9223372037534002261      /nix/store/hfax18sslmvq4q541jxq3bgfhj9cr5zq-dbus-glib-0.112/lib/libdbus-glib-1.so.2.3.5
7f93e2531000-7f93e2533000 r--p 00027000 00:293f 9223372037534002261      /nix/store/hfax18sslmvq4q541jxq3bgfhj9cr5zq-dbus-glib-0.112/lib/libdbus-glib-1.so.2.3.5
7f93e2533000-7f93e2534000 rw-p 00029000 00:293f 9223372037534002261      /nix/store/hfax18sslmvq4q541jxq3bgfhj9cr5zq-dbus-glib-0.112/lib/libdbus-glib-1.so.2.3.5
7f93e2534000-7f93e2536000 rw-p 00000000 00:00 0 
7f93e2536000-7f93e256b000 r--p 00000000 00:293f 9223372037533730125      /nix/store/h5slhj7gqpqh5q4jb00xdbcwbl8vqqa7-libxml2-2.10.3/lib/libxml2.so.2.10.3
7f93e256b000-7f93e2649000 r-xp 00035000 00:293f 9223372037533730125      /nix/store/h5slhj7gqpqh5q4jb00xdbcwbl8vqqa7-libxml2-2.10.3/lib/libxml2.so.2.10.3
7f93e2649000-7f93e2690000 r--p 00113000 00:293f 9223372037533730125      /nix/store/h5slhj7gqpqh5q4jb00xdbcwbl8vqqa7-libxml2-2.10.3/lib/libxml2.so.2.10.3
7f93e2690000-7f93e269b000 r--p 00159000 00:293f 9223372037533730125      /nix/store/h5slhj7gqpqh5q4jb00xdbcwbl8vqqa7-libxml2-2.10.3/lib/libxml2.so.2.10.3
7f93e269b000-7f93e269c000 rw-p 00164000 00:293f 9223372037533730125      /nix/store/h5slhj7gqpqh5q4jb00xdbcwbl8vqqa7-libxml2-2.10.3/lib/libxml2.so.2.10.3
7f93e269c000-7f93e269d000 rw-p 00000000 00:00 0 
7f93e269d000-7f93e269e000 r--p 00000000 00:293f 9223372037533612519      /nix/store/2k366jrbsra97gjfxwvrhvixjfxdach5-glib-2.74.1/lib/libgthread-2.0.so.0.7400.1
7f93e269e000-7f93e269f000 r-xp 00001000 00:293f 9223372037533612519      /nix/store/2k366jrbsra97gjfxwvrhvixjfxdach5-glib-2.74.1/lib/libgthread-2.0.so.0.7400.1
7f93e269f000-7f93e26a0000 r--p 00002000 00:293f 9223372037533612519      /nix/store/2k366jrbsra97gjfxwvrhvixjfxdach5-glib-2.74.1/lib/libgthread-2.0.so.0.7400.1
7f93e26a0000-7f93e26a1000 r--p 00002000 00:293f 9223372037533612519      /nix/store/2k366jrbsra97gjfxwvrhvixjfxdach5-glib-2.74.1/lib/libgthread-2.0.so.0.7400.1
7f93e26a1000-7f93e26a2000 rw-p 00003000 00:293f 9223372037533612519      /nix/store/2k366jrbsra97gjfxwvrhvixjfxdach5-glib-2.74.1/lib/libgthread-2.0.so.0.7400.1
7f93e26a2000-7f93e26a9000 r--p 00000000 00:293f 9223372037533486411      /nix/store/ii8xgfqglbvvaiv4isqpy0s7lhqgxrmy-libselinux-3.3/lib/libselinux.so.1
7f93e26a9000-7f93e26c3000 r-xp 00007000 00:293f 9223372037533486411      /nix/store/ii8xgfqglbvvaiv4isqpy0s7lhqgxrmy-libselinux-3.3/lib/libselinux.so.1
7f93e26c3000-7f93e26cb000 r--p 00021000 00:293f 9223372037533486411      /nix/store/ii8xgfqglbvvaiv4isqpy0s7lhqgxrmy-libselinux-3.3/lib/libselinux.so.1
7f93e26cb000-7f93e26cc000 r--p 00028000 00:293f 9223372037533486411      /nix/store/ii8xgfqglbvvaiv4isqpy0s7lhqgxrmy-libselinux-3.3/lib/libselinux.so.1
7f93e26cc000-7f93e26cd000 rw-p 00029000 00:293f 9223372037533486411      /nix/store/ii8xgfqglbvvaiv4isqpy0s7lhqgxrmy-libselinux-3.3/lib/libselinux.so.1
7f93e26cd000-7f93e26cf000 rw-p 00000000 00:00 0 
7f93e26cf000-7f93e26dc000 r--p 00000000 00:293f 9223372037533490659      /nix/store/acvafmp652dj67f4g3sdx68n2mg1afz4-util-linux-minimal-2.38.1-lib/lib/libmount.so.1.1.0
7f93e26dc000-7f93e271b000 r-xp 0000d000 00:293f 9223372037533490659      /nix/store/acvafmp652dj67f4g3sdx68n2mg1afz4-util-linux-minimal-2.38.1-lib/lib/libmount.so.1.1.0
7f93e271b000-7f93e272e000 r--p 0004c000 00:293f 9223372037533490659      /nix/store/acvafmp652dj67f4g3sdx68n2mg1afz4-util-linux-minimal-2.38.1-lib/lib/libmount.so.1.1.0
7f93e272e000-7f93e2730000 r--p 0005f000 00:293f 9223372037533490659      /nix/store/acvafmp652dj67f4g3sdx68n2mg1afz4-util-linux-minimal-2.38.1-lib/lib/libmount.so.1.1.0
7f93e2730000-7f93e2731000 rw-p 00061000 00:293f 9223372037533490659      /nix/store/acvafmp652dj67f4g3sdx68n2mg1afz4-util-linux-minimal-2.38.1-lib/lib/libmount.so.1.1.0
7f93e2731000-7f93e2733000 rw-p 00000000 00:00 0 
7f93e2733000-7f93e273f000 r--p 00000000 00:293f 9223372037533729722      /nix/store/2jrs0v6gypniiqi9c1h8498q3iikmcw5-harfbuzz-5.2.0/lib/libharfbuzz.so.0.50200.0
7f93e273f000-7f93e27ff000 r-xp 0000c000 00:293f 9223372037533729722      /nix/store/2jrs0v6gypniiqi9c1h8498q3iikmcw5-harfbuzz-5.2.0/lib/libharfbuzz.so.0.50200.0
7f93e27ff000-7f93e2838000 r--p 000cc000 00:293f 9223372037533729722      /nix/store/2jrs0v6gypniiqi9c1h8498q3iikmcw5-harfbuzz-5.2.0/lib/libharfbuzz.so.0.50200.0
7f93e2838000-7f93e2839000 r--p 00105000 00:293f 9223372037533729722      /nix/store/2jrs0v6gypniiqi9c1h8498q3iikmcw5-harfbuzz-5.2.0/lib/libharfbuzz.so.0.50200.0
7f93e2839000-7f93e283a000 rw-p 00106000 00:293f 9223372037533729722      /nix/store/2jrs0v6gypniiqi9c1h8498q3iikmcw5-harfbuzz-5.2.0/lib/libharfbuzz.so.0.50200.0
7f93e283a000-7f93e285b000 r--p 00000000 00:293f 9223372037533612455      /nix/store/2k366jrbsra97gjfxwvrhvixjfxdach5-glib-2.74.1/lib/libglib-2.0.so.0.7400.1
7f93e285b000-7f93e28e8000 r-xp 00021000 00:293f 9223372037533612455      /nix/store/2k366jrbsra97gjfxwvrhvixjfxdach5-glib-2.74.1/lib/libglib-2.0.so.0.7400.1
7f93e28e8000-7f93e2974000 r--p 000ae000 00:293f 9223372037533612455      /nix/store/2k366jrbsra97gjfxwvrhvixjfxdach5-glib-2.74.1/lib/libglib-2.0.so.0.7400.1
7f93e2974000-7f93e2975000 r--p 00139000 00:293f 9223372037533612455      /nix/store/2k366jrbsra97gjfxwvrhvixjfxdach5-glib-2.74.1/lib/libglib-2.0.so.0.7400.1
7f93e2975000-7f93e2976000 rw-p 0013a000 00:293f 9223372037533612455      /nix/store/2k366jrbsra97gjfxwvrhvixjfxdach5-glib-2.74.1/lib/libglib-2.0.so.0.7400.1
7f93e2976000-7f93e2977000 rw-p 00000000 00:00 0 
7f93e2977000-7f93e2987000 r--p 00000000 00:293f 9223372037533612500      /nix/store/2k366jrbsra97gjfxwvrhvixjfxdach5-glib-2.74.1/lib/libgobject-2.0.so.0.7400.1
7f93e2987000-7f93e29ba000 r-xp 00010000 00:293f 9223372037533612500      /nix/store/2k366jrbsra97gjfxwvrhvixjfxdach5-glib-2.74.1/lib/libgobject-2.0.so.0.7400.1
7f93e29ba000-7f93e29d4000 r--p 00043000 00:293f 9223372037533612500      /nix/store/2k366jrbsra97gjfxwvrhvixjfxdach5-glib-2.74.1/lib/libgobject-2.0.so.0.7400.1
7f93e29d4000-7f93e29d7000 r--p 0005d000 00:293f 9223372037533612500      /nix/store/2k366jrbsra97gjfxwvrhvixjfxdach5-glib-2.74.1/lib/libgobject-2.0.so.0.7400.1
7f93e29d7000-7f93e29d8000 rw-p 00060000 00:293f 9223372037533612500      /nix/store/2k366jrbsra97gjfxwvrhvixjfxdach5-glib-2.74.1/lib/libgobject-2.0.so.0.7400.1
7f93e29d8000-7f93e29eb000 r--p 00000000 00:293f 9223372037533730810      /nix/store/jlkg24hm8bwrg3x4a517w3gb2qrxn7g4-pango-1.50.11/lib/libpango-1.0.so.0.5000.11
7f93e29eb000-7f93e2a1f000 r-xp 00013000 00:293f 9223372037533730810      /nix/store/jlkg24hm8bwrg3x4a517w3gb2qrxn7g4-pango-1.50.11/lib/libpango-1.0.so.0.5000.11
7f93e2a1f000-7f93e2a3a000 r--p 00047000 00:293f 9223372037533730810      /nix/store/jlkg24hm8bwrg3x4a517w3gb2qrxn7g4-pango-1.50.11/lib/libpango-1.0.so.0.5000.11
7f93e2a3a000-7f93e2a3e000 r--p 00061000 00:293f 9223372037533730810      /nix/store/jlkg24hm8bwrg3x4a517w3gb2qrxn7g4-pango-1.50.11/lib/libpango-1.0.so.0.5000.11
7f93e2a3e000-7f93e2a3f000 rw-p 00065000 00:293f 9223372037533730810      /nix/store/jlkg24hm8bwrg3x4a517w3gb2qrxn7g4-pango-1.50.11/lib/libpango-1.0.so.0.5000.11
7f93e2a3f000-7f93e2a47000 r--p 00000000 00:293f 9223372037533730816      /nix/store/jlkg24hm8bwrg3x4a517w3gb2qrxn7g4-pango-1.50.11/lib/libpangoft2-1.0.so.0.5000.11
7f93e2a47000-7f93e2a53000 r-xp 00008000 00:293f 9223372037533730816      /nix/store/jlkg24hm8bwrg3x4a517w3gb2qrxn7g4-pango-1.50.11/lib/libpangoft2-1.0.so.0.5000.11
7f93e2a53000-7f93e2a58000 r--p 00014000 00:293f 9223372037533730816      /nix/store/jlkg24hm8bwrg3x4a517w3gb2qrxn7g4-pango-1.50.11/lib/libpangoft2-1.0.so.0.5000.11
7f93e2a58000-7f93e2a59000 r--p 00018000 00:293f 9223372037533730816      /nix/store/jlkg24hm8bwrg3x4a517w3gb2qrxn7g4-pango-1.50.11/lib/libpangoft2-1.0.so.0.5000.11
7f93e2a59000-7f93e2a5a000 rw-p 00019000 00:293f 9223372037533730816      /nix/store/jlkg24hm8bwrg3x4a517w3gb2qrxn7g4-pango-1.50.11/lib/libpangoft2-1.0.so.0.5000.11
7f93e2a5a000-7f93e2a62000 r--p 00000000 00:293f 9223372037533730234      /nix/store/crz3s569f4dyc5ynldizlk53g6bkw7s5-gdk-pixbuf-2.42.10/lib/libgdk_pixbuf-2.0.so.0.4200.10
7f93e2a62000-7f93e2a7c000 r-xp 00008000 00:293f 9223372037533730234      /nix/store/crz3s569f4dyc5ynldizlk53g6bkw7s5-gdk-pixbuf-2.42.10/lib/libgdk_pixbuf-2.0.so.0.4200.10
7f93e2a7c000-7f93e2a86000 r--p 00022000 00:293f 9223372037533730234      /nix/store/crz3s569f4dyc5ynldizlk53g6bkw7s5-gdk-pixbuf-2.42.10/lib/libgdk_pixbuf-2.0.so.0.4200.10
7f93e2a86000-7f93e2a87000 r--p 0002c000 00:293f 9223372037533730234      /nix/store/crz3s569f4dyc5ynldizlk53g6bkw7s5-gdk-pixbuf-2.42.10/lib/libgdk_pixbuf-2.0.so.0.4200.10
7f93e2a87000-7f93e2a88000 rw-p 0002d000 00:293f 9223372037533730234      /nix/store/crz3s569f4dyc5ynldizlk53g6bkw7s5-gdk-pixbuf-2.42.10/lib/libgdk_pixbuf-2.0.so.0.4200.10
7f93e2a88000-7f93e2a8a000 rw-p 00000000 00:00 0 
7f93e2a8a000-7f93e2a9f000 r--p 00000000 00:293f 9223372037533614425      /nix/store/72mqxxhh3cy5yifh92wh2yb8cl2hikyy-cairo-1.16.0/lib/libcairo.so.2.11600.0
7f93e2a9f000-7f93e2b7e000 r-xp 00015000 00:293f 9223372037533614425      /nix/store/72mqxxhh3cy5yifh92wh2yb8cl2hikyy-cairo-1.16.0/lib/libcairo.so.2.11600.0
7f93e2b7e000-7f93e2bc0000 r--p 000f4000 00:293f 9223372037533614425      /nix/store/72mqxxhh3cy5yifh92wh2yb8cl2hikyy-cairo-1.16.0/lib/libcairo.so.2.11600.0
7f93e2bc0000-7f93e2bc4000 r--p 00135000 00:293f 9223372037533614425      /nix/store/72mqxxhh3cy5yifh92wh2yb8cl2hikyy-cairo-1.16.0/lib/libcairo.so.2.11600.0
7f93e2bc4000-7f93e2bc5000 rw-p 00139000 00:293f 9223372037533614425      /nix/store/72mqxxhh3cy5yifh92wh2yb8cl2hikyy-cairo-1.16.0/lib/libcairo.so.2.11600.0
7f93e2bc5000-7f93e2bc7000 rw-p 00000000 00:00 0 
7f93e2bc7000-7f93e2bd2000 r--p 00000000 00:293f 9223372037533874175      /nix/store/6jl8x6kl4ldd8x3g731x1l04cpfyar2g-at-spi2-core-2.46.0/lib/libatk-1.0.so.0.24609.1
7f93e2bd2000-7f93e2be1000 r-xp 0000b000 00:293f 9223372037533874175      /nix/store/6jl8x6kl4ldd8x3g731x1l04cpfyar2g-at-spi2-core-2.46.0/lib/libatk-1.0.so.0.24609.1
7f93e2be1000-7f93e2bed000 r--p 0001a000 00:293f 9223372037533874175      /nix/store/6jl8x6kl4ldd8x3g731x1l04cpfyar2g-at-spi2-core-2.46.0/lib/libatk-1.0.so.0.24609.1
7f93e2bed000-7f93e2bf0000 r--p 00025000 00:293f 9223372037533874175      /nix/store/6jl8x6kl4ldd8x3g731x1l04cpfyar2g-at-spi2-core-2.46.0/lib/libatk-1.0.so.0.24609.1
7f93e2bf0000-7f93e2bf1000 rw-p 00028000 00:293f 9223372037533874175      /nix/store/6jl8x6kl4ldd8x3g731x1l04cpfyar2g-at-spi2-core-2.46.0/lib/libatk-1.0.so.0.24609.1
7f93e2bf1000-7f93e2bf2000 r--p 00000000 00:293f 9223372037533490843      /nix/store/swg93im3s35jqdf5cqynq8qskzw6v3a8-libXcomposite-0.4.5/lib/libXcomposite.so.1.0.0
7f93e2bf2000-7f93e2bf3000 r-xp 00001000 00:293f 9223372037533490843      /nix/store/swg93im3s35jqdf5cqynq8qskzw6v3a8-libXcomposite-0.4.5/lib/libXcomposite.so.1.0.0
7f93e2bf3000-7f93e2bf4000 r--p 00002000 00:293f 9223372037533490843      /nix/store/swg93im3s35jqdf5cqynq8qskzw6v3a8-libXcomposite-0.4.5/lib/libXcomposite.so.1.0.0
7f93e2bf4000-7f93e2bf5000 r--p 00002000 00:293f 9223372037533490843      /nix/store/swg93im3s35jqdf5cqynq8qskzw6v3a8-libXcomposite-0.4.5/lib/libXcomposite.so.1.0.0
7f93e2bf5000-7f93e2bf6000 rw-p 00003000 00:293f 9223372037533490843      /nix/store/swg93im3s35jqdf5cqynq8qskzw6v3a8-libXcomposite-0.4.5/lib/libXcomposite.so.1.0.0
7f93e2bf6000-7f93e2bf8000 r--p 00000000 00:293f 9223372037533478493      /nix/store/cr7ldrd6xlq4rgqr99yygy43f77zdk1x-libXfixes-6.0.0/lib/libXfixes.so.3.1.0
7f93e2bf8000-7f93e2bfb000 r-xp 00002000 00:293f 9223372037533478493      /nix/store/cr7ldrd6xlq4rgqr99yygy43f77zdk1x-libXfixes-6.0.0/lib/libXfixes.so.3.1.0
7f93e2bfb000-7f93e2bfc000 r--p 00005000 00:293f 9223372037533478493      /nix/store/cr7ldrd6xlq4rgqr99yygy43f77zdk1x-libXfixes-6.0.0/lib/libXfixes.so.3.1.0
7f93e2bfc000-7f93e2bfd000 r--p 00006000 00:293f 9223372037533478493      /nix/store/cr7ldrd6xlq4rgqr99yygy43f77zdk1x-libXfixes-6.0.0/lib/libXfixes.so.3.1.0
7f93e2bfd000-7f93e2bfe000 rw-p 00007000 00:293f 9223372037533478493      /nix/store/cr7ldrd6xlq4rgqr99yygy43f77zdk1x-libXfixes-6.0.0/lib/libXfixes.so.3.1.0
7f93e2bfe000-7f93e2c03000 r--p 00000000 00:293f 9223372037533730813      /nix/store/jlkg24hm8bwrg3x4a517w3gb2qrxn7g4-pango-1.50.11/lib/libpangocairo-1.0.so.0.5000.11
7f93e2c03000-7f93e2c0a000 r-xp 00005000 00:293f 9223372037533730813      /nix/store/jlkg24hm8bwrg3x4a517w3gb2qrxn7g4-pango-1.50.11/lib/libpangocairo-1.0.so.0.5000.11
7f93e2c0a000-7f93e2c0d000 r--p 0000c000 00:293f 9223372037533730813      /nix/store/jlkg24hm8bwrg3x4a517w3gb2qrxn7g4-pango-1.50.11/lib/libpangocairo-1.0.so.0.5000.11
7f93e2c0d000-7f93e2c0e000 r--p 0000e000 00:293f 9223372037533730813      /nix/store/jlkg24hm8bwrg3x4a517w3gb2qrxn7g4-pango-1.50.11/lib/libpangocairo-1.0.so.0.5000.11
7f93e2c0e000-7f93e2c0f000 rw-p 0000f000 00:293f 9223372037533730813      /nix/store/jlkg24hm8bwrg3x4a517w3gb2qrxn7g4-pango-1.50.11/lib/libpangocairo-1.0.so.0.5000.11
7f93e2c0f000-7f93e2c11000 rw-p 00000000 00:00 0 
7f93e2c11000-7f93e2c13000 r--p 00000000 00:293f 9223372037533612497      /nix/store/2k366jrbsra97gjfxwvrhvixjfxdach5-glib-2.74.1/lib/libgmodule-2.0.so.0.7400.1
7f93e2c13000-7f93e2c15000 r-xp 00002000 00:293f 9223372037533612497      /nix/store/2k366jrbsra97gjfxwvrhvixjfxdach5-glib-2.74.1/lib/libgmodule-2.0.so.0.7400.1
7f93e2c15000-7f93e2c16000 r--p 00004000 00:293f 9223372037533612497      /nix/store/2k366jrbsra97gjfxwvrhvixjfxdach5-glib-2.74.1/lib/libgmodule-2.0.so.0.7400.1
7f93e2c16000-7f93e2c17000 r--p 00004000 00:293f 9223372037533612497      /nix/store/2k366jrbsra97gjfxwvrhvixjfxdach5-glib-2.74.1/lib/libgmodule-2.0.so.0.7400.1
7f93e2c17000-7f93e2c18000 rw-p 00005000 00:293f 9223372037533612497      /nix/store/2k366jrbsra97gjfxwvrhvixjfxdach5-glib-2.74.1/lib/libgmodule-2.0.so.0.7400.1
7f93e2c18000-7f93e2c1b000 r--p 00000000 00:293f 9223372037533491016      /nix/store/mnf2gsd24llnva76k5qgirvkg16pic4z-libXcursor-1.2.0/lib/libXcursor.so.1.0.2
7f93e2c1b000-7f93e2c21000 r-xp 00003000 00:293f 9223372037533491016      /nix/store/mnf2gsd24llnva76k5qgirvkg16pic4z-libXcursor-1.2.0/lib/libXcursor.so.1.0.2
7f93e2c21000-7f93e2c23000 r--p 00009000 00:293f 9223372037533491016      /nix/store/mnf2gsd24llnva76k5qgirvkg16pic4z-libXcursor-1.2.0/lib/libXcursor.so.1.0.2
7f93e2c23000-7f93e2c24000 r--p 0000a000 00:293f 9223372037533491016      /nix/store/mnf2gsd24llnva76k5qgirvkg16pic4z-libXcursor-1.2.0/lib/libXcursor.so.1.0.2
7f93e2c24000-7f93e2c25000 rw-p 0000b000 00:293f 9223372037533491016      /nix/store/mnf2gsd24llnva76k5qgirvkg16pic4z-libXcursor-1.2.0/lib/libXcursor.so.1.0.2
7f93e2c25000-7f93e2c28000 r--p 00000000 00:293f 9223372037533490909      /nix/store/bjhi22jj82f08b3mk58p8vaj1778jyzi-libXi-1.8/lib/libXi.so.6.1.0
7f93e2c28000-7f93e2c34000 r-xp 00003000 00:293f 9223372037533490909      /nix/store/bjhi22jj82f08b3mk58p8vaj1778jyzi-libXi-1.8/lib/libXi.so.6.1.0
7f93e2c34000-7f93e2c37000 r--p 0000f000 00:293f 9223372037533490909      /nix/store/bjhi22jj82f08b3mk58p8vaj1778jyzi-libXi-1.8/lib/libXi.so.6.1.0
7f93e2c37000-7f93e2c38000 r--p 00011000 00:293f 9223372037533490909      /nix/store/bjhi22jj82f08b3mk58p8vaj1778jyzi-libXi-1.8/lib/libXi.so.6.1.0
7f93e2c38000-7f93e2c39000 rw-p 00012000 00:293f 9223372037533490909      /nix/store/bjhi22jj82f08b3mk58p8vaj1778jyzi-libXi-1.8/lib/libXi.so.6.1.0
7f93e2c39000-7f93e2c57000 r--p 00000000 00:293f 9223372037534002441      /nix/store/jpimcg7iyg5ii67yd400ak0gvn00x3l7-gtk+-2.24.33/lib/libgdk-x11-2.0.so.0.2400.33
7f93e2c57000-7f93e2cb5000 r-xp 0001e000 00:293f 9223372037534002441      /nix/store/jpimcg7iyg5ii67yd400ak0gvn00x3l7-gtk+-2.24.33/lib/libgdk-x11-2.0.so.0.2400.33
7f93e2cb5000-7f93e2cf0000 r--p 0007c000 00:293f 9223372037534002441      /nix/store/jpimcg7iyg5ii67yd400ak0gvn00x3l7-gtk+-2.24.33/lib/libgdk-x11-2.0.so.0.2400.33
7f93e2cf0000-7f93e2cf5000 r--p 000b7000 00:293f 9223372037534002441      /nix/store/jpimcg7iyg5ii67yd400ak0gvn00x3l7-gtk+-2.24.33/lib/libgdk-x11-2.0.so.0.2400.33
7f93e2cf5000-7f93e2cf6000 rw-p 000bc000 00:293f 9223372037534002441      /nix/store/jpimcg7iyg5ii67yd400ak0gvn00x3l7-gtk+-2.24.33/lib/libgdk-x11-2.0.so.0.2400.33
7f93e2cf6000-7f93e2cf8000 rw-p 00000000 00:00 0 
7f93e2cf8000-7f93e2cfa000 r--p 00000000 00:293f 9223372037533478636      /nix/store/13cv29rz58179gnajkjcc2ibm9xvw5fk-libXrender-0.9.10/lib/libXrender.so.1.3.0
7f93e2cfa000-7f93e2d01000 r-xp 00002000 00:293f 9223372037533478636      /nix/store/13cv29rz58179gnajkjcc2ibm9xvw5fk-libXrender-0.9.10/lib/libXrender.so.1.3.0
7f93e2d01000-7f93e2d03000 r--p 00009000 00:293f 9223372037533478636      /nix/store/13cv29rz58179gnajkjcc2ibm9xvw5fk-libXrender-0.9.10/lib/libXrender.so.1.3.0
7f93e2d03000-7f93e2d04000 r--p 0000a000 00:293f 9223372037533478636      /nix/store/13cv29rz58179gnajkjcc2ibm9xvw5fk-libXrender-0.9.10/lib/libXrender.so.1.3.0
7f93e2d04000-7f93e2d05000 rw-p 0000b000 00:293f 9223372037533478636      /nix/store/13cv29rz58179gnajkjcc2ibm9xvw5fk-libXrender-0.9.10/lib/libXrender.so.1.3.0
7f93e2d05000-7f93e2d09000 r--p 00000000 00:293f 9223372037533478445      /nix/store/qvvaq9p7lw05r7szvsx3c17ca5x8h982-libXext-1.3.4/lib/libXext.so.6.4.0
7f93e2d09000-7f93e2d14000 r-xp 00004000 00:293f 9223372037533478445      /nix/store/qvvaq9p7lw05r7szvsx3c17ca5x8h982-libXext-1.3.4/lib/libXext.so.6.4.0
7f93e2d14000-7f93e2d18000 r--p 0000f000 00:293f 9223372037533478445      /nix/store/qvvaq9p7lw05r7szvsx3c17ca5x8h982-libXext-1.3.4/lib/libXext.so.6.4.0
7f93e2d18000-7f93e2d19000 r--p 00012000 00:293f 9223372037533478445      /nix/store/qvvaq9p7lw05r7szvsx3c17ca5x8h982-libXext-1.3.4/lib/libXext.so.6.4.0
7f93e2d19000-7f93e2d1a000 rw-p 00013000 00:293f 9223372037533478445      /nix/store/qvvaq9p7lw05r7szvsx3c17ca5x8h982-libXext-1.3.4/lib/libXext.so.6.4.0
7f93e2d1a000-7f93e2d38000 r--p 00000000 00:293f 9223372037533476047      /nix/store/w3zzhfl4a7xp0xfflz2gawv02y8ba9z8-libX11-1.8.1/lib/libX11.so.6.4.0
7f93e2d38000-7f93e2dc4000 r-xp 0001e000 00:293f 9223372037533476047      /nix/store/w3zzhfl4a7xp0xfflz2gawv02y8ba9z8-libX11-1.8.1/lib/libX11.so.6.4.0
7f93e2dc4000-7f93e2e59000 r--p 000aa000 00:293f 9223372037533476047      /nix/store/w3zzhfl4a7xp0xfflz2gawv02y8ba9z8-libX11-1.8.1/lib/libX11.so.6.4.0
7f93e2e59000-7f93e2e5a000 r--p 0013f000 00:293f 9223372037533476047      /nix/store/w3zzhfl4a7xp0xfflz2gawv02y8ba9z8-libX11-1.8.1/lib/libX11.so.6.4.0
7f93e2e5a000-7f93e2e5f000 rw-p 00140000 00:293f 9223372037533476047      /nix/store/w3zzhfl4a7xp0xfflz2gawv02y8ba9z8-libX11-1.8.1/lib/libX11.so.6.4.0
7f93e2e5f000-7f93e2e61000 rw-p 00000000 00:00 0 
7f93e2e61000-7f93e2e6f000 r--p 00000000 00:293f 9223372037455367831      /nix/store/4nlgxhb09sdr51nc9hdm8az5b08vzkgx-glibc-2.35-163/lib/libm.so.6
7f93e2e6f000-7f93e2ee2000 r-xp 0000e000 00:293f 9223372037455367831      /nix/store/4nlgxhb09sdr51nc9hdm8az5b08vzkgx-glibc-2.35-163/lib/libm.so.6
7f93e2ee2000-7f93e2f3f000 r--p 00081000 00:293f 9223372037455367831      /nix/store/4nlgxhb09sdr51nc9hdm8az5b08vzkgx-glibc-2.35-163/lib/libm.so.6
7f93e2f3f000-7f93e2f40000 r--p 000dd000 00:293f 9223372037455367831      /nix/store/4nlgxhb09sdr51nc9hdm8az5b08vzkgx-glibc-2.35-163/lib/libm.so.6
7f93e2f40000-7f93e2f41000 rw-p 000de000 00:293f 9223372037455367831      /nix/store/4nlgxhb09sdr51nc9hdm8az5b08vzkgx-glibc-2.35-163/lib/libm.so.6
7f93e2f41000-7f93e2f7a000 r--p 00000000 00:293f 9223372037533614380      /nix/store/mq9jfv5yzjr626nszc429pkbg6qc22wa-gnutls-3.7.8/lib/libgnutls.so.30.34.2
7f93e2f7a000-7f93e30a6000 r-xp 00039000 00:293f 9223372037533614380      /nix/store/mq9jfv5yzjr626nszc429pkbg6qc22wa-gnutls-3.7.8/lib/libgnutls.so.30.34.2
7f93e30a6000-7f93e3140000 r--p 00165000 00:293f 9223372037533614380      /nix/store/mq9jfv5yzjr626nszc429pkbg6qc22wa-gnutls-3.7.8/lib/libgnutls.so.30.34.2
7f93e3140000-7f93e3151000 r--p 001fe000 00:293f 9223372037533614380      /nix/store/mq9jfv5yzjr626nszc429pkbg6qc22wa-gnutls-3.7.8/lib/libgnutls.so.30.34.2
7f93e3151000-7f93e3153000 rw-p 0020f000 00:293f 9223372037533614380      /nix/store/mq9jfv5yzjr626nszc429pkbg6qc22wa-gnutls-3.7.8/lib/libgnutls.so.30.34.2
7f93e3153000-7f93e3157000 rw-p 00000000 00:00 0 
7f93e3157000-7f93e315b000 r--p 00000000 00:293f 9223372037533874691      /nix/store/g1gfc2843yh6bv457x7m9sv0dp6crlw2-avahi-0.8/lib/libavahi-client.so.3.2.9
7f93e315b000-7f93e3164000 r-xp 00004000 00:293f 9223372037533874691      /nix/store/g1gfc2843yh6bv457x7m9sv0dp6crlw2-avahi-0.8/lib/libavahi-client.so.3.2.9
7f93e3164000-7f93e3168000 r--p 0000d000 00:293f 9223372037533874691      /nix/store/g1gfc2843yh6bv457x7m9sv0dp6crlw2-avahi-0.8/lib/libavahi-client.so.3.2.9
7f93e3168000-7f93e3169000 r--p 00011000 00:293f 9223372037533874691      /nix/store/g1gfc2843yh6bv457x7m9sv0dp6crlw2-avahi-0.8/lib/libavahi-client.so.3.2.9
7f93e3169000-7f93e316a000 rw-p 00012000 00:293f 9223372037533874691      /nix/store/g1gfc2843yh6bv457x7m9sv0dp6crlw2-avahi-0.8/lib/libavahi-client.so.3.2.9
7f93e316a000-7f93e316e000 r--p 00000000 00:293f 9223372037533874708      /nix/store/g1gfc2843yh6bv457x7m9sv0dp6crlw2-avahi-0.8/lib/libavahi-common.so.3.5.4
7f93e316e000-7f93e3174000 r-xp 00004000 00:293f 9223372037533874708      /nix/store/g1gfc2843yh6bv457x7m9sv0dp6crlw2-avahi-0.8/lib/libavahi-common.so.3.5.4
7f93e3174000-7f93e3177000 r--p 0000a000 00:293f 9223372037533874708      /nix/store/g1gfc2843yh6bv457x7m9sv0dp6crlw2-avahi-0.8/lib/libavahi-common.so.3.5.4
7f93e3177000-7f93e3178000 r--p 0000d000 00:293f 9223372037533874708      /nix/store/g1gfc2843yh6bv457x7m9sv0dp6crlw2-avahi-0.8/lib/libavahi-common.so.3.5.4
7f93e3178000-7f93e3179000 rw-p 0000e000 00:293f 9223372037533874708      /nix/store/g1gfc2843yh6bv457x7m9sv0dp6crlw2-avahi-0.8/lib/libavahi-common.so.3.5.4
7f93e3179000-7f93e317d000 r--p 00000000 00:293f 9223372037523930339      /nix/store/4lkjvagv0bqq58qpysfabw66rqrbddgb-expat-2.5.0/lib/libexpat.so.1.8.10
7f93e317d000-7f93e319c000 r-xp 00004000 00:293f 9223372037523930339      /nix/store/4lkjvagv0bqq58qpysfabw66rqrbddgb-expat-2.5.0/lib/libexpat.so.1.8.10
7f93e319c000-7f93e31a6000 r--p 00023000 00:293f 9223372037523930339      /nix/store/4lkjvagv0bqq58qpysfabw66rqrbddgb-expat-2.5.0/lib/libexpat.so.1.8.10
7f93e31a6000-7f93e31a8000 r--p 0002d000 00:293f 9223372037523930339      /nix/store/4lkjvagv0bqq58qpysfabw66rqrbddgb-expat-2.5.0/lib/libexpat.so.1.8.10
7f93e31a8000-7f93e31a9000 rw-p 0002f000 00:293f 9223372037523930339      /nix/store/4lkjvagv0bqq58qpysfabw66rqrbddgb-expat-2.5.0/lib/libexpat.so.1.8.10
7f93e31a9000-7f93e31ab000 rw-p 00000000 00:00 0 
7f93e31ab000-7f93e31b1000 r--p 00000000 00:293f 9223372037533613543      /nix/store/d9i9f63d1121378id4kf2swn06a5grwa-libpng-apng-1.6.37/lib/libpng16.so.16.37.0
7f93e31b1000-7f93e31d7000 r-xp 00006000 00:293f 9223372037533613543      /nix/store/d9i9f63d1121378id4kf2swn06a5grwa-libpng-apng-1.6.37/lib/libpng16.so.16.37.0
7f93e31d7000-7f93e31e3000 r--p 0002c000 00:293f 9223372037533613543      /nix/store/d9i9f63d1121378id4kf2swn06a5grwa-libpng-apng-1.6.37/lib/libpng16.so.16.37.0
7f93e31e3000-7f93e31e4000 r--p 00037000 00:293f 9223372037533613543      /nix/store/d9i9f63d1121378id4kf2swn06a5grwa-libpng-apng-1.6.37/lib/libpng16.so.16.37.0
7f93e31e4000-7f93e31e5000 rw-p 00038000 00:293f 9223372037533613543      /nix/store/d9i9f63d1121378id4kf2swn06a5grwa-libpng-apng-1.6.37/lib/libpng16.so.16.37.0
7f93e31e5000-7f93e31e7000 r--p 00000000 00:293f 9223372037518430836      /nix/store/ysl6qj5r7nn63b16954dhk7x47r5yq7i-bzip2-1.0.8/lib/libbz2.so.1.0.8
7f93e31e7000-7f93e31f4000 r-xp 00002000 00:293f 9223372037518430836      /nix/store/ysl6qj5r7nn63b16954dhk7x47r5yq7i-bzip2-1.0.8/lib/libbz2.so.1.0.8
7f93e31f4000-7f93e31f6000 r--p 0000f000 00:293f 9223372037518430836      /nix/store/ysl6qj5r7nn63b16954dhk7x47r5yq7i-bzip2-1.0.8/lib/libbz2.so.1.0.8
7f93e31f6000-7f93e31f7000 r--p 00010000 00:293f 9223372037518430836      /nix/store/ysl6qj5r7nn63b16954dhk7x47r5yq7i-bzip2-1.0.8/lib/libbz2.so.1.0.8
7f93e31f7000-7f93e31f8000 rw-p 00011000 00:293f 9223372037518430836      /nix/store/ysl6qj5r7nn63b16954dhk7x47r5yq7i-bzip2-1.0.8/lib/libbz2.so.1.0.8
7f93e31f8000-7f93e3206000 r--p 00000000 00:293f 9223372037533614093      /nix/store/shxbchcb9zl755mvlhf0ll61hz8s6imm-freetype-2.12.1/lib/libfreetype.so.6.18.3
7f93e3206000-7f93e328c000 r-xp 0000e000 00:293f 9223372037533614093      /nix/store/shxbchcb9zl755mvlhf0ll61hz8s6imm-freetype-2.12.1/lib/libfreetype.so.6.18.3
7f93e328c000-7f93e32b7000 r--p 00094000 00:293f 9223372037533614093      /nix/store/shxbchcb9zl755mvlhf0ll61hz8s6imm-freetype-2.12.1/lib/libfreetype.so.6.18.3
7f93e32b7000-7f93e32bf000 r--p 000be000 00:293f 9223372037533614093      /nix/store/shxbchcb9zl755mvlhf0ll61hz8s6imm-freetype-2.12.1/lib/libfreetype.so.6.18.3
7f93e32bf000-7f93e32c0000 rw-p 000c6000 00:293f 9223372037533614093      /nix/store/shxbchcb9zl755mvlhf0ll61hz8s6imm-freetype-2.12.1/lib/libfreetype.so.6.18.3
7f93e32c0000-7f93e32d1000 r--p 00000000 00:293f 9223372037534122125      /nix/store/3814q7yzfvk2jsdd8a93lqsi2qyhi2a9-gconf-3.2.6/lib/libgconf-2.so.4.1.5
7f93e32d1000-7f93e32f0000 r-xp 00011000 00:293f 9223372037534122125      /nix/store/3814q7yzfvk2jsdd8a93lqsi2qyhi2a9-gconf-3.2.6/lib/libgconf-2.so.4.1.5
7f93e32f0000-7f93e32fe000 r--p 00030000 00:293f 9223372037534122125      /nix/store/3814q7yzfvk2jsdd8a93lqsi2qyhi2a9-gconf-3.2.6/lib/libgconf-2.so.4.1.5
7f93e32fe000-7f93e3301000 r--p 0003d000 00:293f 9223372037534122125      /nix/store/3814q7yzfvk2jsdd8a93lqsi2qyhi2a9-gconf-3.2.6/lib/libgconf-2.so.4.1.5
7f93e3301000-7f93e3303000 rw-p 00040000 00:293f 9223372037534122125      /nix/store/3814q7yzfvk2jsdd8a93lqsi2qyhi2a9-gconf-3.2.6/lib/libgconf-2.so.4.1.5
7f93e3303000-7f93e3305000 rw-p 00000000 00:00 0 
7f93e3305000-7f93e331c000 r--p 00000000 00:293f 9223372037534123735      /nix/store/y056fs7d6j488j49bwjcl7bwrqg3ia1v-gnome-vfs-2.24.4/lib/libgnomevfs-2.so.0.2400.4
7f93e331c000-7f93e3355000 r-xp 00017000 00:293f 9223372037534123735      /nix/store/y056fs7d6j488j49bwjcl7bwrqg3ia1v-gnome-vfs-2.24.4/lib/libgnomevfs-2.so.0.2400.4
7f93e3355000-7f93e336e000 r--p 00050000 00:293f 9223372037534123735      /nix/store/y056fs7d6j488j49bwjcl7bwrqg3ia1v-gnome-vfs-2.24.4/lib/libgnomevfs-2.so.0.2400.4
7f93e336e000-7f93e3372000 r--p 00068000 00:293f 9223372037534123735      /nix/store/y056fs7d6j488j49bwjcl7bwrqg3ia1v-gnome-vfs-2.24.4/lib/libgnomevfs-2.so.0.2400.4
7f93e3372000-7f93e3373000 rw-p 0006c000 00:293f 9223372037534123735      /nix/store/y056fs7d6j488j49bwjcl7bwrqg3ia1v-gnome-vfs-2.24.4/lib/libgnomevfs-2.so.0.2400.4
7f93e3373000-7f93e3374000 rw-p 00000000 00:00 0 
7f93e3374000-7f93e33b4000 r--p 00000000 00:293f 9223372037533612376      /nix/store/2k366jrbsra97gjfxwvrhvixjfxdach5-glib-2.74.1/lib/libgio-2.0.so.0.7400.1
7f93e33b4000-7f93e34c2000 r-xp 00040000 00:293f 9223372037533612376      /nix/store/2k366jrbsra97gjfxwvrhvixjfxdach5-glib-2.74.1/lib/libgio-2.0.so.0.7400.1
7f93e34c2000-7f93e354f000 r--p 0014e000 00:293f 9223372037533612376      /nix/store/2k366jrbsra97gjfxwvrhvixjfxdach5-glib-2.74.1/lib/libgio-2.0.so.0.7400.1
7f93e354f000-7f93e3558000 r--p 001da000 00:293f 9223372037533612376      /nix/store/2k366jrbsra97gjfxwvrhvixjfxdach5-glib-2.74.1/lib/libgio-2.0.so.0.7400.1
7f93e3558000-7f93e3559000 rw-p 001e3000 00:293f 9223372037533612376      /nix/store/2k366jrbsra97gjfxwvrhvixjfxdach5-glib-2.74.1/lib/libgio-2.0.so.0.7400.1
7f93e3559000-7f93e355b000 rw-p 00000000 00:00 0 
7f93e355b000-7f93e35c9000 r--p 00000000 00:293f 9223372037534002472      /nix/store/jpimcg7iyg5ii67yd400ak0gvn00x3l7-gtk+-2.24.33/lib/libgtk-x11-2.0.so.0.2400.33
7f93e35c9000-7f93e383b000 r-xp 0006e000 00:293f 9223372037534002472      /nix/store/jpimcg7iyg5ii67yd400ak0gvn00x3l7-gtk+-2.24.33/lib/libgtk-x11-2.0.so.0.2400.33
7f93e383b000-7f93e39ad000 r--p 002e0000 00:293f 9223372037534002472      /nix/store/jpimcg7iyg5ii67yd400ak0gvn00x3l7-gtk+-2.24.33/lib/libgtk-x11-2.0.so.0.2400.33
7f93e39ad000-7f93e39b7000 r--p 00452000 00:293f 9223372037534002472      /nix/store/jpimcg7iyg5ii67yd400ak0gvn00x3l7-gtk+-2.24.33/lib/libgtk-x11-2.0.so.0.2400.33
7f93e39b7000-7f93e39b8000 rw-p 0045c000 00:293f 9223372037534002472      /nix/store/jpimcg7iyg5ii67yd400ak0gvn00x3l7-gtk+-2.24.33/lib/libgtk-x11-2.0.so.0.2400.33
7f93e39b8000-7f93e39ba000 rw-p 00000000 00:00 0 
7f93e39ba000-7f93e39be000 r--p 00000000 00:293f 9223372037533598831      /nix/store/p4vpay6wkmraar8p626zk2421790vr62-file-5.43/lib/libmagic.so.1.0.0
7f93e39be000-7f93e39da000 r-xp 00004000 00:293f 9223372037533598831      /nix/store/p4vpay6wkmraar8p626zk2421790vr62-file-5.43/lib/libmagic.so.1.0.0
7f93e39da000-7f93e39e3000 r--p 00020000 00:293f 9223372037533598831      /nix/store/p4vpay6wkmraar8p626zk2421790vr62-file-5.43/lib/libmagic.so.1.0.0
7f93e39e3000-7f93e39e5000 r--p 00028000 00:293f 9223372037533598831      /nix/store/p4vpay6wkmraar8p626zk2421790vr62-file-5.43/lib/libmagic.so.1.0.0
7f93e39e5000-7f93e39e6000 rw-p 0002a000 00:293f 9223372037533598831      /nix/store/p4vpay6wkmraar8p626zk2421790vr62-file-5.43/lib/libmagic.so.1.0.0
7f93e39e6000-7f93e39e8000 r--p 00000000 00:293f 9223372037533491072      /nix/store/dn40mwzzfpikw1d5n01fmj5cl0b33yl5-libXrandr-1.5.2/lib/libXrandr.so.2.2.0
7f93e39e8000-7f93e39ef000 r-xp 00002000 00:293f 9223372037533491072      /nix/store/dn40mwzzfpikw1d5n01fmj5cl0b33yl5-libXrandr-1.5.2/lib/libXrandr.so.2.2.0
7f93e39ef000-7f93e39f1000 r--p 00009000 00:293f 9223372037533491072      /nix/store/dn40mwzzfpikw1d5n01fmj5cl0b33yl5-libXrandr-1.5.2/lib/libXrandr.so.2.2.0
7f93e39f1000-7f93e39f2000 r--p 0000a000 00:293f 9223372037533491072      /nix/store/dn40mwzzfpikw1d5n01fmj5cl0b33yl5-libXrandr-1.5.2/lib/libXrandr.so.2.2.0
7f93e39f2000-7f93e39f3000 rw-p 0000b000 00:293f 9223372037533491072      /nix/store/dn40mwzzfpikw1d5n01fmj5cl0b33yl5-libXrandr-1.5.2/lib/libXrandr.so.2.2.0
7f93e39f3000-7f93e39f4000 r--p 00000000 00:293f 9223372037533478551      /nix/store/nylgj86p4v01rlm50f71537ashgbhhsg-libXinerama-1.1.4/lib/libXinerama.so.1.0.0
7f93e39f4000-7f93e39f5000 r-xp 00001000 00:293f 9223372037533478551      /nix/store/nylgj86p4v01rlm50f71537ashgbhhsg-libXinerama-1.1.4/lib/libXinerama.so.1.0.0
7f93e39f5000-7f93e39f6000 r--p 00002000 00:293f 9223372037533478551      /nix/store/nylgj86p4v01rlm50f71537ashgbhhsg-libXinerama-1.1.4/lib/libXinerama.so.1.0.0
7f93e39f6000-7f93e39f7000 r--p 00002000 00:293f 9223372037533478551      /nix/store/nylgj86p4v01rlm50f71537ashgbhhsg-libXinerama-1.1.4/lib/libXinerama.so.1.0.0
7f93e39f7000-7f93e39f8000 rw-p 00003000 00:293f 9223372037533478551      /nix/store/nylgj86p4v01rlm50f71537ashgbhhsg-libXinerama-1.1.4/lib/libXinerama.so.1.0.0
7f93e39f8000-7f93e39fa000 rw-p 00000000 00:00 0 
7f93e39fa000-7f93e3a1a000 r--p 00000000 00:293f 9223372037533991043      /nix/store/a4pff549sk2idnkpzk5nsfps3mdkdnvm-cups-2.4.2-lib/lib/libcups.so.2
7f93e3a1a000-7f93e3a5e000 r-xp 00020000 00:293f 9223372037533991043      /nix/store/a4pff549sk2idnkpzk5nsfps3mdkdnvm-cups-2.4.2-lib/lib/libcups.so.2
7f93e3a5e000-7f93e3a7a000 r--p 00064000 00:293f 9223372037533991043      /nix/store/a4pff549sk2idnkpzk5nsfps3mdkdnvm-cups-2.4.2-lib/lib/libcups.so.2
7f93e3a7a000-7f93e3a84000 r--p 0007f000 00:293f 9223372037533991043      /nix/store/a4pff549sk2idnkpzk5nsfps3mdkdnvm-cups-2.4.2-lib/lib/libcups.so.2
7f93e3a84000-7f93e3a85000 rw-p 00089000 00:293f 9223372037533991043      /nix/store/a4pff549sk2idnkpzk5nsfps3mdkdnvm-cups-2.4.2-lib/lib/libcups.so.2
7f93e3a85000-7f93e3a8d000 r--p 00000000 00:293f 9223372037533614205      /nix/store/4llf22n9mbnk5i20zkwa1j6zx5c1gz8h-fontconfig-2.14.0-lib/lib/libfontconfig.so.1.12.0
7f93e3a8d000-7f93e3ab5000 r-xp 00008000 00:293f 9223372037533614205      /nix/store/4llf22n9mbnk5i20zkwa1j6zx5c1gz8h-fontconfig-2.14.0-lib/lib/libfontconfig.so.1.12.0
7f93e3ab5000-7f93e3ace000 r--p 00030000 00:293f 9223372037533614205      /nix/store/4llf22n9mbnk5i20zkwa1j6zx5c1gz8h-fontconfig-2.14.0-lib/lib/libfontconfig.so.1.12.0
7f93e3ace000-7f93e3ad0000 r--p 00048000 00:293f 9223372037533614205      /nix/store/4llf22n9mbnk5i20zkwa1j6zx5c1gz8h-fontconfig-2.14.0-lib/lib/libfontconfig.so.1.12.0
7f93e3ad0000-7f93e3ad1000 rw-p 0004a000 00:293f 9223372037533614205      /nix/store/4llf22n9mbnk5i20zkwa1j6zx5c1gz8h-fontconfig-2.14.0-lib/lib/libfontconfig.so.1.12.0
7f93e3ad1000-7f93e3af9000 r--p 00000000 00:293f 9223372037455367822      /nix/store/4nlgxhb09sdr51nc9hdm8az5b08vzkgx-glibc-2.35-163/lib/libc.so.6
7f93e3af9000-7f93e3c6f000 r-xp 00028000 00:293f 9223372037455367822      /nix/store/4nlgxhb09sdr51nc9hdm8az5b08vzkgx-glibc-2.35-163/lib/libc.so.6
7f93e3c6f000-7f93e3cc7000 r--p 0019e000 00:293f 9223372037455367822      /nix/store/4nlgxhb09sdr51nc9hdm8az5b08vzkgx-glibc-2.35-163/lib/libc.so.6
7f93e3cc7000-7f93e3ccb000 r--p 001f6000 00:293f 9223372037455367822      /nix/store/4nlgxhb09sdr51nc9hdm8az5b08vzkgx-glibc-2.35-163/lib/libc.so.6
7f93e3ccb000-7f93e3ccd000 rw-p 001fa000 00:293f 9223372037455367822      /nix/store/4nlgxhb09sdr51nc9hdm8az5b08vzkgx-glibc-2.35-163/lib/libc.so.6
7f93e3ccd000-7f93e3cda000 rw-p 00000000 00:00 0 
7f93e3cda000-7f93e3cdb000 r--p 00000000 00:293f 9223372037455367827      /nix/store/4nlgxhb09sdr51nc9hdm8az5b08vzkgx-glibc-2.35-163/lib/libdl.so.2
7f93e3cdb000-7f93e3cdc000 r-xp 00001000 00:293f 9223372037455367827      /nix/store/4nlgxhb09sdr51nc9hdm8az5b08vzkgx-glibc-2.35-163/lib/libdl.so.2
7f93e3cdc000-7f93e3cdd000 r--p 00002000 00:293f 9223372037455367827      /nix/store/4nlgxhb09sdr51nc9hdm8az5b08vzkgx-glibc-2.35-163/lib/libdl.so.2
7f93e3cdd000-7f93e3cde000 r--p 00002000 00:293f 9223372037455367827      /nix/store/4nlgxhb09sdr51nc9hdm8az5b08vzkgx-glibc-2.35-163/lib/libdl.so.2
7f93e3cde000-7f93e3cdf000 rw-p 00003000 00:293f 9223372037455367827      /nix/store/4nlgxhb09sdr51nc9hdm8az5b08vzkgx-glibc-2.35-163/lib/libdl.so.2
7f93e3cdf000-7f93e3ce2000 r--p 00000000 00:293f 9223372037534124090      /nix/store/arja5b2nhs4z9ajrcx4wiipjywcw1ip6-openjdk-8u322-ga-jre/lib/openjdk/jre/lib/amd64/jli/libjli.so
7f93e3ce2000-7f93e3ceb000 r-xp 00003000 00:293f 9223372037534124090      /nix/store/arja5b2nhs4z9ajrcx4wiipjywcw1ip6-openjdk-8u322-ga-jre/lib/openjdk/jre/lib/amd64/jli/libjli.so
7f93e3ceb000-7f93e3cee000 r--p 0000c000 00:293f 9223372037534124090      /nix/store/arja5b2nhs4z9ajrcx4wiipjywcw1ip6-openjdk-8u322-ga-jre/lib/openjdk/jre/lib/amd64/jli/libjli.so
7f93e3cee000-7f93e3cef000 r--p 0000e000 00:293f 9223372037534124090      /nix/store/arja5b2nhs4z9ajrcx4wiipjywcw1ip6-openjdk-8u322-ga-jre/lib/openjdk/jre/lib/amd64/jli/libjli.so
7f93e3cef000-7f93e3cf0000 rw-p 0000f000 00:293f 9223372037534124090      /nix/store/arja5b2nhs4z9ajrcx4wiipjywcw1ip6-openjdk-8u322-ga-jre/lib/openjdk/jre/lib/amd64/jli/libjli.so
7f93e3cf0000-7f93e3cf2000 rw-p 00012000 00:293f 9223372037534124090      /nix/store/arja5b2nhs4z9ajrcx4wiipjywcw1ip6-openjdk-8u322-ga-jre/lib/openjdk/jre/lib/amd64/jli/libjli.so
7f93e3cf2000-7f93e3cf4000 rw-p 00014000 00:293f 9223372037534124090      /nix/store/arja5b2nhs4z9ajrcx4wiipjywcw1ip6-openjdk-8u322-ga-jre/lib/openjdk/jre/lib/amd64/jli/libjli.so
7f93e3cf4000-7f93e3cf6000 rw-p 00000000 00:00 0 
7f93e3cf6000-7f93e3cf9000 r--p 00000000 00:293f 9223372037533597975      /nix/store/026hln0aq1hyshaxsdvhg0kmcm6yf45r-zlib-1.2.13/lib/libz.so.1.2.13
7f93e3cf9000-7f93e3d0b000 r-xp 00003000 00:293f 9223372037533597975      /nix/store/026hln0aq1hyshaxsdvhg0kmcm6yf45r-zlib-1.2.13/lib/libz.so.1.2.13
7f93e3d0b000-7f93e3d12000 r--p 00015000 00:293f 9223372037533597975      /nix/store/026hln0aq1hyshaxsdvhg0kmcm6yf45r-zlib-1.2.13/lib/libz.so.1.2.13
7f93e3d12000-7f93e3d13000 r--p 0001b000 00:293f 9223372037533597975      /nix/store/026hln0aq1hyshaxsdvhg0kmcm6yf45r-zlib-1.2.13/lib/libz.so.1.2.13
7f93e3d13000-7f93e3d14000 rw-p 0001c000 00:293f 9223372037533597975      /nix/store/026hln0aq1hyshaxsdvhg0kmcm6yf45r-zlib-1.2.13/lib/libz.so.1.2.13
7f93e3d14000-7f93e3d15000 r--p 00000000 00:293f 9223372037455367846      /nix/store/4nlgxhb09sdr51nc9hdm8az5b08vzkgx-glibc-2.35-163/lib/libpthread.so.0
7f93e3d15000-7f93e3d16000 r-xp 00001000 00:293f 9223372037455367846      /nix/store/4nlgxhb09sdr51nc9hdm8az5b08vzkgx-glibc-2.35-163/lib/libpthread.so.0
7f93e3d16000-7f93e3d17000 r--p 00002000 00:293f 9223372037455367846      /nix/store/4nlgxhb09sdr51nc9hdm8az5b08vzkgx-glibc-2.35-163/lib/libpthread.so.0
7f93e3d17000-7f93e3d18000 r--p 00002000 00:293f 9223372037455367846      /nix/store/4nlgxhb09sdr51nc9hdm8az5b08vzkgx-glibc-2.35-163/lib/libpthread.so.0
7f93e3d18000-7f93e3d19000 rw-p 00003000 00:293f 9223372037455367846      /nix/store/4nlgxhb09sdr51nc9hdm8az5b08vzkgx-glibc-2.35-163/lib/libpthread.so.0
7f93e3d19000-7f93e3d1b000 rw-p 00000000 00:00 0 
7f93e3d1b000-7f93e3d1d000 r--p 00000000 00:293f 9223372037455367816      /nix/store/4nlgxhb09sdr51nc9hdm8az5b08vzkgx-glibc-2.35-163/lib/ld-linux-x86-64.so.2
7f93e3d1d000-7f93e3d44000 r-xp 00002000 00:293f 9223372037455367816      /nix/store/4nlgxhb09sdr51nc9hdm8az5b08vzkgx-glibc-2.35-163/lib/ld-linux-x86-64.so.2
7f93e3d44000-7f93e3d50000 r--p 00029000 00:293f 9223372037455367816      /nix/store/4nlgxhb09sdr51nc9hdm8az5b08vzkgx-glibc-2.35-163/lib/ld-linux-x86-64.so.2
7f93e3d50000-7f93e3d52000 r--p 00034000 00:293f 9223372037455367816      /nix/store/4nlgxhb09sdr51nc9hdm8az5b08vzkgx-glibc-2.35-163/lib/ld-linux-x86-64.so.2
7f93e3d52000-7f93e3d54000 rw-p 00036000 00:293f 9223372037455367816      /nix/store/4nlgxhb09sdr51nc9hdm8az5b08vzkgx-glibc-2.35-163/lib/ld-linux-x86-64.so.2
7ffeb7671000-7ffeb7696000 rw-p 00000000 00:00 0                          [stack]
7ffeb775b000-7ffeb775f000 r--p 00000000 00:00 0                          [vvar]
7ffeb775f000-7ffeb7761000 r-xp 00000000 00:00 0                          [vdso]
ffffffffff600000-ffffffffff601000 --xp 00000000 00:00 0                  [vsyscall]

VM Arguments:
jvm_args: -Xmx128M 
java_command: bungee.jar
java_class_path (initial): bungee.jar
Launcher Type: SUN_STANDARD

Environment Variables:
JAVA_HOME=/nix/store/i4qskvnfw3wbc9pldqnnd3kb9cf9yp16-openjdk-11.0.15+10/lib/openjdk
LD_LIBRARY_PATH=/nix/store/hisqvx32cd57apbpcsnkpx6k3549wql1-libglvnd-1.4.0/lib:/nix/store/p36pgcv991mq5srvg765b78yqpxvk3qs-mesa-21.3.3-drivers/lib:/nix/store/mav4251if1ahjq5vkpwycyyvnmy459c4-pulseaudio-14.2/lib
SHELL=/bin/bash

Signal Handlers:
SIGSEGV: [libjvm.so+0xaf1fb0], sa_mask[0]=11111111011111111101111111111110, sa_flags=SA_RESTART|SA_SIGINFO
SIGBUS: [libjvm.so+0xaf1fb0], sa_mask[0]=11111111011111111101111111111110, sa_flags=SA_RESTART|SA_SIGINFO
SIGFPE: [libjvm.so+0x93d520], sa_mask[0]=11111111011111111101111111111110, sa_flags=SA_RESTART|SA_SIGINFO
SIGPIPE: [libjvm.so+0x93d520], sa_mask[0]=11111111011111111101111111111110, sa_flags=SA_RESTART|SA_SIGINFO
SIGXFSZ: [libjvm.so+0x93d520], sa_mask[0]=11111111011111111101111111111110, sa_flags=SA_RESTART|SA_SIGINFO
SIGILL: [libjvm.so+0x93d520], sa_mask[0]=11111111011111111101111111111110, sa_flags=SA_RESTART|SA_SIGINFO
SIGUSR1: SIG_DFL, sa_mask[0]=00000000000000000000000000000000, sa_flags=none
SIGUSR2: [libjvm.so+0x93d850], sa_mask[0]=00000000000000000000000000000000, sa_flags=SA_RESTART|SA_SIGINFO
SIGHUP: [libjvm.so+0x93d7a0], sa_mask[0]=11111111011111111101111111111110, sa_flags=SA_RESTART|SA_SIGINFO
SIGINT: [libjvm.so+0x93d7a0], sa_mask[0]=11111111011111111101111111111110, sa_flags=SA_RESTART|SA_SIGINFO
SIGTERM: [libjvm.so+0x93d7a0], sa_mask[0]=11111111011111111101111111111110, sa_flags=SA_RESTART|SA_SIGINFO
SIGQUIT: [libjvm.so+0x93d7a0], sa_mask[0]=11111111011111111101111111111110, sa_flags=SA_RESTART|SA_SIGINFO


---------------  S Y S T E M  ---------------

OS:DISTRIB_ID=Ubuntu
DISTRIB_RELEASE=20.04
DISTRIB_CODENAME=focal
DISTRIB_DESCRIPTION="Ubuntu 20.04.2 LTS"

uname:Linux 5.15.0-1027-gcp #34~20.04.1-Ubuntu SMP Mon Jan 9 18:40:09 UTC 2023 x86_64
libc:glibc 2.35 NPTL 2.35 
rlimit: STACK 8192k, CORE infinity, NPROC infinity, NOFILE 5242, AS infinity
load average:78.59 85.40 174.70

/proc/meminfo:
MemTotal:       32872720 kB
MemFree:          570300 kB
MemAvailable:    4060416 kB
Buffers:           11920 kB
Cached:          4891560 kB
SwapCached:            0 kB
Active:          1760596 kB
Inactive:       26627060 kB
Active(anon):     905788 kB
Inactive(anon): 24666056 kB
Active(file):     854808 kB
Inactive(file):  1961004 kB
Unevictable:       42552 kB
Mlocked:           42552 kB
SwapTotal:             0 kB
SwapFree:              0 kB
Dirty:              3264 kB
Writeback:             0 kB
AnonPages:      23526496 kB
Mapped:          3219720 kB
Shmem:           2191824 kB
KReclaimable:    1140140 kB
Slab:            2635884 kB
SReclaimable:    1140140 kB
SUnreclaim:      1495744 kB
KernelStack:      526064 kB
PageTables:       405328 kB
NFS_Unstable:          0 kB
Bounce:                0 kB
WritebackTmp:          0 kB
CommitLimit:    16436360 kB
Committed_AS:   114125788 kB
VmallocTotal:   34359738367 kB
VmallocUsed:      568096 kB
VmallocChunk:          0 kB
Percpu:            33664 kB
HardwareCorrupted:     0 kB
AnonHugePages:     36864 kB
ShmemHugePages:        0 kB
ShmemPmdMapped:        0 kB
FileHugePages:         0 kB
FilePmdMapped:         0 kB
HugePages_Total:       0
HugePages_Free:        0
HugePages_Rsvd:        0
HugePages_Surp:        0
Hugepagesize:       2048 kB
Hugetlb:               0 kB
DirectMap4k:     4033344 kB
DirectMap2M:    26372096 kB
DirectMap1G:     5242880 kB

container (cgroup) information:
container_type: cgroupv1
cpu_cpuset_cpus: 1-3
cpu_memory_nodes: 0
active_processor_count: 1
cpu_quota: 30000
cpu_period: 100000
cpu_shares: 307
memory_limit_in_bytes: 1073741824
memory_and_swap_limit_in_bytes: 1073741824
memory_soft_limit_in_bytes: 536870912
memory_usage_in_bytes: 222961664
memory_max_usage_in_bytes: 846274560


CPU:total 4 (initial active 1) (4 cores per cpu, 1 threads per core) family 23 model 49 stepping 0, cmov, cx8, fxsr, mmx, sse, sse2, sse3, ssse3, sse4.1, sse4.2, popcnt, avx, avx2, aes, clmul, mmxext, 3dnowpref, lzcnt, sse4a, tsc, tscinvbit, tscinv, bmi1

/proc/cpuinfo:
processor	: 0
vendor_id	: AuthenticAMD
cpu family	: 23
model		: 49
model name	: AMD EPYC 7B12
stepping	: 0
microcode	: 0xffffffff
cpu MHz		: 2250.000
cache size	: 512 KB
physical id	: 0
siblings	: 4
core id		: 0
cpu cores	: 2
apicid		: 0
initial apicid	: 0
fpu		: yes
fpu_exception	: yes
cpuid level	: 13
wp		: yes
flags		: fpu vme de pse tsc msr pae mce cx8 apic sep mtrr pge mca cmov pat pse36 clflush mmx fxsr sse sse2 ht syscall nx mmxext fxsr_opt pdpe1gb rdtscp lm constant_tsc rep_good nopl nonstop_tsc cpuid extd_apicid tsc_known_freq pni pclmulqdq ssse3 fma cx16 sse4_1 sse4_2 movbe popcnt aes xsave avx f16c rdrand hypervisor lahf_lm cmp_legacy cr8_legacy abm sse4a misalignsse 3dnowprefetch osvw topoext ssbd ibrs ibpb stibp vmmcall fsgsbase tsc_adjust bmi1 avx2 smep bmi2 rdseed adx smap clflushopt clwb sha_ni xsaveopt xsavec xgetbv1 clzero xsaveerptr arat npt nrip_save umip rdpid
bugs		: sysret_ss_attrs null_seg spectre_v1 spectre_v2 spec_store_bypass retbleed
bogomips	: 4500.00
TLB size	: 3072 4K pages
clflush size	: 64
cache_alignment	: 64
address sizes	: 48 bits physical, 48 bits virtual
power management:

processor	: 1
vendor_id	: AuthenticAMD
cpu family	: 23
model		: 49
model name	: AMD EPYC 7B12
stepping	: 0
microcode	: 0xffffffff
cpu MHz		: 2250.000
cache size	: 512 KB
physical id	: 0
siblings	: 4
core id		: 1
cpu cores	: 2
apicid		: 2
initial apicid	: 2
fpu		: yes
fpu_exception	: yes
cpuid level	: 13
wp		: yes
flags		: fpu vme de pse tsc msr pae mce cx8 apic sep mtrr pge mca cmov pat pse36 clflush mmx fxsr sse sse2 ht syscall nx mmxext fxsr_opt pdpe1gb rdtscp lm constant_tsc rep_good nopl nonstop_tsc cpuid extd_apicid tsc_known_freq pni pclmulqdq ssse3 fma cx16 sse4_1 sse4_2 movbe popcnt aes xsave avx f16c rdrand hypervisor lahf_lm cmp_legacy cr8_legacy abm sse4a misalignsse 3dnowprefetch osvw topoext ssbd ibrs ibpb stibp vmmcall fsgsbase tsc_adjust bmi1 avx2 smep bmi2 rdseed adx smap clflushopt clwb sha_ni xsaveopt xsavec xgetbv1 clzero xsaveerptr arat npt nrip_save umip rdpid
bugs		: sysret_ss_attrs null_seg spectre_v1 spectre_v2 spec_store_bypass retbleed
bogomips	: 4500.00
TLB size	: 3072 4K pages
clflush size	: 64
cache_alignment	: 64
address sizes	: 48 bits physical, 48 bits virtual
power management:

processor	: 2
vendor_id	: AuthenticAMD
cpu family	: 23
model		: 49
model name	: AMD EPYC 7B12
stepping	: 0
microcode	: 0xffffffff
cpu MHz		: 2250.000
cache size	: 512 KB
physical id	: 0
siblings	: 4
core id		: 0
cpu cores	: 2
apicid		: 1
initial apicid	: 1
fpu		: yes
fpu_exception	: yes
cpuid level	: 13
wp		: yes
flags		: fpu vme de pse tsc msr pae mce cx8 apic sep mtrr pge mca cmov pat pse36 clflush mmx fxsr sse sse2 ht syscall nx mmxext fxsr_opt pdpe1gb rdtscp lm constant_tsc rep_good nopl nonstop_tsc cpuid extd_apicid tsc_known_freq pni pclmulqdq ssse3 fma cx16 sse4_1 sse4_2 movbe popcnt aes xsave avx f16c rdrand hypervisor lahf_lm cmp_legacy cr8_legacy abm sse4a misalignsse 3dnowprefetch osvw topoext ssbd ibrs ibpb stibp vmmcall fsgsbase tsc_adjust bmi1 avx2 smep bmi2 rdseed adx smap clflushopt clwb sha_ni xsaveopt xsavec xgetbv1 clzero xsaveerptr arat npt nrip_save umip rdpid
bugs		: sysret_ss_attrs null_seg spectre_v1 spectre_v2 spec_store_bypass retbleed
bogomips	: 4500.00
TLB size	: 3072 4K pages
clflush size	: 64
cache_alignment	: 64
address sizes	: 48 bits physical, 48 bits virtual
power management:

processor	: 3
vendor_id	: AuthenticAMD
cpu family	: 23
model		: 49
model name	: AMD EPYC 7B12
stepping	: 0
microcode	: 0xffffffff
cpu MHz		: 2250.000
cache size	: 512 KB
physical id	: 0
siblings	: 4
core id		: 1
cpu cores	: 2
apicid		: 3
initial apicid	: 3
fpu		: yes
fpu_exception	: yes
cpuid level	: 13
wp		: yes
flags		: fpu vme de pse tsc msr pae mce cx8 apic sep mtrr pge mca cmov pat pse36 clflush mmx fxsr sse sse2 ht syscall nx mmxext fxsr_opt pdpe1gb rdtscp lm constant_tsc rep_good nopl nonstop_tsc cpuid extd_apicid tsc_known_freq pni pclmulqdq ssse3 fma cx16 sse4_1 sse4_2 movbe popcnt aes xsave avx f16c rdrand hypervisor lahf_lm cmp_legacy cr8_legacy abm sse4a misalignsse 3dnowprefetch osvw topoext ssbd ibrs ibpb stibp vmmcall fsgsbase tsc_adjust bmi1 avx2 smep bmi2 rdseed adx smap clflushopt clwb sha_ni xsaveopt xsavec xgetbv1 clzero xsaveerptr arat npt nrip_save umip rdpid
bugs		: sysret_ss_attrs null_seg spectre_v1 spectre_v2 spec_store_bypass retbleed
bogomips	: 4500.00
TLB size	: 3072 4K pages
clflush size	: 64
cache_alignment	: 64
address sizes	: 48 bits physical, 48 bits virtual
power management:



Memory: 4k page, physical 1048576k(830836k free), swap 0k(0k free)

vm_info: OpenJDK 64-Bit Server VM (25.322-bga) for linux-amd64 JRE (1.8.0_322-ga), built on Jan  1 1980 00:00:00 by "nixbld" with gcc 11.3.0

time: Wed Jan 25 11:59:33 2023
timezone: UTC
elapsed time: 17.422879 seconds (0d 0h 0m 17s)

