#
# A fatal error has been detected by the Java Runtime Environment:
#
#  SIGSEGV (0xb) at pc=0x00007f2fe5143dd4, pid=2196, tid=0x00007f2ffaa2a640
#
# JRE version: OpenJDK Runtime Environment (8.0_322) (build 1.8.0_322-ga)
# Java VM: OpenJDK 64-Bit Server VM (25.322-bga mixed mode linux-amd64 compressed oops)
# Problematic frame:
# J 122 C1 java.net.URL.getPort()I (5 bytes) @ 0x00007f2fe5143dd4 [0x00007f2fe5143da0+0x34]
#
# Core dump written. Default location: /home/runner/eaglercraftx/bungee/core or core.2196
#
# If you would like to submit a bug report, please visit:
#   http://bugreport.java.com/bugreport/crash.jsp
#

---------------  T H R E A D  ---------------

Current thread (0x00007f2ff400a800):  JavaThread "main" [_thread_in_Java, id=2203, stack(0x00007f2ffa92b000,0x00007f2ffaa2b000)]

siginfo: si_signo: 11 (SIGSEGV), si_code: 0 (SI_USER)

Registers:
RAX=0x00000000ffffffff, RBX=0x00007f2ff9d26838, RCX=0x00000000f80519f8, RDX=0x0000000040500001
RSP=0x00007f2ffaa27028, RBP=0x00007f2ffaa27088, RSI=0x00000000f80519f8, RDI=0x00000000f80aaf40
R8 =0x000000000000018b, R9 =0x0000000000007d57, R10=0x00007f2ffba046a0, R11=0x00007f2fe5143dc0
R12=0x0000000000000000, R13=0x00007f2ffaa27040, R14=0x00007f2ffaa270b8, R15=0x00007f2ff400a800
RIP=0x00007f2fe5143dd4, EFLAGS=0x0000000000010202, CSGSFS=0x002b000000000033, ERR=0x0000000000000004
  TRAPNO=0x000000000000000e

Top of Stack: (sp=0x00007f2ffaa27028)
0x00007f2ffaa27028:   00007f2fe5007a40 00007f2fe5007d80
0x00007f2ffaa27038:   00007f2fe5007a40 00000000f80519f8
0x00007f2ffaa27048:   00007f2ffaa27048 00007f2ff9e64a5d
0x00007f2ffaa27058:   00007f2ffaa270b8 00007f2ff9e65048
0x00007f2ffaa27068:   0000000000000000 00007f2ff9e64ab8
0x00007f2ffaa27078:   00007f2ffaa27040 00007f2ffaa270a8
0x00007f2ffaa27088:   00007f2ffaa27100 00007f2fe50077d0
0x00007f2ffaa27098:   0000000000000000 0000000000000000
0x00007f2ffaa270a8:   00000000f80519f8 00000000f80519f8
0x00007f2ffaa270b8:   00000000f8046f20 00007f2ffaa270c0
0x00007f2ffaa270c8:   00007f2ff9e64859 00007f2ffaa27130
0x00007f2ffaa270d8:   00007f2ff9e65048 0000000000000000
0x00007f2ffaa270e8:   00007f2ff9e64870 00007f2ffaa270a8
0x00007f2ffaa270f8:   00007f2ffaa27120 00007f2ffaa27178
0x00007f2ffaa27108:   00007f2fe50077d0 0000000000000000
0x00007f2ffaa27118:   0000000000000000 00000000f80519f8
0x00007f2ffaa27128:   00000000f80519f8 00000000f8046f20
0x00007f2ffaa27138:   00007f2ffaa27138 00007f2ff9d26bcc
0x00007f2ffaa27148:   00007f2ffaa27198 00007f2ff9e3d6c8
0x00007f2ffaa27158:   0000000000000000 00007f2ff9d26bd8
0x00007f2ffaa27168:   00007f2ffaa27120 00007f2ffaa27190
0x00007f2ffaa27178:   00007f2ffaa271e0 00007f2fe50077d0
0x00007f2ffaa27188:   00000000f80519f8 00000000f80519f8
0x00007f2ffaa27198:   00000000f80519f8 00007f2ffaa271a0
0x00007f2ffaa271a8:   00007f2ff9d2d9dd 00007f2ffaa27200
0x00007f2ffaa271b8:   00007f2ff9e69168 0000000000000000
0x00007f2ffaa271c8:   00007f2ff9d2da00 00007f2ffaa27190
0x00007f2ffaa271d8:   00007f2ffaa27210 00007f2ffaa27350
0x00007f2ffaa271e8:   00007f2fe5128334 00000000f80a61b0
0x00007f2ffaa271f8:   00000000f80a61b0 00000000f83efee0
0x00007f2ffaa27208:   00007f2fe5128334 00000000f80519f8
0x00007f2ffaa27218:   00007f2ffaa27218 00007f2ff9d2d91b 

Instructions: (pc=0x00007f2fe5143dd4)
0x00007f2fe5143db4:   00 00 00 00 00 0f 1f 80 00 00 00 00 89 84 24 00
0x00007f2fe5143dc4:   c0 fe ff 55 48 83 ec 30 8b 46 0c 48 83 c4 30 5d
0x00007f2fe5143dd4:   85 05 26 93 79 15 c3 90 90 49 8b 87 08 03 00 00
0x00007f2fe5143de4:   49 ba 00 00 00 00 00 00 00 00 4d 89 97 08 03 00 

Register to memory mapping:

RAX=0x00000000ffffffff is an unallocated location in the heap
RBX={method} {0x00007f2ff9d26838} 'getPort' '()I' in 'java/net/URL'
RCX=0x00000000f80519f8 is an oop
java.net.URL 
 - klass: 'java/net/URL'
RDX=0x0000000040500001 is an unknown value
RSP=0x00007f2ffaa27028 is pointing into the stack for thread: 0x00007f2ff400a800
RBP=0x00007f2ffaa27088 is pointing into the stack for thread: 0x00007f2ff400a800
RSI=0x00000000f80519f8 is an oop
java.net.URL 
 - klass: 'java/net/URL'
RDI=
[error occurred during error reporting (printing register info), id 0xb]

Stack: [0x00007f2ffa92b000,0x00007f2ffaa2b000],  sp=0x00007f2ffaa27028,  free space=1008k
Native frames: (J=compiled Java code, j=interpreted, Vv=VM code, C=native code)
J 122 C1 java.net.URL.getPort()I (5 bytes) @ 0x00007f2fe5143dd4 [0x00007f2fe5143da0+0x34]
C  0x00007f2ff9e65048
C  0x00007f2ffaa270c0


---------------  P R O C E S S  ---------------

Java Threads: ( => current thread )
  0x00007f2ff41f4000 JavaThread "Reconnect Saver" [_thread_blocked, id=2221, stack(0x00007f2ff8c13000,0x00007f2ff8d13000)]
  0x00007f2ff40e2800 JavaThread "Service Thread" daemon [_thread_blocked, id=2219, stack(0x00007f2ff8fba000,0x00007f2ff90ba000)]
  0x00007f2ff40dd800 JavaThread "C1 CompilerThread1" daemon [_thread_blocked, id=2218, stack(0x00007f2ff90bb000,0x00007f2ff91bb000)]
  0x00007f2ff40db000 JavaThread "C2 CompilerThread0" daemon [_thread_blocked, id=2217, stack(0x00007f2ff91bc000,0x00007f2ff92bc000)]
  0x00007f2ff40d6000 JavaThread "Signal Dispatcher" daemon [_thread_blocked, id=2216, stack(0x00007f2ff92c2000,0x00007f2ff93c2000)]
  0x00007f2ff40a5800 JavaThread "Finalizer" daemon [_thread_blocked, id=2215, stack(0x00007f2ff96a8000,0x00007f2ff97a8000)]
  0x00007f2ff40a1000 JavaThread "Reference Handler" daemon [_thread_blocked, id=2209, stack(0x00007f2ff97a8000,0x00007f2ff98a8000)]
=>0x00007f2ff400a800 JavaThread "main" [_thread_in_Java, id=2203, stack(0x00007f2ffa92b000,0x00007f2ffaa2b000)]

Other Threads:
  0x00007f2ff4097000 VMThread [stack: 0x00007f2ff98a9000,0x00007f2ff99a9000] [id=2206]
  0x00007f2ff40e6000 WatcherThread [stack: 0x00007f2ff8eba000,0x00007f2ff8fba000] [id=2220]

VM state:synchronizing (normal execution)

VM Mutex/Monitor currently owned by a thread:  ([mutex/lock_event])
[0x00007f2ff4008f50] Safepoint_lock - owner thread: 0x00007f2ff4097000
[0x00007f2ff4008fd0] Threads_lock - owner thread: 0x00007f2ff4097000

heap address: 0x00000000f8000000, size: 128 MB, Compressed Oops mode: 32-bit
Narrow klass base: 0x0000000000000000, Narrow klass shift: 3
Compressed class space size: 1073741824 Address: 0x0000000100000000

Heap:
 def new generation   total 4928K, used 4117K [0x00000000f8000000, 0x00000000f8550000, 0x00000000faaa0000)
  eden space 4416K,  93% used [0x00000000f8000000, 0x00000000f8405700, 0x00000000f8450000)
  from space 512K,   0% used [0x00000000f8450000, 0x00000000f8450000, 0x00000000f84d0000)
  to   space 512K,   0% used [0x00000000f84d0000, 0x00000000f84d0000, 0x00000000f8550000)
 tenured generation   total 10944K, used 0K [0x00000000faaa0000, 0x00000000fb550000, 0x0000000100000000)
   the space 10944K,   0% used [0x00000000faaa0000, 0x00000000faaa0000, 0x00000000faaa0200, 0x00000000fb550000)
 Metaspace       used 5530K, capacity 5584K, committed 5760K, reserved 1056768K
  class space    used 613K, capacity 624K, committed 640K, reserved 1048576K

Card table byte_map: [0x00007f2ffa4c4000,0x00007f2ffa505000] byte_map_base: 0x00007f2ff9d04000

Polling page: 0x00007f2ffa8dd000

CodeCache: size=245760Kb used=1514Kb max_used=1514Kb free=244245Kb
 bounds [0x00007f2fe5000000, 0x00007f2fe5270000, 0x00007f2ff4000000]
 total_blobs=488 nmethods=202 adapters=201
 compilation: enabled

Compilation events (10 events):
Event: 22.200 Thread 0x00007f2ff40dd800  209       3       sun.misc.Launcher$AppClassLoader::loadClass (85 bytes)
Event: 22.207 Thread 0x00007f2ff40dd800 nmethod 209 0x00007f2fe5179790 code [0x00007f2fe51799c0, 0x00007f2fe517a6c8]
Event: 22.213 Thread 0x00007f2ff40dd800  210       3       java.lang.String::codePointAt (36 bytes)
Event: 22.217 Thread 0x00007f2ff40dd800 nmethod 210 0x00007f2fe51775d0 code [0x00007f2fe5177760, 0x00007f2fe51779d8]
Event: 22.218 Thread 0x00007f2ff40dd800  211       3       java.util.regex.Pattern::next (33 bytes)
Event: 22.227 Thread 0x00007f2ff40dd800 nmethod 211 0x00007f2fe5177050 code [0x00007f2fe51771e0, 0x00007f2fe5177488]
Event: 22.228 Thread 0x00007f2ff40dd800  212       3       java.lang.Character::codePointAtImpl (41 bytes)
Event: 22.263 Thread 0x00007f2ff40dd800 nmethod 212 0x00007f2fe517ab50 code [0x00007f2fe517ace0, 0x00007f2fe517b170]
Event: 22.268 Thread 0x00007f2ff40dd800  213       3       java.util.regex.Pattern$Node::<init> (12 bytes)
Event: 22.287 Thread 0x00007f2ff40dd800 nmethod 213 0x00007f2fe5176c50 code [0x00007f2fe5176dc0, 0x00007f2fe5176f90]

GC Heap History (0 events):
No events

Deoptimization events (0 events):
No events

Classes redefined (0 events):
No events

Internal exceptions (7 events):
Event: 1.021 Thread 0x00007f2ff400a800 Exception <a 'java/lang/NoSuchMethodError': Method sun.misc.Unsafe.defineClass(Ljava/lang/String;[BII)Ljava/lang/Class; name or signature does not match> (0x00000000f8007cc0) thrown at [/build/source/hotspot/src/share/vm/prims/jni.cpp, line 4014]
Event: 1.021 Thread 0x00007f2ff400a800 Exception <a 'java/lang/NoSuchMethodError': Method sun.misc.Unsafe.prefetchRead(Ljava/lang/Object;J)V name or signature does not match> (0x00000000f8007fa8) thrown at [/build/source/hotspot/src/share/vm/prims/jni.cpp, line 4014]
Event: 10.195 Thread 0x00007f2ff400a800 Exception <a 'java/security/PrivilegedActionException'> (0x00000000f81a4e58) thrown at [/build/source/hotspot/src/share/vm/prims/jvm.cpp, line 1522]
Event: 10.195 Thread 0x00007f2ff400a800 Exception <a 'java/security/PrivilegedActionException'> (0x00000000f81a5250) thrown at [/build/source/hotspot/src/share/vm/prims/jvm.cpp, line 1522]
Event: 10.312 Thread 0x00007f2ff400a800 Exception <a 'java/security/PrivilegedActionException'> (0x00000000f81a8e08) thrown at [/build/source/hotspot/src/share/vm/prims/jvm.cpp, line 1522]
Event: 10.312 Thread 0x00007f2ff400a800 Exception <a 'java/security/PrivilegedActionException'> (0x00000000f81a9200) thrown at [/build/source/hotspot/src/share/vm/prims/jvm.cpp, line 1522]
Event: 22.596 Thread 0x00007f2ff400a800 Implicit null exception at 0x00007f2fe5143dd4 to 0x0000000000000000

Events (10 events):
Event: 22.195 loading class org/yaml/snakeyaml/representer/Representer$RepresentJavaBean
Event: 22.195 loading class org/yaml/snakeyaml/representer/Representer$RepresentJavaBean done
Event: 22.207 loading class org/yaml/snakeyaml/resolver/Resolver
Event: 22.207 loading class org/yaml/snakeyaml/resolver/Resolver done
Event: 22.287 loading class java/util/regex/Pattern$Loop
Event: 22.287 loading class java/util/regex/Pattern$Loop done
Event: 22.287 loading class java/util/regex/Pattern$Prolog
Event: 22.287 loading class java/util/regex/Pattern$Prolog done
Event: 22.302 loading class org/yaml/snakeyaml/resolver/ResolverTuple
Event: 22.302 loading class org/yaml/snakeyaml/resolver/ResolverTuple done


Dynamic libraries:
f8000000-f8550000 rw-p 00000000 00:00 0 
f8550000-faaa0000 ---p 00000000 00:00 0 
faaa0000-fb550000 rw-p 00000000 00:00 0 
fb550000-100000000 ---p 00000000 00:00 0 
100000000-1000a0000 rw-p 00000000 00:00 0 
1000a0000-140000000 ---p 00000000 00:00 0 
55573fd15000-55573fd16000 r--p 00000000 00:293f 9223372037534124076      /nix/store/arja5b2nhs4z9ajrcx4wiipjywcw1ip6-openjdk-8u322-ga-jre/lib/openjdk/jre/bin/java
55573fd16000-55573fd17000 r-xp 00001000 00:293f 9223372037534124076      /nix/store/arja5b2nhs4z9ajrcx4wiipjywcw1ip6-openjdk-8u322-ga-jre/lib/openjdk/jre/bin/java
55573fd17000-55573fd18000 r--p 00002000 00:293f 9223372037534124076      /nix/store/arja5b2nhs4z9ajrcx4wiipjywcw1ip6-openjdk-8u322-ga-jre/lib/openjdk/jre/bin/java
55573fd18000-55573fd19000 r--p 00002000 00:293f 9223372037534124076      /nix/store/arja5b2nhs4z9ajrcx4wiipjywcw1ip6-openjdk-8u322-ga-jre/lib/openjdk/jre/bin/java
55573fd19000-55573fd1a000 rw-p 00003000 00:293f 9223372037534124076      /nix/store/arja5b2nhs4z9ajrcx4wiipjywcw1ip6-openjdk-8u322-ga-jre/lib/openjdk/jre/bin/java
55573fd1a000-55573fd1b000 rw-p 00004000 00:293f 9223372037534124076      /nix/store/arja5b2nhs4z9ajrcx4wiipjywcw1ip6-openjdk-8u322-ga-jre/lib/openjdk/jre/bin/java
555741c08000-555741c6b000 rw-p 00000000 00:00 0                          [heap]
7f2fc0000000-7f2fc0206000 rw-p 00000000 00:00 0 
7f2fc0206000-7f2fc4000000 ---p 00000000 00:00 0 
7f2fc4000000-7f2fc4021000 rw-p 00000000 00:00 0 
7f2fc4021000-7f2fc8000000 ---p 00000000 00:00 0 
7f2fc8000000-7f2fc8021000 rw-p 00000000 00:00 0 
7f2fc8021000-7f2fcc000000 ---p 00000000 00:00 0 
7f2fcc000000-7f2fcc021000 rw-p 00000000 00:00 0 
7f2fcc021000-7f2fd0000000 ---p 00000000 00:00 0 
7f2fd0000000-7f2fd0021000 rw-p 00000000 00:00 0 
7f2fd0021000-7f2fd4000000 ---p 00000000 00:00 0 
7f2fd4000000-7f2fd4056000 rw-p 00000000 00:00 0 
7f2fd4056000-7f2fd8000000 ---p 00000000 00:00 0 
7f2fd8000000-7f2fd8021000 rw-p 00000000 00:00 0 
7f2fd8021000-7f2fdc000000 ---p 00000000 00:00 0 
7f2fdc000000-7f2fdc021000 rw-p 00000000 00:00 0 
7f2fdc021000-7f2fe0000000 ---p 00000000 00:00 0 
7f2fe0000000-7f2fe0021000 rw-p 00000000 00:00 0 
7f2fe0021000-7f2fe4000000 ---p 00000000 00:00 0 
7f2fe5000000-7f2fe5270000 rwxp 00000000 00:00 0 
7f2fe5270000-7f2ff4000000 ---p 00000000 00:00 0 
7f2ff4000000-7f2ff444e000 rw-p 00000000 00:00 0 
7f2ff444e000-7f2ff8000000 ---p 00000000 00:00 0 
7f2ff8c13000-7f2ff8c16000 ---p 00000000 00:00 0 
7f2ff8c16000-7f2ff8d13000 rw-p 00000000 00:00 0 
7f2ff8d13000-7f2ff8d24000 r--s 001c5000 00:293f 9223372037534126386      /nix/store/arja5b2nhs4z9ajrcx4wiipjywcw1ip6-openjdk-8u322-ga-jre/lib/openjdk/jre/lib/jsse.jar
7f2ff8d24000-7f2ff8d29000 r--p 00000000 00:293f 9223372037534124407      /nix/store/arja5b2nhs4z9ajrcx4wiipjywcw1ip6-openjdk-8u322-ga-jre/lib/openjdk/jre/lib/amd64/libnet.so
7f2ff8d29000-7f2ff8d3a000 r-xp 00005000 00:293f 9223372037534124407      /nix/store/arja5b2nhs4z9ajrcx4wiipjywcw1ip6-openjdk-8u322-ga-jre/lib/openjdk/jre/lib/amd64/libnet.so
7f2ff8d3a000-7f2ff8d3e000 r--p 00016000 00:293f 9223372037534124407      /nix/store/arja5b2nhs4z9ajrcx4wiipjywcw1ip6-openjdk-8u322-ga-jre/lib/openjdk/jre/lib/amd64/libnet.so
7f2ff8d3e000-7f2ff8d3f000 r--p 00019000 00:293f 9223372037534124407      /nix/store/arja5b2nhs4z9ajrcx4wiipjywcw1ip6-openjdk-8u322-ga-jre/lib/openjdk/jre/lib/amd64/libnet.so
7f2ff8d3f000-7f2ff8d40000 rw-p 0001a000 00:293f 9223372037534124407      /nix/store/arja5b2nhs4z9ajrcx4wiipjywcw1ip6-openjdk-8u322-ga-jre/lib/openjdk/jre/lib/amd64/libnet.so
7f2ff8d40000-7f2ff8d43000 rw-p 00020000 00:293f 9223372037534124407      /nix/store/arja5b2nhs4z9ajrcx4wiipjywcw1ip6-openjdk-8u322-ga-jre/lib/openjdk/jre/lib/amd64/libnet.so
7f2ff8d43000-7f2ff8d46000 rw-p 00023000 00:293f 9223372037534124407      /nix/store/arja5b2nhs4z9ajrcx4wiipjywcw1ip6-openjdk-8u322-ga-jre/lib/openjdk/jre/lib/amd64/libnet.so
7f2ff8d46000-7f2ff8d4d000 r--p 00000000 00:293f 9223372037534124411      /nix/store/arja5b2nhs4z9ajrcx4wiipjywcw1ip6-openjdk-8u322-ga-jre/lib/openjdk/jre/lib/amd64/libnio.so
7f2ff8d4d000-7f2ff8d55000 r-xp 00007000 00:293f 9223372037534124411      /nix/store/arja5b2nhs4z9ajrcx4wiipjywcw1ip6-openjdk-8u322-ga-jre/lib/openjdk/jre/lib/amd64/libnio.so
7f2ff8d55000-7f2ff8d58000 r--p 0000f000 00:293f 9223372037534124411      /nix/store/arja5b2nhs4z9ajrcx4wiipjywcw1ip6-openjdk-8u322-ga-jre/lib/openjdk/jre/lib/amd64/libnio.so
7f2ff8d58000-7f2ff8d59000 r--p 00012000 00:293f 9223372037534124411      /nix/store/arja5b2nhs4z9ajrcx4wiipjywcw1ip6-openjdk-8u322-ga-jre/lib/openjdk/jre/lib/amd64/libnio.so
7f2ff8d59000-7f2ff8d5a000 rw-p 00013000 00:293f 9223372037534124411      /nix/store/arja5b2nhs4z9ajrcx4wiipjywcw1ip6-openjdk-8u322-ga-jre/lib/openjdk/jre/lib/amd64/libnio.so
7f2ff8d5a000-7f2ff8d5e000 rw-p 00019000 00:293f 9223372037534124411      /nix/store/arja5b2nhs4z9ajrcx4wiipjywcw1ip6-openjdk-8u322-ga-jre/lib/openjdk/jre/lib/amd64/libnio.so
7f2ff8d5e000-7f2ff8d62000 rw-p 0001d000 00:293f 9223372037534124411      /nix/store/arja5b2nhs4z9ajrcx4wiipjywcw1ip6-openjdk-8u322-ga-jre/lib/openjdk/jre/lib/amd64/libnio.so
7f2ff8d62000-7f2ff8eb9000 r--s 013a1000 00:15a6 357                      /home/runner/eaglercraftx/bungee/bungee.jar
7f2ff8eb9000-7f2ff8eba000 ---p 00000000 00:00 0 
7f2ff8eba000-7f2ff8fba000 rw-p 00000000 00:00 0 
7f2ff8fba000-7f2ff8fbd000 ---p 00000000 00:00 0 
7f2ff8fbd000-7f2ff90ba000 rw-p 00000000 00:00 0 
7f2ff90ba000-7f2ff90bb000 ---p 00000000 00:00 0 
7f2ff90bb000-7f2ff90be000 ---p 00000000 00:00 0 
7f2ff90be000-7f2ff91bb000 rw-p 00000000 00:00 0 
7f2ff91bb000-7f2ff91bc000 ---p 00000000 00:00 0 
7f2ff91bc000-7f2ff91bf000 ---p 00000000 00:00 0 
7f2ff91bf000-7f2ff92bc000 rw-p 00000000 00:00 0 
7f2ff92bc000-7f2ff92c2000 r--s 000d3000 00:293f 9223372037534126385      /nix/store/arja5b2nhs4z9ajrcx4wiipjywcw1ip6-openjdk-8u322-ga-jre/lib/openjdk/jre/lib/jfr.jar
7f2ff92c2000-7f2ff92c5000 ---p 00000000 00:00 0 
7f2ff92c5000-7f2ff93c2000 rw-p 00000000 00:00 0 
7f2ff93c2000-7f2ff96a8000 r--p 00000000 00:2930 28444448                 /usr/lib/locale/locale-archive
7f2ff96a8000-7f2ff96ab000 ---p 00000000 00:00 0 
7f2ff96ab000-7f2ff97a8000 rw-p 00000000 00:00 0 
7f2ff97a8000-7f2ff97ab000 ---p 00000000 00:00 0 
7f2ff97ab000-7f2ff98a8000 rw-p 00000000 00:00 0 
7f2ff98a8000-7f2ff98a9000 ---p 00000000 00:00 0 
7f2ff98a9000-7f2ff99f7000 rw-p 00000000 00:00 0 
7f2ff99f7000-7f2ff9bc8000 r--s 03cb6000 00:293f 9223372037534126401      /nix/store/arja5b2nhs4z9ajrcx4wiipjywcw1ip6-openjdk-8u322-ga-jre/lib/openjdk/jre/lib/rt.jar
7f2ff9bc8000-7f2ffa199000 rw-p 00000000 00:00 0 
7f2ffa199000-7f2ffa499000 ---p 00000000 00:00 0 
7f2ffa499000-7f2ffa49f000 rw-p 00000000 00:00 0 
7f2ffa49f000-7f2ffa4c4000 ---p 00000000 00:00 0 
7f2ffa4c4000-7f2ffa4c7000 rw-p 00000000 00:00 0 
7f2ffa4c7000-7f2ffa4d9000 ---p 00000000 00:00 0 
7f2ffa4d9000-7f2ffa4df000 rw-p 00000000 00:00 0 
7f2ffa4df000-7f2ffa504000 ---p 00000000 00:00 0 
7f2ffa504000-7f2ffa50f000 rw-p 00000000 00:00 0 
7f2ffa50f000-7f2ffa8c5000 ---p 00000000 00:00 0 
7f2ffa8c5000-7f2ffa8c8000 r--p 00000000 00:293f 9223372037534124511      /nix/store/arja5b2nhs4z9ajrcx4wiipjywcw1ip6-openjdk-8u322-ga-jre/lib/openjdk/jre/lib/amd64/libzip.so
7f2ffa8c8000-7f2ffa8cc000 r-xp 00003000 00:293f 9223372037534124511      /nix/store/arja5b2nhs4z9ajrcx4wiipjywcw1ip6-openjdk-8u322-ga-jre/lib/openjdk/jre/lib/amd64/libzip.so
7f2ffa8cc000-7f2ffa8ce000 r--p 00007000 00:293f 9223372037534124511      /nix/store/arja5b2nhs4z9ajrcx4wiipjywcw1ip6-openjdk-8u322-ga-jre/lib/openjdk/jre/lib/amd64/libzip.so
7f2ffa8ce000-7f2ffa8cf000 r--p 00008000 00:293f 9223372037534124511      /nix/store/arja5b2nhs4z9ajrcx4wiipjywcw1ip6-openjdk-8u322-ga-jre/lib/openjdk/jre/lib/amd64/libzip.so
7f2ffa8cf000-7f2ffa8d0000 rw-p 00009000 00:293f 9223372037534124511      /nix/store/arja5b2nhs4z9ajrcx4wiipjywcw1ip6-openjdk-8u322-ga-jre/lib/openjdk/jre/lib/amd64/libzip.so
7f2ffa8d0000-7f2ffa8d2000 rw-p 0000c000 00:293f 9223372037534124511      /nix/store/arja5b2nhs4z9ajrcx4wiipjywcw1ip6-openjdk-8u322-ga-jre/lib/openjdk/jre/lib/amd64/libzip.so
7f2ffa8d2000-7f2ffa8d4000 rw-p 0000e000 00:293f 9223372037534124511      /nix/store/arja5b2nhs4z9ajrcx4wiipjywcw1ip6-openjdk-8u322-ga-jre/lib/openjdk/jre/lib/amd64/libzip.so
7f2ffa8d4000-7f2ffa8dc000 rw-s 00000000 00:994 483                       /tmp/hsperfdata_runner/2196
7f2ffa8dc000-7f2ffa8dd000 rw-p 00000000 00:00 0 
7f2ffa8dd000-7f2ffa8de000 ---p 00000000 00:00 0 
7f2ffa8de000-7f2ffa8eb000 r--p 00000000 00:293f 9223372037534124225      /nix/store/arja5b2nhs4z9ajrcx4wiipjywcw1ip6-openjdk-8u322-ga-jre/lib/openjdk/jre/lib/amd64/libjava.so
7f2ffa8eb000-7f2ffa900000 r-xp 0000d000 00:293f 9223372037534124225      /nix/store/arja5b2nhs4z9ajrcx4wiipjywcw1ip6-openjdk-8u322-ga-jre/lib/openjdk/jre/lib/amd64/libjava.so
7f2ffa900000-7f2ffa907000 r--p 00022000 00:293f 9223372037534124225      /nix/store/arja5b2nhs4z9ajrcx4wiipjywcw1ip6-openjdk-8u322-ga-jre/lib/openjdk/jre/lib/amd64/libjava.so
7f2ffa907000-7f2ffa908000 r--p 00028000 00:293f 9223372037534124225      /nix/store/arja5b2nhs4z9ajrcx4wiipjywcw1ip6-openjdk-8u322-ga-jre/lib/openjdk/jre/lib/amd64/libjava.so
7f2ffa908000-7f2ffa909000 rw-p 00029000 00:293f 9223372037534124225      /nix/store/arja5b2nhs4z9ajrcx4wiipjywcw1ip6-openjdk-8u322-ga-jre/lib/openjdk/jre/lib/amd64/libjava.so
7f2ffa909000-7f2ffa90a000 rw-p 00000000 00:00 0 
7f2ffa90a000-7f2ffa910000 rw-p 00033000 00:293f 9223372037534124225      /nix/store/arja5b2nhs4z9ajrcx4wiipjywcw1ip6-openjdk-8u322-ga-jre/lib/openjdk/jre/lib/amd64/libjava.so
7f2ffa910000-7f2ffa915000 rw-p 00039000 00:293f 9223372037534124225      /nix/store/arja5b2nhs4z9ajrcx4wiipjywcw1ip6-openjdk-8u322-ga-jre/lib/openjdk/jre/lib/amd64/libjava.so
7f2ffa915000-7f2ffa91a000 r--p 00000000 00:293f 9223372037534124507      /nix/store/arja5b2nhs4z9ajrcx4wiipjywcw1ip6-openjdk-8u322-ga-jre/lib/openjdk/jre/lib/amd64/libverify.so
7f2ffa91a000-7f2ffa921000 r-xp 00005000 00:293f 9223372037534124507      /nix/store/arja5b2nhs4z9ajrcx4wiipjywcw1ip6-openjdk-8u322-ga-jre/lib/openjdk/jre/lib/amd64/libverify.so
7f2ffa921000-7f2ffa923000 r--p 0000c000 00:293f 9223372037534124507      /nix/store/arja5b2nhs4z9ajrcx4wiipjywcw1ip6-openjdk-8u322-ga-jre/lib/openjdk/jre/lib/amd64/libverify.so
7f2ffa923000-7f2ffa925000 r--p 0000d000 00:293f 9223372037534124507      /nix/store/arja5b2nhs4z9ajrcx4wiipjywcw1ip6-openjdk-8u322-ga-jre/lib/openjdk/jre/lib/amd64/libverify.so
7f2ffa925000-7f2ffa926000 rw-p 0000f000 00:293f 9223372037534124507      /nix/store/arja5b2nhs4z9ajrcx4wiipjywcw1ip6-openjdk-8u322-ga-jre/lib/openjdk/jre/lib/amd64/libverify.so
7f2ffa926000-7f2ffa928000 rw-p 00011000 00:293f 9223372037534124507      /nix/store/arja5b2nhs4z9ajrcx4wiipjywcw1ip6-openjdk-8u322-ga-jre/lib/openjdk/jre/lib/amd64/libverify.so
7f2ffa928000-7f2ffa92a000 rw-p 00013000 00:293f 9223372037534124507      /nix/store/arja5b2nhs4z9ajrcx4wiipjywcw1ip6-openjdk-8u322-ga-jre/lib/openjdk/jre/lib/amd64/libverify.so
7f2ffa92a000-7f2ffa92b000 ---p 00000000 00:00 0 
7f2ffa92b000-7f2ffa92e000 ---p 00000000 00:00 0 
7f2ffa92e000-7f2ffaa2b000 rw-p 00000000 00:00 0 
7f2ffaa2b000-7f2ffaa2e000 r--p 00000000 00:293f 9223372037532303436      /nix/store/mdck89nsfisflwjv6xv8ydj7dj0sj2pn-gcc-11.3.0-lib/lib/libgcc_s.so.1
7f2ffaa2e000-7f2ffaa40000 r-xp 00003000 00:293f 9223372037532303436      /nix/store/mdck89nsfisflwjv6xv8ydj7dj0sj2pn-gcc-11.3.0-lib/lib/libgcc_s.so.1
7f2ffaa40000-7f2ffaa43000 r--p 00015000 00:293f 9223372037532303436      /nix/store/mdck89nsfisflwjv6xv8ydj7dj0sj2pn-gcc-11.3.0-lib/lib/libgcc_s.so.1
7f2ffaa43000-7f2ffaa44000 r--p 00018000 00:293f 9223372037532303436      /nix/store/mdck89nsfisflwjv6xv8ydj7dj0sj2pn-gcc-11.3.0-lib/lib/libgcc_s.so.1
7f2ffaa44000-7f2ffaa45000 rw-p 00019000 00:293f 9223372037532303436      /nix/store/mdck89nsfisflwjv6xv8ydj7dj0sj2pn-gcc-11.3.0-lib/lib/libgcc_s.so.1
7f2ffaa45000-7f2ffaae6000 r--p 00000000 00:293f 9223372037532303461      /nix/store/mdck89nsfisflwjv6xv8ydj7dj0sj2pn-gcc-11.3.0-lib/lib/libstdc++.so.6.0.29
7f2ffaae6000-7f2ffabde000 r-xp 000a1000 00:293f 9223372037532303461      /nix/store/mdck89nsfisflwjv6xv8ydj7dj0sj2pn-gcc-11.3.0-lib/lib/libstdc++.so.6.0.29
7f2ffabde000-7f2ffac4a000 r--p 00199000 00:293f 9223372037532303461      /nix/store/mdck89nsfisflwjv6xv8ydj7dj0sj2pn-gcc-11.3.0-lib/lib/libstdc++.so.6.0.29
7f2ffac4a000-7f2ffac57000 r--p 00205000 00:293f 9223372037532303461      /nix/store/mdck89nsfisflwjv6xv8ydj7dj0sj2pn-gcc-11.3.0-lib/lib/libstdc++.so.6.0.29
7f2ffac57000-7f2ffac58000 rw-p 00212000 00:293f 9223372037532303461      /nix/store/mdck89nsfisflwjv6xv8ydj7dj0sj2pn-gcc-11.3.0-lib/lib/libstdc++.so.6.0.29
7f2ffac58000-7f2ffac5b000 rw-p 00000000 00:00 0 
7f2ffac5b000-7f2ffae50000 r--p 00000000 00:293f 9223372037534124522      /nix/store/arja5b2nhs4z9ajrcx4wiipjywcw1ip6-openjdk-8u322-ga-jre/lib/openjdk/jre/lib/amd64/server/libjvm.so
7f2ffae50000-7f2ffb772000 r-xp 001f5000 00:293f 9223372037534124522      /nix/store/arja5b2nhs4z9ajrcx4wiipjywcw1ip6-openjdk-8u322-ga-jre/lib/openjdk/jre/lib/amd64/server/libjvm.so
7f2ffb772000-7f2ffb91e000 r--p 00b17000 00:293f 9223372037534124522      /nix/store/arja5b2nhs4z9ajrcx4wiipjywcw1ip6-openjdk-8u322-ga-jre/lib/openjdk/jre/lib/amd64/server/libjvm.so
7f2ffb91e000-7f2ffb9b4000 r--p 00cc3000 00:293f 9223372037534124522      /nix/store/arja5b2nhs4z9ajrcx4wiipjywcw1ip6-openjdk-8u322-ga-jre/lib/openjdk/jre/lib/amd64/server/libjvm.so
7f2ffb9b4000-7f2ffb9dd000 rw-p 00d59000 00:293f 9223372037534124522      /nix/store/arja5b2nhs4z9ajrcx4wiipjywcw1ip6-openjdk-8u322-ga-jre/lib/openjdk/jre/lib/amd64/server/libjvm.so
7f2ffb9dd000-7f2ffba10000 rw-p 00000000 00:00 0 
7f2ffba10000-7f2ffba15000 rw-p 0100e000 00:293f 9223372037534124522      /nix/store/arja5b2nhs4z9ajrcx4wiipjywcw1ip6-openjdk-8u322-ga-jre/lib/openjdk/jre/lib/amd64/server/libjvm.so
7f2ffba15000-7f2ffba18000 rw-p 01013000 00:293f 9223372037534124522      /nix/store/arja5b2nhs4z9ajrcx4wiipjywcw1ip6-openjdk-8u322-ga-jre/lib/openjdk/jre/lib/amd64/server/libjvm.so
7f2ffba18000-7f2ffba21000 rw-p 00000000 00:00 0 
7f2ffba21000-7f2ffba24000 r--p 00000000 00:293f 9223372037533472831      /nix/store/jijvvmbza698qa6yjgr1ndgdgyryvq1i-libcap-2.66-lib/lib/libcap.so.2.66
7f2ffba24000-7f2ffba29000 r-xp 00003000 00:293f 9223372037533472831      /nix/store/jijvvmbza698qa6yjgr1ndgdgyryvq1i-libcap-2.66-lib/lib/libcap.so.2.66
7f2ffba29000-7f2ffba2b000 r--p 00008000 00:293f 9223372037533472831      /nix/store/jijvvmbza698qa6yjgr1ndgdgyryvq1i-libcap-2.66-lib/lib/libcap.so.2.66
7f2ffba2b000-7f2ffba2c000 r--p 0000a000 00:293f 9223372037533472831      /nix/store/jijvvmbza698qa6yjgr1ndgdgyryvq1i-libcap-2.66-lib/lib/libcap.so.2.66
7f2ffba2c000-7f2ffba2d000 rw-p 0000b000 00:293f 9223372037533472831      /nix/store/jijvvmbza698qa6yjgr1ndgdgyryvq1i-libcap-2.66-lib/lib/libcap.so.2.66
7f2ffba2d000-7f2ffba2f000 r--p 00000000 00:293f 9223372037533485846      /nix/store/2rs0zshg1zhczv96rhhg3br9kypdf2bz-libdatrie-2019-12-20-lib/lib/libdatrie.so.1.3.5
7f2ffba2f000-7f2ffba33000 r-xp 00002000 00:293f 9223372037533485846      /nix/store/2rs0zshg1zhczv96rhhg3br9kypdf2bz-libdatrie-2019-12-20-lib/lib/libdatrie.so.1.3.5
7f2ffba33000-7f2ffba35000 r--p 00006000 00:293f 9223372037533485846      /nix/store/2rs0zshg1zhczv96rhhg3br9kypdf2bz-libdatrie-2019-12-20-lib/lib/libdatrie.so.1.3.5
7f2ffba35000-7f2ffba36000 r--p 00007000 00:293f 9223372037533485846      /nix/store/2rs0zshg1zhczv96rhhg3br9kypdf2bz-libdatrie-2019-12-20-lib/lib/libdatrie.so.1.3.5
7f2ffba36000-7f2ffba37000 rw-p 00008000 00:293f 9223372037533485846      /nix/store/2rs0zshg1zhczv96rhhg3br9kypdf2bz-libdatrie-2019-12-20-lib/lib/libdatrie.so.1.3.5
7f2ffba37000-7f2ffba39000 rw-p 00000000 00:00 0 
7f2ffba39000-7f2ffba3c000 r--p 00000000 00:293f 4611686018429464838      /nix/store/hisqvx32cd57apbpcsnkpx6k3549wql1-libglvnd-1.4.0/lib/libGLX.so.0.0.0
7f2ffba3c000-7f2ffba57000 r-xp 00003000 00:293f 4611686018429464838      /nix/store/hisqvx32cd57apbpcsnkpx6k3549wql1-libglvnd-1.4.0/lib/libGLX.so.0.0.0
7f2ffba57000-7f2ffba5a000 r--p 0001e000 00:293f 4611686018429464838      /nix/store/hisqvx32cd57apbpcsnkpx6k3549wql1-libglvnd-1.4.0/lib/libGLX.so.0.0.0
7f2ffba5a000-7f2ffba5b000 ---p 00021000 00:293f 4611686018429464838      /nix/store/hisqvx32cd57apbpcsnkpx6k3549wql1-libglvnd-1.4.0/lib/libGLX.so.0.0.0
7f2ffba5b000-7f2ffba5c000 r--p 00021000 00:293f 4611686018429464838      /nix/store/hisqvx32cd57apbpcsnkpx6k3549wql1-libglvnd-1.4.0/lib/libGLX.so.0.0.0
7f2ffba5c000-7f2ffba5d000 rw-p 00022000 00:293f 4611686018429464838      /nix/store/hisqvx32cd57apbpcsnkpx6k3549wql1-libglvnd-1.4.0/lib/libGLX.so.0.0.0
7f2ffba5d000-7f2ffba6d000 rw-p 00000000 00:00 0 
7f2ffba6d000-7f2ffba6e000 rw-p 00057000 00:293f 4611686018429464838      /nix/store/hisqvx32cd57apbpcsnkpx6k3549wql1-libglvnd-1.4.0/lib/libGLX.so.0.0.0
7f2ffba6e000-7f2ffbaaf000 r--p 00000000 00:293f 4611686018429464854      /nix/store/hisqvx32cd57apbpcsnkpx6k3549wql1-libglvnd-1.4.0/lib/libGLdispatch.so.0.0.0
7f2ffbaaf000-7f2ffbaee000 r-xp 00041000 00:293f 4611686018429464854      /nix/store/hisqvx32cd57apbpcsnkpx6k3549wql1-libglvnd-1.4.0/lib/libGLdispatch.so.0.0.0
7f2ffbaee000-7f2ffbb01000 r--p 00080000 00:293f 4611686018429464854      /nix/store/hisqvx32cd57apbpcsnkpx6k3549wql1-libglvnd-1.4.0/lib/libGLdispatch.so.0.0.0
7f2ffbb01000-7f2ffbb02000 ---p 00093000 00:293f 4611686018429464854      /nix/store/hisqvx32cd57apbpcsnkpx6k3549wql1-libglvnd-1.4.0/lib/libGLdispatch.so.0.0.0
7f2ffbb02000-7f2ffbb1e000 r--p 00093000 00:293f 4611686018429464854      /nix/store/hisqvx32cd57apbpcsnkpx6k3549wql1-libglvnd-1.4.0/lib/libGLdispatch.so.0.0.0
7f2ffbb1e000-7f2ffbb1f000 rw-p 000af000 00:293f 4611686018429464854      /nix/store/hisqvx32cd57apbpcsnkpx6k3549wql1-libglvnd-1.4.0/lib/libGLdispatch.so.0.0.0
7f2ffbb1f000-7f2ffbb27000 rw-p 00000000 00:00 0 
7f2ffbb27000-7f2ffbb29000 r--p 00000000 00:293f 9223372037533472782      /nix/store/09gxmx43bc0snqc2hf094hnxpx2bb4hh-libXdmcp-1.1.3/lib/libXdmcp.so.6.0.0
7f2ffbb29000-7f2ffbb2b000 r-xp 00002000 00:293f 9223372037533472782      /nix/store/09gxmx43bc0snqc2hf094hnxpx2bb4hh-libXdmcp-1.1.3/lib/libXdmcp.so.6.0.0
7f2ffbb2b000-7f2ffbb2d000 r--p 00004000 00:293f 9223372037533472782      /nix/store/09gxmx43bc0snqc2hf094hnxpx2bb4hh-libXdmcp-1.1.3/lib/libXdmcp.so.6.0.0
7f2ffbb2d000-7f2ffbb2e000 r--p 00005000 00:293f 9223372037533472782      /nix/store/09gxmx43bc0snqc2hf094hnxpx2bb4hh-libXdmcp-1.1.3/lib/libXdmcp.so.6.0.0
7f2ffbb2e000-7f2ffbb2f000 rw-p 00006000 00:293f 9223372037533472782      /nix/store/09gxmx43bc0snqc2hf094hnxpx2bb4hh-libXdmcp-1.1.3/lib/libXdmcp.so.6.0.0
7f2ffbb2f000-7f2ffbb30000 r--p 00000000 00:293f 9223372037533472719      /nix/store/8ypkjcki98cwblzc4k0kblxz2zpjqj45-libXau-1.0.9/lib/libXau.so.6.0.0
7f2ffbb30000-7f2ffbb31000 r-xp 00001000 00:293f 9223372037533472719      /nix/store/8ypkjcki98cwblzc4k0kblxz2zpjqj45-libXau-1.0.9/lib/libXau.so.6.0.0
7f2ffbb31000-7f2ffbb32000 r--p 00002000 00:293f 9223372037533472719      /nix/store/8ypkjcki98cwblzc4k0kblxz2zpjqj45-libXau-1.0.9/lib/libXau.so.6.0.0
7f2ffbb32000-7f2ffbb33000 r--p 00002000 00:293f 9223372037533472719      /nix/store/8ypkjcki98cwblzc4k0kblxz2zpjqj45-libXau-1.0.9/lib/libXau.so.6.0.0
7f2ffbb33000-7f2ffbb34000 rw-p 00003000 00:293f 9223372037533472719      /nix/store/8ypkjcki98cwblzc4k0kblxz2zpjqj45-libXau-1.0.9/lib/libXau.so.6.0.0
7f2ffbb34000-7f2ffbb36000 rw-p 00000000 00:00 0 
7f2ffbb36000-7f2ffbb4d000 r--p 00000000 00:293f 9223372037533870545      /nix/store/adnxnv29s3nnrxrv19z5jnqzww0jd1aa-systemd-minimal-251.7/lib/libsystemd.so.0.34.0
7f2ffbb4d000-7f2ffbbd9000 r-xp 00017000 00:293f 9223372037533870545      /nix/store/adnxnv29s3nnrxrv19z5jnqzww0jd1aa-systemd-minimal-251.7/lib/libsystemd.so.0.34.0
7f2ffbbd9000-7f2ffbc14000 r--p 000a3000 00:293f 9223372037533870545      /nix/store/adnxnv29s3nnrxrv19z5jnqzww0jd1aa-systemd-minimal-251.7/lib/libsystemd.so.0.34.0
7f2ffbc14000-7f2ffbc20000 r--p 000de000 00:293f 9223372037533870545      /nix/store/adnxnv29s3nnrxrv19z5jnqzww0jd1aa-systemd-minimal-251.7/lib/libsystemd.so.0.34.0
7f2ffbc20000-7f2ffbc21000 rw-p 000ea000 00:293f 9223372037533870545      /nix/store/adnxnv29s3nnrxrv19z5jnqzww0jd1aa-systemd-minimal-251.7/lib/libsystemd.so.0.34.0
7f2ffbc21000-7f2ffbc22000 rw-p 00000000 00:00 0 
7f2ffbc22000-7f2ffbc24000 r--p 00000000 00:293f 9223372037533484464      /nix/store/1dgws25664p544znpc6f1nh9xmjf4ykc-pcre-8.45/lib/libpcre.so.1.2.13
7f2ffbc24000-7f2ffbc7b000 r-xp 00002000 00:293f 9223372037533484464      /nix/store/1dgws25664p544znpc6f1nh9xmjf4ykc-pcre-8.45/lib/libpcre.so.1.2.13
7f2ffbc7b000-7f2ffbc98000 r--p 00059000 00:293f 9223372037533484464      /nix/store/1dgws25664p544znpc6f1nh9xmjf4ykc-pcre-8.45/lib/libpcre.so.1.2.13
7f2ffbc98000-7f2ffbc99000 r--p 00075000 00:293f 9223372037533484464      /nix/store/1dgws25664p544znpc6f1nh9xmjf4ykc-pcre-8.45/lib/libpcre.so.1.2.13
7f2ffbc99000-7f2ffbc9a000 rw-p 00076000 00:293f 9223372037533484464      /nix/store/1dgws25664p544znpc6f1nh9xmjf4ykc-pcre-8.45/lib/libpcre.so.1.2.13
7f2ffbc9a000-7f2ffbca4000 r--p 00000000 00:293f 9223372037533490636      /nix/store/acvafmp652dj67f4g3sdx68n2mg1afz4-util-linux-minimal-2.38.1-lib/lib/libblkid.so.1.1.0
7f2ffbca4000-7f2ffbcda000 r-xp 0000a000 00:293f 9223372037533490636      /nix/store/acvafmp652dj67f4g3sdx68n2mg1afz4-util-linux-minimal-2.38.1-lib/lib/libblkid.so.1.1.0
7f2ffbcda000-7f2ffbceb000 r--p 00040000 00:293f 9223372037533490636      /nix/store/acvafmp652dj67f4g3sdx68n2mg1afz4-util-linux-minimal-2.38.1-lib/lib/libblkid.so.1.1.0
7f2ffbceb000-7f2ffbcf1000 r--p 00051000 00:293f 9223372037533490636      /nix/store/acvafmp652dj67f4g3sdx68n2mg1afz4-util-linux-minimal-2.38.1-lib/lib/libblkid.so.1.1.0
7f2ffbcf1000-7f2ffbcf2000 rw-p 00057000 00:293f 9223372037533490636      /nix/store/acvafmp652dj67f4g3sdx68n2mg1afz4-util-linux-minimal-2.38.1-lib/lib/libblkid.so.1.1.0
7f2ffbcf2000-7f2ffbcf5000 r--p 00000000 00:293f 9223372037533472459      /nix/store/ppipcv58wj9xp7impnqblrhz5j9q1gdg-graphite2-1.3.14/lib/libgraphite2.so.3.2.1
7f2ffbcf5000-7f2ffbd12000 r-xp 00003000 00:293f 9223372037533472459      /nix/store/ppipcv58wj9xp7impnqblrhz5j9q1gdg-graphite2-1.3.14/lib/libgraphite2.so.3.2.1
7f2ffbd12000-7f2ffbd17000 r--p 00020000 00:293f 9223372037533472459      /nix/store/ppipcv58wj9xp7impnqblrhz5j9q1gdg-graphite2-1.3.14/lib/libgraphite2.so.3.2.1
7f2ffbd17000-7f2ffbd19000 r--p 00024000 00:293f 9223372037533472459      /nix/store/ppipcv58wj9xp7impnqblrhz5j9q1gdg-graphite2-1.3.14/lib/libgraphite2.so.3.2.1
7f2ffbd19000-7f2ffbd1a000 rw-p 00026000 00:293f 9223372037533472459      /nix/store/ppipcv58wj9xp7impnqblrhz5j9q1gdg-graphite2-1.3.14/lib/libgraphite2.so.3.2.1
7f2ffbd1a000-7f2ffbd1c000 rw-p 00000000 00:00 0 
7f2ffbd1c000-7f2ffbd1f000 r--p 00000000 00:293f 9223372037533486669      /nix/store/cjdm2inq3madwqpnnddi59vv5yd89m52-pcre2-10.40/lib/libpcre2-8.so.0.11.0
7f2ffbd1f000-7f2ffbd8d000 r-xp 00003000 00:293f 9223372037533486669      /nix/store/cjdm2inq3madwqpnnddi59vv5yd89m52-pcre2-10.40/lib/libpcre2-8.so.0.11.0
7f2ffbd8d000-7f2ffbdb8000 r--p 00071000 00:293f 9223372037533486669      /nix/store/cjdm2inq3madwqpnnddi59vv5yd89m52-pcre2-10.40/lib/libpcre2-8.so.0.11.0
7f2ffbdb8000-7f2ffbdb9000 r--p 0009c000 00:293f 9223372037533486669      /nix/store/cjdm2inq3madwqpnnddi59vv5yd89m52-pcre2-10.40/lib/libpcre2-8.so.0.11.0
7f2ffbdb9000-7f2ffbdba000 rw-p 0009d000 00:293f 9223372037533486669      /nix/store/cjdm2inq3madwqpnnddi59vv5yd89m52-pcre2-10.40/lib/libpcre2-8.so.0.11.0
7f2ffbdba000-7f2ffbdbc000 r--p 00000000 00:293f 9223372037533473396      /nix/store/xghl0l2f6byzqvy06ana2y4isqwa7blw-libffi-3.4.4/lib/libffi.so.8.1.2
7f2ffbdbc000-7f2ffbdc3000 r-xp 00002000 00:293f 9223372037533473396      /nix/store/xghl0l2f6byzqvy06ana2y4isqwa7blw-libffi-3.4.4/lib/libffi.so.8.1.2
7f2ffbdc3000-7f2ffbdc5000 r--p 00009000 00:293f 9223372037533473396      /nix/store/xghl0l2f6byzqvy06ana2y4isqwa7blw-libffi-3.4.4/lib/libffi.so.8.1.2
7f2ffbdc5000-7f2ffbdc6000 r--p 0000a000 00:293f 9223372037533473396      /nix/store/xghl0l2f6byzqvy06ana2y4isqwa7blw-libffi-3.4.4/lib/libffi.so.8.1.2
7f2ffbdc6000-7f2ffbdc7000 rw-p 0000b000 00:293f 9223372037533473396      /nix/store/xghl0l2f6byzqvy06ana2y4isqwa7blw-libffi-3.4.4/lib/libffi.so.8.1.2
7f2ffbdc7000-7f2ffbdca000 r--p 00000000 00:293f 9223372037533488759      /nix/store/j49aryma2g2np2ycs9hplx4w8xmvwxnf-libthai-0.1.29/lib/libthai.so.0.3.1
7f2ffbdca000-7f2ffbdce000 r-xp 00003000 00:293f 9223372037533488759      /nix/store/j49aryma2g2np2ycs9hplx4w8xmvwxnf-libthai-0.1.29/lib/libthai.so.0.3.1
7f2ffbdce000-7f2ffbdd1000 r--p 00007000 00:293f 9223372037533488759      /nix/store/j49aryma2g2np2ycs9hplx4w8xmvwxnf-libthai-0.1.29/lib/libthai.so.0.3.1
7f2ffbdd1000-7f2ffbdd2000 r--p 00009000 00:293f 9223372037533488759      /nix/store/j49aryma2g2np2ycs9hplx4w8xmvwxnf-libthai-0.1.29/lib/libthai.so.0.3.1
7f2ffbdd2000-7f2ffbdd3000 rw-p 0000a000 00:293f 9223372037533488759      /nix/store/j49aryma2g2np2ycs9hplx4w8xmvwxnf-libthai-0.1.29/lib/libthai.so.0.3.1
7f2ffbdd3000-7f2ffbdd5000 r--p 00000000 00:293f 9223372037531798929      /nix/store/qx1955hp5ghvp6j3g4vxyli87wbmc35w-fribidi-1.0.12/lib/libfribidi.so.0.4.0
7f2ffbdd5000-7f2ffbdda000 r-xp 00002000 00:293f 9223372037531798929      /nix/store/qx1955hp5ghvp6j3g4vxyli87wbmc35w-fribidi-1.0.12/lib/libfribidi.so.0.4.0
7f2ffbdda000-7f2ffbdf1000 r--p 00007000 00:293f 9223372037531798929      /nix/store/qx1955hp5ghvp6j3g4vxyli87wbmc35w-fribidi-1.0.12/lib/libfribidi.so.0.4.0
7f2ffbdf1000-7f2ffbdf2000 r--p 0001d000 00:293f 9223372037531798929      /nix/store/qx1955hp5ghvp6j3g4vxyli87wbmc35w-fribidi-1.0.12/lib/libfribidi.so.0.4.0
7f2ffbdf2000-7f2ffbdf3000 rw-p 0001e000 00:293f 9223372037531798929      /nix/store/qx1955hp5ghvp6j3g4vxyli87wbmc35w-fribidi-1.0.12/lib/libfribidi.so.0.4.0
7f2ffbdf3000-7f2ffbdf5000 rw-p 00000000 00:00 0 
7f2ffbdf5000-7f2ffbdfa000 r--p 00000000 00:293f 9223372037533473740      /nix/store/ip2qihjd99hcdnr1vpp53dxz5dfsl5fd-libjpeg-turbo-2.1.4/lib/libjpeg.so.62.3.0
7f2ffbdfa000-7f2ffbe5f000 r-xp 00005000 00:293f 9223372037533473740      /nix/store/ip2qihjd99hcdnr1vpp53dxz5dfsl5fd-libjpeg-turbo-2.1.4/lib/libjpeg.so.62.3.0
7f2ffbe5f000-7f2ffbea2000 r--p 0006a000 00:293f 9223372037533473740      /nix/store/ip2qihjd99hcdnr1vpp53dxz5dfsl5fd-libjpeg-turbo-2.1.4/lib/libjpeg.so.62.3.0
7f2ffbea2000-7f2ffbea3000 r--p 000ac000 00:293f 9223372037533473740      /nix/store/ip2qihjd99hcdnr1vpp53dxz5dfsl5fd-libjpeg-turbo-2.1.4/lib/libjpeg.so.62.3.0
7f2ffbea3000-7f2ffbea4000 rw-p 000ad000 00:293f 9223372037533473740      /nix/store/ip2qihjd99hcdnr1vpp53dxz5dfsl5fd-libjpeg-turbo-2.1.4/lib/libjpeg.so.62.3.0
7f2ffbea4000-7f2ffbea5000 r--p 00000000 00:293f 9223372037455367850      /nix/store/4nlgxhb09sdr51nc9hdm8az5b08vzkgx-glibc-2.35-163/lib/librt.so.1
7f2ffbea5000-7f2ffbea6000 r-xp 00001000 00:293f 9223372037455367850      /nix/store/4nlgxhb09sdr51nc9hdm8az5b08vzkgx-glibc-2.35-163/lib/librt.so.1
7f2ffbea6000-7f2ffbea7000 r--p 00002000 00:293f 9223372037455367850      /nix/store/4nlgxhb09sdr51nc9hdm8az5b08vzkgx-glibc-2.35-163/lib/librt.so.1
7f2ffbea7000-7f2ffbea8000 r--p 00002000 00:293f 9223372037455367850      /nix/store/4nlgxhb09sdr51nc9hdm8az5b08vzkgx-glibc-2.35-163/lib/librt.so.1
7f2ffbea8000-7f2ffbea9000 rw-p 00003000 00:293f 9223372037455367850      /nix/store/4nlgxhb09sdr51nc9hdm8az5b08vzkgx-glibc-2.35-163/lib/librt.so.1
7f2ffbea9000-7f2ffbef2000 r--p 00000000 00:293f 4611686018429464842      /nix/store/hisqvx32cd57apbpcsnkpx6k3549wql1-libglvnd-1.4.0/lib/libGL.so.1.7.0
7f2ffbef2000-7f2ffbf12000 r-xp 00049000 00:293f 4611686018429464842      /nix/store/hisqvx32cd57apbpcsnkpx6k3549wql1-libglvnd-1.4.0/lib/libGL.so.1.7.0
7f2ffbf12000-7f2ffbf27000 r--p 00069000 00:293f 4611686018429464842      /nix/store/hisqvx32cd57apbpcsnkpx6k3549wql1-libglvnd-1.4.0/lib/libGL.so.1.7.0
7f2ffbf27000-7f2ffbf35000 r--p 0007d000 00:293f 4611686018429464842      /nix/store/hisqvx32cd57apbpcsnkpx6k3549wql1-libglvnd-1.4.0/lib/libGL.so.1.7.0
7f2ffbf35000-7f2ffbf36000 rw-p 0008b000 00:293f 4611686018429464842      /nix/store/hisqvx32cd57apbpcsnkpx6k3549wql1-libglvnd-1.4.0/lib/libGL.so.1.7.0
7f2ffbf36000-7f2ffbf37000 rw-p 00000000 00:00 0 
7f2ffbf37000-7f2ffbf3d000 r--p 00000000 00:293f 9223372037533474803      /nix/store/xs3v53gpwwpz34aj5h51rz4wxmjfrf08-libxcb-1.14/lib/libxcb-render.so.0.0.0
7f2ffbf3d000-7f2ffbf42000 r-xp 00006000 00:293f 9223372037533474803      /nix/store/xs3v53gpwwpz34aj5h51rz4wxmjfrf08-libxcb-1.14/lib/libxcb-render.so.0.0.0
7f2ffbf42000-7f2ffbf44000 r--p 0000b000 00:293f 9223372037533474803      /nix/store/xs3v53gpwwpz34aj5h51rz4wxmjfrf08-libxcb-1.14/lib/libxcb-render.so.0.0.0
7f2ffbf44000-7f2ffbf45000 r--p 0000d000 00:293f 9223372037533474803      /nix/store/xs3v53gpwwpz34aj5h51rz4wxmjfrf08-libxcb-1.14/lib/libxcb-render.so.0.0.0
7f2ffbf45000-7f2ffbf46000 rw-p 0000e000 00:293f 9223372037533474803      /nix/store/xs3v53gpwwpz34aj5h51rz4wxmjfrf08-libxcb-1.14/lib/libxcb-render.so.0.0.0
7f2ffbf46000-7f2ffbf47000 r--p 00000000 00:293f 9223372037533474857      /nix/store/xs3v53gpwwpz34aj5h51rz4wxmjfrf08-libxcb-1.14/lib/libxcb-shm.so.0.0.0
7f2ffbf47000-7f2ffbf48000 r-xp 00001000 00:293f 9223372037533474857      /nix/store/xs3v53gpwwpz34aj5h51rz4wxmjfrf08-libxcb-1.14/lib/libxcb-shm.so.0.0.0
7f2ffbf48000-7f2ffbf49000 r--p 00002000 00:293f 9223372037533474857      /nix/store/xs3v53gpwwpz34aj5h51rz4wxmjfrf08-libxcb-1.14/lib/libxcb-shm.so.0.0.0
7f2ffbf49000-7f2ffbf4a000 r--p 00002000 00:293f 9223372037533474857      /nix/store/xs3v53gpwwpz34aj5h51rz4wxmjfrf08-libxcb-1.14/lib/libxcb-shm.so.0.0.0
7f2ffbf4a000-7f2ffbf4b000 rw-p 00003000 00:293f 9223372037533474857      /nix/store/xs3v53gpwwpz34aj5h51rz4wxmjfrf08-libxcb-1.14/lib/libxcb-shm.so.0.0.0
7f2ffbf4b000-7f2ffbf4d000 rw-p 00000000 00:00 0 
7f2ffbf4d000-7f2ffbf50000 r--p 00000000 00:293f 4611686018429464843      /nix/store/hisqvx32cd57apbpcsnkpx6k3549wql1-libglvnd-1.4.0/lib/libEGL.so.1.1.0
7f2ffbf50000-7f2ffbf5c000 r-xp 00003000 00:293f 4611686018429464843      /nix/store/hisqvx32cd57apbpcsnkpx6k3549wql1-libglvnd-1.4.0/lib/libEGL.so.1.1.0
7f2ffbf5c000-7f2ffbf61000 r--p 0000f000 00:293f 4611686018429464843      /nix/store/hisqvx32cd57apbpcsnkpx6k3549wql1-libglvnd-1.4.0/lib/libEGL.so.1.1.0
7f2ffbf61000-7f2ffbf62000 r--p 00013000 00:293f 4611686018429464843      /nix/store/hisqvx32cd57apbpcsnkpx6k3549wql1-libglvnd-1.4.0/lib/libEGL.so.1.1.0
7f2ffbf62000-7f2ffbf63000 rw-p 00014000 00:293f 4611686018429464843      /nix/store/hisqvx32cd57apbpcsnkpx6k3549wql1-libglvnd-1.4.0/lib/libEGL.so.1.1.0
7f2ffbf63000-7f2ffbf6e000 r--p 00000000 00:293f 9223372037533486886      /nix/store/4y2cc1fv776f8mg2j1mk4f5bna71am4q-pixman-0.42.2/lib/libpixman-1.so.0.42.2
7f2ffbf6e000-7f2ffbff3000 r-xp 0000b000 00:293f 9223372037533486886      /nix/store/4y2cc1fv776f8mg2j1mk4f5bna71am4q-pixman-0.42.2/lib/libpixman-1.so.0.42.2
7f2ffbff3000-7f2ffc005000 r--p 00090000 00:293f 9223372037533486886      /nix/store/4y2cc1fv776f8mg2j1mk4f5bna71am4q-pixman-0.42.2/lib/libpixman-1.so.0.42.2
7f2ffc005000-7f2ffc00d000 r--p 000a2000 00:293f 9223372037533486886      /nix/store/4y2cc1fv776f8mg2j1mk4f5bna71am4q-pixman-0.42.2/lib/libpixman-1.so.0.42.2
7f2ffc00d000-7f2ffc00e000 rw-p 000aa000 00:293f 9223372037533486886      /nix/store/4y2cc1fv776f8mg2j1mk4f5bna71am4q-pixman-0.42.2/lib/libpixman-1.so.0.42.2
7f2ffc00e000-7f2ffc01b000 r--p 00000000 00:293f 9223372037533475126      /nix/store/xs3v53gpwwpz34aj5h51rz4wxmjfrf08-libxcb-1.14/lib/libxcb.so.1.1.0
7f2ffc01b000-7f2ffc02e000 r-xp 0000d000 00:293f 9223372037533475126      /nix/store/xs3v53gpwwpz34aj5h51rz4wxmjfrf08-libxcb-1.14/lib/libxcb.so.1.1.0
7f2ffc02e000-7f2ffc037000 r--p 00020000 00:293f 9223372037533475126      /nix/store/xs3v53gpwwpz34aj5h51rz4wxmjfrf08-libxcb-1.14/lib/libxcb.so.1.1.0
7f2ffc037000-7f2ffc038000 r--p 00028000 00:293f 9223372037533475126      /nix/store/xs3v53gpwwpz34aj5h51rz4wxmjfrf08-libxcb-1.14/lib/libxcb.so.1.1.0
7f2ffc038000-7f2ffc039000 rw-p 00029000 00:293f 9223372037533475126      /nix/store/xs3v53gpwwpz34aj5h51rz4wxmjfrf08-libxcb-1.14/lib/libxcb.so.1.1.0
7f2ffc039000-7f2ffc04b000 r--p 00000000 00:293f 9223372037533470371      /nix/store/ijz81p08bp812q2bvv77lz9qpfzncibd-gmp-with-cxx-6.2.1/lib/libgmp.so.10.4.1
7f2ffc04b000-7f2ffc0bf000 r-xp 00012000 00:293f 9223372037533470371      /nix/store/ijz81p08bp812q2bvv77lz9qpfzncibd-gmp-with-cxx-6.2.1/lib/libgmp.so.10.4.1
7f2ffc0bf000-7f2ffc0d6000 r--p 00086000 00:293f 9223372037533470371      /nix/store/ijz81p08bp812q2bvv77lz9qpfzncibd-gmp-with-cxx-6.2.1/lib/libgmp.so.10.4.1
7f2ffc0d6000-7f2ffc0d8000 r--p 0009d000 00:293f 9223372037533470371      /nix/store/ijz81p08bp812q2bvv77lz9qpfzncibd-gmp-with-cxx-6.2.1/lib/libgmp.so.10.4.1
7f2ffc0d8000-7f2ffc0d9000 rw-p 0009f000 00:293f 9223372037533470371      /nix/store/ijz81p08bp812q2bvv77lz9qpfzncibd-gmp-with-cxx-6.2.1/lib/libgmp.so.10.4.1
7f2ffc0d9000-7f2ffc0db000 rw-p 00000000 00:00 0 
7f2ffc0db000-7f2ffc0e5000 r--p 00000000 00:293f 9223372037533598892      /nix/store/raz5jjjszg123qlmx07dv0w5zjqf2x3y-nettle-3.8.1/lib/libhogweed.so.6.6
7f2ffc0e5000-7f2ffc0f8000 r-xp 0000a000 00:293f 9223372037533598892      /nix/store/raz5jjjszg123qlmx07dv0w5zjqf2x3y-nettle-3.8.1/lib/libhogweed.so.6.6
7f2ffc0f8000-7f2ffc122000 r--p 0001d000 00:293f 9223372037533598892      /nix/store/raz5jjjszg123qlmx07dv0w5zjqf2x3y-nettle-3.8.1/lib/libhogweed.so.6.6
7f2ffc122000-7f2ffc124000 r--p 00047000 00:293f 9223372037533598892      /nix/store/raz5jjjszg123qlmx07dv0w5zjqf2x3y-nettle-3.8.1/lib/libhogweed.so.6.6
7f2ffc124000-7f2ffc125000 rw-p 00049000 00:293f 9223372037533598892      /nix/store/raz5jjjszg123qlmx07dv0w5zjqf2x3y-nettle-3.8.1/lib/libhogweed.so.6.6
7f2ffc125000-7f2ffc133000 r--p 00000000 00:293f 9223372037533598906      /nix/store/raz5jjjszg123qlmx07dv0w5zjqf2x3y-nettle-3.8.1/lib/libnettle.so.8.6
7f2ffc133000-7f2ffc159000 r-xp 0000e000 00:293f 9223372037533598906      /nix/store/raz5jjjszg123qlmx07dv0w5zjqf2x3y-nettle-3.8.1/lib/libnettle.so.8.6
7f2ffc159000-7f2ffc170000 r--p 00034000 00:293f 9223372037533598906      /nix/store/raz5jjjszg123qlmx07dv0w5zjqf2x3y-nettle-3.8.1/lib/libnettle.so.8.6
7f2ffc170000-7f2ffc172000 r--p 0004b000 00:293f 9223372037533598906      /nix/store/raz5jjjszg123qlmx07dv0w5zjqf2x3y-nettle-3.8.1/lib/libnettle.so.8.6
7f2ffc172000-7f2ffc173000 rw-p 0004d000 00:293f 9223372037533598906      /nix/store/raz5jjjszg123qlmx07dv0w5zjqf2x3y-nettle-3.8.1/lib/libnettle.so.8.6
7f2ffc173000-7f2ffc176000 r--p 00000000 00:293f 9223372037533488306      /nix/store/vzrbz3lvmiziy3i79rzmk01wfprhwjh0-libtasn1-4.19.0/lib/libtasn1.so.6.6.3
7f2ffc176000-7f2ffc182000 r-xp 00003000 00:293f 9223372037533488306      /nix/store/vzrbz3lvmiziy3i79rzmk01wfprhwjh0-libtasn1-4.19.0/lib/libtasn1.so.6.6.3
7f2ffc182000-7f2ffc186000 r--p 0000f000 00:293f 9223372037533488306      /nix/store/vzrbz3lvmiziy3i79rzmk01wfprhwjh0-libtasn1-4.19.0/lib/libtasn1.so.6.6.3
7f2ffc186000-7f2ffc187000 r--p 00013000 00:293f 9223372037533488306      /nix/store/vzrbz3lvmiziy3i79rzmk01wfprhwjh0-libtasn1-4.19.0/lib/libtasn1.so.6.6.3
7f2ffc187000-7f2ffc188000 rw-p 00014000 00:293f 9223372037533488306      /nix/store/vzrbz3lvmiziy3i79rzmk01wfprhwjh0-libtasn1-4.19.0/lib/libtasn1.so.6.6.3
7f2ffc188000-7f2ffc19b000 r--p 00000000 00:293f 9223372037434543708      /nix/store/34xlpp3j3vy7ksn09zh44f1c04w77khf-libunistring-1.0/lib/libunistring.so.2.2.0
7f2ffc19b000-7f2ffc1d0000 r-xp 00013000 00:293f 9223372037434543708      /nix/store/34xlpp3j3vy7ksn09zh44f1c04w77khf-libunistring-1.0/lib/libunistring.so.2.2.0
7f2ffc1d0000-7f2ffc32f000 r--p 00048000 00:293f 9223372037434543708      /nix/store/34xlpp3j3vy7ksn09zh44f1c04w77khf-libunistring-1.0/lib/libunistring.so.2.2.0
7f2ffc32f000-7f2ffc333000 r--p 001a6000 00:293f 9223372037434543708      /nix/store/34xlpp3j3vy7ksn09zh44f1c04w77khf-libunistring-1.0/lib/libunistring.so.2.2.0
7f2ffc333000-7f2ffc334000 rw-p 001aa000 00:293f 9223372037434543708      /nix/store/34xlpp3j3vy7ksn09zh44f1c04w77khf-libunistring-1.0/lib/libunistring.so.2.2.0
7f2ffc334000-7f2ffc336000 r--p 00000000 00:293f 9223372037449593805      /nix/store/5mh5019jigj0k14rdnjam1xwk5avn1id-libidn2-2.3.2/lib/libidn2.so.0.3.7
7f2ffc336000-7f2ffc33b000 r-xp 00002000 00:293f 9223372037449593805      /nix/store/5mh5019jigj0k14rdnjam1xwk5avn1id-libidn2-2.3.2/lib/libidn2.so.0.3.7
7f2ffc33b000-7f2ffc354000 r--p 00007000 00:293f 9223372037449593805      /nix/store/5mh5019jigj0k14rdnjam1xwk5avn1id-libidn2-2.3.2/lib/libidn2.so.0.3.7
7f2ffc354000-7f2ffc355000 r--p 0001f000 00:293f 9223372037449593805      /nix/store/5mh5019jigj0k14rdnjam1xwk5avn1id-libidn2-2.3.2/lib/libidn2.so.0.3.7
7f2ffc355000-7f2ffc356000 rw-p 00020000 00:293f 9223372037449593805      /nix/store/5mh5019jigj0k14rdnjam1xwk5avn1id-libidn2-2.3.2/lib/libidn2.so.0.3.7
7f2ffc356000-7f2ffc358000 rw-p 00000000 00:00 0 
7f2ffc358000-7f2ffc384000 r--p 00000000 00:293f 9223372037533599450      /nix/store/h6hww2m19vbc93n6511zvhd810cql278-p11-kit-0.24.1/lib/libp11-kit.so.0.3.0
7f2ffc384000-7f2ffc41d000 r-xp 0002c000 00:293f 9223372037533599450      /nix/store/h6hww2m19vbc93n6511zvhd810cql278-p11-kit-0.24.1/lib/libp11-kit.so.0.3.0
7f2ffc41d000-7f2ffc479000 r--p 000c5000 00:293f 9223372037533599450      /nix/store/h6hww2m19vbc93n6511zvhd810cql278-p11-kit-0.24.1/lib/libp11-kit.so.0.3.0
7f2ffc479000-7f2ffc484000 r--p 00120000 00:293f 9223372037533599450      /nix/store/h6hww2m19vbc93n6511zvhd810cql278-p11-kit-0.24.1/lib/libp11-kit.so.0.3.0
7f2ffc484000-7f2ffc48e000 rw-p 0012b000 00:293f 9223372037533599450      /nix/store/h6hww2m19vbc93n6511zvhd810cql278-p11-kit-0.24.1/lib/libp11-kit.so.0.3.0
7f2ffc48e000-7f2ffc48f000 r--p 00000000 00:293f 9223372037532303456      /nix/store/mdck89nsfisflwjv6xv8ydj7dj0sj2pn-gcc-11.3.0-lib/lib/libssp.so.0.0.0
7f2ffc48f000-7f2ffc490000 r-xp 00001000 00:293f 9223372037532303456      /nix/store/mdck89nsfisflwjv6xv8ydj7dj0sj2pn-gcc-11.3.0-lib/lib/libssp.so.0.0.0
7f2ffc490000-7f2ffc491000 r--p 00002000 00:293f 9223372037532303456      /nix/store/mdck89nsfisflwjv6xv8ydj7dj0sj2pn-gcc-11.3.0-lib/lib/libssp.so.0.0.0
7f2ffc491000-7f2ffc492000 r--p 00002000 00:293f 9223372037532303456      /nix/store/mdck89nsfisflwjv6xv8ydj7dj0sj2pn-gcc-11.3.0-lib/lib/libssp.so.0.0.0
7f2ffc492000-7f2ffc493000 rw-p 00003000 00:293f 9223372037532303456      /nix/store/mdck89nsfisflwjv6xv8ydj7dj0sj2pn-gcc-11.3.0-lib/lib/libssp.so.0.0.0
7f2ffc493000-7f2ffc4bc000 r--p 00000000 00:293f 9223372037533729576      /nix/store/9yk4rl8vdkq07n9b1aw757hrpnzd1008-ORBit2-2.14.19/lib/libORBit-2.so.0.1.0
7f2ffc4bc000-7f2ffc4e1000 r-xp 00029000 00:293f 9223372037533729576      /nix/store/9yk4rl8vdkq07n9b1aw757hrpnzd1008-ORBit2-2.14.19/lib/libORBit-2.so.0.1.0
7f2ffc4e1000-7f2ffc4f5000 r--p 0004e000 00:293f 9223372037533729576      /nix/store/9yk4rl8vdkq07n9b1aw757hrpnzd1008-ORBit2-2.14.19/lib/libORBit-2.so.0.1.0
7f2ffc4f5000-7f2ffc505000 r--p 00061000 00:293f 9223372037533729576      /nix/store/9yk4rl8vdkq07n9b1aw757hrpnzd1008-ORBit2-2.14.19/lib/libORBit-2.so.0.1.0
7f2ffc505000-7f2ffc507000 rw-p 00071000 00:293f 9223372037533729576      /nix/store/9yk4rl8vdkq07n9b1aw757hrpnzd1008-ORBit2-2.14.19/lib/libORBit-2.so.0.1.0
7f2ffc507000-7f2ffc50a000 rw-p 00000000 00:00 0 
7f2ffc50a000-7f2ffc50b000 r--p 00000000 00:293f 9223372037533874819      /nix/store/g1gfc2843yh6bv457x7m9sv0dp6crlw2-avahi-0.8/lib/libavahi-glib.so.1.0.2
7f2ffc50b000-7f2ffc50c000 r-xp 00001000 00:293f 9223372037533874819      /nix/store/g1gfc2843yh6bv457x7m9sv0dp6crlw2-avahi-0.8/lib/libavahi-glib.so.1.0.2
7f2ffc50c000-7f2ffc50d000 r--p 00002000 00:293f 9223372037533874819      /nix/store/g1gfc2843yh6bv457x7m9sv0dp6crlw2-avahi-0.8/lib/libavahi-glib.so.1.0.2
7f2ffc50d000-7f2ffc50e000 r--p 00002000 00:293f 9223372037533874819      /nix/store/g1gfc2843yh6bv457x7m9sv0dp6crlw2-avahi-0.8/lib/libavahi-glib.so.1.0.2
7f2ffc50e000-7f2ffc50f000 rw-p 00003000 00:293f 9223372037533874819      /nix/store/g1gfc2843yh6bv457x7m9sv0dp6crlw2-avahi-0.8/lib/libavahi-glib.so.1.0.2
7f2ffc50f000-7f2ffc5cb000 r--p 00000000 00:293f 9223372037533484018      /nix/store/4mxnw95jcm5a27qk60z7yc0gvxp42b9a-openssl-3.0.7/lib/libcrypto.so.3
7f2ffc5cb000-7f2ffc852000 r-xp 000bc000 00:293f 9223372037533484018      /nix/store/4mxnw95jcm5a27qk60z7yc0gvxp42b9a-openssl-3.0.7/lib/libcrypto.so.3
7f2ffc852000-7f2ffc92d000 r--p 00343000 00:293f 9223372037533484018      /nix/store/4mxnw95jcm5a27qk60z7yc0gvxp42b9a-openssl-3.0.7/lib/libcrypto.so.3
7f2ffc92d000-7f2ffc988000 r--p 0041d000 00:293f 9223372037533484018      /nix/store/4mxnw95jcm5a27qk60z7yc0gvxp42b9a-openssl-3.0.7/lib/libcrypto.so.3
7f2ffc988000-7f2ffc98b000 rw-p 00478000 00:293f 9223372037533484018      /nix/store/4mxnw95jcm5a27qk60z7yc0gvxp42b9a-openssl-3.0.7/lib/libcrypto.so.3
7f2ffc98b000-7f2ffc98e000 rw-p 00000000 00:00 0 
7f2ffc98e000-7f2ffc9ae000 r--p 00000000 00:293f 9223372037533484341      /nix/store/4mxnw95jcm5a27qk60z7yc0gvxp42b9a-openssl-3.0.7/lib/libssl.so.3
7f2ffc9ae000-7f2ffca0e000 r-xp 00020000 00:293f 9223372037533484341      /nix/store/4mxnw95jcm5a27qk60z7yc0gvxp42b9a-openssl-3.0.7/lib/libssl.so.3
7f2ffca0e000-7f2ffca2d000 r--p 00080000 00:293f 9223372037533484341      /nix/store/4mxnw95jcm5a27qk60z7yc0gvxp42b9a-openssl-3.0.7/lib/libssl.so.3
7f2ffca2d000-7f2ffca37000 r--p 0009e000 00:293f 9223372037533484341      /nix/store/4mxnw95jcm5a27qk60z7yc0gvxp42b9a-openssl-3.0.7/lib/libssl.so.3
7f2ffca37000-7f2ffca3b000 rw-p 000a8000 00:293f 9223372037533484341      /nix/store/4mxnw95jcm5a27qk60z7yc0gvxp42b9a-openssl-3.0.7/lib/libssl.so.3
7f2ffca3b000-7f2ffca4a000 r--p 00000000 00:293f 9223372037533874028      /nix/store/y1ffp4g3yl0ijwdl8lgh4hhq3wl8frcc-dbus-1.14.4-lib/lib/libdbus-1.so.3.32.1
7f2ffca4a000-7f2ffca7b000 r-xp 0000f000 00:293f 9223372037533874028      /nix/store/y1ffp4g3yl0ijwdl8lgh4hhq3wl8frcc-dbus-1.14.4-lib/lib/libdbus-1.so.3.32.1
7f2ffca7b000-7f2ffca90000 r--p 00040000 00:293f 9223372037533874028      /nix/store/y1ffp4g3yl0ijwdl8lgh4hhq3wl8frcc-dbus-1.14.4-lib/lib/libdbus-1.so.3.32.1
7f2ffca90000-7f2ffca92000 r--p 00054000 00:293f 9223372037533874028      /nix/store/y1ffp4g3yl0ijwdl8lgh4hhq3wl8frcc-dbus-1.14.4-lib/lib/libdbus-1.so.3.32.1
7f2ffca92000-7f2ffca93000 rw-p 00056000 00:293f 9223372037533874028      /nix/store/y1ffp4g3yl0ijwdl8lgh4hhq3wl8frcc-dbus-1.14.4-lib/lib/libdbus-1.so.3.32.1
7f2ffca93000-7f2ffca9d000 r--p 00000000 00:293f 9223372037534002261      /nix/store/hfax18sslmvq4q541jxq3bgfhj9cr5zq-dbus-glib-0.112/lib/libdbus-glib-1.so.2.3.5
7f2ffca9d000-7f2ffcab2000 r-xp 0000a000 00:293f 9223372037534002261      /nix/store/hfax18sslmvq4q541jxq3bgfhj9cr5zq-dbus-glib-0.112/lib/libdbus-glib-1.so.2.3.5
7f2ffcab2000-7f2ffcabb000 r--p 0001f000 00:293f 9223372037534002261      /nix/store/hfax18sslmvq4q541jxq3bgfhj9cr5zq-dbus-glib-0.112/lib/libdbus-glib-1.so.2.3.5
7f2ffcabb000-7f2ffcabd000 r--p 00027000 00:293f 9223372037534002261      /nix/store/hfax18sslmvq4q541jxq3bgfhj9cr5zq-dbus-glib-0.112/lib/libdbus-glib-1.so.2.3.5
7f2ffcabd000-7f2ffcabe000 rw-p 00029000 00:293f 9223372037534002261      /nix/store/hfax18sslmvq4q541jxq3bgfhj9cr5zq-dbus-glib-0.112/lib/libdbus-glib-1.so.2.3.5
7f2ffcabe000-7f2ffcac0000 rw-p 00000000 00:00 0 
7f2ffcac0000-7f2ffcaf5000 r--p 00000000 00:293f 9223372037533730125      /nix/store/h5slhj7gqpqh5q4jb00xdbcwbl8vqqa7-libxml2-2.10.3/lib/libxml2.so.2.10.3
7f2ffcaf5000-7f2ffcbd3000 r-xp 00035000 00:293f 9223372037533730125      /nix/store/h5slhj7gqpqh5q4jb00xdbcwbl8vqqa7-libxml2-2.10.3/lib/libxml2.so.2.10.3
7f2ffcbd3000-7f2ffcc1a000 r--p 00113000 00:293f 9223372037533730125      /nix/store/h5slhj7gqpqh5q4jb00xdbcwbl8vqqa7-libxml2-2.10.3/lib/libxml2.so.2.10.3
7f2ffcc1a000-7f2ffcc25000 r--p 00159000 00:293f 9223372037533730125      /nix/store/h5slhj7gqpqh5q4jb00xdbcwbl8vqqa7-libxml2-2.10.3/lib/libxml2.so.2.10.3
7f2ffcc25000-7f2ffcc26000 rw-p 00164000 00:293f 9223372037533730125      /nix/store/h5slhj7gqpqh5q4jb00xdbcwbl8vqqa7-libxml2-2.10.3/lib/libxml2.so.2.10.3
7f2ffcc26000-7f2ffcc27000 rw-p 00000000 00:00 0 
7f2ffcc27000-7f2ffcc28000 r--p 00000000 00:293f 9223372037533612519      /nix/store/2k366jrbsra97gjfxwvrhvixjfxdach5-glib-2.74.1/lib/libgthread-2.0.so.0.7400.1
7f2ffcc28000-7f2ffcc29000 r-xp 00001000 00:293f 9223372037533612519      /nix/store/2k366jrbsra97gjfxwvrhvixjfxdach5-glib-2.74.1/lib/libgthread-2.0.so.0.7400.1
7f2ffcc29000-7f2ffcc2a000 r--p 00002000 00:293f 9223372037533612519      /nix/store/2k366jrbsra97gjfxwvrhvixjfxdach5-glib-2.74.1/lib/libgthread-2.0.so.0.7400.1
7f2ffcc2a000-7f2ffcc2b000 r--p 00002000 00:293f 9223372037533612519      /nix/store/2k366jrbsra97gjfxwvrhvixjfxdach5-glib-2.74.1/lib/libgthread-2.0.so.0.7400.1
7f2ffcc2b000-7f2ffcc2c000 rw-p 00003000 00:293f 9223372037533612519      /nix/store/2k366jrbsra97gjfxwvrhvixjfxdach5-glib-2.74.1/lib/libgthread-2.0.so.0.7400.1
7f2ffcc2c000-7f2ffcc33000 r--p 00000000 00:293f 9223372037533486411      /nix/store/ii8xgfqglbvvaiv4isqpy0s7lhqgxrmy-libselinux-3.3/lib/libselinux.so.1
7f2ffcc33000-7f2ffcc4d000 r-xp 00007000 00:293f 9223372037533486411      /nix/store/ii8xgfqglbvvaiv4isqpy0s7lhqgxrmy-libselinux-3.3/lib/libselinux.so.1
7f2ffcc4d000-7f2ffcc55000 r--p 00021000 00:293f 9223372037533486411      /nix/store/ii8xgfqglbvvaiv4isqpy0s7lhqgxrmy-libselinux-3.3/lib/libselinux.so.1
7f2ffcc55000-7f2ffcc56000 r--p 00028000 00:293f 9223372037533486411      /nix/store/ii8xgfqglbvvaiv4isqpy0s7lhqgxrmy-libselinux-3.3/lib/libselinux.so.1
7f2ffcc56000-7f2ffcc57000 rw-p 00029000 00:293f 9223372037533486411      /nix/store/ii8xgfqglbvvaiv4isqpy0s7lhqgxrmy-libselinux-3.3/lib/libselinux.so.1
7f2ffcc57000-7f2ffcc59000 rw-p 00000000 00:00 0 
7f2ffcc59000-7f2ffcc66000 r--p 00000000 00:293f 9223372037533490659      /nix/store/acvafmp652dj67f4g3sdx68n2mg1afz4-util-linux-minimal-2.38.1-lib/lib/libmount.so.1.1.0
7f2ffcc66000-7f2ffcca5000 r-xp 0000d000 00:293f 9223372037533490659      /nix/store/acvafmp652dj67f4g3sdx68n2mg1afz4-util-linux-minimal-2.38.1-lib/lib/libmount.so.1.1.0
7f2ffcca5000-7f2ffccb8000 r--p 0004c000 00:293f 9223372037533490659      /nix/store/acvafmp652dj67f4g3sdx68n2mg1afz4-util-linux-minimal-2.38.1-lib/lib/libmount.so.1.1.0
7f2ffccb8000-7f2ffccba000 r--p 0005f000 00:293f 9223372037533490659      /nix/store/acvafmp652dj67f4g3sdx68n2mg1afz4-util-linux-minimal-2.38.1-lib/lib/libmount.so.1.1.0
7f2ffccba000-7f2ffccbb000 rw-p 00061000 00:293f 9223372037533490659      /nix/store/acvafmp652dj67f4g3sdx68n2mg1afz4-util-linux-minimal-2.38.1-lib/lib/libmount.so.1.1.0
7f2ffccbb000-7f2ffccbd000 rw-p 00000000 00:00 0 
7f2ffccbd000-7f2ffccc9000 r--p 00000000 00:293f 9223372037533729722      /nix/store/2jrs0v6gypniiqi9c1h8498q3iikmcw5-harfbuzz-5.2.0/lib/libharfbuzz.so.0.50200.0
7f2ffccc9000-7f2ffcd89000 r-xp 0000c000 00:293f 9223372037533729722      /nix/store/2jrs0v6gypniiqi9c1h8498q3iikmcw5-harfbuzz-5.2.0/lib/libharfbuzz.so.0.50200.0
7f2ffcd89000-7f2ffcdc2000 r--p 000cc000 00:293f 9223372037533729722      /nix/store/2jrs0v6gypniiqi9c1h8498q3iikmcw5-harfbuzz-5.2.0/lib/libharfbuzz.so.0.50200.0
7f2ffcdc2000-7f2ffcdc3000 r--p 00105000 00:293f 9223372037533729722      /nix/store/2jrs0v6gypniiqi9c1h8498q3iikmcw5-harfbuzz-5.2.0/lib/libharfbuzz.so.0.50200.0
7f2ffcdc3000-7f2ffcdc4000 rw-p 00106000 00:293f 9223372037533729722      /nix/store/2jrs0v6gypniiqi9c1h8498q3iikmcw5-harfbuzz-5.2.0/lib/libharfbuzz.so.0.50200.0
7f2ffcdc4000-7f2ffcde5000 r--p 00000000 00:293f 9223372037533612455      /nix/store/2k366jrbsra97gjfxwvrhvixjfxdach5-glib-2.74.1/lib/libglib-2.0.so.0.7400.1
7f2ffcde5000-7f2ffce72000 r-xp 00021000 00:293f 9223372037533612455      /nix/store/2k366jrbsra97gjfxwvrhvixjfxdach5-glib-2.74.1/lib/libglib-2.0.so.0.7400.1
7f2ffce72000-7f2ffcefe000 r--p 000ae000 00:293f 9223372037533612455      /nix/store/2k366jrbsra97gjfxwvrhvixjfxdach5-glib-2.74.1/lib/libglib-2.0.so.0.7400.1
7f2ffcefe000-7f2ffceff000 r--p 00139000 00:293f 9223372037533612455      /nix/store/2k366jrbsra97gjfxwvrhvixjfxdach5-glib-2.74.1/lib/libglib-2.0.so.0.7400.1
7f2ffceff000-7f2ffcf00000 rw-p 0013a000 00:293f 9223372037533612455      /nix/store/2k366jrbsra97gjfxwvrhvixjfxdach5-glib-2.74.1/lib/libglib-2.0.so.0.7400.1
7f2ffcf00000-7f2ffcf01000 rw-p 00000000 00:00 0 
7f2ffcf01000-7f2ffcf11000 r--p 00000000 00:293f 9223372037533612500      /nix/store/2k366jrbsra97gjfxwvrhvixjfxdach5-glib-2.74.1/lib/libgobject-2.0.so.0.7400.1
7f2ffcf11000-7f2ffcf44000 r-xp 00010000 00:293f 9223372037533612500      /nix/store/2k366jrbsra97gjfxwvrhvixjfxdach5-glib-2.74.1/lib/libgobject-2.0.so.0.7400.1
7f2ffcf44000-7f2ffcf5e000 r--p 00043000 00:293f 9223372037533612500      /nix/store/2k366jrbsra97gjfxwvrhvixjfxdach5-glib-2.74.1/lib/libgobject-2.0.so.0.7400.1
7f2ffcf5e000-7f2ffcf61000 r--p 0005d000 00:293f 9223372037533612500      /nix/store/2k366jrbsra97gjfxwvrhvixjfxdach5-glib-2.74.1/lib/libgobject-2.0.so.0.7400.1
7f2ffcf61000-7f2ffcf62000 rw-p 00060000 00:293f 9223372037533612500      /nix/store/2k366jrbsra97gjfxwvrhvixjfxdach5-glib-2.74.1/lib/libgobject-2.0.so.0.7400.1
7f2ffcf62000-7f2ffcf75000 r--p 00000000 00:293f 9223372037533730810      /nix/store/jlkg24hm8bwrg3x4a517w3gb2qrxn7g4-pango-1.50.11/lib/libpango-1.0.so.0.5000.11
7f2ffcf75000-7f2ffcfa9000 r-xp 00013000 00:293f 9223372037533730810      /nix/store/jlkg24hm8bwrg3x4a517w3gb2qrxn7g4-pango-1.50.11/lib/libpango-1.0.so.0.5000.11
7f2ffcfa9000-7f2ffcfc4000 r--p 00047000 00:293f 9223372037533730810      /nix/store/jlkg24hm8bwrg3x4a517w3gb2qrxn7g4-pango-1.50.11/lib/libpango-1.0.so.0.5000.11
7f2ffcfc4000-7f2ffcfc8000 r--p 00061000 00:293f 9223372037533730810      /nix/store/jlkg24hm8bwrg3x4a517w3gb2qrxn7g4-pango-1.50.11/lib/libpango-1.0.so.0.5000.11
7f2ffcfc8000-7f2ffcfc9000 rw-p 00065000 00:293f 9223372037533730810      /nix/store/jlkg24hm8bwrg3x4a517w3gb2qrxn7g4-pango-1.50.11/lib/libpango-1.0.so.0.5000.11
7f2ffcfc9000-7f2ffcfd1000 r--p 00000000 00:293f 9223372037533730816      /nix/store/jlkg24hm8bwrg3x4a517w3gb2qrxn7g4-pango-1.50.11/lib/libpangoft2-1.0.so.0.5000.11
7f2ffcfd1000-7f2ffcfdd000 r-xp 00008000 00:293f 9223372037533730816      /nix/store/jlkg24hm8bwrg3x4a517w3gb2qrxn7g4-pango-1.50.11/lib/libpangoft2-1.0.so.0.5000.11
7f2ffcfdd000-7f2ffcfe2000 r--p 00014000 00:293f 9223372037533730816      /nix/store/jlkg24hm8bwrg3x4a517w3gb2qrxn7g4-pango-1.50.11/lib/libpangoft2-1.0.so.0.5000.11
7f2ffcfe2000-7f2ffcfe3000 r--p 00018000 00:293f 9223372037533730816      /nix/store/jlkg24hm8bwrg3x4a517w3gb2qrxn7g4-pango-1.50.11/lib/libpangoft2-1.0.so.0.5000.11
7f2ffcfe3000-7f2ffcfe4000 rw-p 00019000 00:293f 9223372037533730816      /nix/store/jlkg24hm8bwrg3x4a517w3gb2qrxn7g4-pango-1.50.11/lib/libpangoft2-1.0.so.0.5000.11
7f2ffcfe4000-7f2ffcfec000 r--p 00000000 00:293f 9223372037533730234      /nix/store/crz3s569f4dyc5ynldizlk53g6bkw7s5-gdk-pixbuf-2.42.10/lib/libgdk_pixbuf-2.0.so.0.4200.10
7f2ffcfec000-7f2ffd006000 r-xp 00008000 00:293f 9223372037533730234      /nix/store/crz3s569f4dyc5ynldizlk53g6bkw7s5-gdk-pixbuf-2.42.10/lib/libgdk_pixbuf-2.0.so.0.4200.10
7f2ffd006000-7f2ffd010000 r--p 00022000 00:293f 9223372037533730234      /nix/store/crz3s569f4dyc5ynldizlk53g6bkw7s5-gdk-pixbuf-2.42.10/lib/libgdk_pixbuf-2.0.so.0.4200.10
7f2ffd010000-7f2ffd011000 r--p 0002c000 00:293f 9223372037533730234      /nix/store/crz3s569f4dyc5ynldizlk53g6bkw7s5-gdk-pixbuf-2.42.10/lib/libgdk_pixbuf-2.0.so.0.4200.10
7f2ffd011000-7f2ffd012000 rw-p 0002d000 00:293f 9223372037533730234      /nix/store/crz3s569f4dyc5ynldizlk53g6bkw7s5-gdk-pixbuf-2.42.10/lib/libgdk_pixbuf-2.0.so.0.4200.10
7f2ffd012000-7f2ffd014000 rw-p 00000000 00:00 0 
7f2ffd014000-7f2ffd029000 r--p 00000000 00:293f 9223372037533614425      /nix/store/72mqxxhh3cy5yifh92wh2yb8cl2hikyy-cairo-1.16.0/lib/libcairo.so.2.11600.0
7f2ffd029000-7f2ffd108000 r-xp 00015000 00:293f 9223372037533614425      /nix/store/72mqxxhh3cy5yifh92wh2yb8cl2hikyy-cairo-1.16.0/lib/libcairo.so.2.11600.0
7f2ffd108000-7f2ffd14a000 r--p 000f4000 00:293f 9223372037533614425      /nix/store/72mqxxhh3cy5yifh92wh2yb8cl2hikyy-cairo-1.16.0/lib/libcairo.so.2.11600.0
7f2ffd14a000-7f2ffd14e000 r--p 00135000 00:293f 9223372037533614425      /nix/store/72mqxxhh3cy5yifh92wh2yb8cl2hikyy-cairo-1.16.0/lib/libcairo.so.2.11600.0
7f2ffd14e000-7f2ffd14f000 rw-p 00139000 00:293f 9223372037533614425      /nix/store/72mqxxhh3cy5yifh92wh2yb8cl2hikyy-cairo-1.16.0/lib/libcairo.so.2.11600.0
7f2ffd14f000-7f2ffd151000 rw-p 00000000 00:00 0 
7f2ffd151000-7f2ffd15c000 r--p 00000000 00:293f 9223372037533874175      /nix/store/6jl8x6kl4ldd8x3g731x1l04cpfyar2g-at-spi2-core-2.46.0/lib/libatk-1.0.so.0.24609.1
7f2ffd15c000-7f2ffd16b000 r-xp 0000b000 00:293f 9223372037533874175      /nix/store/6jl8x6kl4ldd8x3g731x1l04cpfyar2g-at-spi2-core-2.46.0/lib/libatk-1.0.so.0.24609.1
7f2ffd16b000-7f2ffd177000 r--p 0001a000 00:293f 9223372037533874175      /nix/store/6jl8x6kl4ldd8x3g731x1l04cpfyar2g-at-spi2-core-2.46.0/lib/libatk-1.0.so.0.24609.1
7f2ffd177000-7f2ffd17a000 r--p 00025000 00:293f 9223372037533874175      /nix/store/6jl8x6kl4ldd8x3g731x1l04cpfyar2g-at-spi2-core-2.46.0/lib/libatk-1.0.so.0.24609.1
7f2ffd17a000-7f2ffd17b000 rw-p 00028000 00:293f 9223372037533874175      /nix/store/6jl8x6kl4ldd8x3g731x1l04cpfyar2g-at-spi2-core-2.46.0/lib/libatk-1.0.so.0.24609.1
7f2ffd17b000-7f2ffd17c000 r--p 00000000 00:293f 9223372037533490843      /nix/store/swg93im3s35jqdf5cqynq8qskzw6v3a8-libXcomposite-0.4.5/lib/libXcomposite.so.1.0.0
7f2ffd17c000-7f2ffd17d000 r-xp 00001000 00:293f 9223372037533490843      /nix/store/swg93im3s35jqdf5cqynq8qskzw6v3a8-libXcomposite-0.4.5/lib/libXcomposite.so.1.0.0
7f2ffd17d000-7f2ffd17e000 r--p 00002000 00:293f 9223372037533490843      /nix/store/swg93im3s35jqdf5cqynq8qskzw6v3a8-libXcomposite-0.4.5/lib/libXcomposite.so.1.0.0
7f2ffd17e000-7f2ffd17f000 r--p 00002000 00:293f 9223372037533490843      /nix/store/swg93im3s35jqdf5cqynq8qskzw6v3a8-libXcomposite-0.4.5/lib/libXcomposite.so.1.0.0
7f2ffd17f000-7f2ffd180000 rw-p 00003000 00:293f 9223372037533490843      /nix/store/swg93im3s35jqdf5cqynq8qskzw6v3a8-libXcomposite-0.4.5/lib/libXcomposite.so.1.0.0
7f2ffd180000-7f2ffd182000 r--p 00000000 00:293f 9223372037533478493      /nix/store/cr7ldrd6xlq4rgqr99yygy43f77zdk1x-libXfixes-6.0.0/lib/libXfixes.so.3.1.0
7f2ffd182000-7f2ffd185000 r-xp 00002000 00:293f 9223372037533478493      /nix/store/cr7ldrd6xlq4rgqr99yygy43f77zdk1x-libXfixes-6.0.0/lib/libXfixes.so.3.1.0
7f2ffd185000-7f2ffd186000 r--p 00005000 00:293f 9223372037533478493      /nix/store/cr7ldrd6xlq4rgqr99yygy43f77zdk1x-libXfixes-6.0.0/lib/libXfixes.so.3.1.0
7f2ffd186000-7f2ffd187000 r--p 00006000 00:293f 9223372037533478493      /nix/store/cr7ldrd6xlq4rgqr99yygy43f77zdk1x-libXfixes-6.0.0/lib/libXfixes.so.3.1.0
7f2ffd187000-7f2ffd188000 rw-p 00007000 00:293f 9223372037533478493      /nix/store/cr7ldrd6xlq4rgqr99yygy43f77zdk1x-libXfixes-6.0.0/lib/libXfixes.so.3.1.0
7f2ffd188000-7f2ffd18d000 r--p 00000000 00:293f 9223372037533730813      /nix/store/jlkg24hm8bwrg3x4a517w3gb2qrxn7g4-pango-1.50.11/lib/libpangocairo-1.0.so.0.5000.11
7f2ffd18d000-7f2ffd194000 r-xp 00005000 00:293f 9223372037533730813      /nix/store/jlkg24hm8bwrg3x4a517w3gb2qrxn7g4-pango-1.50.11/lib/libpangocairo-1.0.so.0.5000.11
7f2ffd194000-7f2ffd197000 r--p 0000c000 00:293f 9223372037533730813      /nix/store/jlkg24hm8bwrg3x4a517w3gb2qrxn7g4-pango-1.50.11/lib/libpangocairo-1.0.so.0.5000.11
7f2ffd197000-7f2ffd198000 r--p 0000e000 00:293f 9223372037533730813      /nix/store/jlkg24hm8bwrg3x4a517w3gb2qrxn7g4-pango-1.50.11/lib/libpangocairo-1.0.so.0.5000.11
7f2ffd198000-7f2ffd199000 rw-p 0000f000 00:293f 9223372037533730813      /nix/store/jlkg24hm8bwrg3x4a517w3gb2qrxn7g4-pango-1.50.11/lib/libpangocairo-1.0.so.0.5000.11
7f2ffd199000-7f2ffd19b000 rw-p 00000000 00:00 0 
7f2ffd19b000-7f2ffd19d000 r--p 00000000 00:293f 9223372037533612497      /nix/store/2k366jrbsra97gjfxwvrhvixjfxdach5-glib-2.74.1/lib/libgmodule-2.0.so.0.7400.1
7f2ffd19d000-7f2ffd19f000 r-xp 00002000 00:293f 9223372037533612497      /nix/store/2k366jrbsra97gjfxwvrhvixjfxdach5-glib-2.74.1/lib/libgmodule-2.0.so.0.7400.1
7f2ffd19f000-7f2ffd1a0000 r--p 00004000 00:293f 9223372037533612497      /nix/store/2k366jrbsra97gjfxwvrhvixjfxdach5-glib-2.74.1/lib/libgmodule-2.0.so.0.7400.1
7f2ffd1a0000-7f2ffd1a1000 r--p 00004000 00:293f 9223372037533612497      /nix/store/2k366jrbsra97gjfxwvrhvixjfxdach5-glib-2.74.1/lib/libgmodule-2.0.so.0.7400.1
7f2ffd1a1000-7f2ffd1a2000 rw-p 00005000 00:293f 9223372037533612497      /nix/store/2k366jrbsra97gjfxwvrhvixjfxdach5-glib-2.74.1/lib/libgmodule-2.0.so.0.7400.1
7f2ffd1a2000-7f2ffd1a5000 r--p 00000000 00:293f 9223372037533491016      /nix/store/mnf2gsd24llnva76k5qgirvkg16pic4z-libXcursor-1.2.0/lib/libXcursor.so.1.0.2
7f2ffd1a5000-7f2ffd1ab000 r-xp 00003000 00:293f 9223372037533491016      /nix/store/mnf2gsd24llnva76k5qgirvkg16pic4z-libXcursor-1.2.0/lib/libXcursor.so.1.0.2
7f2ffd1ab000-7f2ffd1ad000 r--p 00009000 00:293f 9223372037533491016      /nix/store/mnf2gsd24llnva76k5qgirvkg16pic4z-libXcursor-1.2.0/lib/libXcursor.so.1.0.2
7f2ffd1ad000-7f2ffd1ae000 r--p 0000a000 00:293f 9223372037533491016      /nix/store/mnf2gsd24llnva76k5qgirvkg16pic4z-libXcursor-1.2.0/lib/libXcursor.so.1.0.2
7f2ffd1ae000-7f2ffd1af000 rw-p 0000b000 00:293f 9223372037533491016      /nix/store/mnf2gsd24llnva76k5qgirvkg16pic4z-libXcursor-1.2.0/lib/libXcursor.so.1.0.2
7f2ffd1af000-7f2ffd1b2000 r--p 00000000 00:293f 9223372037533490909      /nix/store/bjhi22jj82f08b3mk58p8vaj1778jyzi-libXi-1.8/lib/libXi.so.6.1.0
7f2ffd1b2000-7f2ffd1be000 r-xp 00003000 00:293f 9223372037533490909      /nix/store/bjhi22jj82f08b3mk58p8vaj1778jyzi-libXi-1.8/lib/libXi.so.6.1.0
7f2ffd1be000-7f2ffd1c1000 r--p 0000f000 00:293f 9223372037533490909      /nix/store/bjhi22jj82f08b3mk58p8vaj1778jyzi-libXi-1.8/lib/libXi.so.6.1.0
7f2ffd1c1000-7f2ffd1c2000 r--p 00011000 00:293f 9223372037533490909      /nix/store/bjhi22jj82f08b3mk58p8vaj1778jyzi-libXi-1.8/lib/libXi.so.6.1.0
7f2ffd1c2000-7f2ffd1c3000 rw-p 00012000 00:293f 9223372037533490909      /nix/store/bjhi22jj82f08b3mk58p8vaj1778jyzi-libXi-1.8/lib/libXi.so.6.1.0
7f2ffd1c3000-7f2ffd1e1000 r--p 00000000 00:293f 9223372037534002441      /nix/store/jpimcg7iyg5ii67yd400ak0gvn00x3l7-gtk+-2.24.33/lib/libgdk-x11-2.0.so.0.2400.33
7f2ffd1e1000-7f2ffd23f000 r-xp 0001e000 00:293f 9223372037534002441      /nix/store/jpimcg7iyg5ii67yd400ak0gvn00x3l7-gtk+-2.24.33/lib/libgdk-x11-2.0.so.0.2400.33
7f2ffd23f000-7f2ffd27a000 r--p 0007c000 00:293f 9223372037534002441      /nix/store/jpimcg7iyg5ii67yd400ak0gvn00x3l7-gtk+-2.24.33/lib/libgdk-x11-2.0.so.0.2400.33
7f2ffd27a000-7f2ffd27f000 r--p 000b7000 00:293f 9223372037534002441      /nix/store/jpimcg7iyg5ii67yd400ak0gvn00x3l7-gtk+-2.24.33/lib/libgdk-x11-2.0.so.0.2400.33
7f2ffd27f000-7f2ffd280000 rw-p 000bc000 00:293f 9223372037534002441      /nix/store/jpimcg7iyg5ii67yd400ak0gvn00x3l7-gtk+-2.24.33/lib/libgdk-x11-2.0.so.0.2400.33
7f2ffd280000-7f2ffd282000 rw-p 00000000 00:00 0 
7f2ffd282000-7f2ffd284000 r--p 00000000 00:293f 9223372037533478636      /nix/store/13cv29rz58179gnajkjcc2ibm9xvw5fk-libXrender-0.9.10/lib/libXrender.so.1.3.0
7f2ffd284000-7f2ffd28b000 r-xp 00002000 00:293f 9223372037533478636      /nix/store/13cv29rz58179gnajkjcc2ibm9xvw5fk-libXrender-0.9.10/lib/libXrender.so.1.3.0
7f2ffd28b000-7f2ffd28d000 r--p 00009000 00:293f 9223372037533478636      /nix/store/13cv29rz58179gnajkjcc2ibm9xvw5fk-libXrender-0.9.10/lib/libXrender.so.1.3.0
7f2ffd28d000-7f2ffd28e000 r--p 0000a000 00:293f 9223372037533478636      /nix/store/13cv29rz58179gnajkjcc2ibm9xvw5fk-libXrender-0.9.10/lib/libXrender.so.1.3.0
7f2ffd28e000-7f2ffd28f000 rw-p 0000b000 00:293f 9223372037533478636      /nix/store/13cv29rz58179gnajkjcc2ibm9xvw5fk-libXrender-0.9.10/lib/libXrender.so.1.3.0
7f2ffd28f000-7f2ffd293000 r--p 00000000 00:293f 9223372037533478445      /nix/store/qvvaq9p7lw05r7szvsx3c17ca5x8h982-libXext-1.3.4/lib/libXext.so.6.4.0
7f2ffd293000-7f2ffd29e000 r-xp 00004000 00:293f 9223372037533478445      /nix/store/qvvaq9p7lw05r7szvsx3c17ca5x8h982-libXext-1.3.4/lib/libXext.so.6.4.0
7f2ffd29e000-7f2ffd2a2000 r--p 0000f000 00:293f 9223372037533478445      /nix/store/qvvaq9p7lw05r7szvsx3c17ca5x8h982-libXext-1.3.4/lib/libXext.so.6.4.0
7f2ffd2a2000-7f2ffd2a3000 r--p 00012000 00:293f 9223372037533478445      /nix/store/qvvaq9p7lw05r7szvsx3c17ca5x8h982-libXext-1.3.4/lib/libXext.so.6.4.0
7f2ffd2a3000-7f2ffd2a4000 rw-p 00013000 00:293f 9223372037533478445      /nix/store/qvvaq9p7lw05r7szvsx3c17ca5x8h982-libXext-1.3.4/lib/libXext.so.6.4.0
7f2ffd2a4000-7f2ffd2c2000 r--p 00000000 00:293f 9223372037533476047      /nix/store/w3zzhfl4a7xp0xfflz2gawv02y8ba9z8-libX11-1.8.1/lib/libX11.so.6.4.0
7f2ffd2c2000-7f2ffd34e000 r-xp 0001e000 00:293f 9223372037533476047      /nix/store/w3zzhfl4a7xp0xfflz2gawv02y8ba9z8-libX11-1.8.1/lib/libX11.so.6.4.0
7f2ffd34e000-7f2ffd3e3000 r--p 000aa000 00:293f 9223372037533476047      /nix/store/w3zzhfl4a7xp0xfflz2gawv02y8ba9z8-libX11-1.8.1/lib/libX11.so.6.4.0
7f2ffd3e3000-7f2ffd3e4000 r--p 0013f000 00:293f 9223372037533476047      /nix/store/w3zzhfl4a7xp0xfflz2gawv02y8ba9z8-libX11-1.8.1/lib/libX11.so.6.4.0
7f2ffd3e4000-7f2ffd3e9000 rw-p 00140000 00:293f 9223372037533476047      /nix/store/w3zzhfl4a7xp0xfflz2gawv02y8ba9z8-libX11-1.8.1/lib/libX11.so.6.4.0
7f2ffd3e9000-7f2ffd3eb000 rw-p 00000000 00:00 0 
7f2ffd3eb000-7f2ffd3f9000 r--p 00000000 00:293f 9223372037455367831      /nix/store/4nlgxhb09sdr51nc9hdm8az5b08vzkgx-glibc-2.35-163/lib/libm.so.6
7f2ffd3f9000-7f2ffd46c000 r-xp 0000e000 00:293f 9223372037455367831      /nix/store/4nlgxhb09sdr51nc9hdm8az5b08vzkgx-glibc-2.35-163/lib/libm.so.6
7f2ffd46c000-7f2ffd4c9000 r--p 00081000 00:293f 9223372037455367831      /nix/store/4nlgxhb09sdr51nc9hdm8az5b08vzkgx-glibc-2.35-163/lib/libm.so.6
7f2ffd4c9000-7f2ffd4ca000 r--p 000dd000 00:293f 9223372037455367831      /nix/store/4nlgxhb09sdr51nc9hdm8az5b08vzkgx-glibc-2.35-163/lib/libm.so.6
7f2ffd4ca000-7f2ffd4cb000 rw-p 000de000 00:293f 9223372037455367831      /nix/store/4nlgxhb09sdr51nc9hdm8az5b08vzkgx-glibc-2.35-163/lib/libm.so.6
7f2ffd4cb000-7f2ffd504000 r--p 00000000 00:293f 9223372037533614380      /nix/store/mq9jfv5yzjr626nszc429pkbg6qc22wa-gnutls-3.7.8/lib/libgnutls.so.30.34.2
7f2ffd504000-7f2ffd630000 r-xp 00039000 00:293f 9223372037533614380      /nix/store/mq9jfv5yzjr626nszc429pkbg6qc22wa-gnutls-3.7.8/lib/libgnutls.so.30.34.2
7f2ffd630000-7f2ffd6ca000 r--p 00165000 00:293f 9223372037533614380      /nix/store/mq9jfv5yzjr626nszc429pkbg6qc22wa-gnutls-3.7.8/lib/libgnutls.so.30.34.2
7f2ffd6ca000-7f2ffd6db000 r--p 001fe000 00:293f 9223372037533614380      /nix/store/mq9jfv5yzjr626nszc429pkbg6qc22wa-gnutls-3.7.8/lib/libgnutls.so.30.34.2
7f2ffd6db000-7f2ffd6dd000 rw-p 0020f000 00:293f 9223372037533614380      /nix/store/mq9jfv5yzjr626nszc429pkbg6qc22wa-gnutls-3.7.8/lib/libgnutls.so.30.34.2
7f2ffd6dd000-7f2ffd6e1000 rw-p 00000000 00:00 0 
7f2ffd6e1000-7f2ffd6e5000 r--p 00000000 00:293f 9223372037533874691      /nix/store/g1gfc2843yh6bv457x7m9sv0dp6crlw2-avahi-0.8/lib/libavahi-client.so.3.2.9
7f2ffd6e5000-7f2ffd6ee000 r-xp 00004000 00:293f 9223372037533874691      /nix/store/g1gfc2843yh6bv457x7m9sv0dp6crlw2-avahi-0.8/lib/libavahi-client.so.3.2.9
7f2ffd6ee000-7f2ffd6f2000 r--p 0000d000 00:293f 9223372037533874691      /nix/store/g1gfc2843yh6bv457x7m9sv0dp6crlw2-avahi-0.8/lib/libavahi-client.so.3.2.9
7f2ffd6f2000-7f2ffd6f3000 r--p 00011000 00:293f 9223372037533874691      /nix/store/g1gfc2843yh6bv457x7m9sv0dp6crlw2-avahi-0.8/lib/libavahi-client.so.3.2.9
7f2ffd6f3000-7f2ffd6f4000 rw-p 00012000 00:293f 9223372037533874691      /nix/store/g1gfc2843yh6bv457x7m9sv0dp6crlw2-avahi-0.8/lib/libavahi-client.so.3.2.9
7f2ffd6f4000-7f2ffd6f8000 r--p 00000000 00:293f 9223372037533874708      /nix/store/g1gfc2843yh6bv457x7m9sv0dp6crlw2-avahi-0.8/lib/libavahi-common.so.3.5.4
7f2ffd6f8000-7f2ffd6fe000 r-xp 00004000 00:293f 9223372037533874708      /nix/store/g1gfc2843yh6bv457x7m9sv0dp6crlw2-avahi-0.8/lib/libavahi-common.so.3.5.4
7f2ffd6fe000-7f2ffd701000 r--p 0000a000 00:293f 9223372037533874708      /nix/store/g1gfc2843yh6bv457x7m9sv0dp6crlw2-avahi-0.8/lib/libavahi-common.so.3.5.4
7f2ffd701000-7f2ffd702000 r--p 0000d000 00:293f 9223372037533874708      /nix/store/g1gfc2843yh6bv457x7m9sv0dp6crlw2-avahi-0.8/lib/libavahi-common.so.3.5.4
7f2ffd702000-7f2ffd703000 rw-p 0000e000 00:293f 9223372037533874708      /nix/store/g1gfc2843yh6bv457x7m9sv0dp6crlw2-avahi-0.8/lib/libavahi-common.so.3.5.4
7f2ffd703000-7f2ffd707000 r--p 00000000 00:293f 9223372037523930339      /nix/store/4lkjvagv0bqq58qpysfabw66rqrbddgb-expat-2.5.0/lib/libexpat.so.1.8.10
7f2ffd707000-7f2ffd726000 r-xp 00004000 00:293f 9223372037523930339      /nix/store/4lkjvagv0bqq58qpysfabw66rqrbddgb-expat-2.5.0/lib/libexpat.so.1.8.10
7f2ffd726000-7f2ffd730000 r--p 00023000 00:293f 9223372037523930339      /nix/store/4lkjvagv0bqq58qpysfabw66rqrbddgb-expat-2.5.0/lib/libexpat.so.1.8.10
7f2ffd730000-7f2ffd732000 r--p 0002d000 00:293f 9223372037523930339      /nix/store/4lkjvagv0bqq58qpysfabw66rqrbddgb-expat-2.5.0/lib/libexpat.so.1.8.10
7f2ffd732000-7f2ffd733000 rw-p 0002f000 00:293f 9223372037523930339      /nix/store/4lkjvagv0bqq58qpysfabw66rqrbddgb-expat-2.5.0/lib/libexpat.so.1.8.10
7f2ffd733000-7f2ffd735000 rw-p 00000000 00:00 0 
7f2ffd735000-7f2ffd73b000 r--p 00000000 00:293f 9223372037533613543      /nix/store/d9i9f63d1121378id4kf2swn06a5grwa-libpng-apng-1.6.37/lib/libpng16.so.16.37.0
7f2ffd73b000-7f2ffd761000 r-xp 00006000 00:293f 9223372037533613543      /nix/store/d9i9f63d1121378id4kf2swn06a5grwa-libpng-apng-1.6.37/lib/libpng16.so.16.37.0
7f2ffd761000-7f2ffd76d000 r--p 0002c000 00:293f 9223372037533613543      /nix/store/d9i9f63d1121378id4kf2swn06a5grwa-libpng-apng-1.6.37/lib/libpng16.so.16.37.0
7f2ffd76d000-7f2ffd76e000 r--p 00037000 00:293f 9223372037533613543      /nix/store/d9i9f63d1121378id4kf2swn06a5grwa-libpng-apng-1.6.37/lib/libpng16.so.16.37.0
7f2ffd76e000-7f2ffd76f000 rw-p 00038000 00:293f 9223372037533613543      /nix/store/d9i9f63d1121378id4kf2swn06a5grwa-libpng-apng-1.6.37/lib/libpng16.so.16.37.0
7f2ffd76f000-7f2ffd771000 r--p 00000000 00:293f 9223372037518430836      /nix/store/ysl6qj5r7nn63b16954dhk7x47r5yq7i-bzip2-1.0.8/lib/libbz2.so.1.0.8
7f2ffd771000-7f2ffd77e000 r-xp 00002000 00:293f 9223372037518430836      /nix/store/ysl6qj5r7nn63b16954dhk7x47r5yq7i-bzip2-1.0.8/lib/libbz2.so.1.0.8
7f2ffd77e000-7f2ffd780000 r--p 0000f000 00:293f 9223372037518430836      /nix/store/ysl6qj5r7nn63b16954dhk7x47r5yq7i-bzip2-1.0.8/lib/libbz2.so.1.0.8
7f2ffd780000-7f2ffd781000 r--p 00010000 00:293f 9223372037518430836      /nix/store/ysl6qj5r7nn63b16954dhk7x47r5yq7i-bzip2-1.0.8/lib/libbz2.so.1.0.8
7f2ffd781000-7f2ffd782000 rw-p 00011000 00:293f 9223372037518430836      /nix/store/ysl6qj5r7nn63b16954dhk7x47r5yq7i-bzip2-1.0.8/lib/libbz2.so.1.0.8
7f2ffd782000-7f2ffd790000 r--p 00000000 00:293f 9223372037533614093      /nix/store/shxbchcb9zl755mvlhf0ll61hz8s6imm-freetype-2.12.1/lib/libfreetype.so.6.18.3
7f2ffd790000-7f2ffd816000 r-xp 0000e000 00:293f 9223372037533614093      /nix/store/shxbchcb9zl755mvlhf0ll61hz8s6imm-freetype-2.12.1/lib/libfreetype.so.6.18.3
7f2ffd816000-7f2ffd841000 r--p 00094000 00:293f 9223372037533614093      /nix/store/shxbchcb9zl755mvlhf0ll61hz8s6imm-freetype-2.12.1/lib/libfreetype.so.6.18.3
7f2ffd841000-7f2ffd849000 r--p 000be000 00:293f 9223372037533614093      /nix/store/shxbchcb9zl755mvlhf0ll61hz8s6imm-freetype-2.12.1/lib/libfreetype.so.6.18.3
7f2ffd849000-7f2ffd84a000 rw-p 000c6000 00:293f 9223372037533614093      /nix/store/shxbchcb9zl755mvlhf0ll61hz8s6imm-freetype-2.12.1/lib/libfreetype.so.6.18.3
7f2ffd84a000-7f2ffd85b000 r--p 00000000 00:293f 9223372037534122125      /nix/store/3814q7yzfvk2jsdd8a93lqsi2qyhi2a9-gconf-3.2.6/lib/libgconf-2.so.4.1.5
7f2ffd85b000-7f2ffd87a000 r-xp 00011000 00:293f 9223372037534122125      /nix/store/3814q7yzfvk2jsdd8a93lqsi2qyhi2a9-gconf-3.2.6/lib/libgconf-2.so.4.1.5
7f2ffd87a000-7f2ffd888000 r--p 00030000 00:293f 9223372037534122125      /nix/store/3814q7yzfvk2jsdd8a93lqsi2qyhi2a9-gconf-3.2.6/lib/libgconf-2.so.4.1.5
7f2ffd888000-7f2ffd88b000 r--p 0003d000 00:293f 9223372037534122125      /nix/store/3814q7yzfvk2jsdd8a93lqsi2qyhi2a9-gconf-3.2.6/lib/libgconf-2.so.4.1.5
7f2ffd88b000-7f2ffd88d000 rw-p 00040000 00:293f 9223372037534122125      /nix/store/3814q7yzfvk2jsdd8a93lqsi2qyhi2a9-gconf-3.2.6/lib/libgconf-2.so.4.1.5
7f2ffd88d000-7f2ffd88f000 rw-p 00000000 00:00 0 
7f2ffd88f000-7f2ffd8a6000 r--p 00000000 00:293f 9223372037534123735      /nix/store/y056fs7d6j488j49bwjcl7bwrqg3ia1v-gnome-vfs-2.24.4/lib/libgnomevfs-2.so.0.2400.4
7f2ffd8a6000-7f2ffd8df000 r-xp 00017000 00:293f 9223372037534123735      /nix/store/y056fs7d6j488j49bwjcl7bwrqg3ia1v-gnome-vfs-2.24.4/lib/libgnomevfs-2.so.0.2400.4
7f2ffd8df000-7f2ffd8f8000 r--p 00050000 00:293f 9223372037534123735      /nix/store/y056fs7d6j488j49bwjcl7bwrqg3ia1v-gnome-vfs-2.24.4/lib/libgnomevfs-2.so.0.2400.4
7f2ffd8f8000-7f2ffd8fc000 r--p 00068000 00:293f 9223372037534123735      /nix/store/y056fs7d6j488j49bwjcl7bwrqg3ia1v-gnome-vfs-2.24.4/lib/libgnomevfs-2.so.0.2400.4
7f2ffd8fc000-7f2ffd8fd000 rw-p 0006c000 00:293f 9223372037534123735      /nix/store/y056fs7d6j488j49bwjcl7bwrqg3ia1v-gnome-vfs-2.24.4/lib/libgnomevfs-2.so.0.2400.4
7f2ffd8fd000-7f2ffd8fe000 rw-p 00000000 00:00 0 
7f2ffd8fe000-7f2ffd93e000 r--p 00000000 00:293f 9223372037533612376      /nix/store/2k366jrbsra97gjfxwvrhvixjfxdach5-glib-2.74.1/lib/libgio-2.0.so.0.7400.1
7f2ffd93e000-7f2ffda4c000 r-xp 00040000 00:293f 9223372037533612376      /nix/store/2k366jrbsra97gjfxwvrhvixjfxdach5-glib-2.74.1/lib/libgio-2.0.so.0.7400.1
7f2ffda4c000-7f2ffdad9000 r--p 0014e000 00:293f 9223372037533612376      /nix/store/2k366jrbsra97gjfxwvrhvixjfxdach5-glib-2.74.1/lib/libgio-2.0.so.0.7400.1
7f2ffdad9000-7f2ffdae2000 r--p 001da000 00:293f 9223372037533612376      /nix/store/2k366jrbsra97gjfxwvrhvixjfxdach5-glib-2.74.1/lib/libgio-2.0.so.0.7400.1
7f2ffdae2000-7f2ffdae3000 rw-p 001e3000 00:293f 9223372037533612376      /nix/store/2k366jrbsra97gjfxwvrhvixjfxdach5-glib-2.74.1/lib/libgio-2.0.so.0.7400.1
7f2ffdae3000-7f2ffdae5000 rw-p 00000000 00:00 0 
7f2ffdae5000-7f2ffdb53000 r--p 00000000 00:293f 9223372037534002472      /nix/store/jpimcg7iyg5ii67yd400ak0gvn00x3l7-gtk+-2.24.33/lib/libgtk-x11-2.0.so.0.2400.33
7f2ffdb53000-7f2ffddc5000 r-xp 0006e000 00:293f 9223372037534002472      /nix/store/jpimcg7iyg5ii67yd400ak0gvn00x3l7-gtk+-2.24.33/lib/libgtk-x11-2.0.so.0.2400.33
7f2ffddc5000-7f2ffdf37000 r--p 002e0000 00:293f 9223372037534002472      /nix/store/jpimcg7iyg5ii67yd400ak0gvn00x3l7-gtk+-2.24.33/lib/libgtk-x11-2.0.so.0.2400.33
7f2ffdf37000-7f2ffdf41000 r--p 00452000 00:293f 9223372037534002472      /nix/store/jpimcg7iyg5ii67yd400ak0gvn00x3l7-gtk+-2.24.33/lib/libgtk-x11-2.0.so.0.2400.33
7f2ffdf41000-7f2ffdf42000 rw-p 0045c000 00:293f 9223372037534002472      /nix/store/jpimcg7iyg5ii67yd400ak0gvn00x3l7-gtk+-2.24.33/lib/libgtk-x11-2.0.so.0.2400.33
7f2ffdf42000-7f2ffdf44000 rw-p 00000000 00:00 0 
7f2ffdf44000-7f2ffdf48000 r--p 00000000 00:293f 9223372037533598831      /nix/store/p4vpay6wkmraar8p626zk2421790vr62-file-5.43/lib/libmagic.so.1.0.0
7f2ffdf48000-7f2ffdf64000 r-xp 00004000 00:293f 9223372037533598831      /nix/store/p4vpay6wkmraar8p626zk2421790vr62-file-5.43/lib/libmagic.so.1.0.0
7f2ffdf64000-7f2ffdf6d000 r--p 00020000 00:293f 9223372037533598831      /nix/store/p4vpay6wkmraar8p626zk2421790vr62-file-5.43/lib/libmagic.so.1.0.0
7f2ffdf6d000-7f2ffdf6f000 r--p 00028000 00:293f 9223372037533598831      /nix/store/p4vpay6wkmraar8p626zk2421790vr62-file-5.43/lib/libmagic.so.1.0.0
7f2ffdf6f000-7f2ffdf70000 rw-p 0002a000 00:293f 9223372037533598831      /nix/store/p4vpay6wkmraar8p626zk2421790vr62-file-5.43/lib/libmagic.so.1.0.0
7f2ffdf70000-7f2ffdf72000 r--p 00000000 00:293f 9223372037533491072      /nix/store/dn40mwzzfpikw1d5n01fmj5cl0b33yl5-libXrandr-1.5.2/lib/libXrandr.so.2.2.0
7f2ffdf72000-7f2ffdf79000 r-xp 00002000 00:293f 9223372037533491072      /nix/store/dn40mwzzfpikw1d5n01fmj5cl0b33yl5-libXrandr-1.5.2/lib/libXrandr.so.2.2.0
7f2ffdf79000-7f2ffdf7b000 r--p 00009000 00:293f 9223372037533491072      /nix/store/dn40mwzzfpikw1d5n01fmj5cl0b33yl5-libXrandr-1.5.2/lib/libXrandr.so.2.2.0
7f2ffdf7b000-7f2ffdf7c000 r--p 0000a000 00:293f 9223372037533491072      /nix/store/dn40mwzzfpikw1d5n01fmj5cl0b33yl5-libXrandr-1.5.2/lib/libXrandr.so.2.2.0
7f2ffdf7c000-7f2ffdf7d000 rw-p 0000b000 00:293f 9223372037533491072      /nix/store/dn40mwzzfpikw1d5n01fmj5cl0b33yl5-libXrandr-1.5.2/lib/libXrandr.so.2.2.0
7f2ffdf7d000-7f2ffdf7e000 r--p 00000000 00:293f 9223372037533478551      /nix/store/nylgj86p4v01rlm50f71537ashgbhhsg-libXinerama-1.1.4/lib/libXinerama.so.1.0.0
7f2ffdf7e000-7f2ffdf7f000 r-xp 00001000 00:293f 9223372037533478551      /nix/store/nylgj86p4v01rlm50f71537ashgbhhsg-libXinerama-1.1.4/lib/libXinerama.so.1.0.0
7f2ffdf7f000-7f2ffdf80000 r--p 00002000 00:293f 9223372037533478551      /nix/store/nylgj86p4v01rlm50f71537ashgbhhsg-libXinerama-1.1.4/lib/libXinerama.so.1.0.0
7f2ffdf80000-7f2ffdf81000 r--p 00002000 00:293f 9223372037533478551      /nix/store/nylgj86p4v01rlm50f71537ashgbhhsg-libXinerama-1.1.4/lib/libXinerama.so.1.0.0
7f2ffdf81000-7f2ffdf82000 rw-p 00003000 00:293f 9223372037533478551      /nix/store/nylgj86p4v01rlm50f71537ashgbhhsg-libXinerama-1.1.4/lib/libXinerama.so.1.0.0
7f2ffdf82000-7f2ffdf84000 rw-p 00000000 00:00 0 
7f2ffdf84000-7f2ffdfa4000 r--p 00000000 00:293f 9223372037533991043      /nix/store/a4pff549sk2idnkpzk5nsfps3mdkdnvm-cups-2.4.2-lib/lib/libcups.so.2
7f2ffdfa4000-7f2ffdfe8000 r-xp 00020000 00:293f 9223372037533991043      /nix/store/a4pff549sk2idnkpzk5nsfps3mdkdnvm-cups-2.4.2-lib/lib/libcups.so.2
7f2ffdfe8000-7f2ffe004000 r--p 00064000 00:293f 9223372037533991043      /nix/store/a4pff549sk2idnkpzk5nsfps3mdkdnvm-cups-2.4.2-lib/lib/libcups.so.2
7f2ffe004000-7f2ffe00e000 r--p 0007f000 00:293f 9223372037533991043      /nix/store/a4pff549sk2idnkpzk5nsfps3mdkdnvm-cups-2.4.2-lib/lib/libcups.so.2
7f2ffe00e000-7f2ffe00f000 rw-p 00089000 00:293f 9223372037533991043      /nix/store/a4pff549sk2idnkpzk5nsfps3mdkdnvm-cups-2.4.2-lib/lib/libcups.so.2
7f2ffe00f000-7f2ffe017000 r--p 00000000 00:293f 9223372037533614205      /nix/store/4llf22n9mbnk5i20zkwa1j6zx5c1gz8h-fontconfig-2.14.0-lib/lib/libfontconfig.so.1.12.0
7f2ffe017000-7f2ffe03f000 r-xp 00008000 00:293f 9223372037533614205      /nix/store/4llf22n9mbnk5i20zkwa1j6zx5c1gz8h-fontconfig-2.14.0-lib/lib/libfontconfig.so.1.12.0
7f2ffe03f000-7f2ffe058000 r--p 00030000 00:293f 9223372037533614205      /nix/store/4llf22n9mbnk5i20zkwa1j6zx5c1gz8h-fontconfig-2.14.0-lib/lib/libfontconfig.so.1.12.0
7f2ffe058000-7f2ffe05a000 r--p 00048000 00:293f 9223372037533614205      /nix/store/4llf22n9mbnk5i20zkwa1j6zx5c1gz8h-fontconfig-2.14.0-lib/lib/libfontconfig.so.1.12.0
7f2ffe05a000-7f2ffe05b000 rw-p 0004a000 00:293f 9223372037533614205      /nix/store/4llf22n9mbnk5i20zkwa1j6zx5c1gz8h-fontconfig-2.14.0-lib/lib/libfontconfig.so.1.12.0
7f2ffe05b000-7f2ffe083000 r--p 00000000 00:293f 9223372037455367822      /nix/store/4nlgxhb09sdr51nc9hdm8az5b08vzkgx-glibc-2.35-163/lib/libc.so.6
7f2ffe083000-7f2ffe1f9000 r-xp 00028000 00:293f 9223372037455367822      /nix/store/4nlgxhb09sdr51nc9hdm8az5b08vzkgx-glibc-2.35-163/lib/libc.so.6
7f2ffe1f9000-7f2ffe251000 r--p 0019e000 00:293f 9223372037455367822      /nix/store/4nlgxhb09sdr51nc9hdm8az5b08vzkgx-glibc-2.35-163/lib/libc.so.6
7f2ffe251000-7f2ffe255000 r--p 001f6000 00:293f 9223372037455367822      /nix/store/4nlgxhb09sdr51nc9hdm8az5b08vzkgx-glibc-2.35-163/lib/libc.so.6
7f2ffe255000-7f2ffe257000 rw-p 001fa000 00:293f 9223372037455367822      /nix/store/4nlgxhb09sdr51nc9hdm8az5b08vzkgx-glibc-2.35-163/lib/libc.so.6
7f2ffe257000-7f2ffe264000 rw-p 00000000 00:00 0 
7f2ffe264000-7f2ffe265000 r--p 00000000 00:293f 9223372037455367827      /nix/store/4nlgxhb09sdr51nc9hdm8az5b08vzkgx-glibc-2.35-163/lib/libdl.so.2
7f2ffe265000-7f2ffe266000 r-xp 00001000 00:293f 9223372037455367827      /nix/store/4nlgxhb09sdr51nc9hdm8az5b08vzkgx-glibc-2.35-163/lib/libdl.so.2
7f2ffe266000-7f2ffe267000 r--p 00002000 00:293f 9223372037455367827      /nix/store/4nlgxhb09sdr51nc9hdm8az5b08vzkgx-glibc-2.35-163/lib/libdl.so.2
7f2ffe267000-7f2ffe268000 r--p 00002000 00:293f 9223372037455367827      /nix/store/4nlgxhb09sdr51nc9hdm8az5b08vzkgx-glibc-2.35-163/lib/libdl.so.2
7f2ffe268000-7f2ffe269000 rw-p 00003000 00:293f 9223372037455367827      /nix/store/4nlgxhb09sdr51nc9hdm8az5b08vzkgx-glibc-2.35-163/lib/libdl.so.2
7f2ffe269000-7f2ffe26c000 r--p 00000000 00:293f 9223372037534124090      /nix/store/arja5b2nhs4z9ajrcx4wiipjywcw1ip6-openjdk-8u322-ga-jre/lib/openjdk/jre/lib/amd64/jli/libjli.so
7f2ffe26c000-7f2ffe275000 r-xp 00003000 00:293f 9223372037534124090      /nix/store/arja5b2nhs4z9ajrcx4wiipjywcw1ip6-openjdk-8u322-ga-jre/lib/openjdk/jre/lib/amd64/jli/libjli.so
7f2ffe275000-7f2ffe278000 r--p 0000c000 00:293f 9223372037534124090      /nix/store/arja5b2nhs4z9ajrcx4wiipjywcw1ip6-openjdk-8u322-ga-jre/lib/openjdk/jre/lib/amd64/jli/libjli.so
7f2ffe278000-7f2ffe279000 r--p 0000e000 00:293f 9223372037534124090      /nix/store/arja5b2nhs4z9ajrcx4wiipjywcw1ip6-openjdk-8u322-ga-jre/lib/openjdk/jre/lib/amd64/jli/libjli.so
7f2ffe279000-7f2ffe27a000 rw-p 0000f000 00:293f 9223372037534124090      /nix/store/arja5b2nhs4z9ajrcx4wiipjywcw1ip6-openjdk-8u322-ga-jre/lib/openjdk/jre/lib/amd64/jli/libjli.so
7f2ffe27a000-7f2ffe27c000 rw-p 00012000 00:293f 9223372037534124090      /nix/store/arja5b2nhs4z9ajrcx4wiipjywcw1ip6-openjdk-8u322-ga-jre/lib/openjdk/jre/lib/amd64/jli/libjli.so
7f2ffe27c000-7f2ffe27e000 rw-p 00014000 00:293f 9223372037534124090      /nix/store/arja5b2nhs4z9ajrcx4wiipjywcw1ip6-openjdk-8u322-ga-jre/lib/openjdk/jre/lib/amd64/jli/libjli.so
7f2ffe27e000-7f2ffe280000 rw-p 00000000 00:00 0 
7f2ffe280000-7f2ffe283000 r--p 00000000 00:293f 9223372037533597975      /nix/store/026hln0aq1hyshaxsdvhg0kmcm6yf45r-zlib-1.2.13/lib/libz.so.1.2.13
7f2ffe283000-7f2ffe295000 r-xp 00003000 00:293f 9223372037533597975      /nix/store/026hln0aq1hyshaxsdvhg0kmcm6yf45r-zlib-1.2.13/lib/libz.so.1.2.13
7f2ffe295000-7f2ffe29c000 r--p 00015000 00:293f 9223372037533597975      /nix/store/026hln0aq1hyshaxsdvhg0kmcm6yf45r-zlib-1.2.13/lib/libz.so.1.2.13
7f2ffe29c000-7f2ffe29d000 r--p 0001b000 00:293f 9223372037533597975      /nix/store/026hln0aq1hyshaxsdvhg0kmcm6yf45r-zlib-1.2.13/lib/libz.so.1.2.13
7f2ffe29d000-7f2ffe29e000 rw-p 0001c000 00:293f 9223372037533597975      /nix/store/026hln0aq1hyshaxsdvhg0kmcm6yf45r-zlib-1.2.13/lib/libz.so.1.2.13
7f2ffe29e000-7f2ffe29f000 r--p 00000000 00:293f 9223372037455367846      /nix/store/4nlgxhb09sdr51nc9hdm8az5b08vzkgx-glibc-2.35-163/lib/libpthread.so.0
7f2ffe29f000-7f2ffe2a0000 r-xp 00001000 00:293f 9223372037455367846      /nix/store/4nlgxhb09sdr51nc9hdm8az5b08vzkgx-glibc-2.35-163/lib/libpthread.so.0
7f2ffe2a0000-7f2ffe2a1000 r--p 00002000 00:293f 9223372037455367846      /nix/store/4nlgxhb09sdr51nc9hdm8az5b08vzkgx-glibc-2.35-163/lib/libpthread.so.0
7f2ffe2a1000-7f2ffe2a2000 r--p 00002000 00:293f 9223372037455367846      /nix/store/4nlgxhb09sdr51nc9hdm8az5b08vzkgx-glibc-2.35-163/lib/libpthread.so.0
7f2ffe2a2000-7f2ffe2a3000 rw-p 00003000 00:293f 9223372037455367846      /nix/store/4nlgxhb09sdr51nc9hdm8az5b08vzkgx-glibc-2.35-163/lib/libpthread.so.0
7f2ffe2a3000-7f2ffe2a5000 rw-p 00000000 00:00 0 
7f2ffe2a5000-7f2ffe2a7000 r--p 00000000 00:293f 9223372037455367816      /nix/store/4nlgxhb09sdr51nc9hdm8az5b08vzkgx-glibc-2.35-163/lib/ld-linux-x86-64.so.2
7f2ffe2a7000-7f2ffe2ce000 r-xp 00002000 00:293f 9223372037455367816      /nix/store/4nlgxhb09sdr51nc9hdm8az5b08vzkgx-glibc-2.35-163/lib/ld-linux-x86-64.so.2
7f2ffe2ce000-7f2ffe2da000 r--p 00029000 00:293f 9223372037455367816      /nix/store/4nlgxhb09sdr51nc9hdm8az5b08vzkgx-glibc-2.35-163/lib/ld-linux-x86-64.so.2
7f2ffe2da000-7f2ffe2dc000 r--p 00034000 00:293f 9223372037455367816      /nix/store/4nlgxhb09sdr51nc9hdm8az5b08vzkgx-glibc-2.35-163/lib/ld-linux-x86-64.so.2
7f2ffe2dc000-7f2ffe2de000 rw-p 00036000 00:293f 9223372037455367816      /nix/store/4nlgxhb09sdr51nc9hdm8az5b08vzkgx-glibc-2.35-163/lib/ld-linux-x86-64.so.2
7ffd65f63000-7ffd65f88000 rw-p 00000000 00:00 0                          [stack]
7ffd65f89000-7ffd65f8d000 r--p 00000000 00:00 0                          [vvar]
7ffd65f8d000-7ffd65f8f000 r-xp 00000000 00:00 0                          [vdso]
ffffffffff600000-ffffffffff601000 --xp 00000000 00:00 0                  [vsyscall]

VM Arguments:
jvm_args: -Xmx128M 
java_command: bungee.jar
java_class_path (initial): bungee.jar
Launcher Type: SUN_STANDARD

Environment Variables:
JAVA_HOME=/nix/store/i4qskvnfw3wbc9pldqnnd3kb9cf9yp16-openjdk-11.0.15+10/lib/openjdk
LD_LIBRARY_PATH=/nix/store/hisqvx32cd57apbpcsnkpx6k3549wql1-libglvnd-1.4.0/lib:/nix/store/p36pgcv991mq5srvg765b78yqpxvk3qs-mesa-21.3.3-drivers/lib:/nix/store/mav4251if1ahjq5vkpwycyyvnmy459c4-pulseaudio-14.2/lib
SHELL=/bin/bash

Signal Handlers:
SIGSEGV: [libjvm.so+0xaf1fb0], sa_mask[0]=11111111011111111101111111111110, sa_flags=SA_RESTART|SA_SIGINFO
SIGBUS: [libjvm.so+0xaf1fb0], sa_mask[0]=11111111011111111101111111111110, sa_flags=SA_RESTART|SA_SIGINFO
SIGFPE: [libjvm.so+0x93d520], sa_mask[0]=11111111011111111101111111111110, sa_flags=SA_RESTART|SA_SIGINFO
SIGPIPE: [libjvm.so+0x93d520], sa_mask[0]=11111111011111111101111111111110, sa_flags=SA_RESTART|SA_SIGINFO
SIGXFSZ: [libjvm.so+0x93d520], sa_mask[0]=11111111011111111101111111111110, sa_flags=SA_RESTART|SA_SIGINFO
SIGILL: [libjvm.so+0x93d520], sa_mask[0]=11111111011111111101111111111110, sa_flags=SA_RESTART|SA_SIGINFO
SIGUSR1: SIG_DFL, sa_mask[0]=00000000000000000000000000000000, sa_flags=none
SIGUSR2: [libjvm.so+0x93d850], sa_mask[0]=00000000000000000000000000000000, sa_flags=SA_RESTART|SA_SIGINFO
SIGHUP: [libjvm.so+0x93d7a0], sa_mask[0]=11111111011111111101111111111110, sa_flags=SA_RESTART|SA_SIGINFO
SIGINT: [libjvm.so+0x93d7a0], sa_mask[0]=11111111011111111101111111111110, sa_flags=SA_RESTART|SA_SIGINFO
SIGTERM: [libjvm.so+0x93d7a0], sa_mask[0]=11111111011111111101111111111110, sa_flags=SA_RESTART|SA_SIGINFO
SIGQUIT: [libjvm.so+0x93d7a0], sa_mask[0]=11111111011111111101111111111110, sa_flags=SA_RESTART|SA_SIGINFO


---------------  S Y S T E M  ---------------

OS:DISTRIB_ID=Ubuntu
DISTRIB_RELEASE=20.04
DISTRIB_CODENAME=focal
DISTRIB_DESCRIPTION="Ubuntu 20.04.2 LTS"

uname:Linux 5.15.0-1027-gcp #34~20.04.1-Ubuntu SMP Mon Jan 9 18:40:09 UTC 2023 x86_64
libc:glibc 2.35 NPTL 2.35 
rlimit: STACK 8192k, CORE infinity, NPROC infinity, NOFILE 5242, AS infinity
load average:87.09 91.80 201.99

/proc/meminfo:
MemTotal:       32872720 kB
MemFree:          695492 kB
MemAvailable:    4051244 kB
Buffers:           13368 kB
Cached:          4753128 kB
SwapCached:            0 kB
Active:          1834096 kB
Inactive:       26375748 kB
Active(anon):     898720 kB
Inactive(anon): 24629812 kB
Active(file):     935376 kB
Inactive(file):  1745936 kB
Unevictable:       42552 kB
Mlocked:           42552 kB
SwapTotal:             0 kB
SwapFree:              0 kB
Dirty:              3936 kB
Writeback:             0 kB
AnonPages:      23483392 kB
Mapped:          3228600 kB
Shmem:           2191496 kB
KReclaimable:    1140276 kB
Slab:            2636152 kB
SReclaimable:    1140276 kB
SUnreclaim:      1495876 kB
KernelStack:      526144 kB
PageTables:       405748 kB
NFS_Unstable:          0 kB
Bounce:                0 kB
WritebackTmp:          0 kB
CommitLimit:    16436360 kB
Committed_AS:   114094160 kB
VmallocTotal:   34359738367 kB
VmallocUsed:      568128 kB
VmallocChunk:          0 kB
Percpu:            33664 kB
HardwareCorrupted:     0 kB
AnonHugePages:     45056 kB
ShmemHugePages:        0 kB
ShmemPmdMapped:        0 kB
FileHugePages:         0 kB
FilePmdMapped:         0 kB
HugePages_Total:       0
HugePages_Free:        0
HugePages_Rsvd:        0
HugePages_Surp:        0
Hugepagesize:       2048 kB
Hugetlb:               0 kB
DirectMap4k:     4029248 kB
DirectMap2M:    26376192 kB
DirectMap1G:     5242880 kB

container (cgroup) information:
container_type: cgroupv1
cpu_cpuset_cpus: 1-3
cpu_memory_nodes: 0
active_processor_count: 1
cpu_quota: 30000
cpu_period: 100000
cpu_shares: 307
memory_limit_in_bytes: 1073741824
memory_and_swap_limit_in_bytes: 1073741824
memory_soft_limit_in_bytes: 536870912
memory_usage_in_bytes: 216305664
memory_max_usage_in_bytes: 846274560


CPU:total 4 (initial active 1) (4 cores per cpu, 1 threads per core) family 23 model 49 stepping 0, cmov, cx8, fxsr, mmx, sse, sse2, sse3, ssse3, sse4.1, sse4.2, popcnt, avx, avx2, aes, clmul, mmxext, 3dnowpref, lzcnt, sse4a, tsc, tscinvbit, tscinv, bmi1

/proc/cpuinfo:
processor	: 0
vendor_id	: AuthenticAMD
cpu family	: 23
model		: 49
model name	: AMD EPYC 7B12
stepping	: 0
microcode	: 0xffffffff
cpu MHz		: 2250.000
cache size	: 512 KB
physical id	: 0
siblings	: 4
core id		: 0
cpu cores	: 2
apicid		: 0
initial apicid	: 0
fpu		: yes
fpu_exception	: yes
cpuid level	: 13
wp		: yes
flags		: fpu vme de pse tsc msr pae mce cx8 apic sep mtrr pge mca cmov pat pse36 clflush mmx fxsr sse sse2 ht syscall nx mmxext fxsr_opt pdpe1gb rdtscp lm constant_tsc rep_good nopl nonstop_tsc cpuid extd_apicid tsc_known_freq pni pclmulqdq ssse3 fma cx16 sse4_1 sse4_2 movbe popcnt aes xsave avx f16c rdrand hypervisor lahf_lm cmp_legacy cr8_legacy abm sse4a misalignsse 3dnowprefetch osvw topoext ssbd ibrs ibpb stibp vmmcall fsgsbase tsc_adjust bmi1 avx2 smep bmi2 rdseed adx smap clflushopt clwb sha_ni xsaveopt xsavec xgetbv1 clzero xsaveerptr arat npt nrip_save umip rdpid
bugs		: sysret_ss_attrs null_seg spectre_v1 spectre_v2 spec_store_bypass retbleed
bogomips	: 4500.00
TLB size	: 3072 4K pages
clflush size	: 64
cache_alignment	: 64
address sizes	: 48 bits physical, 48 bits virtual
power management:

processor	: 1
vendor_id	: AuthenticAMD
cpu family	: 23
model		: 49
model name	: AMD EPYC 7B12
stepping	: 0
microcode	: 0xffffffff
cpu MHz		: 2250.000
cache size	: 512 KB
physical id	: 0
siblings	: 4
core id		: 1
cpu cores	: 2
apicid		: 2
initial apicid	: 2
fpu		: yes
fpu_exception	: yes
cpuid level	: 13
wp		: yes
flags		: fpu vme de pse tsc msr pae mce cx8 apic sep mtrr pge mca cmov pat pse36 clflush mmx fxsr sse sse2 ht syscall nx mmxext fxsr_opt pdpe1gb rdtscp lm constant_tsc rep_good nopl nonstop_tsc cpuid extd_apicid tsc_known_freq pni pclmulqdq ssse3 fma cx16 sse4_1 sse4_2 movbe popcnt aes xsave avx f16c rdrand hypervisor lahf_lm cmp_legacy cr8_legacy abm sse4a misalignsse 3dnowprefetch osvw topoext ssbd ibrs ibpb stibp vmmcall fsgsbase tsc_adjust bmi1 avx2 smep bmi2 rdseed adx smap clflushopt clwb sha_ni xsaveopt xsavec xgetbv1 clzero xsaveerptr arat npt nrip_save umip rdpid
bugs		: sysret_ss_attrs null_seg spectre_v1 spectre_v2 spec_store_bypass retbleed
bogomips	: 4500.00
TLB size	: 3072 4K pages
clflush size	: 64
cache_alignment	: 64
address sizes	: 48 bits physical, 48 bits virtual
power management:

processor	: 2
vendor_id	: AuthenticAMD
cpu family	: 23
model		: 49
model name	: AMD EPYC 7B12
stepping	: 0
microcode	: 0xffffffff
cpu MHz		: 2250.000
cache size	: 512 KB
physical id	: 0
siblings	: 4
core id		: 0
cpu cores	: 2
apicid		: 1
initial apicid	: 1
fpu		: yes
fpu_exception	: yes
cpuid level	: 13
wp		: yes
flags		: fpu vme de pse tsc msr pae mce cx8 apic sep mtrr pge mca cmov pat pse36 clflush mmx fxsr sse sse2 ht syscall nx mmxext fxsr_opt pdpe1gb rdtscp lm constant_tsc rep_good nopl nonstop_tsc cpuid extd_apicid tsc_known_freq pni pclmulqdq ssse3 fma cx16 sse4_1 sse4_2 movbe popcnt aes xsave avx f16c rdrand hypervisor lahf_lm cmp_legacy cr8_legacy abm sse4a misalignsse 3dnowprefetch osvw topoext ssbd ibrs ibpb stibp vmmcall fsgsbase tsc_adjust bmi1 avx2 smep bmi2 rdseed adx smap clflushopt clwb sha_ni xsaveopt xsavec xgetbv1 clzero xsaveerptr arat npt nrip_save umip rdpid
bugs		: sysret_ss_attrs null_seg spectre_v1 spectre_v2 spec_store_bypass retbleed
bogomips	: 4500.00
TLB size	: 3072 4K pages
clflush size	: 64
cache_alignment	: 64
address sizes	: 48 bits physical, 48 bits virtual
power management:

processor	: 3
vendor_id	: AuthenticAMD
cpu family	: 23
model		: 49
model name	: AMD EPYC 7B12
stepping	: 0
microcode	: 0xffffffff
cpu MHz		: 2250.000
cache size	: 512 KB
physical id	: 0
siblings	: 4
core id		: 1
cpu cores	: 2
apicid		: 3
initial apicid	: 3
fpu		: yes
fpu_exception	: yes
cpuid level	: 13
wp		: yes
flags		: fpu vme de pse tsc msr pae mce cx8 apic sep mtrr pge mca cmov pat pse36 clflush mmx fxsr sse sse2 ht syscall nx mmxext fxsr_opt pdpe1gb rdtscp lm constant_tsc rep_good nopl nonstop_tsc cpuid extd_apicid tsc_known_freq pni pclmulqdq ssse3 fma cx16 sse4_1 sse4_2 movbe popcnt aes xsave avx f16c rdrand hypervisor lahf_lm cmp_legacy cr8_legacy abm sse4a misalignsse 3dnowprefetch osvw topoext ssbd ibrs ibpb stibp vmmcall fsgsbase tsc_adjust bmi1 avx2 smep bmi2 rdseed adx smap clflushopt clwb sha_ni xsaveopt xsavec xgetbv1 clzero xsaveerptr arat npt nrip_save umip rdpid
bugs		: sysret_ss_attrs null_seg spectre_v1 spectre_v2 spec_store_bypass retbleed
bogomips	: 4500.00
TLB size	: 3072 4K pages
clflush size	: 64
cache_alignment	: 64
address sizes	: 48 bits physical, 48 bits virtual
power management:



Memory: 4k page, physical 1048576k(837336k free), swap 0k(0k free)

vm_info: OpenJDK 64-Bit Server VM (25.322-bga) for linux-amd64 JRE (1.8.0_322-ga), built on Jan  1 1980 00:00:00 by "nixbld" with gcc 11.3.0

time: Wed Jan 25 11:55:38 2023
timezone: UTC
elapsed time: 23.736359 seconds (0d 0h 0m 23s)

