#
# A fatal error has been detected by the Java Runtime Environment:
#
#  SIGSEGV (0xb) at pc=0x00007f683516459b, pid=1560, tid=0x00007f684bd69640
#
# JRE version: OpenJDK Runtime Environment (8.0_322) (build 1.8.0_322-ga)
# Java VM: OpenJDK 64-Bit Server VM (25.322-bga mixed mode linux-amd64 compressed oops)
# Problematic frame:
# J 156 C1 java.lang.String.toCharArray()[C (25 bytes) @ 0x00007f683516459b [0x00007f6835164440+0x15b]
#
# Core dump written. Default location: /home/runner/eaglercraftx/bungee/core or core.1560
#
# If you would like to submit a bug report, please visit:
#   http://bugreport.java.com/bugreport/crash.jsp
#

---------------  T H R E A D  ---------------

Current thread (0x00007f684400a800):  JavaThread "main" [_thread_in_Java, id=1566, stack(0x00007f684bc6a000,0x00007f684bd6a000)]

siginfo: si_signo: 11 (SIGSEGV), si_code: 0 (SI_USER)

Registers:
RAX=0x00000000f8352f70, RBX=0x0000000000000000, RCX=0x0000000000000045, RDX=0x0000000000000000
RSP=0x00007f684bd662a8, RBP=0x00007f684bd66308, RSI=0x00000000f8353000, RDI=0x00000000f8352f48
R8 =0x0000000000000000, R9 =0x0000000000000045, R10=0x00007f684cd436a0, R11=0x0000000000000045
R12=0x0000000000000000, R13=0x00007f684bd662c0, R14=0x00007f684bd66358, R15=0x00007f684400a800
RIP=0x00007f683516459b, EFLAGS=0x0000000000010206, CSGSFS=0x002b000000000033, ERR=0x0000000000000004
  TRAPNO=0x000000000000000e

Top of Stack: (sp=0x00007f684bd662a8)
0x00007f684bd662a8:   00007f6835007d80 00007f684bd66308
0x00007f684bd662b8:   00007f6835007d80 00000000f8352f58
0x00007f684bd662c8:   00007f684bd662c8 00007f684b1de401
0x00007f684bd662d8:   00007f684bd66358 00007f684b1dea00
0x00007f684bd662e8:   0000000000000000 00007f684b1de4d8
0x00007f684bd662f8:   00007f684bd662c0 00007f684bd66350
0x00007f684bd66308:   00007f684bd663c0 00007f6835007d80
0x00007f684bd66318:   0000000000000000 0000000000000000
0x00007f684bd66328:   0000000000000000 0000000000000000
0x00007f684bd66338:   0000000000000000 0000000000000000
0x00007f684bd66348:   00000000f8066a20 00000000f8352f58
0x00007f684bd66358:   00000000f80666c0 00007f68441021f0
0x00007f684bd66368:   00000000f8066500 0000000000000001
0x00007f684bd66378:   00000000f8066500 00007f684bd66370
0x00007f684bd66388:   00007f684b1cfd3a 00007f684bd66400
0x00007f684bd66398:   00007f684b1d2130 00007f684b2796e0
0x00007f684bd663a8:   00007f684b1cfdb0 00007f684bd66350
0x00007f684bd663b8:   00007f684bd66410 00007f684bd665c8
0x00007f684bd663c8:   00007f683512041c 0000000000000000
0x00007f684bd663d8:   0000000000000000 00000000f8066500
0x00007f684bd663e8:   0000000000000000 0000000000000000
0x00007f684bd663f8:   00000000f8352f58 00000000f8066500
0x00007f684bd66408:   00007f683512041c 00007f684bd66460
0x00007f684bd66418:   00007f684c500556 00007f684400af98
0x00007f684bd66428:   00007f684c89f46c 00007f684bd67490
0x00007f684bd66438:   00007f684bd66520 00007f684bd665c8
0x00007f684bd66448:   00007f683511ec9c 00007f684bd68448
0x00007f684bd66458:   00007f684bd66520 00007f684bd66490
0x00007f684bd66468:   00007f684b3d83f0 0000000000000000
0x00007f684bd66478:   0000000000000001 0000000000000000
0x00007f684bd66488:   00007f684bd66478 00007f684b1ab566
0x00007f684bd66498:   00007f684bd664f0 00007f684b1ac5d0 

Instructions: (pc=0x00007f683516459b)
0x00007f683516457b:   83 ec 08 e8 9d db ee ff 48 83 c4 08 e9 05 00 00
0x00007f683516458b:   00 e8 8f db ee ff 48 8b 44 24 30 48 83 c4 40 5d
0x00007f683516459b:   85 05 5f 7b ab 16 c3 48 89 5c 24 08 48 c7 04 24
0x00007f68351645ab:   ff ff ff ff e8 2c b3 f9 ff e9 e8 fe ff ff e8 c2 

Register to memory mapping:

RAX=
[error occurred during error reporting (printing register info), id 0xb]

Stack: [0x00007f684bc6a000,0x00007f684bd6a000],  sp=0x00007f684bd662a8,  free space=1008k
Native frames: (J=compiled Java code, j=interpreted, Vv=VM code, C=native code)
J 156 C1 java.lang.String.toCharArray()[C (25 bytes) @ 0x00007f683516459b [0x00007f6835164440+0x15b]
C  0x00007f684b1de4d8


---------------  P R O C E S S  ---------------

Java Threads: ( => current thread )
  0x00007f68441f3800 JavaThread "Reconnect Saver" [_thread_blocked, id=1584, stack(0x00007f6849f52000,0x00007f684a052000)]
  0x00007f68440ea800 JavaThread "Service Thread" daemon [_thread_blocked, id=1581, stack(0x00007f684a2f9000,0x00007f684a3f9000)]
  0x00007f68440dd800 JavaThread "C1 CompilerThread1" daemon [_thread_blocked, id=1579, stack(0x00007f684a3fa000,0x00007f684a4fa000)]
  0x00007f68440db000 JavaThread "C2 CompilerThread0" daemon [_thread_blocked, id=1578, stack(0x00007f684a4fb000,0x00007f684a5fb000)]
  0x00007f68440d6000 JavaThread "Signal Dispatcher" daemon [_thread_blocked, id=1575, stack(0x00007f684a601000,0x00007f684a701000)]
  0x00007f68440a5800 JavaThread "Finalizer" daemon [_thread_blocked, id=1570, stack(0x00007f684a9e7000,0x00007f684aae7000)]
  0x00007f68440a1000 JavaThread "Reference Handler" daemon [_thread_blocked, id=1569, stack(0x00007f684aae7000,0x00007f684abe7000)]
=>0x00007f684400a800 JavaThread "main" [_thread_in_Java, id=1566, stack(0x00007f684bc6a000,0x00007f684bd6a000)]

Other Threads:
  0x00007f6844097000 VMThread [stack: 0x00007f684abe8000,0x00007f684ace8000] [id=1568]
  0x00007f68440ee000 WatcherThread [stack: 0x00007f684a1f9000,0x00007f684a2f9000] [id=1583]

VM state:synchronizing (normal execution)

VM Mutex/Monitor currently owned by a thread:  ([mutex/lock_event])
[0x00007f6844008f50] Safepoint_lock - owner thread: 0x00007f6844097000
[0x00007f6844008fd0] Threads_lock - owner thread: 0x00007f6844097000

heap address: 0x00000000f8000000, size: 128 MB, Compressed Oops mode: 32-bit
Narrow klass base: 0x0000000000000000, Narrow klass shift: 3
Compressed class space size: 1073741824 Address: 0x0000000100000000

Heap:
 def new generation   total 4928K, used 3475K [0x00000000f8000000, 0x00000000f8550000, 0x00000000faaa0000)
  eden space 4416K,  78% used [0x00000000f8000000, 0x00000000f8364ea0, 0x00000000f8450000)
  from space 512K,   0% used [0x00000000f8450000, 0x00000000f8450000, 0x00000000f84d0000)
  to   space 512K,   0% used [0x00000000f84d0000, 0x00000000f84d0000, 0x00000000f8550000)
 tenured generation   total 10944K, used 0K [0x00000000faaa0000, 0x00000000fb550000, 0x0000000100000000)
   the space 10944K,   0% used [0x00000000faaa0000, 0x00000000faaa0000, 0x00000000faaa0200, 0x00000000fb550000)
 Metaspace       used 5350K, capacity 5456K, committed 5504K, reserved 1056768K
  class space    used 590K, capacity 624K, committed 640K, reserved 1048576K

Card table byte_map: [0x00007f684b803000,0x00007f684b844000] byte_map_base: 0x00007f684b043000

Polling page: 0x00007f684bc1c000

CodeCache: size=245760Kb used=1465Kb max_used=1471Kb free=244294Kb
 bounds [0x00007f6835000000, 0x00007f6835270000, 0x00007f6844000000]
 total_blobs=463 nmethods=177 adapters=201
 compilation: enabled

Compilation events (10 events):
Event: 18.735 Thread 0x00007f68440dd800 nmethod 176 0x00007f683516ce90 code [0x00007f683516d000, 0x00007f683516d190]
Event: 18.739 Thread 0x00007f68440dd800  177       3       java.lang.Character::isHighSurrogate (18 bytes)
Event: 18.739 Thread 0x00007f68440dd800 nmethod 177 0x00007f683516d210 code [0x00007f683516d380, 0x00007f683516d550]
Event: 18.753 Thread 0x00007f68440db000 nmethod 172 0x00007f6835170250 code [0x00007f6835170380, 0x00007f68351703d8]
Event: 19.069 Thread 0x00007f68440dd800  178       3       java.io.InputStream::<init> (5 bytes)
Event: 19.069 Thread 0x00007f68440dd800 nmethod 178 0x00007f683516fe50 code [0x00007f683516ffc0, 0x00007f6835170170]
Event: 19.127 Thread 0x00007f68440dd800  179       3       sun.misc.URLClassPath::getResource (83 bytes)
Event: 19.140 Thread 0x00007f68440dd800 nmethod 179 0x00007f683516f750 code [0x00007f683516f900, 0x00007f683516fcc8]
Event: 19.141 Thread 0x00007f68440dd800  180       3       java.lang.ref.Finalizer::register (10 bytes)
Event: 19.141 Thread 0x00007f68440dd800 nmethod 180 0x00007f683516efd0 code [0x00007f683516f160, 0x00007f683516f588]

GC Heap History (0 events):
No events

Deoptimization events (0 events):
No events

Classes redefined (0 events):
No events

Internal exceptions (7 events):
Event: 0.997 Thread 0x00007f684400a800 Exception <a 'java/lang/NoSuchMethodError': Method sun.misc.Unsafe.defineClass(Ljava/lang/String;[BII)Ljava/lang/Class; name or signature does not match> (0x00000000f8007cc0) thrown at [/build/source/hotspot/src/share/vm/prims/jni.cpp, line 4014]
Event: 0.997 Thread 0x00007f684400a800 Exception <a 'java/lang/NoSuchMethodError': Method sun.misc.Unsafe.prefetchRead(Ljava/lang/Object;J)V name or signature does not match> (0x00000000f8007fa8) thrown at [/build/source/hotspot/src/share/vm/prims/jni.cpp, line 4014]
Event: 11.731 Thread 0x00007f684400a800 Exception <a 'java/security/PrivilegedActionException'> (0x00000000f81a4e20) thrown at [/build/source/hotspot/src/share/vm/prims/jvm.cpp, line 1522]
Event: 11.743 Thread 0x00007f684400a800 Exception <a 'java/security/PrivilegedActionException'> (0x00000000f81a5218) thrown at [/build/source/hotspot/src/share/vm/prims/jvm.cpp, line 1522]
Event: 12.127 Thread 0x00007f684400a800 Exception <a 'java/security/PrivilegedActionException'> (0x00000000f81a8dd0) thrown at [/build/source/hotspot/src/share/vm/prims/jvm.cpp, line 1522]
Event: 12.127 Thread 0x00007f684400a800 Exception <a 'java/security/PrivilegedActionException'> (0x00000000f81a91c8) thrown at [/build/source/hotspot/src/share/vm/prims/jvm.cpp, line 1522]
Event: 19.372 Thread 0x00007f684400a800 Implicit null exception at 0x00007f683516459b to 0x0000000000000000

Events (10 events):
Event: 19.296 loading class org/yaml/snakeyaml/constructor/SafeConstructor$ConstructYamlBinary
Event: 19.296 loading class org/yaml/snakeyaml/constructor/SafeConstructor$ConstructYamlBinary done
Event: 19.297 loading class org/yaml/snakeyaml/constructor/SafeConstructor$ConstructYamlTimestamp
Event: 19.297 loading class org/yaml/snakeyaml/constructor/SafeConstructor$ConstructYamlTimestamp done
Event: 19.297 loading class org/yaml/snakeyaml/constructor/SafeConstructor$ConstructYamlOmap
Event: 19.297 loading class org/yaml/snakeyaml/constructor/SafeConstructor$ConstructYamlOmap done
Event: 19.297 loading class org/yaml/snakeyaml/constructor/SafeConstructor$ConstructYamlPairs
Event: 19.297 loading class org/yaml/snakeyaml/constructor/SafeConstructor$ConstructYamlPairs done
Event: 19.298 loading class org/yaml/snakeyaml/constructor/SafeConstructor$ConstructYamlSet
Event: 19.298 loading class org/yaml/snakeyaml/constructor/SafeConstructor$ConstructYamlSet done


Dynamic libraries:
f8000000-f8550000 rw-p 00000000 00:00 0 
f8550000-faaa0000 ---p 00000000 00:00 0 
faaa0000-fb550000 rw-p 00000000 00:00 0 
fb550000-100000000 ---p 00000000 00:00 0 
100000000-1000a0000 rw-p 00000000 00:00 0 
1000a0000-140000000 ---p 00000000 00:00 0 
5566215bf000-5566215c0000 r--p 00000000 00:293f 9223372037534124076      /nix/store/arja5b2nhs4z9ajrcx4wiipjywcw1ip6-openjdk-8u322-ga-jre/lib/openjdk/jre/bin/java
5566215c0000-5566215c1000 r-xp 00001000 00:293f 9223372037534124076      /nix/store/arja5b2nhs4z9ajrcx4wiipjywcw1ip6-openjdk-8u322-ga-jre/lib/openjdk/jre/bin/java
5566215c1000-5566215c2000 r--p 00002000 00:293f 9223372037534124076      /nix/store/arja5b2nhs4z9ajrcx4wiipjywcw1ip6-openjdk-8u322-ga-jre/lib/openjdk/jre/bin/java
5566215c2000-5566215c3000 r--p 00002000 00:293f 9223372037534124076      /nix/store/arja5b2nhs4z9ajrcx4wiipjywcw1ip6-openjdk-8u322-ga-jre/lib/openjdk/jre/bin/java
5566215c3000-5566215c4000 rw-p 00003000 00:293f 9223372037534124076      /nix/store/arja5b2nhs4z9ajrcx4wiipjywcw1ip6-openjdk-8u322-ga-jre/lib/openjdk/jre/bin/java
5566215c4000-5566215c5000 rw-p 00004000 00:293f 9223372037534124076      /nix/store/arja5b2nhs4z9ajrcx4wiipjywcw1ip6-openjdk-8u322-ga-jre/lib/openjdk/jre/bin/java
5566234ee000-556623551000 rw-p 00000000 00:00 0                          [heap]
7f6810000000-7f6810021000 rw-p 00000000 00:00 0 
7f6810021000-7f6814000000 ---p 00000000 00:00 0 
7f6814000000-7f6814021000 rw-p 00000000 00:00 0 
7f6814021000-7f6818000000 ---p 00000000 00:00 0 
7f6818000000-7f6818208000 rw-p 00000000 00:00 0 
7f6818208000-7f681c000000 ---p 00000000 00:00 0 
7f681c000000-7f681c021000 rw-p 00000000 00:00 0 
7f681c021000-7f6820000000 ---p 00000000 00:00 0 
7f6820000000-7f6820021000 rw-p 00000000 00:00 0 
7f6820021000-7f6824000000 ---p 00000000 00:00 0 
7f6824000000-7f6824056000 rw-p 00000000 00:00 0 
7f6824056000-7f6828000000 ---p 00000000 00:00 0 
7f6828000000-7f6828021000 rw-p 00000000 00:00 0 
7f6828021000-7f682c000000 ---p 00000000 00:00 0 
7f682c000000-7f682c021000 rw-p 00000000 00:00 0 
7f682c021000-7f6830000000 ---p 00000000 00:00 0 
7f6830000000-7f6830021000 rw-p 00000000 00:00 0 
7f6830021000-7f6834000000 ---p 00000000 00:00 0 
7f6835000000-7f6835270000 rwxp 00000000 00:00 0 
7f6835270000-7f6844000000 ---p 00000000 00:00 0 
7f6844000000-7f684447a000 rw-p 00000000 00:00 0 
7f684447a000-7f6848000000 ---p 00000000 00:00 0 
7f6849f52000-7f6849f55000 ---p 00000000 00:00 0 
7f6849f55000-7f684a052000 rw-p 00000000 00:00 0 
7f684a052000-7f684a063000 r--s 001c5000 00:293f 9223372037534126386      /nix/store/arja5b2nhs4z9ajrcx4wiipjywcw1ip6-openjdk-8u322-ga-jre/lib/openjdk/jre/lib/jsse.jar
7f684a063000-7f684a068000 r--p 00000000 00:293f 9223372037534124407      /nix/store/arja5b2nhs4z9ajrcx4wiipjywcw1ip6-openjdk-8u322-ga-jre/lib/openjdk/jre/lib/amd64/libnet.so
7f684a068000-7f684a079000 r-xp 00005000 00:293f 9223372037534124407      /nix/store/arja5b2nhs4z9ajrcx4wiipjywcw1ip6-openjdk-8u322-ga-jre/lib/openjdk/jre/lib/amd64/libnet.so
7f684a079000-7f684a07d000 r--p 00016000 00:293f 9223372037534124407      /nix/store/arja5b2nhs4z9ajrcx4wiipjywcw1ip6-openjdk-8u322-ga-jre/lib/openjdk/jre/lib/amd64/libnet.so
7f684a07d000-7f684a07e000 r--p 00019000 00:293f 9223372037534124407      /nix/store/arja5b2nhs4z9ajrcx4wiipjywcw1ip6-openjdk-8u322-ga-jre/lib/openjdk/jre/lib/amd64/libnet.so
7f684a07e000-7f684a07f000 rw-p 0001a000 00:293f 9223372037534124407      /nix/store/arja5b2nhs4z9ajrcx4wiipjywcw1ip6-openjdk-8u322-ga-jre/lib/openjdk/jre/lib/amd64/libnet.so
7f684a07f000-7f684a082000 rw-p 00020000 00:293f 9223372037534124407      /nix/store/arja5b2nhs4z9ajrcx4wiipjywcw1ip6-openjdk-8u322-ga-jre/lib/openjdk/jre/lib/amd64/libnet.so
7f684a082000-7f684a085000 rw-p 00023000 00:293f 9223372037534124407      /nix/store/arja5b2nhs4z9ajrcx4wiipjywcw1ip6-openjdk-8u322-ga-jre/lib/openjdk/jre/lib/amd64/libnet.so
7f684a085000-7f684a08c000 r--p 00000000 00:293f 9223372037534124411      /nix/store/arja5b2nhs4z9ajrcx4wiipjywcw1ip6-openjdk-8u322-ga-jre/lib/openjdk/jre/lib/amd64/libnio.so
7f684a08c000-7f684a094000 r-xp 00007000 00:293f 9223372037534124411      /nix/store/arja5b2nhs4z9ajrcx4wiipjywcw1ip6-openjdk-8u322-ga-jre/lib/openjdk/jre/lib/amd64/libnio.so
7f684a094000-7f684a097000 r--p 0000f000 00:293f 9223372037534124411      /nix/store/arja5b2nhs4z9ajrcx4wiipjywcw1ip6-openjdk-8u322-ga-jre/lib/openjdk/jre/lib/amd64/libnio.so
7f684a097000-7f684a098000 r--p 00012000 00:293f 9223372037534124411      /nix/store/arja5b2nhs4z9ajrcx4wiipjywcw1ip6-openjdk-8u322-ga-jre/lib/openjdk/jre/lib/amd64/libnio.so
7f684a098000-7f684a099000 rw-p 00013000 00:293f 9223372037534124411      /nix/store/arja5b2nhs4z9ajrcx4wiipjywcw1ip6-openjdk-8u322-ga-jre/lib/openjdk/jre/lib/amd64/libnio.so
7f684a099000-7f684a09d000 rw-p 00019000 00:293f 9223372037534124411      /nix/store/arja5b2nhs4z9ajrcx4wiipjywcw1ip6-openjdk-8u322-ga-jre/lib/openjdk/jre/lib/amd64/libnio.so
7f684a09d000-7f684a0a1000 rw-p 0001d000 00:293f 9223372037534124411      /nix/store/arja5b2nhs4z9ajrcx4wiipjywcw1ip6-openjdk-8u322-ga-jre/lib/openjdk/jre/lib/amd64/libnio.so
7f684a0a1000-7f684a1f8000 r--s 013a1000 00:15a6 357                      /home/runner/eaglercraftx/bungee/bungee.jar
7f684a1f8000-7f684a1f9000 ---p 00000000 00:00 0 
7f684a1f9000-7f684a2f9000 rw-p 00000000 00:00 0 
7f684a2f9000-7f684a2fc000 ---p 00000000 00:00 0 
7f684a2fc000-7f684a3f9000 rw-p 00000000 00:00 0 
7f684a3f9000-7f684a3fa000 ---p 00000000 00:00 0 
7f684a3fa000-7f684a3fd000 ---p 00000000 00:00 0 
7f684a3fd000-7f684a4fa000 rw-p 00000000 00:00 0 
7f684a4fa000-7f684a4fb000 ---p 00000000 00:00 0 
7f684a4fb000-7f684a4fe000 ---p 00000000 00:00 0 
7f684a4fe000-7f684a5fb000 rw-p 00000000 00:00 0 
7f684a5fb000-7f684a601000 r--s 000d3000 00:293f 9223372037534126385      /nix/store/arja5b2nhs4z9ajrcx4wiipjywcw1ip6-openjdk-8u322-ga-jre/lib/openjdk/jre/lib/jfr.jar
7f684a601000-7f684a604000 ---p 00000000 00:00 0 
7f684a604000-7f684a701000 rw-p 00000000 00:00 0 
7f684a701000-7f684a9e7000 r--p 00000000 00:2930 28444448                 /usr/lib/locale/locale-archive
7f684a9e7000-7f684a9ea000 ---p 00000000 00:00 0 
7f684a9ea000-7f684aae7000 rw-p 00000000 00:00 0 
7f684aae7000-7f684aaea000 ---p 00000000 00:00 0 
7f684aaea000-7f684abe7000 rw-p 00000000 00:00 0 
7f684abe7000-7f684abe8000 ---p 00000000 00:00 0 
7f684abe8000-7f684ad36000 rw-p 00000000 00:00 0 
7f684ad36000-7f684af07000 r--s 03cb6000 00:293f 9223372037534126401      /nix/store/arja5b2nhs4z9ajrcx4wiipjywcw1ip6-openjdk-8u322-ga-jre/lib/openjdk/jre/lib/rt.jar
7f684af07000-7f684b498000 rw-p 00000000 00:00 0 
7f684b498000-7f684b7d8000 ---p 00000000 00:00 0 
7f684b7d8000-7f684b7de000 rw-p 00000000 00:00 0 
7f684b7de000-7f684b803000 ---p 00000000 00:00 0 
7f684b803000-7f684b806000 rw-p 00000000 00:00 0 
7f684b806000-7f684b818000 ---p 00000000 00:00 0 
7f684b818000-7f684b81e000 rw-p 00000000 00:00 0 
7f684b81e000-7f684b843000 ---p 00000000 00:00 0 
7f684b843000-7f684b84e000 rw-p 00000000 00:00 0 
7f684b84e000-7f684bc04000 ---p 00000000 00:00 0 
7f684bc04000-7f684bc07000 r--p 00000000 00:293f 9223372037534124511      /nix/store/arja5b2nhs4z9ajrcx4wiipjywcw1ip6-openjdk-8u322-ga-jre/lib/openjdk/jre/lib/amd64/libzip.so
7f684bc07000-7f684bc0b000 r-xp 00003000 00:293f 9223372037534124511      /nix/store/arja5b2nhs4z9ajrcx4wiipjywcw1ip6-openjdk-8u322-ga-jre/lib/openjdk/jre/lib/amd64/libzip.so
7f684bc0b000-7f684bc0d000 r--p 00007000 00:293f 9223372037534124511      /nix/store/arja5b2nhs4z9ajrcx4wiipjywcw1ip6-openjdk-8u322-ga-jre/lib/openjdk/jre/lib/amd64/libzip.so
7f684bc0d000-7f684bc0e000 r--p 00008000 00:293f 9223372037534124511      /nix/store/arja5b2nhs4z9ajrcx4wiipjywcw1ip6-openjdk-8u322-ga-jre/lib/openjdk/jre/lib/amd64/libzip.so
7f684bc0e000-7f684bc0f000 rw-p 00009000 00:293f 9223372037534124511      /nix/store/arja5b2nhs4z9ajrcx4wiipjywcw1ip6-openjdk-8u322-ga-jre/lib/openjdk/jre/lib/amd64/libzip.so
7f684bc0f000-7f684bc11000 rw-p 0000c000 00:293f 9223372037534124511      /nix/store/arja5b2nhs4z9ajrcx4wiipjywcw1ip6-openjdk-8u322-ga-jre/lib/openjdk/jre/lib/amd64/libzip.so
7f684bc11000-7f684bc13000 rw-p 0000e000 00:293f 9223372037534124511      /nix/store/arja5b2nhs4z9ajrcx4wiipjywcw1ip6-openjdk-8u322-ga-jre/lib/openjdk/jre/lib/amd64/libzip.so
7f684bc13000-7f684bc1b000 rw-s 00000000 00:994 446                       /tmp/hsperfdata_runner/1560
7f684bc1b000-7f684bc1c000 rw-p 00000000 00:00 0 
7f684bc1c000-7f684bc1d000 ---p 00000000 00:00 0 
7f684bc1d000-7f684bc2a000 r--p 00000000 00:293f 9223372037534124225      /nix/store/arja5b2nhs4z9ajrcx4wiipjywcw1ip6-openjdk-8u322-ga-jre/lib/openjdk/jre/lib/amd64/libjava.so
7f684bc2a000-7f684bc3f000 r-xp 0000d000 00:293f 9223372037534124225      /nix/store/arja5b2nhs4z9ajrcx4wiipjywcw1ip6-openjdk-8u322-ga-jre/lib/openjdk/jre/lib/amd64/libjava.so
7f684bc3f000-7f684bc46000 r--p 00022000 00:293f 9223372037534124225      /nix/store/arja5b2nhs4z9ajrcx4wiipjywcw1ip6-openjdk-8u322-ga-jre/lib/openjdk/jre/lib/amd64/libjava.so
7f684bc46000-7f684bc47000 r--p 00028000 00:293f 9223372037534124225      /nix/store/arja5b2nhs4z9ajrcx4wiipjywcw1ip6-openjdk-8u322-ga-jre/lib/openjdk/jre/lib/amd64/libjava.so
7f684bc47000-7f684bc48000 rw-p 00029000 00:293f 9223372037534124225      /nix/store/arja5b2nhs4z9ajrcx4wiipjywcw1ip6-openjdk-8u322-ga-jre/lib/openjdk/jre/lib/amd64/libjava.so
7f684bc48000-7f684bc49000 rw-p 00000000 00:00 0 
7f684bc49000-7f684bc4f000 rw-p 00033000 00:293f 9223372037534124225      /nix/store/arja5b2nhs4z9ajrcx4wiipjywcw1ip6-openjdk-8u322-ga-jre/lib/openjdk/jre/lib/amd64/libjava.so
7f684bc4f000-7f684bc54000 rw-p 00039000 00:293f 9223372037534124225      /nix/store/arja5b2nhs4z9ajrcx4wiipjywcw1ip6-openjdk-8u322-ga-jre/lib/openjdk/jre/lib/amd64/libjava.so
7f684bc54000-7f684bc59000 r--p 00000000 00:293f 9223372037534124507      /nix/store/arja5b2nhs4z9ajrcx4wiipjywcw1ip6-openjdk-8u322-ga-jre/lib/openjdk/jre/lib/amd64/libverify.so
7f684bc59000-7f684bc60000 r-xp 00005000 00:293f 9223372037534124507      /nix/store/arja5b2nhs4z9ajrcx4wiipjywcw1ip6-openjdk-8u322-ga-jre/lib/openjdk/jre/lib/amd64/libverify.so
7f684bc60000-7f684bc62000 r--p 0000c000 00:293f 9223372037534124507      /nix/store/arja5b2nhs4z9ajrcx4wiipjywcw1ip6-openjdk-8u322-ga-jre/lib/openjdk/jre/lib/amd64/libverify.so
7f684bc62000-7f684bc64000 r--p 0000d000 00:293f 9223372037534124507      /nix/store/arja5b2nhs4z9ajrcx4wiipjywcw1ip6-openjdk-8u322-ga-jre/lib/openjdk/jre/lib/amd64/libverify.so
7f684bc64000-7f684bc65000 rw-p 0000f000 00:293f 9223372037534124507      /nix/store/arja5b2nhs4z9ajrcx4wiipjywcw1ip6-openjdk-8u322-ga-jre/lib/openjdk/jre/lib/amd64/libverify.so
7f684bc65000-7f684bc67000 rw-p 00011000 00:293f 9223372037534124507      /nix/store/arja5b2nhs4z9ajrcx4wiipjywcw1ip6-openjdk-8u322-ga-jre/lib/openjdk/jre/lib/amd64/libverify.so
7f684bc67000-7f684bc69000 rw-p 00013000 00:293f 9223372037534124507      /nix/store/arja5b2nhs4z9ajrcx4wiipjywcw1ip6-openjdk-8u322-ga-jre/lib/openjdk/jre/lib/amd64/libverify.so
7f684bc69000-7f684bc6a000 ---p 00000000 00:00 0 
7f684bc6a000-7f684bc6d000 ---p 00000000 00:00 0 
7f684bc6d000-7f684bd6a000 rw-p 00000000 00:00 0 
7f684bd6a000-7f684bd6d000 r--p 00000000 00:293f 9223372037532303436      /nix/store/mdck89nsfisflwjv6xv8ydj7dj0sj2pn-gcc-11.3.0-lib/lib/libgcc_s.so.1
7f684bd6d000-7f684bd7f000 r-xp 00003000 00:293f 9223372037532303436      /nix/store/mdck89nsfisflwjv6xv8ydj7dj0sj2pn-gcc-11.3.0-lib/lib/libgcc_s.so.1
7f684bd7f000-7f684bd82000 r--p 00015000 00:293f 9223372037532303436      /nix/store/mdck89nsfisflwjv6xv8ydj7dj0sj2pn-gcc-11.3.0-lib/lib/libgcc_s.so.1
7f684bd82000-7f684bd83000 r--p 00018000 00:293f 9223372037532303436      /nix/store/mdck89nsfisflwjv6xv8ydj7dj0sj2pn-gcc-11.3.0-lib/lib/libgcc_s.so.1
7f684bd83000-7f684bd84000 rw-p 00019000 00:293f 9223372037532303436      /nix/store/mdck89nsfisflwjv6xv8ydj7dj0sj2pn-gcc-11.3.0-lib/lib/libgcc_s.so.1
7f684bd84000-7f684be25000 r--p 00000000 00:293f 9223372037532303461      /nix/store/mdck89nsfisflwjv6xv8ydj7dj0sj2pn-gcc-11.3.0-lib/lib/libstdc++.so.6.0.29
7f684be25000-7f684bf1d000 r-xp 000a1000 00:293f 9223372037532303461      /nix/store/mdck89nsfisflwjv6xv8ydj7dj0sj2pn-gcc-11.3.0-lib/lib/libstdc++.so.6.0.29
7f684bf1d000-7f684bf89000 r--p 00199000 00:293f 9223372037532303461      /nix/store/mdck89nsfisflwjv6xv8ydj7dj0sj2pn-gcc-11.3.0-lib/lib/libstdc++.so.6.0.29
7f684bf89000-7f684bf96000 r--p 00205000 00:293f 9223372037532303461      /nix/store/mdck89nsfisflwjv6xv8ydj7dj0sj2pn-gcc-11.3.0-lib/lib/libstdc++.so.6.0.29
7f684bf96000-7f684bf97000 rw-p 00212000 00:293f 9223372037532303461      /nix/store/mdck89nsfisflwjv6xv8ydj7dj0sj2pn-gcc-11.3.0-lib/lib/libstdc++.so.6.0.29
7f684bf97000-7f684bf9a000 rw-p 00000000 00:00 0 
7f684bf9a000-7f684c18f000 r--p 00000000 00:293f 9223372037534124522      /nix/store/arja5b2nhs4z9ajrcx4wiipjywcw1ip6-openjdk-8u322-ga-jre/lib/openjdk/jre/lib/amd64/server/libjvm.so
7f684c18f000-7f684cab1000 r-xp 001f5000 00:293f 9223372037534124522      /nix/store/arja5b2nhs4z9ajrcx4wiipjywcw1ip6-openjdk-8u322-ga-jre/lib/openjdk/jre/lib/amd64/server/libjvm.so
7f684cab1000-7f684cc5d000 r--p 00b17000 00:293f 9223372037534124522      /nix/store/arja5b2nhs4z9ajrcx4wiipjywcw1ip6-openjdk-8u322-ga-jre/lib/openjdk/jre/lib/amd64/server/libjvm.so
7f684cc5d000-7f684ccf3000 r--p 00cc3000 00:293f 9223372037534124522      /nix/store/arja5b2nhs4z9ajrcx4wiipjywcw1ip6-openjdk-8u322-ga-jre/lib/openjdk/jre/lib/amd64/server/libjvm.so
7f684ccf3000-7f684cd1c000 rw-p 00d59000 00:293f 9223372037534124522      /nix/store/arja5b2nhs4z9ajrcx4wiipjywcw1ip6-openjdk-8u322-ga-jre/lib/openjdk/jre/lib/amd64/server/libjvm.so
7f684cd1c000-7f684cd4f000 rw-p 00000000 00:00 0 
7f684cd4f000-7f684cd54000 rw-p 0100e000 00:293f 9223372037534124522      /nix/store/arja5b2nhs4z9ajrcx4wiipjywcw1ip6-openjdk-8u322-ga-jre/lib/openjdk/jre/lib/amd64/server/libjvm.so
7f684cd54000-7f684cd57000 rw-p 01013000 00:293f 9223372037534124522      /nix/store/arja5b2nhs4z9ajrcx4wiipjywcw1ip6-openjdk-8u322-ga-jre/lib/openjdk/jre/lib/amd64/server/libjvm.so
7f684cd57000-7f684cd60000 rw-p 00000000 00:00 0 
7f684cd60000-7f684cd63000 r--p 00000000 00:293f 9223372037533472831      /nix/store/jijvvmbza698qa6yjgr1ndgdgyryvq1i-libcap-2.66-lib/lib/libcap.so.2.66
7f684cd63000-7f684cd68000 r-xp 00003000 00:293f 9223372037533472831      /nix/store/jijvvmbza698qa6yjgr1ndgdgyryvq1i-libcap-2.66-lib/lib/libcap.so.2.66
7f684cd68000-7f684cd6a000 r--p 00008000 00:293f 9223372037533472831      /nix/store/jijvvmbza698qa6yjgr1ndgdgyryvq1i-libcap-2.66-lib/lib/libcap.so.2.66
7f684cd6a000-7f684cd6b000 r--p 0000a000 00:293f 9223372037533472831      /nix/store/jijvvmbza698qa6yjgr1ndgdgyryvq1i-libcap-2.66-lib/lib/libcap.so.2.66
7f684cd6b000-7f684cd6c000 rw-p 0000b000 00:293f 9223372037533472831      /nix/store/jijvvmbza698qa6yjgr1ndgdgyryvq1i-libcap-2.66-lib/lib/libcap.so.2.66
7f684cd6c000-7f684cd6e000 r--p 00000000 00:293f 9223372037533485846      /nix/store/2rs0zshg1zhczv96rhhg3br9kypdf2bz-libdatrie-2019-12-20-lib/lib/libdatrie.so.1.3.5
7f684cd6e000-7f684cd72000 r-xp 00002000 00:293f 9223372037533485846      /nix/store/2rs0zshg1zhczv96rhhg3br9kypdf2bz-libdatrie-2019-12-20-lib/lib/libdatrie.so.1.3.5
7f684cd72000-7f684cd74000 r--p 00006000 00:293f 9223372037533485846      /nix/store/2rs0zshg1zhczv96rhhg3br9kypdf2bz-libdatrie-2019-12-20-lib/lib/libdatrie.so.1.3.5
7f684cd74000-7f684cd75000 r--p 00007000 00:293f 9223372037533485846      /nix/store/2rs0zshg1zhczv96rhhg3br9kypdf2bz-libdatrie-2019-12-20-lib/lib/libdatrie.so.1.3.5
7f684cd75000-7f684cd76000 rw-p 00008000 00:293f 9223372037533485846      /nix/store/2rs0zshg1zhczv96rhhg3br9kypdf2bz-libdatrie-2019-12-20-lib/lib/libdatrie.so.1.3.5
7f684cd76000-7f684cd78000 rw-p 00000000 00:00 0 
7f684cd78000-7f684cd7b000 r--p 00000000 00:293f 4611686018429464838      /nix/store/hisqvx32cd57apbpcsnkpx6k3549wql1-libglvnd-1.4.0/lib/libGLX.so.0.0.0
7f684cd7b000-7f684cd96000 r-xp 00003000 00:293f 4611686018429464838      /nix/store/hisqvx32cd57apbpcsnkpx6k3549wql1-libglvnd-1.4.0/lib/libGLX.so.0.0.0
7f684cd96000-7f684cd99000 r--p 0001e000 00:293f 4611686018429464838      /nix/store/hisqvx32cd57apbpcsnkpx6k3549wql1-libglvnd-1.4.0/lib/libGLX.so.0.0.0
7f684cd99000-7f684cd9a000 ---p 00021000 00:293f 4611686018429464838      /nix/store/hisqvx32cd57apbpcsnkpx6k3549wql1-libglvnd-1.4.0/lib/libGLX.so.0.0.0
7f684cd9a000-7f684cd9b000 r--p 00021000 00:293f 4611686018429464838      /nix/store/hisqvx32cd57apbpcsnkpx6k3549wql1-libglvnd-1.4.0/lib/libGLX.so.0.0.0
7f684cd9b000-7f684cd9c000 rw-p 00022000 00:293f 4611686018429464838      /nix/store/hisqvx32cd57apbpcsnkpx6k3549wql1-libglvnd-1.4.0/lib/libGLX.so.0.0.0
7f684cd9c000-7f684cdac000 rw-p 00000000 00:00 0 
7f684cdac000-7f684cdad000 rw-p 00057000 00:293f 4611686018429464838      /nix/store/hisqvx32cd57apbpcsnkpx6k3549wql1-libglvnd-1.4.0/lib/libGLX.so.0.0.0
7f684cdad000-7f684cdee000 r--p 00000000 00:293f 4611686018429464854      /nix/store/hisqvx32cd57apbpcsnkpx6k3549wql1-libglvnd-1.4.0/lib/libGLdispatch.so.0.0.0
7f684cdee000-7f684ce2d000 r-xp 00041000 00:293f 4611686018429464854      /nix/store/hisqvx32cd57apbpcsnkpx6k3549wql1-libglvnd-1.4.0/lib/libGLdispatch.so.0.0.0
7f684ce2d000-7f684ce40000 r--p 00080000 00:293f 4611686018429464854      /nix/store/hisqvx32cd57apbpcsnkpx6k3549wql1-libglvnd-1.4.0/lib/libGLdispatch.so.0.0.0
7f684ce40000-7f684ce41000 ---p 00093000 00:293f 4611686018429464854      /nix/store/hisqvx32cd57apbpcsnkpx6k3549wql1-libglvnd-1.4.0/lib/libGLdispatch.so.0.0.0
7f684ce41000-7f684ce5d000 r--p 00093000 00:293f 4611686018429464854      /nix/store/hisqvx32cd57apbpcsnkpx6k3549wql1-libglvnd-1.4.0/lib/libGLdispatch.so.0.0.0
7f684ce5d000-7f684ce5e000 rw-p 000af000 00:293f 4611686018429464854      /nix/store/hisqvx32cd57apbpcsnkpx6k3549wql1-libglvnd-1.4.0/lib/libGLdispatch.so.0.0.0
7f684ce5e000-7f684ce66000 rw-p 00000000 00:00 0 
7f684ce66000-7f684ce68000 r--p 00000000 00:293f 9223372037533472782      /nix/store/09gxmx43bc0snqc2hf094hnxpx2bb4hh-libXdmcp-1.1.3/lib/libXdmcp.so.6.0.0
7f684ce68000-7f684ce6a000 r-xp 00002000 00:293f 9223372037533472782      /nix/store/09gxmx43bc0snqc2hf094hnxpx2bb4hh-libXdmcp-1.1.3/lib/libXdmcp.so.6.0.0
7f684ce6a000-7f684ce6c000 r--p 00004000 00:293f 9223372037533472782      /nix/store/09gxmx43bc0snqc2hf094hnxpx2bb4hh-libXdmcp-1.1.3/lib/libXdmcp.so.6.0.0
7f684ce6c000-7f684ce6d000 r--p 00005000 00:293f 9223372037533472782      /nix/store/09gxmx43bc0snqc2hf094hnxpx2bb4hh-libXdmcp-1.1.3/lib/libXdmcp.so.6.0.0
7f684ce6d000-7f684ce6e000 rw-p 00006000 00:293f 9223372037533472782      /nix/store/09gxmx43bc0snqc2hf094hnxpx2bb4hh-libXdmcp-1.1.3/lib/libXdmcp.so.6.0.0
7f684ce6e000-7f684ce6f000 r--p 00000000 00:293f 9223372037533472719      /nix/store/8ypkjcki98cwblzc4k0kblxz2zpjqj45-libXau-1.0.9/lib/libXau.so.6.0.0
7f684ce6f000-7f684ce70000 r-xp 00001000 00:293f 9223372037533472719      /nix/store/8ypkjcki98cwblzc4k0kblxz2zpjqj45-libXau-1.0.9/lib/libXau.so.6.0.0
7f684ce70000-7f684ce71000 r--p 00002000 00:293f 9223372037533472719      /nix/store/8ypkjcki98cwblzc4k0kblxz2zpjqj45-libXau-1.0.9/lib/libXau.so.6.0.0
7f684ce71000-7f684ce72000 r--p 00002000 00:293f 9223372037533472719      /nix/store/8ypkjcki98cwblzc4k0kblxz2zpjqj45-libXau-1.0.9/lib/libXau.so.6.0.0
7f684ce72000-7f684ce73000 rw-p 00003000 00:293f 9223372037533472719      /nix/store/8ypkjcki98cwblzc4k0kblxz2zpjqj45-libXau-1.0.9/lib/libXau.so.6.0.0
7f684ce73000-7f684ce75000 rw-p 00000000 00:00 0 
7f684ce75000-7f684ce8c000 r--p 00000000 00:293f 9223372037533870545      /nix/store/adnxnv29s3nnrxrv19z5jnqzww0jd1aa-systemd-minimal-251.7/lib/libsystemd.so.0.34.0
7f684ce8c000-7f684cf18000 r-xp 00017000 00:293f 9223372037533870545      /nix/store/adnxnv29s3nnrxrv19z5jnqzww0jd1aa-systemd-minimal-251.7/lib/libsystemd.so.0.34.0
7f684cf18000-7f684cf53000 r--p 000a3000 00:293f 9223372037533870545      /nix/store/adnxnv29s3nnrxrv19z5jnqzww0jd1aa-systemd-minimal-251.7/lib/libsystemd.so.0.34.0
7f684cf53000-7f684cf5f000 r--p 000de000 00:293f 9223372037533870545      /nix/store/adnxnv29s3nnrxrv19z5jnqzww0jd1aa-systemd-minimal-251.7/lib/libsystemd.so.0.34.0
7f684cf5f000-7f684cf60000 rw-p 000ea000 00:293f 9223372037533870545      /nix/store/adnxnv29s3nnrxrv19z5jnqzww0jd1aa-systemd-minimal-251.7/lib/libsystemd.so.0.34.0
7f684cf60000-7f684cf61000 rw-p 00000000 00:00 0 
7f684cf61000-7f684cf63000 r--p 00000000 00:293f 9223372037533484464      /nix/store/1dgws25664p544znpc6f1nh9xmjf4ykc-pcre-8.45/lib/libpcre.so.1.2.13
7f684cf63000-7f684cfba000 r-xp 00002000 00:293f 9223372037533484464      /nix/store/1dgws25664p544znpc6f1nh9xmjf4ykc-pcre-8.45/lib/libpcre.so.1.2.13
7f684cfba000-7f684cfd7000 r--p 00059000 00:293f 9223372037533484464      /nix/store/1dgws25664p544znpc6f1nh9xmjf4ykc-pcre-8.45/lib/libpcre.so.1.2.13
7f684cfd7000-7f684cfd8000 r--p 00075000 00:293f 9223372037533484464      /nix/store/1dgws25664p544znpc6f1nh9xmjf4ykc-pcre-8.45/lib/libpcre.so.1.2.13
7f684cfd8000-7f684cfd9000 rw-p 00076000 00:293f 9223372037533484464      /nix/store/1dgws25664p544znpc6f1nh9xmjf4ykc-pcre-8.45/lib/libpcre.so.1.2.13
7f684cfd9000-7f684cfe3000 r--p 00000000 00:293f 9223372037533490636      /nix/store/acvafmp652dj67f4g3sdx68n2mg1afz4-util-linux-minimal-2.38.1-lib/lib/libblkid.so.1.1.0
7f684cfe3000-7f684d019000 r-xp 0000a000 00:293f 9223372037533490636      /nix/store/acvafmp652dj67f4g3sdx68n2mg1afz4-util-linux-minimal-2.38.1-lib/lib/libblkid.so.1.1.0
7f684d019000-7f684d02a000 r--p 00040000 00:293f 9223372037533490636      /nix/store/acvafmp652dj67f4g3sdx68n2mg1afz4-util-linux-minimal-2.38.1-lib/lib/libblkid.so.1.1.0
7f684d02a000-7f684d030000 r--p 00051000 00:293f 9223372037533490636      /nix/store/acvafmp652dj67f4g3sdx68n2mg1afz4-util-linux-minimal-2.38.1-lib/lib/libblkid.so.1.1.0
7f684d030000-7f684d031000 rw-p 00057000 00:293f 9223372037533490636      /nix/store/acvafmp652dj67f4g3sdx68n2mg1afz4-util-linux-minimal-2.38.1-lib/lib/libblkid.so.1.1.0
7f684d031000-7f684d034000 r--p 00000000 00:293f 9223372037533472459      /nix/store/ppipcv58wj9xp7impnqblrhz5j9q1gdg-graphite2-1.3.14/lib/libgraphite2.so.3.2.1
7f684d034000-7f684d051000 r-xp 00003000 00:293f 9223372037533472459      /nix/store/ppipcv58wj9xp7impnqblrhz5j9q1gdg-graphite2-1.3.14/lib/libgraphite2.so.3.2.1
7f684d051000-7f684d056000 r--p 00020000 00:293f 9223372037533472459      /nix/store/ppipcv58wj9xp7impnqblrhz5j9q1gdg-graphite2-1.3.14/lib/libgraphite2.so.3.2.1
7f684d056000-7f684d058000 r--p 00024000 00:293f 9223372037533472459      /nix/store/ppipcv58wj9xp7impnqblrhz5j9q1gdg-graphite2-1.3.14/lib/libgraphite2.so.3.2.1
7f684d058000-7f684d059000 rw-p 00026000 00:293f 9223372037533472459      /nix/store/ppipcv58wj9xp7impnqblrhz5j9q1gdg-graphite2-1.3.14/lib/libgraphite2.so.3.2.1
7f684d059000-7f684d05b000 rw-p 00000000 00:00 0 
7f684d05b000-7f684d05e000 r--p 00000000 00:293f 9223372037533486669      /nix/store/cjdm2inq3madwqpnnddi59vv5yd89m52-pcre2-10.40/lib/libpcre2-8.so.0.11.0
7f684d05e000-7f684d0cc000 r-xp 00003000 00:293f 9223372037533486669      /nix/store/cjdm2inq3madwqpnnddi59vv5yd89m52-pcre2-10.40/lib/libpcre2-8.so.0.11.0
7f684d0cc000-7f684d0f7000 r--p 00071000 00:293f 9223372037533486669      /nix/store/cjdm2inq3madwqpnnddi59vv5yd89m52-pcre2-10.40/lib/libpcre2-8.so.0.11.0
7f684d0f7000-7f684d0f8000 r--p 0009c000 00:293f 9223372037533486669      /nix/store/cjdm2inq3madwqpnnddi59vv5yd89m52-pcre2-10.40/lib/libpcre2-8.so.0.11.0
7f684d0f8000-7f684d0f9000 rw-p 0009d000 00:293f 9223372037533486669      /nix/store/cjdm2inq3madwqpnnddi59vv5yd89m52-pcre2-10.40/lib/libpcre2-8.so.0.11.0
7f684d0f9000-7f684d0fb000 r--p 00000000 00:293f 9223372037533473396      /nix/store/xghl0l2f6byzqvy06ana2y4isqwa7blw-libffi-3.4.4/lib/libffi.so.8.1.2
7f684d0fb000-7f684d102000 r-xp 00002000 00:293f 9223372037533473396      /nix/store/xghl0l2f6byzqvy06ana2y4isqwa7blw-libffi-3.4.4/lib/libffi.so.8.1.2
7f684d102000-7f684d104000 r--p 00009000 00:293f 9223372037533473396      /nix/store/xghl0l2f6byzqvy06ana2y4isqwa7blw-libffi-3.4.4/lib/libffi.so.8.1.2
7f684d104000-7f684d105000 r--p 0000a000 00:293f 9223372037533473396      /nix/store/xghl0l2f6byzqvy06ana2y4isqwa7blw-libffi-3.4.4/lib/libffi.so.8.1.2
7f684d105000-7f684d106000 rw-p 0000b000 00:293f 9223372037533473396      /nix/store/xghl0l2f6byzqvy06ana2y4isqwa7blw-libffi-3.4.4/lib/libffi.so.8.1.2
7f684d106000-7f684d109000 r--p 00000000 00:293f 9223372037533488759      /nix/store/j49aryma2g2np2ycs9hplx4w8xmvwxnf-libthai-0.1.29/lib/libthai.so.0.3.1
7f684d109000-7f684d10d000 r-xp 00003000 00:293f 9223372037533488759      /nix/store/j49aryma2g2np2ycs9hplx4w8xmvwxnf-libthai-0.1.29/lib/libthai.so.0.3.1
7f684d10d000-7f684d110000 r--p 00007000 00:293f 9223372037533488759      /nix/store/j49aryma2g2np2ycs9hplx4w8xmvwxnf-libthai-0.1.29/lib/libthai.so.0.3.1
7f684d110000-7f684d111000 r--p 00009000 00:293f 9223372037533488759      /nix/store/j49aryma2g2np2ycs9hplx4w8xmvwxnf-libthai-0.1.29/lib/libthai.so.0.3.1
7f684d111000-7f684d112000 rw-p 0000a000 00:293f 9223372037533488759      /nix/store/j49aryma2g2np2ycs9hplx4w8xmvwxnf-libthai-0.1.29/lib/libthai.so.0.3.1
7f684d112000-7f684d114000 r--p 00000000 00:293f 9223372037531798929      /nix/store/qx1955hp5ghvp6j3g4vxyli87wbmc35w-fribidi-1.0.12/lib/libfribidi.so.0.4.0
7f684d114000-7f684d119000 r-xp 00002000 00:293f 9223372037531798929      /nix/store/qx1955hp5ghvp6j3g4vxyli87wbmc35w-fribidi-1.0.12/lib/libfribidi.so.0.4.0
7f684d119000-7f684d130000 r--p 00007000 00:293f 9223372037531798929      /nix/store/qx1955hp5ghvp6j3g4vxyli87wbmc35w-fribidi-1.0.12/lib/libfribidi.so.0.4.0
7f684d130000-7f684d131000 r--p 0001d000 00:293f 9223372037531798929      /nix/store/qx1955hp5ghvp6j3g4vxyli87wbmc35w-fribidi-1.0.12/lib/libfribidi.so.0.4.0
7f684d131000-7f684d132000 rw-p 0001e000 00:293f 9223372037531798929      /nix/store/qx1955hp5ghvp6j3g4vxyli87wbmc35w-fribidi-1.0.12/lib/libfribidi.so.0.4.0
7f684d132000-7f684d134000 rw-p 00000000 00:00 0 
7f684d134000-7f684d139000 r--p 00000000 00:293f 9223372037533473740      /nix/store/ip2qihjd99hcdnr1vpp53dxz5dfsl5fd-libjpeg-turbo-2.1.4/lib/libjpeg.so.62.3.0
7f684d139000-7f684d19e000 r-xp 00005000 00:293f 9223372037533473740      /nix/store/ip2qihjd99hcdnr1vpp53dxz5dfsl5fd-libjpeg-turbo-2.1.4/lib/libjpeg.so.62.3.0
7f684d19e000-7f684d1e1000 r--p 0006a000 00:293f 9223372037533473740      /nix/store/ip2qihjd99hcdnr1vpp53dxz5dfsl5fd-libjpeg-turbo-2.1.4/lib/libjpeg.so.62.3.0
7f684d1e1000-7f684d1e2000 r--p 000ac000 00:293f 9223372037533473740      /nix/store/ip2qihjd99hcdnr1vpp53dxz5dfsl5fd-libjpeg-turbo-2.1.4/lib/libjpeg.so.62.3.0
7f684d1e2000-7f684d1e3000 rw-p 000ad000 00:293f 9223372037533473740      /nix/store/ip2qihjd99hcdnr1vpp53dxz5dfsl5fd-libjpeg-turbo-2.1.4/lib/libjpeg.so.62.3.0
7f684d1e3000-7f684d1e4000 r--p 00000000 00:293f 9223372037455367850      /nix/store/4nlgxhb09sdr51nc9hdm8az5b08vzkgx-glibc-2.35-163/lib/librt.so.1
7f684d1e4000-7f684d1e5000 r-xp 00001000 00:293f 9223372037455367850      /nix/store/4nlgxhb09sdr51nc9hdm8az5b08vzkgx-glibc-2.35-163/lib/librt.so.1
7f684d1e5000-7f684d1e6000 r--p 00002000 00:293f 9223372037455367850      /nix/store/4nlgxhb09sdr51nc9hdm8az5b08vzkgx-glibc-2.35-163/lib/librt.so.1
7f684d1e6000-7f684d1e7000 r--p 00002000 00:293f 9223372037455367850      /nix/store/4nlgxhb09sdr51nc9hdm8az5b08vzkgx-glibc-2.35-163/lib/librt.so.1
7f684d1e7000-7f684d1e8000 rw-p 00003000 00:293f 9223372037455367850      /nix/store/4nlgxhb09sdr51nc9hdm8az5b08vzkgx-glibc-2.35-163/lib/librt.so.1
7f684d1e8000-7f684d231000 r--p 00000000 00:293f 4611686018429464842      /nix/store/hisqvx32cd57apbpcsnkpx6k3549wql1-libglvnd-1.4.0/lib/libGL.so.1.7.0
7f684d231000-7f684d251000 r-xp 00049000 00:293f 4611686018429464842      /nix/store/hisqvx32cd57apbpcsnkpx6k3549wql1-libglvnd-1.4.0/lib/libGL.so.1.7.0
7f684d251000-7f684d266000 r--p 00069000 00:293f 4611686018429464842      /nix/store/hisqvx32cd57apbpcsnkpx6k3549wql1-libglvnd-1.4.0/lib/libGL.so.1.7.0
7f684d266000-7f684d274000 r--p 0007d000 00:293f 4611686018429464842      /nix/store/hisqvx32cd57apbpcsnkpx6k3549wql1-libglvnd-1.4.0/lib/libGL.so.1.7.0
7f684d274000-7f684d275000 rw-p 0008b000 00:293f 4611686018429464842      /nix/store/hisqvx32cd57apbpcsnkpx6k3549wql1-libglvnd-1.4.0/lib/libGL.so.1.7.0
7f684d275000-7f684d276000 rw-p 00000000 00:00 0 
7f684d276000-7f684d27c000 r--p 00000000 00:293f 9223372037533474803      /nix/store/xs3v53gpwwpz34aj5h51rz4wxmjfrf08-libxcb-1.14/lib/libxcb-render.so.0.0.0
7f684d27c000-7f684d281000 r-xp 00006000 00:293f 9223372037533474803      /nix/store/xs3v53gpwwpz34aj5h51rz4wxmjfrf08-libxcb-1.14/lib/libxcb-render.so.0.0.0
7f684d281000-7f684d283000 r--p 0000b000 00:293f 9223372037533474803      /nix/store/xs3v53gpwwpz34aj5h51rz4wxmjfrf08-libxcb-1.14/lib/libxcb-render.so.0.0.0
7f684d283000-7f684d284000 r--p 0000d000 00:293f 9223372037533474803      /nix/store/xs3v53gpwwpz34aj5h51rz4wxmjfrf08-libxcb-1.14/lib/libxcb-render.so.0.0.0
7f684d284000-7f684d285000 rw-p 0000e000 00:293f 9223372037533474803      /nix/store/xs3v53gpwwpz34aj5h51rz4wxmjfrf08-libxcb-1.14/lib/libxcb-render.so.0.0.0
7f684d285000-7f684d286000 r--p 00000000 00:293f 9223372037533474857      /nix/store/xs3v53gpwwpz34aj5h51rz4wxmjfrf08-libxcb-1.14/lib/libxcb-shm.so.0.0.0
7f684d286000-7f684d287000 r-xp 00001000 00:293f 9223372037533474857      /nix/store/xs3v53gpwwpz34aj5h51rz4wxmjfrf08-libxcb-1.14/lib/libxcb-shm.so.0.0.0
7f684d287000-7f684d288000 r--p 00002000 00:293f 9223372037533474857      /nix/store/xs3v53gpwwpz34aj5h51rz4wxmjfrf08-libxcb-1.14/lib/libxcb-shm.so.0.0.0
7f684d288000-7f684d289000 r--p 00002000 00:293f 9223372037533474857      /nix/store/xs3v53gpwwpz34aj5h51rz4wxmjfrf08-libxcb-1.14/lib/libxcb-shm.so.0.0.0
7f684d289000-7f684d28a000 rw-p 00003000 00:293f 9223372037533474857      /nix/store/xs3v53gpwwpz34aj5h51rz4wxmjfrf08-libxcb-1.14/lib/libxcb-shm.so.0.0.0
7f684d28a000-7f684d28c000 rw-p 00000000 00:00 0 
7f684d28c000-7f684d28f000 r--p 00000000 00:293f 4611686018429464843      /nix/store/hisqvx32cd57apbpcsnkpx6k3549wql1-libglvnd-1.4.0/lib/libEGL.so.1.1.0
7f684d28f000-7f684d29b000 r-xp 00003000 00:293f 4611686018429464843      /nix/store/hisqvx32cd57apbpcsnkpx6k3549wql1-libglvnd-1.4.0/lib/libEGL.so.1.1.0
7f684d29b000-7f684d2a0000 r--p 0000f000 00:293f 4611686018429464843      /nix/store/hisqvx32cd57apbpcsnkpx6k3549wql1-libglvnd-1.4.0/lib/libEGL.so.1.1.0
7f684d2a0000-7f684d2a1000 r--p 00013000 00:293f 4611686018429464843      /nix/store/hisqvx32cd57apbpcsnkpx6k3549wql1-libglvnd-1.4.0/lib/libEGL.so.1.1.0
7f684d2a1000-7f684d2a2000 rw-p 00014000 00:293f 4611686018429464843      /nix/store/hisqvx32cd57apbpcsnkpx6k3549wql1-libglvnd-1.4.0/lib/libEGL.so.1.1.0
7f684d2a2000-7f684d2ad000 r--p 00000000 00:293f 9223372037533486886      /nix/store/4y2cc1fv776f8mg2j1mk4f5bna71am4q-pixman-0.42.2/lib/libpixman-1.so.0.42.2
7f684d2ad000-7f684d332000 r-xp 0000b000 00:293f 9223372037533486886      /nix/store/4y2cc1fv776f8mg2j1mk4f5bna71am4q-pixman-0.42.2/lib/libpixman-1.so.0.42.2
7f684d332000-7f684d344000 r--p 00090000 00:293f 9223372037533486886      /nix/store/4y2cc1fv776f8mg2j1mk4f5bna71am4q-pixman-0.42.2/lib/libpixman-1.so.0.42.2
7f684d344000-7f684d34c000 r--p 000a2000 00:293f 9223372037533486886      /nix/store/4y2cc1fv776f8mg2j1mk4f5bna71am4q-pixman-0.42.2/lib/libpixman-1.so.0.42.2
7f684d34c000-7f684d34d000 rw-p 000aa000 00:293f 9223372037533486886      /nix/store/4y2cc1fv776f8mg2j1mk4f5bna71am4q-pixman-0.42.2/lib/libpixman-1.so.0.42.2
7f684d34d000-7f684d35a000 r--p 00000000 00:293f 9223372037533475126      /nix/store/xs3v53gpwwpz34aj5h51rz4wxmjfrf08-libxcb-1.14/lib/libxcb.so.1.1.0
7f684d35a000-7f684d36d000 r-xp 0000d000 00:293f 9223372037533475126      /nix/store/xs3v53gpwwpz34aj5h51rz4wxmjfrf08-libxcb-1.14/lib/libxcb.so.1.1.0
7f684d36d000-7f684d376000 r--p 00020000 00:293f 9223372037533475126      /nix/store/xs3v53gpwwpz34aj5h51rz4wxmjfrf08-libxcb-1.14/lib/libxcb.so.1.1.0
7f684d376000-7f684d377000 r--p 00028000 00:293f 9223372037533475126      /nix/store/xs3v53gpwwpz34aj5h51rz4wxmjfrf08-libxcb-1.14/lib/libxcb.so.1.1.0
7f684d377000-7f684d378000 rw-p 00029000 00:293f 9223372037533475126      /nix/store/xs3v53gpwwpz34aj5h51rz4wxmjfrf08-libxcb-1.14/lib/libxcb.so.1.1.0
7f684d378000-7f684d38a000 r--p 00000000 00:293f 9223372037533470371      /nix/store/ijz81p08bp812q2bvv77lz9qpfzncibd-gmp-with-cxx-6.2.1/lib/libgmp.so.10.4.1
7f684d38a000-7f684d3fe000 r-xp 00012000 00:293f 9223372037533470371      /nix/store/ijz81p08bp812q2bvv77lz9qpfzncibd-gmp-with-cxx-6.2.1/lib/libgmp.so.10.4.1
7f684d3fe000-7f684d415000 r--p 00086000 00:293f 9223372037533470371      /nix/store/ijz81p08bp812q2bvv77lz9qpfzncibd-gmp-with-cxx-6.2.1/lib/libgmp.so.10.4.1
7f684d415000-7f684d417000 r--p 0009d000 00:293f 9223372037533470371      /nix/store/ijz81p08bp812q2bvv77lz9qpfzncibd-gmp-with-cxx-6.2.1/lib/libgmp.so.10.4.1
7f684d417000-7f684d418000 rw-p 0009f000 00:293f 9223372037533470371      /nix/store/ijz81p08bp812q2bvv77lz9qpfzncibd-gmp-with-cxx-6.2.1/lib/libgmp.so.10.4.1
7f684d418000-7f684d41a000 rw-p 00000000 00:00 0 
7f684d41a000-7f684d424000 r--p 00000000 00:293f 9223372037533598892      /nix/store/raz5jjjszg123qlmx07dv0w5zjqf2x3y-nettle-3.8.1/lib/libhogweed.so.6.6
7f684d424000-7f684d437000 r-xp 0000a000 00:293f 9223372037533598892      /nix/store/raz5jjjszg123qlmx07dv0w5zjqf2x3y-nettle-3.8.1/lib/libhogweed.so.6.6
7f684d437000-7f684d461000 r--p 0001d000 00:293f 9223372037533598892      /nix/store/raz5jjjszg123qlmx07dv0w5zjqf2x3y-nettle-3.8.1/lib/libhogweed.so.6.6
7f684d461000-7f684d463000 r--p 00047000 00:293f 9223372037533598892      /nix/store/raz5jjjszg123qlmx07dv0w5zjqf2x3y-nettle-3.8.1/lib/libhogweed.so.6.6
7f684d463000-7f684d464000 rw-p 00049000 00:293f 9223372037533598892      /nix/store/raz5jjjszg123qlmx07dv0w5zjqf2x3y-nettle-3.8.1/lib/libhogweed.so.6.6
7f684d464000-7f684d472000 r--p 00000000 00:293f 9223372037533598906      /nix/store/raz5jjjszg123qlmx07dv0w5zjqf2x3y-nettle-3.8.1/lib/libnettle.so.8.6
7f684d472000-7f684d498000 r-xp 0000e000 00:293f 9223372037533598906      /nix/store/raz5jjjszg123qlmx07dv0w5zjqf2x3y-nettle-3.8.1/lib/libnettle.so.8.6
7f684d498000-7f684d4af000 r--p 00034000 00:293f 9223372037533598906      /nix/store/raz5jjjszg123qlmx07dv0w5zjqf2x3y-nettle-3.8.1/lib/libnettle.so.8.6
7f684d4af000-7f684d4b1000 r--p 0004b000 00:293f 9223372037533598906      /nix/store/raz5jjjszg123qlmx07dv0w5zjqf2x3y-nettle-3.8.1/lib/libnettle.so.8.6
7f684d4b1000-7f684d4b2000 rw-p 0004d000 00:293f 9223372037533598906      /nix/store/raz5jjjszg123qlmx07dv0w5zjqf2x3y-nettle-3.8.1/lib/libnettle.so.8.6
7f684d4b2000-7f684d4b5000 r--p 00000000 00:293f 9223372037533488306      /nix/store/vzrbz3lvmiziy3i79rzmk01wfprhwjh0-libtasn1-4.19.0/lib/libtasn1.so.6.6.3
7f684d4b5000-7f684d4c1000 r-xp 00003000 00:293f 9223372037533488306      /nix/store/vzrbz3lvmiziy3i79rzmk01wfprhwjh0-libtasn1-4.19.0/lib/libtasn1.so.6.6.3
7f684d4c1000-7f684d4c5000 r--p 0000f000 00:293f 9223372037533488306      /nix/store/vzrbz3lvmiziy3i79rzmk01wfprhwjh0-libtasn1-4.19.0/lib/libtasn1.so.6.6.3
7f684d4c5000-7f684d4c6000 r--p 00013000 00:293f 9223372037533488306      /nix/store/vzrbz3lvmiziy3i79rzmk01wfprhwjh0-libtasn1-4.19.0/lib/libtasn1.so.6.6.3
7f684d4c6000-7f684d4c7000 rw-p 00014000 00:293f 9223372037533488306      /nix/store/vzrbz3lvmiziy3i79rzmk01wfprhwjh0-libtasn1-4.19.0/lib/libtasn1.so.6.6.3
7f684d4c7000-7f684d4da000 r--p 00000000 00:293f 9223372037434543708      /nix/store/34xlpp3j3vy7ksn09zh44f1c04w77khf-libunistring-1.0/lib/libunistring.so.2.2.0
7f684d4da000-7f684d50f000 r-xp 00013000 00:293f 9223372037434543708      /nix/store/34xlpp3j3vy7ksn09zh44f1c04w77khf-libunistring-1.0/lib/libunistring.so.2.2.0
7f684d50f000-7f684d66e000 r--p 00048000 00:293f 9223372037434543708      /nix/store/34xlpp3j3vy7ksn09zh44f1c04w77khf-libunistring-1.0/lib/libunistring.so.2.2.0
7f684d66e000-7f684d672000 r--p 001a6000 00:293f 9223372037434543708      /nix/store/34xlpp3j3vy7ksn09zh44f1c04w77khf-libunistring-1.0/lib/libunistring.so.2.2.0
7f684d672000-7f684d673000 rw-p 001aa000 00:293f 9223372037434543708      /nix/store/34xlpp3j3vy7ksn09zh44f1c04w77khf-libunistring-1.0/lib/libunistring.so.2.2.0
7f684d673000-7f684d675000 r--p 00000000 00:293f 9223372037449593805      /nix/store/5mh5019jigj0k14rdnjam1xwk5avn1id-libidn2-2.3.2/lib/libidn2.so.0.3.7
7f684d675000-7f684d67a000 r-xp 00002000 00:293f 9223372037449593805      /nix/store/5mh5019jigj0k14rdnjam1xwk5avn1id-libidn2-2.3.2/lib/libidn2.so.0.3.7
7f684d67a000-7f684d693000 r--p 00007000 00:293f 9223372037449593805      /nix/store/5mh5019jigj0k14rdnjam1xwk5avn1id-libidn2-2.3.2/lib/libidn2.so.0.3.7
7f684d693000-7f684d694000 r--p 0001f000 00:293f 9223372037449593805      /nix/store/5mh5019jigj0k14rdnjam1xwk5avn1id-libidn2-2.3.2/lib/libidn2.so.0.3.7
7f684d694000-7f684d695000 rw-p 00020000 00:293f 9223372037449593805      /nix/store/5mh5019jigj0k14rdnjam1xwk5avn1id-libidn2-2.3.2/lib/libidn2.so.0.3.7
7f684d695000-7f684d697000 rw-p 00000000 00:00 0 
7f684d697000-7f684d6c3000 r--p 00000000 00:293f 9223372037533599450      /nix/store/h6hww2m19vbc93n6511zvhd810cql278-p11-kit-0.24.1/lib/libp11-kit.so.0.3.0
7f684d6c3000-7f684d75c000 r-xp 0002c000 00:293f 9223372037533599450      /nix/store/h6hww2m19vbc93n6511zvhd810cql278-p11-kit-0.24.1/lib/libp11-kit.so.0.3.0
7f684d75c000-7f684d7b8000 r--p 000c5000 00:293f 9223372037533599450      /nix/store/h6hww2m19vbc93n6511zvhd810cql278-p11-kit-0.24.1/lib/libp11-kit.so.0.3.0
7f684d7b8000-7f684d7c3000 r--p 00120000 00:293f 9223372037533599450      /nix/store/h6hww2m19vbc93n6511zvhd810cql278-p11-kit-0.24.1/lib/libp11-kit.so.0.3.0
7f684d7c3000-7f684d7cd000 rw-p 0012b000 00:293f 9223372037533599450      /nix/store/h6hww2m19vbc93n6511zvhd810cql278-p11-kit-0.24.1/lib/libp11-kit.so.0.3.0
7f684d7cd000-7f684d7ce000 r--p 00000000 00:293f 9223372037532303456      /nix/store/mdck89nsfisflwjv6xv8ydj7dj0sj2pn-gcc-11.3.0-lib/lib/libssp.so.0.0.0
7f684d7ce000-7f684d7cf000 r-xp 00001000 00:293f 9223372037532303456      /nix/store/mdck89nsfisflwjv6xv8ydj7dj0sj2pn-gcc-11.3.0-lib/lib/libssp.so.0.0.0
7f684d7cf000-7f684d7d0000 r--p 00002000 00:293f 9223372037532303456      /nix/store/mdck89nsfisflwjv6xv8ydj7dj0sj2pn-gcc-11.3.0-lib/lib/libssp.so.0.0.0
7f684d7d0000-7f684d7d1000 r--p 00002000 00:293f 9223372037532303456      /nix/store/mdck89nsfisflwjv6xv8ydj7dj0sj2pn-gcc-11.3.0-lib/lib/libssp.so.0.0.0
7f684d7d1000-7f684d7d2000 rw-p 00003000 00:293f 9223372037532303456      /nix/store/mdck89nsfisflwjv6xv8ydj7dj0sj2pn-gcc-11.3.0-lib/lib/libssp.so.0.0.0
7f684d7d2000-7f684d7fb000 r--p 00000000 00:293f 9223372037533729576      /nix/store/9yk4rl8vdkq07n9b1aw757hrpnzd1008-ORBit2-2.14.19/lib/libORBit-2.so.0.1.0
7f684d7fb000-7f684d820000 r-xp 00029000 00:293f 9223372037533729576      /nix/store/9yk4rl8vdkq07n9b1aw757hrpnzd1008-ORBit2-2.14.19/lib/libORBit-2.so.0.1.0
7f684d820000-7f684d834000 r--p 0004e000 00:293f 9223372037533729576      /nix/store/9yk4rl8vdkq07n9b1aw757hrpnzd1008-ORBit2-2.14.19/lib/libORBit-2.so.0.1.0
7f684d834000-7f684d844000 r--p 00061000 00:293f 9223372037533729576      /nix/store/9yk4rl8vdkq07n9b1aw757hrpnzd1008-ORBit2-2.14.19/lib/libORBit-2.so.0.1.0
7f684d844000-7f684d846000 rw-p 00071000 00:293f 9223372037533729576      /nix/store/9yk4rl8vdkq07n9b1aw757hrpnzd1008-ORBit2-2.14.19/lib/libORBit-2.so.0.1.0
7f684d846000-7f684d849000 rw-p 00000000 00:00 0 
7f684d849000-7f684d84a000 r--p 00000000 00:293f 9223372037533874819      /nix/store/g1gfc2843yh6bv457x7m9sv0dp6crlw2-avahi-0.8/lib/libavahi-glib.so.1.0.2
7f684d84a000-7f684d84b000 r-xp 00001000 00:293f 9223372037533874819      /nix/store/g1gfc2843yh6bv457x7m9sv0dp6crlw2-avahi-0.8/lib/libavahi-glib.so.1.0.2
7f684d84b000-7f684d84c000 r--p 00002000 00:293f 9223372037533874819      /nix/store/g1gfc2843yh6bv457x7m9sv0dp6crlw2-avahi-0.8/lib/libavahi-glib.so.1.0.2
7f684d84c000-7f684d84d000 r--p 00002000 00:293f 9223372037533874819      /nix/store/g1gfc2843yh6bv457x7m9sv0dp6crlw2-avahi-0.8/lib/libavahi-glib.so.1.0.2
7f684d84d000-7f684d84e000 rw-p 00003000 00:293f 9223372037533874819      /nix/store/g1gfc2843yh6bv457x7m9sv0dp6crlw2-avahi-0.8/lib/libavahi-glib.so.1.0.2
7f684d84e000-7f684d90a000 r--p 00000000 00:293f 9223372037533484018      /nix/store/4mxnw95jcm5a27qk60z7yc0gvxp42b9a-openssl-3.0.7/lib/libcrypto.so.3
7f684d90a000-7f684db91000 r-xp 000bc000 00:293f 9223372037533484018      /nix/store/4mxnw95jcm5a27qk60z7yc0gvxp42b9a-openssl-3.0.7/lib/libcrypto.so.3
7f684db91000-7f684dc6c000 r--p 00343000 00:293f 9223372037533484018      /nix/store/4mxnw95jcm5a27qk60z7yc0gvxp42b9a-openssl-3.0.7/lib/libcrypto.so.3
7f684dc6c000-7f684dcc7000 r--p 0041d000 00:293f 9223372037533484018      /nix/store/4mxnw95jcm5a27qk60z7yc0gvxp42b9a-openssl-3.0.7/lib/libcrypto.so.3
7f684dcc7000-7f684dcca000 rw-p 00478000 00:293f 9223372037533484018      /nix/store/4mxnw95jcm5a27qk60z7yc0gvxp42b9a-openssl-3.0.7/lib/libcrypto.so.3
7f684dcca000-7f684dccd000 rw-p 00000000 00:00 0 
7f684dccd000-7f684dced000 r--p 00000000 00:293f 9223372037533484341      /nix/store/4mxnw95jcm5a27qk60z7yc0gvxp42b9a-openssl-3.0.7/lib/libssl.so.3
7f684dced000-7f684dd4d000 r-xp 00020000 00:293f 9223372037533484341      /nix/store/4mxnw95jcm5a27qk60z7yc0gvxp42b9a-openssl-3.0.7/lib/libssl.so.3
7f684dd4d000-7f684dd6c000 r--p 00080000 00:293f 9223372037533484341      /nix/store/4mxnw95jcm5a27qk60z7yc0gvxp42b9a-openssl-3.0.7/lib/libssl.so.3
7f684dd6c000-7f684dd76000 r--p 0009e000 00:293f 9223372037533484341      /nix/store/4mxnw95jcm5a27qk60z7yc0gvxp42b9a-openssl-3.0.7/lib/libssl.so.3
7f684dd76000-7f684dd7a000 rw-p 000a8000 00:293f 9223372037533484341      /nix/store/4mxnw95jcm5a27qk60z7yc0gvxp42b9a-openssl-3.0.7/lib/libssl.so.3
7f684dd7a000-7f684dd89000 r--p 00000000 00:293f 9223372037533874028      /nix/store/y1ffp4g3yl0ijwdl8lgh4hhq3wl8frcc-dbus-1.14.4-lib/lib/libdbus-1.so.3.32.1
7f684dd89000-7f684ddba000 r-xp 0000f000 00:293f 9223372037533874028      /nix/store/y1ffp4g3yl0ijwdl8lgh4hhq3wl8frcc-dbus-1.14.4-lib/lib/libdbus-1.so.3.32.1
7f684ddba000-7f684ddcf000 r--p 00040000 00:293f 9223372037533874028      /nix/store/y1ffp4g3yl0ijwdl8lgh4hhq3wl8frcc-dbus-1.14.4-lib/lib/libdbus-1.so.3.32.1
7f684ddcf000-7f684ddd1000 r--p 00054000 00:293f 9223372037533874028      /nix/store/y1ffp4g3yl0ijwdl8lgh4hhq3wl8frcc-dbus-1.14.4-lib/lib/libdbus-1.so.3.32.1
7f684ddd1000-7f684ddd2000 rw-p 00056000 00:293f 9223372037533874028      /nix/store/y1ffp4g3yl0ijwdl8lgh4hhq3wl8frcc-dbus-1.14.4-lib/lib/libdbus-1.so.3.32.1
7f684ddd2000-7f684dddc000 r--p 00000000 00:293f 9223372037534002261      /nix/store/hfax18sslmvq4q541jxq3bgfhj9cr5zq-dbus-glib-0.112/lib/libdbus-glib-1.so.2.3.5
7f684dddc000-7f684ddf1000 r-xp 0000a000 00:293f 9223372037534002261      /nix/store/hfax18sslmvq4q541jxq3bgfhj9cr5zq-dbus-glib-0.112/lib/libdbus-glib-1.so.2.3.5
7f684ddf1000-7f684ddfa000 r--p 0001f000 00:293f 9223372037534002261      /nix/store/hfax18sslmvq4q541jxq3bgfhj9cr5zq-dbus-glib-0.112/lib/libdbus-glib-1.so.2.3.5
7f684ddfa000-7f684ddfc000 r--p 00027000 00:293f 9223372037534002261      /nix/store/hfax18sslmvq4q541jxq3bgfhj9cr5zq-dbus-glib-0.112/lib/libdbus-glib-1.so.2.3.5
7f684ddfc000-7f684ddfd000 rw-p 00029000 00:293f 9223372037534002261      /nix/store/hfax18sslmvq4q541jxq3bgfhj9cr5zq-dbus-glib-0.112/lib/libdbus-glib-1.so.2.3.5
7f684ddfd000-7f684ddff000 rw-p 00000000 00:00 0 
7f684ddff000-7f684de34000 r--p 00000000 00:293f 9223372037533730125      /nix/store/h5slhj7gqpqh5q4jb00xdbcwbl8vqqa7-libxml2-2.10.3/lib/libxml2.so.2.10.3
7f684de34000-7f684df12000 r-xp 00035000 00:293f 9223372037533730125      /nix/store/h5slhj7gqpqh5q4jb00xdbcwbl8vqqa7-libxml2-2.10.3/lib/libxml2.so.2.10.3
7f684df12000-7f684df59000 r--p 00113000 00:293f 9223372037533730125      /nix/store/h5slhj7gqpqh5q4jb00xdbcwbl8vqqa7-libxml2-2.10.3/lib/libxml2.so.2.10.3
7f684df59000-7f684df64000 r--p 00159000 00:293f 9223372037533730125      /nix/store/h5slhj7gqpqh5q4jb00xdbcwbl8vqqa7-libxml2-2.10.3/lib/libxml2.so.2.10.3
7f684df64000-7f684df65000 rw-p 00164000 00:293f 9223372037533730125      /nix/store/h5slhj7gqpqh5q4jb00xdbcwbl8vqqa7-libxml2-2.10.3/lib/libxml2.so.2.10.3
7f684df65000-7f684df66000 rw-p 00000000 00:00 0 
7f684df66000-7f684df67000 r--p 00000000 00:293f 9223372037533612519      /nix/store/2k366jrbsra97gjfxwvrhvixjfxdach5-glib-2.74.1/lib/libgthread-2.0.so.0.7400.1
7f684df67000-7f684df68000 r-xp 00001000 00:293f 9223372037533612519      /nix/store/2k366jrbsra97gjfxwvrhvixjfxdach5-glib-2.74.1/lib/libgthread-2.0.so.0.7400.1
7f684df68000-7f684df69000 r--p 00002000 00:293f 9223372037533612519      /nix/store/2k366jrbsra97gjfxwvrhvixjfxdach5-glib-2.74.1/lib/libgthread-2.0.so.0.7400.1
7f684df69000-7f684df6a000 r--p 00002000 00:293f 9223372037533612519      /nix/store/2k366jrbsra97gjfxwvrhvixjfxdach5-glib-2.74.1/lib/libgthread-2.0.so.0.7400.1
7f684df6a000-7f684df6b000 rw-p 00003000 00:293f 9223372037533612519      /nix/store/2k366jrbsra97gjfxwvrhvixjfxdach5-glib-2.74.1/lib/libgthread-2.0.so.0.7400.1
7f684df6b000-7f684df72000 r--p 00000000 00:293f 9223372037533486411      /nix/store/ii8xgfqglbvvaiv4isqpy0s7lhqgxrmy-libselinux-3.3/lib/libselinux.so.1
7f684df72000-7f684df8c000 r-xp 00007000 00:293f 9223372037533486411      /nix/store/ii8xgfqglbvvaiv4isqpy0s7lhqgxrmy-libselinux-3.3/lib/libselinux.so.1
7f684df8c000-7f684df94000 r--p 00021000 00:293f 9223372037533486411      /nix/store/ii8xgfqglbvvaiv4isqpy0s7lhqgxrmy-libselinux-3.3/lib/libselinux.so.1
7f684df94000-7f684df95000 r--p 00028000 00:293f 9223372037533486411      /nix/store/ii8xgfqglbvvaiv4isqpy0s7lhqgxrmy-libselinux-3.3/lib/libselinux.so.1
7f684df95000-7f684df96000 rw-p 00029000 00:293f 9223372037533486411      /nix/store/ii8xgfqglbvvaiv4isqpy0s7lhqgxrmy-libselinux-3.3/lib/libselinux.so.1
7f684df96000-7f684df98000 rw-p 00000000 00:00 0 
7f684df98000-7f684dfa5000 r--p 00000000 00:293f 9223372037533490659      /nix/store/acvafmp652dj67f4g3sdx68n2mg1afz4-util-linux-minimal-2.38.1-lib/lib/libmount.so.1.1.0
7f684dfa5000-7f684dfe4000 r-xp 0000d000 00:293f 9223372037533490659      /nix/store/acvafmp652dj67f4g3sdx68n2mg1afz4-util-linux-minimal-2.38.1-lib/lib/libmount.so.1.1.0
7f684dfe4000-7f684dff7000 r--p 0004c000 00:293f 9223372037533490659      /nix/store/acvafmp652dj67f4g3sdx68n2mg1afz4-util-linux-minimal-2.38.1-lib/lib/libmount.so.1.1.0
7f684dff7000-7f684dff9000 r--p 0005f000 00:293f 9223372037533490659      /nix/store/acvafmp652dj67f4g3sdx68n2mg1afz4-util-linux-minimal-2.38.1-lib/lib/libmount.so.1.1.0
7f684dff9000-7f684dffa000 rw-p 00061000 00:293f 9223372037533490659      /nix/store/acvafmp652dj67f4g3sdx68n2mg1afz4-util-linux-minimal-2.38.1-lib/lib/libmount.so.1.1.0
7f684dffa000-7f684dffc000 rw-p 00000000 00:00 0 
7f684dffc000-7f684e008000 r--p 00000000 00:293f 9223372037533729722      /nix/store/2jrs0v6gypniiqi9c1h8498q3iikmcw5-harfbuzz-5.2.0/lib/libharfbuzz.so.0.50200.0
7f684e008000-7f684e0c8000 r-xp 0000c000 00:293f 9223372037533729722      /nix/store/2jrs0v6gypniiqi9c1h8498q3iikmcw5-harfbuzz-5.2.0/lib/libharfbuzz.so.0.50200.0
7f684e0c8000-7f684e101000 r--p 000cc000 00:293f 9223372037533729722      /nix/store/2jrs0v6gypniiqi9c1h8498q3iikmcw5-harfbuzz-5.2.0/lib/libharfbuzz.so.0.50200.0
7f684e101000-7f684e102000 r--p 00105000 00:293f 9223372037533729722      /nix/store/2jrs0v6gypniiqi9c1h8498q3iikmcw5-harfbuzz-5.2.0/lib/libharfbuzz.so.0.50200.0
7f684e102000-7f684e103000 rw-p 00106000 00:293f 9223372037533729722      /nix/store/2jrs0v6gypniiqi9c1h8498q3iikmcw5-harfbuzz-5.2.0/lib/libharfbuzz.so.0.50200.0
7f684e103000-7f684e124000 r--p 00000000 00:293f 9223372037533612455      /nix/store/2k366jrbsra97gjfxwvrhvixjfxdach5-glib-2.74.1/lib/libglib-2.0.so.0.7400.1
7f684e124000-7f684e1b1000 r-xp 00021000 00:293f 9223372037533612455      /nix/store/2k366jrbsra97gjfxwvrhvixjfxdach5-glib-2.74.1/lib/libglib-2.0.so.0.7400.1
7f684e1b1000-7f684e23d000 r--p 000ae000 00:293f 9223372037533612455      /nix/store/2k366jrbsra97gjfxwvrhvixjfxdach5-glib-2.74.1/lib/libglib-2.0.so.0.7400.1
7f684e23d000-7f684e23e000 r--p 00139000 00:293f 9223372037533612455      /nix/store/2k366jrbsra97gjfxwvrhvixjfxdach5-glib-2.74.1/lib/libglib-2.0.so.0.7400.1
7f684e23e000-7f684e23f000 rw-p 0013a000 00:293f 9223372037533612455      /nix/store/2k366jrbsra97gjfxwvrhvixjfxdach5-glib-2.74.1/lib/libglib-2.0.so.0.7400.1
7f684e23f000-7f684e240000 rw-p 00000000 00:00 0 
7f684e240000-7f684e250000 r--p 00000000 00:293f 9223372037533612500      /nix/store/2k366jrbsra97gjfxwvrhvixjfxdach5-glib-2.74.1/lib/libgobject-2.0.so.0.7400.1
7f684e250000-7f684e283000 r-xp 00010000 00:293f 9223372037533612500      /nix/store/2k366jrbsra97gjfxwvrhvixjfxdach5-glib-2.74.1/lib/libgobject-2.0.so.0.7400.1
7f684e283000-7f684e29d000 r--p 00043000 00:293f 9223372037533612500      /nix/store/2k366jrbsra97gjfxwvrhvixjfxdach5-glib-2.74.1/lib/libgobject-2.0.so.0.7400.1
7f684e29d000-7f684e2a0000 r--p 0005d000 00:293f 9223372037533612500      /nix/store/2k366jrbsra97gjfxwvrhvixjfxdach5-glib-2.74.1/lib/libgobject-2.0.so.0.7400.1
7f684e2a0000-7f684e2a1000 rw-p 00060000 00:293f 9223372037533612500      /nix/store/2k366jrbsra97gjfxwvrhvixjfxdach5-glib-2.74.1/lib/libgobject-2.0.so.0.7400.1
7f684e2a1000-7f684e2b4000 r--p 00000000 00:293f 9223372037533730810      /nix/store/jlkg24hm8bwrg3x4a517w3gb2qrxn7g4-pango-1.50.11/lib/libpango-1.0.so.0.5000.11
7f684e2b4000-7f684e2e8000 r-xp 00013000 00:293f 9223372037533730810      /nix/store/jlkg24hm8bwrg3x4a517w3gb2qrxn7g4-pango-1.50.11/lib/libpango-1.0.so.0.5000.11
7f684e2e8000-7f684e303000 r--p 00047000 00:293f 9223372037533730810      /nix/store/jlkg24hm8bwrg3x4a517w3gb2qrxn7g4-pango-1.50.11/lib/libpango-1.0.so.0.5000.11
7f684e303000-7f684e307000 r--p 00061000 00:293f 9223372037533730810      /nix/store/jlkg24hm8bwrg3x4a517w3gb2qrxn7g4-pango-1.50.11/lib/libpango-1.0.so.0.5000.11
7f684e307000-7f684e308000 rw-p 00065000 00:293f 9223372037533730810      /nix/store/jlkg24hm8bwrg3x4a517w3gb2qrxn7g4-pango-1.50.11/lib/libpango-1.0.so.0.5000.11
7f684e308000-7f684e310000 r--p 00000000 00:293f 9223372037533730816      /nix/store/jlkg24hm8bwrg3x4a517w3gb2qrxn7g4-pango-1.50.11/lib/libpangoft2-1.0.so.0.5000.11
7f684e310000-7f684e31c000 r-xp 00008000 00:293f 9223372037533730816      /nix/store/jlkg24hm8bwrg3x4a517w3gb2qrxn7g4-pango-1.50.11/lib/libpangoft2-1.0.so.0.5000.11
7f684e31c000-7f684e321000 r--p 00014000 00:293f 9223372037533730816      /nix/store/jlkg24hm8bwrg3x4a517w3gb2qrxn7g4-pango-1.50.11/lib/libpangoft2-1.0.so.0.5000.11
7f684e321000-7f684e322000 r--p 00018000 00:293f 9223372037533730816      /nix/store/jlkg24hm8bwrg3x4a517w3gb2qrxn7g4-pango-1.50.11/lib/libpangoft2-1.0.so.0.5000.11
7f684e322000-7f684e323000 rw-p 00019000 00:293f 9223372037533730816      /nix/store/jlkg24hm8bwrg3x4a517w3gb2qrxn7g4-pango-1.50.11/lib/libpangoft2-1.0.so.0.5000.11
7f684e323000-7f684e32b000 r--p 00000000 00:293f 9223372037533730234      /nix/store/crz3s569f4dyc5ynldizlk53g6bkw7s5-gdk-pixbuf-2.42.10/lib/libgdk_pixbuf-2.0.so.0.4200.10
7f684e32b000-7f684e345000 r-xp 00008000 00:293f 9223372037533730234      /nix/store/crz3s569f4dyc5ynldizlk53g6bkw7s5-gdk-pixbuf-2.42.10/lib/libgdk_pixbuf-2.0.so.0.4200.10
7f684e345000-7f684e34f000 r--p 00022000 00:293f 9223372037533730234      /nix/store/crz3s569f4dyc5ynldizlk53g6bkw7s5-gdk-pixbuf-2.42.10/lib/libgdk_pixbuf-2.0.so.0.4200.10
7f684e34f000-7f684e350000 r--p 0002c000 00:293f 9223372037533730234      /nix/store/crz3s569f4dyc5ynldizlk53g6bkw7s5-gdk-pixbuf-2.42.10/lib/libgdk_pixbuf-2.0.so.0.4200.10
7f684e350000-7f684e351000 rw-p 0002d000 00:293f 9223372037533730234      /nix/store/crz3s569f4dyc5ynldizlk53g6bkw7s5-gdk-pixbuf-2.42.10/lib/libgdk_pixbuf-2.0.so.0.4200.10
7f684e351000-7f684e353000 rw-p 00000000 00:00 0 
7f684e353000-7f684e368000 r--p 00000000 00:293f 9223372037533614425      /nix/store/72mqxxhh3cy5yifh92wh2yb8cl2hikyy-cairo-1.16.0/lib/libcairo.so.2.11600.0
7f684e368000-7f684e447000 r-xp 00015000 00:293f 9223372037533614425      /nix/store/72mqxxhh3cy5yifh92wh2yb8cl2hikyy-cairo-1.16.0/lib/libcairo.so.2.11600.0
7f684e447000-7f684e489000 r--p 000f4000 00:293f 9223372037533614425      /nix/store/72mqxxhh3cy5yifh92wh2yb8cl2hikyy-cairo-1.16.0/lib/libcairo.so.2.11600.0
7f684e489000-7f684e48d000 r--p 00135000 00:293f 9223372037533614425      /nix/store/72mqxxhh3cy5yifh92wh2yb8cl2hikyy-cairo-1.16.0/lib/libcairo.so.2.11600.0
7f684e48d000-7f684e48e000 rw-p 00139000 00:293f 9223372037533614425      /nix/store/72mqxxhh3cy5yifh92wh2yb8cl2hikyy-cairo-1.16.0/lib/libcairo.so.2.11600.0
7f684e48e000-7f684e490000 rw-p 00000000 00:00 0 
7f684e490000-7f684e49b000 r--p 00000000 00:293f 9223372037533874175      /nix/store/6jl8x6kl4ldd8x3g731x1l04cpfyar2g-at-spi2-core-2.46.0/lib/libatk-1.0.so.0.24609.1
7f684e49b000-7f684e4aa000 r-xp 0000b000 00:293f 9223372037533874175      /nix/store/6jl8x6kl4ldd8x3g731x1l04cpfyar2g-at-spi2-core-2.46.0/lib/libatk-1.0.so.0.24609.1
7f684e4aa000-7f684e4b6000 r--p 0001a000 00:293f 9223372037533874175      /nix/store/6jl8x6kl4ldd8x3g731x1l04cpfyar2g-at-spi2-core-2.46.0/lib/libatk-1.0.so.0.24609.1
7f684e4b6000-7f684e4b9000 r--p 00025000 00:293f 9223372037533874175      /nix/store/6jl8x6kl4ldd8x3g731x1l04cpfyar2g-at-spi2-core-2.46.0/lib/libatk-1.0.so.0.24609.1
7f684e4b9000-7f684e4ba000 rw-p 00028000 00:293f 9223372037533874175      /nix/store/6jl8x6kl4ldd8x3g731x1l04cpfyar2g-at-spi2-core-2.46.0/lib/libatk-1.0.so.0.24609.1
7f684e4ba000-7f684e4bb000 r--p 00000000 00:293f 9223372037533490843      /nix/store/swg93im3s35jqdf5cqynq8qskzw6v3a8-libXcomposite-0.4.5/lib/libXcomposite.so.1.0.0
7f684e4bb000-7f684e4bc000 r-xp 00001000 00:293f 9223372037533490843      /nix/store/swg93im3s35jqdf5cqynq8qskzw6v3a8-libXcomposite-0.4.5/lib/libXcomposite.so.1.0.0
7f684e4bc000-7f684e4bd000 r--p 00002000 00:293f 9223372037533490843      /nix/store/swg93im3s35jqdf5cqynq8qskzw6v3a8-libXcomposite-0.4.5/lib/libXcomposite.so.1.0.0
7f684e4bd000-7f684e4be000 r--p 00002000 00:293f 9223372037533490843      /nix/store/swg93im3s35jqdf5cqynq8qskzw6v3a8-libXcomposite-0.4.5/lib/libXcomposite.so.1.0.0
7f684e4be000-7f684e4bf000 rw-p 00003000 00:293f 9223372037533490843      /nix/store/swg93im3s35jqdf5cqynq8qskzw6v3a8-libXcomposite-0.4.5/lib/libXcomposite.so.1.0.0
7f684e4bf000-7f684e4c1000 r--p 00000000 00:293f 9223372037533478493      /nix/store/cr7ldrd6xlq4rgqr99yygy43f77zdk1x-libXfixes-6.0.0/lib/libXfixes.so.3.1.0
7f684e4c1000-7f684e4c4000 r-xp 00002000 00:293f 9223372037533478493      /nix/store/cr7ldrd6xlq4rgqr99yygy43f77zdk1x-libXfixes-6.0.0/lib/libXfixes.so.3.1.0
7f684e4c4000-7f684e4c5000 r--p 00005000 00:293f 9223372037533478493      /nix/store/cr7ldrd6xlq4rgqr99yygy43f77zdk1x-libXfixes-6.0.0/lib/libXfixes.so.3.1.0
7f684e4c5000-7f684e4c6000 r--p 00006000 00:293f 9223372037533478493      /nix/store/cr7ldrd6xlq4rgqr99yygy43f77zdk1x-libXfixes-6.0.0/lib/libXfixes.so.3.1.0
7f684e4c6000-7f684e4c7000 rw-p 00007000 00:293f 9223372037533478493      /nix/store/cr7ldrd6xlq4rgqr99yygy43f77zdk1x-libXfixes-6.0.0/lib/libXfixes.so.3.1.0
7f684e4c7000-7f684e4cc000 r--p 00000000 00:293f 9223372037533730813      /nix/store/jlkg24hm8bwrg3x4a517w3gb2qrxn7g4-pango-1.50.11/lib/libpangocairo-1.0.so.0.5000.11
7f684e4cc000-7f684e4d3000 r-xp 00005000 00:293f 9223372037533730813      /nix/store/jlkg24hm8bwrg3x4a517w3gb2qrxn7g4-pango-1.50.11/lib/libpangocairo-1.0.so.0.5000.11
7f684e4d3000-7f684e4d6000 r--p 0000c000 00:293f 9223372037533730813      /nix/store/jlkg24hm8bwrg3x4a517w3gb2qrxn7g4-pango-1.50.11/lib/libpangocairo-1.0.so.0.5000.11
7f684e4d6000-7f684e4d7000 r--p 0000e000 00:293f 9223372037533730813      /nix/store/jlkg24hm8bwrg3x4a517w3gb2qrxn7g4-pango-1.50.11/lib/libpangocairo-1.0.so.0.5000.11
7f684e4d7000-7f684e4d8000 rw-p 0000f000 00:293f 9223372037533730813      /nix/store/jlkg24hm8bwrg3x4a517w3gb2qrxn7g4-pango-1.50.11/lib/libpangocairo-1.0.so.0.5000.11
7f684e4d8000-7f684e4da000 rw-p 00000000 00:00 0 
7f684e4da000-7f684e4dc000 r--p 00000000 00:293f 9223372037533612497      /nix/store/2k366jrbsra97gjfxwvrhvixjfxdach5-glib-2.74.1/lib/libgmodule-2.0.so.0.7400.1
7f684e4dc000-7f684e4de000 r-xp 00002000 00:293f 9223372037533612497      /nix/store/2k366jrbsra97gjfxwvrhvixjfxdach5-glib-2.74.1/lib/libgmodule-2.0.so.0.7400.1
7f684e4de000-7f684e4df000 r--p 00004000 00:293f 9223372037533612497      /nix/store/2k366jrbsra97gjfxwvrhvixjfxdach5-glib-2.74.1/lib/libgmodule-2.0.so.0.7400.1
7f684e4df000-7f684e4e0000 r--p 00004000 00:293f 9223372037533612497      /nix/store/2k366jrbsra97gjfxwvrhvixjfxdach5-glib-2.74.1/lib/libgmodule-2.0.so.0.7400.1
7f684e4e0000-7f684e4e1000 rw-p 00005000 00:293f 9223372037533612497      /nix/store/2k366jrbsra97gjfxwvrhvixjfxdach5-glib-2.74.1/lib/libgmodule-2.0.so.0.7400.1
7f684e4e1000-7f684e4e4000 r--p 00000000 00:293f 9223372037533491016      /nix/store/mnf2gsd24llnva76k5qgirvkg16pic4z-libXcursor-1.2.0/lib/libXcursor.so.1.0.2
7f684e4e4000-7f684e4ea000 r-xp 00003000 00:293f 9223372037533491016      /nix/store/mnf2gsd24llnva76k5qgirvkg16pic4z-libXcursor-1.2.0/lib/libXcursor.so.1.0.2
7f684e4ea000-7f684e4ec000 r--p 00009000 00:293f 9223372037533491016      /nix/store/mnf2gsd24llnva76k5qgirvkg16pic4z-libXcursor-1.2.0/lib/libXcursor.so.1.0.2
7f684e4ec000-7f684e4ed000 r--p 0000a000 00:293f 9223372037533491016      /nix/store/mnf2gsd24llnva76k5qgirvkg16pic4z-libXcursor-1.2.0/lib/libXcursor.so.1.0.2
7f684e4ed000-7f684e4ee000 rw-p 0000b000 00:293f 9223372037533491016      /nix/store/mnf2gsd24llnva76k5qgirvkg16pic4z-libXcursor-1.2.0/lib/libXcursor.so.1.0.2
7f684e4ee000-7f684e4f1000 r--p 00000000 00:293f 9223372037533490909      /nix/store/bjhi22jj82f08b3mk58p8vaj1778jyzi-libXi-1.8/lib/libXi.so.6.1.0
7f684e4f1000-7f684e4fd000 r-xp 00003000 00:293f 9223372037533490909      /nix/store/bjhi22jj82f08b3mk58p8vaj1778jyzi-libXi-1.8/lib/libXi.so.6.1.0
7f684e4fd000-7f684e500000 r--p 0000f000 00:293f 9223372037533490909      /nix/store/bjhi22jj82f08b3mk58p8vaj1778jyzi-libXi-1.8/lib/libXi.so.6.1.0
7f684e500000-7f684e501000 r--p 00011000 00:293f 9223372037533490909      /nix/store/bjhi22jj82f08b3mk58p8vaj1778jyzi-libXi-1.8/lib/libXi.so.6.1.0
7f684e501000-7f684e502000 rw-p 00012000 00:293f 9223372037533490909      /nix/store/bjhi22jj82f08b3mk58p8vaj1778jyzi-libXi-1.8/lib/libXi.so.6.1.0
7f684e502000-7f684e520000 r--p 00000000 00:293f 9223372037534002441      /nix/store/jpimcg7iyg5ii67yd400ak0gvn00x3l7-gtk+-2.24.33/lib/libgdk-x11-2.0.so.0.2400.33
7f684e520000-7f684e57e000 r-xp 0001e000 00:293f 9223372037534002441      /nix/store/jpimcg7iyg5ii67yd400ak0gvn00x3l7-gtk+-2.24.33/lib/libgdk-x11-2.0.so.0.2400.33
7f684e57e000-7f684e5b9000 r--p 0007c000 00:293f 9223372037534002441      /nix/store/jpimcg7iyg5ii67yd400ak0gvn00x3l7-gtk+-2.24.33/lib/libgdk-x11-2.0.so.0.2400.33
7f684e5b9000-7f684e5be000 r--p 000b7000 00:293f 9223372037534002441      /nix/store/jpimcg7iyg5ii67yd400ak0gvn00x3l7-gtk+-2.24.33/lib/libgdk-x11-2.0.so.0.2400.33
7f684e5be000-7f684e5bf000 rw-p 000bc000 00:293f 9223372037534002441      /nix/store/jpimcg7iyg5ii67yd400ak0gvn00x3l7-gtk+-2.24.33/lib/libgdk-x11-2.0.so.0.2400.33
7f684e5bf000-7f684e5c1000 rw-p 00000000 00:00 0 
7f684e5c1000-7f684e5c3000 r--p 00000000 00:293f 9223372037533478636      /nix/store/13cv29rz58179gnajkjcc2ibm9xvw5fk-libXrender-0.9.10/lib/libXrender.so.1.3.0
7f684e5c3000-7f684e5ca000 r-xp 00002000 00:293f 9223372037533478636      /nix/store/13cv29rz58179gnajkjcc2ibm9xvw5fk-libXrender-0.9.10/lib/libXrender.so.1.3.0
7f684e5ca000-7f684e5cc000 r--p 00009000 00:293f 9223372037533478636      /nix/store/13cv29rz58179gnajkjcc2ibm9xvw5fk-libXrender-0.9.10/lib/libXrender.so.1.3.0
7f684e5cc000-7f684e5cd000 r--p 0000a000 00:293f 9223372037533478636      /nix/store/13cv29rz58179gnajkjcc2ibm9xvw5fk-libXrender-0.9.10/lib/libXrender.so.1.3.0
7f684e5cd000-7f684e5ce000 rw-p 0000b000 00:293f 9223372037533478636      /nix/store/13cv29rz58179gnajkjcc2ibm9xvw5fk-libXrender-0.9.10/lib/libXrender.so.1.3.0
7f684e5ce000-7f684e5d2000 r--p 00000000 00:293f 9223372037533478445      /nix/store/qvvaq9p7lw05r7szvsx3c17ca5x8h982-libXext-1.3.4/lib/libXext.so.6.4.0
7f684e5d2000-7f684e5dd000 r-xp 00004000 00:293f 9223372037533478445      /nix/store/qvvaq9p7lw05r7szvsx3c17ca5x8h982-libXext-1.3.4/lib/libXext.so.6.4.0
7f684e5dd000-7f684e5e1000 r--p 0000f000 00:293f 9223372037533478445      /nix/store/qvvaq9p7lw05r7szvsx3c17ca5x8h982-libXext-1.3.4/lib/libXext.so.6.4.0
7f684e5e1000-7f684e5e2000 r--p 00012000 00:293f 9223372037533478445      /nix/store/qvvaq9p7lw05r7szvsx3c17ca5x8h982-libXext-1.3.4/lib/libXext.so.6.4.0
7f684e5e2000-7f684e5e3000 rw-p 00013000 00:293f 9223372037533478445      /nix/store/qvvaq9p7lw05r7szvsx3c17ca5x8h982-libXext-1.3.4/lib/libXext.so.6.4.0
7f684e5e3000-7f684e601000 r--p 00000000 00:293f 9223372037533476047      /nix/store/w3zzhfl4a7xp0xfflz2gawv02y8ba9z8-libX11-1.8.1/lib/libX11.so.6.4.0
7f684e601000-7f684e68d000 r-xp 0001e000 00:293f 9223372037533476047      /nix/store/w3zzhfl4a7xp0xfflz2gawv02y8ba9z8-libX11-1.8.1/lib/libX11.so.6.4.0
7f684e68d000-7f684e722000 r--p 000aa000 00:293f 9223372037533476047      /nix/store/w3zzhfl4a7xp0xfflz2gawv02y8ba9z8-libX11-1.8.1/lib/libX11.so.6.4.0
7f684e722000-7f684e723000 r--p 0013f000 00:293f 9223372037533476047      /nix/store/w3zzhfl4a7xp0xfflz2gawv02y8ba9z8-libX11-1.8.1/lib/libX11.so.6.4.0
7f684e723000-7f684e728000 rw-p 00140000 00:293f 9223372037533476047      /nix/store/w3zzhfl4a7xp0xfflz2gawv02y8ba9z8-libX11-1.8.1/lib/libX11.so.6.4.0
7f684e728000-7f684e72a000 rw-p 00000000 00:00 0 
7f684e72a000-7f684e738000 r--p 00000000 00:293f 9223372037455367831      /nix/store/4nlgxhb09sdr51nc9hdm8az5b08vzkgx-glibc-2.35-163/lib/libm.so.6
7f684e738000-7f684e7ab000 r-xp 0000e000 00:293f 9223372037455367831      /nix/store/4nlgxhb09sdr51nc9hdm8az5b08vzkgx-glibc-2.35-163/lib/libm.so.6
7f684e7ab000-7f684e808000 r--p 00081000 00:293f 9223372037455367831      /nix/store/4nlgxhb09sdr51nc9hdm8az5b08vzkgx-glibc-2.35-163/lib/libm.so.6
7f684e808000-7f684e809000 r--p 000dd000 00:293f 9223372037455367831      /nix/store/4nlgxhb09sdr51nc9hdm8az5b08vzkgx-glibc-2.35-163/lib/libm.so.6
7f684e809000-7f684e80a000 rw-p 000de000 00:293f 9223372037455367831      /nix/store/4nlgxhb09sdr51nc9hdm8az5b08vzkgx-glibc-2.35-163/lib/libm.so.6
7f684e80a000-7f684e843000 r--p 00000000 00:293f 9223372037533614380      /nix/store/mq9jfv5yzjr626nszc429pkbg6qc22wa-gnutls-3.7.8/lib/libgnutls.so.30.34.2
7f684e843000-7f684e96f000 r-xp 00039000 00:293f 9223372037533614380      /nix/store/mq9jfv5yzjr626nszc429pkbg6qc22wa-gnutls-3.7.8/lib/libgnutls.so.30.34.2
7f684e96f000-7f684ea09000 r--p 00165000 00:293f 9223372037533614380      /nix/store/mq9jfv5yzjr626nszc429pkbg6qc22wa-gnutls-3.7.8/lib/libgnutls.so.30.34.2
7f684ea09000-7f684ea1a000 r--p 001fe000 00:293f 9223372037533614380      /nix/store/mq9jfv5yzjr626nszc429pkbg6qc22wa-gnutls-3.7.8/lib/libgnutls.so.30.34.2
7f684ea1a000-7f684ea1c000 rw-p 0020f000 00:293f 9223372037533614380      /nix/store/mq9jfv5yzjr626nszc429pkbg6qc22wa-gnutls-3.7.8/lib/libgnutls.so.30.34.2
7f684ea1c000-7f684ea20000 rw-p 00000000 00:00 0 
7f684ea20000-7f684ea24000 r--p 00000000 00:293f 9223372037533874691      /nix/store/g1gfc2843yh6bv457x7m9sv0dp6crlw2-avahi-0.8/lib/libavahi-client.so.3.2.9
7f684ea24000-7f684ea2d000 r-xp 00004000 00:293f 9223372037533874691      /nix/store/g1gfc2843yh6bv457x7m9sv0dp6crlw2-avahi-0.8/lib/libavahi-client.so.3.2.9
7f684ea2d000-7f684ea31000 r--p 0000d000 00:293f 9223372037533874691      /nix/store/g1gfc2843yh6bv457x7m9sv0dp6crlw2-avahi-0.8/lib/libavahi-client.so.3.2.9
7f684ea31000-7f684ea32000 r--p 00011000 00:293f 9223372037533874691      /nix/store/g1gfc2843yh6bv457x7m9sv0dp6crlw2-avahi-0.8/lib/libavahi-client.so.3.2.9
7f684ea32000-7f684ea33000 rw-p 00012000 00:293f 9223372037533874691      /nix/store/g1gfc2843yh6bv457x7m9sv0dp6crlw2-avahi-0.8/lib/libavahi-client.so.3.2.9
7f684ea33000-7f684ea37000 r--p 00000000 00:293f 9223372037533874708      /nix/store/g1gfc2843yh6bv457x7m9sv0dp6crlw2-avahi-0.8/lib/libavahi-common.so.3.5.4
7f684ea37000-7f684ea3d000 r-xp 00004000 00:293f 9223372037533874708      /nix/store/g1gfc2843yh6bv457x7m9sv0dp6crlw2-avahi-0.8/lib/libavahi-common.so.3.5.4
7f684ea3d000-7f684ea40000 r--p 0000a000 00:293f 9223372037533874708      /nix/store/g1gfc2843yh6bv457x7m9sv0dp6crlw2-avahi-0.8/lib/libavahi-common.so.3.5.4
7f684ea40000-7f684ea41000 r--p 0000d000 00:293f 9223372037533874708      /nix/store/g1gfc2843yh6bv457x7m9sv0dp6crlw2-avahi-0.8/lib/libavahi-common.so.3.5.4
7f684ea41000-7f684ea42000 rw-p 0000e000 00:293f 9223372037533874708      /nix/store/g1gfc2843yh6bv457x7m9sv0dp6crlw2-avahi-0.8/lib/libavahi-common.so.3.5.4
7f684ea42000-7f684ea46000 r--p 00000000 00:293f 9223372037523930339      /nix/store/4lkjvagv0bqq58qpysfabw66rqrbddgb-expat-2.5.0/lib/libexpat.so.1.8.10
7f684ea46000-7f684ea65000 r-xp 00004000 00:293f 9223372037523930339      /nix/store/4lkjvagv0bqq58qpysfabw66rqrbddgb-expat-2.5.0/lib/libexpat.so.1.8.10
7f684ea65000-7f684ea6f000 r--p 00023000 00:293f 9223372037523930339      /nix/store/4lkjvagv0bqq58qpysfabw66rqrbddgb-expat-2.5.0/lib/libexpat.so.1.8.10
7f684ea6f000-7f684ea71000 r--p 0002d000 00:293f 9223372037523930339      /nix/store/4lkjvagv0bqq58qpysfabw66rqrbddgb-expat-2.5.0/lib/libexpat.so.1.8.10
7f684ea71000-7f684ea72000 rw-p 0002f000 00:293f 9223372037523930339      /nix/store/4lkjvagv0bqq58qpysfabw66rqrbddgb-expat-2.5.0/lib/libexpat.so.1.8.10
7f684ea72000-7f684ea74000 rw-p 00000000 00:00 0 
7f684ea74000-7f684ea7a000 r--p 00000000 00:293f 9223372037533613543      /nix/store/d9i9f63d1121378id4kf2swn06a5grwa-libpng-apng-1.6.37/lib/libpng16.so.16.37.0
7f684ea7a000-7f684eaa0000 r-xp 00006000 00:293f 9223372037533613543      /nix/store/d9i9f63d1121378id4kf2swn06a5grwa-libpng-apng-1.6.37/lib/libpng16.so.16.37.0
7f684eaa0000-7f684eaac000 r--p 0002c000 00:293f 9223372037533613543      /nix/store/d9i9f63d1121378id4kf2swn06a5grwa-libpng-apng-1.6.37/lib/libpng16.so.16.37.0
7f684eaac000-7f684eaad000 r--p 00037000 00:293f 9223372037533613543      /nix/store/d9i9f63d1121378id4kf2swn06a5grwa-libpng-apng-1.6.37/lib/libpng16.so.16.37.0
7f684eaad000-7f684eaae000 rw-p 00038000 00:293f 9223372037533613543      /nix/store/d9i9f63d1121378id4kf2swn06a5grwa-libpng-apng-1.6.37/lib/libpng16.so.16.37.0
7f684eaae000-7f684eab0000 r--p 00000000 00:293f 9223372037518430836      /nix/store/ysl6qj5r7nn63b16954dhk7x47r5yq7i-bzip2-1.0.8/lib/libbz2.so.1.0.8
7f684eab0000-7f684eabd000 r-xp 00002000 00:293f 9223372037518430836      /nix/store/ysl6qj5r7nn63b16954dhk7x47r5yq7i-bzip2-1.0.8/lib/libbz2.so.1.0.8
7f684eabd000-7f684eabf000 r--p 0000f000 00:293f 9223372037518430836      /nix/store/ysl6qj5r7nn63b16954dhk7x47r5yq7i-bzip2-1.0.8/lib/libbz2.so.1.0.8
7f684eabf000-7f684eac0000 r--p 00010000 00:293f 9223372037518430836      /nix/store/ysl6qj5r7nn63b16954dhk7x47r5yq7i-bzip2-1.0.8/lib/libbz2.so.1.0.8
7f684eac0000-7f684eac1000 rw-p 00011000 00:293f 9223372037518430836      /nix/store/ysl6qj5r7nn63b16954dhk7x47r5yq7i-bzip2-1.0.8/lib/libbz2.so.1.0.8
7f684eac1000-7f684eacf000 r--p 00000000 00:293f 9223372037533614093      /nix/store/shxbchcb9zl755mvlhf0ll61hz8s6imm-freetype-2.12.1/lib/libfreetype.so.6.18.3
7f684eacf000-7f684eb55000 r-xp 0000e000 00:293f 9223372037533614093      /nix/store/shxbchcb9zl755mvlhf0ll61hz8s6imm-freetype-2.12.1/lib/libfreetype.so.6.18.3
7f684eb55000-7f684eb80000 r--p 00094000 00:293f 9223372037533614093      /nix/store/shxbchcb9zl755mvlhf0ll61hz8s6imm-freetype-2.12.1/lib/libfreetype.so.6.18.3
7f684eb80000-7f684eb88000 r--p 000be000 00:293f 9223372037533614093      /nix/store/shxbchcb9zl755mvlhf0ll61hz8s6imm-freetype-2.12.1/lib/libfreetype.so.6.18.3
7f684eb88000-7f684eb89000 rw-p 000c6000 00:293f 9223372037533614093      /nix/store/shxbchcb9zl755mvlhf0ll61hz8s6imm-freetype-2.12.1/lib/libfreetype.so.6.18.3
7f684eb89000-7f684eb9a000 r--p 00000000 00:293f 9223372037534122125      /nix/store/3814q7yzfvk2jsdd8a93lqsi2qyhi2a9-gconf-3.2.6/lib/libgconf-2.so.4.1.5
7f684eb9a000-7f684ebb9000 r-xp 00011000 00:293f 9223372037534122125      /nix/store/3814q7yzfvk2jsdd8a93lqsi2qyhi2a9-gconf-3.2.6/lib/libgconf-2.so.4.1.5
7f684ebb9000-7f684ebc7000 r--p 00030000 00:293f 9223372037534122125      /nix/store/3814q7yzfvk2jsdd8a93lqsi2qyhi2a9-gconf-3.2.6/lib/libgconf-2.so.4.1.5
7f684ebc7000-7f684ebca000 r--p 0003d000 00:293f 9223372037534122125      /nix/store/3814q7yzfvk2jsdd8a93lqsi2qyhi2a9-gconf-3.2.6/lib/libgconf-2.so.4.1.5
7f684ebca000-7f684ebcc000 rw-p 00040000 00:293f 9223372037534122125      /nix/store/3814q7yzfvk2jsdd8a93lqsi2qyhi2a9-gconf-3.2.6/lib/libgconf-2.so.4.1.5
7f684ebcc000-7f684ebce000 rw-p 00000000 00:00 0 
7f684ebce000-7f684ebe5000 r--p 00000000 00:293f 9223372037534123735      /nix/store/y056fs7d6j488j49bwjcl7bwrqg3ia1v-gnome-vfs-2.24.4/lib/libgnomevfs-2.so.0.2400.4
7f684ebe5000-7f684ec1e000 r-xp 00017000 00:293f 9223372037534123735      /nix/store/y056fs7d6j488j49bwjcl7bwrqg3ia1v-gnome-vfs-2.24.4/lib/libgnomevfs-2.so.0.2400.4
7f684ec1e000-7f684ec37000 r--p 00050000 00:293f 9223372037534123735      /nix/store/y056fs7d6j488j49bwjcl7bwrqg3ia1v-gnome-vfs-2.24.4/lib/libgnomevfs-2.so.0.2400.4
7f684ec37000-7f684ec3b000 r--p 00068000 00:293f 9223372037534123735      /nix/store/y056fs7d6j488j49bwjcl7bwrqg3ia1v-gnome-vfs-2.24.4/lib/libgnomevfs-2.so.0.2400.4
7f684ec3b000-7f684ec3c000 rw-p 0006c000 00:293f 9223372037534123735      /nix/store/y056fs7d6j488j49bwjcl7bwrqg3ia1v-gnome-vfs-2.24.4/lib/libgnomevfs-2.so.0.2400.4
7f684ec3c000-7f684ec3d000 rw-p 00000000 00:00 0 
7f684ec3d000-7f684ec7d000 r--p 00000000 00:293f 9223372037533612376      /nix/store/2k366jrbsra97gjfxwvrhvixjfxdach5-glib-2.74.1/lib/libgio-2.0.so.0.7400.1
7f684ec7d000-7f684ed8b000 r-xp 00040000 00:293f 9223372037533612376      /nix/store/2k366jrbsra97gjfxwvrhvixjfxdach5-glib-2.74.1/lib/libgio-2.0.so.0.7400.1
7f684ed8b000-7f684ee18000 r--p 0014e000 00:293f 9223372037533612376      /nix/store/2k366jrbsra97gjfxwvrhvixjfxdach5-glib-2.74.1/lib/libgio-2.0.so.0.7400.1
7f684ee18000-7f684ee21000 r--p 001da000 00:293f 9223372037533612376      /nix/store/2k366jrbsra97gjfxwvrhvixjfxdach5-glib-2.74.1/lib/libgio-2.0.so.0.7400.1
7f684ee21000-7f684ee22000 rw-p 001e3000 00:293f 9223372037533612376      /nix/store/2k366jrbsra97gjfxwvrhvixjfxdach5-glib-2.74.1/lib/libgio-2.0.so.0.7400.1
7f684ee22000-7f684ee24000 rw-p 00000000 00:00 0 
7f684ee24000-7f684ee92000 r--p 00000000 00:293f 9223372037534002472      /nix/store/jpimcg7iyg5ii67yd400ak0gvn00x3l7-gtk+-2.24.33/lib/libgtk-x11-2.0.so.0.2400.33
7f684ee92000-7f684f104000 r-xp 0006e000 00:293f 9223372037534002472      /nix/store/jpimcg7iyg5ii67yd400ak0gvn00x3l7-gtk+-2.24.33/lib/libgtk-x11-2.0.so.0.2400.33
7f684f104000-7f684f276000 r--p 002e0000 00:293f 9223372037534002472      /nix/store/jpimcg7iyg5ii67yd400ak0gvn00x3l7-gtk+-2.24.33/lib/libgtk-x11-2.0.so.0.2400.33
7f684f276000-7f684f280000 r--p 00452000 00:293f 9223372037534002472      /nix/store/jpimcg7iyg5ii67yd400ak0gvn00x3l7-gtk+-2.24.33/lib/libgtk-x11-2.0.so.0.2400.33
7f684f280000-7f684f281000 rw-p 0045c000 00:293f 9223372037534002472      /nix/store/jpimcg7iyg5ii67yd400ak0gvn00x3l7-gtk+-2.24.33/lib/libgtk-x11-2.0.so.0.2400.33
7f684f281000-7f684f283000 rw-p 00000000 00:00 0 
7f684f283000-7f684f287000 r--p 00000000 00:293f 9223372037533598831      /nix/store/p4vpay6wkmraar8p626zk2421790vr62-file-5.43/lib/libmagic.so.1.0.0
7f684f287000-7f684f2a3000 r-xp 00004000 00:293f 9223372037533598831      /nix/store/p4vpay6wkmraar8p626zk2421790vr62-file-5.43/lib/libmagic.so.1.0.0
7f684f2a3000-7f684f2ac000 r--p 00020000 00:293f 9223372037533598831      /nix/store/p4vpay6wkmraar8p626zk2421790vr62-file-5.43/lib/libmagic.so.1.0.0
7f684f2ac000-7f684f2ae000 r--p 00028000 00:293f 9223372037533598831      /nix/store/p4vpay6wkmraar8p626zk2421790vr62-file-5.43/lib/libmagic.so.1.0.0
7f684f2ae000-7f684f2af000 rw-p 0002a000 00:293f 9223372037533598831      /nix/store/p4vpay6wkmraar8p626zk2421790vr62-file-5.43/lib/libmagic.so.1.0.0
7f684f2af000-7f684f2b1000 r--p 00000000 00:293f 9223372037533491072      /nix/store/dn40mwzzfpikw1d5n01fmj5cl0b33yl5-libXrandr-1.5.2/lib/libXrandr.so.2.2.0
7f684f2b1000-7f684f2b8000 r-xp 00002000 00:293f 9223372037533491072      /nix/store/dn40mwzzfpikw1d5n01fmj5cl0b33yl5-libXrandr-1.5.2/lib/libXrandr.so.2.2.0
7f684f2b8000-7f684f2ba000 r--p 00009000 00:293f 9223372037533491072      /nix/store/dn40mwzzfpikw1d5n01fmj5cl0b33yl5-libXrandr-1.5.2/lib/libXrandr.so.2.2.0
7f684f2ba000-7f684f2bb000 r--p 0000a000 00:293f 9223372037533491072      /nix/store/dn40mwzzfpikw1d5n01fmj5cl0b33yl5-libXrandr-1.5.2/lib/libXrandr.so.2.2.0
7f684f2bb000-7f684f2bc000 rw-p 0000b000 00:293f 9223372037533491072      /nix/store/dn40mwzzfpikw1d5n01fmj5cl0b33yl5-libXrandr-1.5.2/lib/libXrandr.so.2.2.0
7f684f2bc000-7f684f2bd000 r--p 00000000 00:293f 9223372037533478551      /nix/store/nylgj86p4v01rlm50f71537ashgbhhsg-libXinerama-1.1.4/lib/libXinerama.so.1.0.0
7f684f2bd000-7f684f2be000 r-xp 00001000 00:293f 9223372037533478551      /nix/store/nylgj86p4v01rlm50f71537ashgbhhsg-libXinerama-1.1.4/lib/libXinerama.so.1.0.0
7f684f2be000-7f684f2bf000 r--p 00002000 00:293f 9223372037533478551      /nix/store/nylgj86p4v01rlm50f71537ashgbhhsg-libXinerama-1.1.4/lib/libXinerama.so.1.0.0
7f684f2bf000-7f684f2c0000 r--p 00002000 00:293f 9223372037533478551      /nix/store/nylgj86p4v01rlm50f71537ashgbhhsg-libXinerama-1.1.4/lib/libXinerama.so.1.0.0
7f684f2c0000-7f684f2c1000 rw-p 00003000 00:293f 9223372037533478551      /nix/store/nylgj86p4v01rlm50f71537ashgbhhsg-libXinerama-1.1.4/lib/libXinerama.so.1.0.0
7f684f2c1000-7f684f2c3000 rw-p 00000000 00:00 0 
7f684f2c3000-7f684f2e3000 r--p 00000000 00:293f 9223372037533991043      /nix/store/a4pff549sk2idnkpzk5nsfps3mdkdnvm-cups-2.4.2-lib/lib/libcups.so.2
7f684f2e3000-7f684f327000 r-xp 00020000 00:293f 9223372037533991043      /nix/store/a4pff549sk2idnkpzk5nsfps3mdkdnvm-cups-2.4.2-lib/lib/libcups.so.2
7f684f327000-7f684f343000 r--p 00064000 00:293f 9223372037533991043      /nix/store/a4pff549sk2idnkpzk5nsfps3mdkdnvm-cups-2.4.2-lib/lib/libcups.so.2
7f684f343000-7f684f34d000 r--p 0007f000 00:293f 9223372037533991043      /nix/store/a4pff549sk2idnkpzk5nsfps3mdkdnvm-cups-2.4.2-lib/lib/libcups.so.2
7f684f34d000-7f684f34e000 rw-p 00089000 00:293f 9223372037533991043      /nix/store/a4pff549sk2idnkpzk5nsfps3mdkdnvm-cups-2.4.2-lib/lib/libcups.so.2
7f684f34e000-7f684f356000 r--p 00000000 00:293f 9223372037533614205      /nix/store/4llf22n9mbnk5i20zkwa1j6zx5c1gz8h-fontconfig-2.14.0-lib/lib/libfontconfig.so.1.12.0
7f684f356000-7f684f37e000 r-xp 00008000 00:293f 9223372037533614205      /nix/store/4llf22n9mbnk5i20zkwa1j6zx5c1gz8h-fontconfig-2.14.0-lib/lib/libfontconfig.so.1.12.0
7f684f37e000-7f684f397000 r--p 00030000 00:293f 9223372037533614205      /nix/store/4llf22n9mbnk5i20zkwa1j6zx5c1gz8h-fontconfig-2.14.0-lib/lib/libfontconfig.so.1.12.0
7f684f397000-7f684f399000 r--p 00048000 00:293f 9223372037533614205      /nix/store/4llf22n9mbnk5i20zkwa1j6zx5c1gz8h-fontconfig-2.14.0-lib/lib/libfontconfig.so.1.12.0
7f684f399000-7f684f39a000 rw-p 0004a000 00:293f 9223372037533614205      /nix/store/4llf22n9mbnk5i20zkwa1j6zx5c1gz8h-fontconfig-2.14.0-lib/lib/libfontconfig.so.1.12.0
7f684f39a000-7f684f3c2000 r--p 00000000 00:293f 9223372037455367822      /nix/store/4nlgxhb09sdr51nc9hdm8az5b08vzkgx-glibc-2.35-163/lib/libc.so.6
7f684f3c2000-7f684f538000 r-xp 00028000 00:293f 9223372037455367822      /nix/store/4nlgxhb09sdr51nc9hdm8az5b08vzkgx-glibc-2.35-163/lib/libc.so.6
7f684f538000-7f684f590000 r--p 0019e000 00:293f 9223372037455367822      /nix/store/4nlgxhb09sdr51nc9hdm8az5b08vzkgx-glibc-2.35-163/lib/libc.so.6
7f684f590000-7f684f594000 r--p 001f6000 00:293f 9223372037455367822      /nix/store/4nlgxhb09sdr51nc9hdm8az5b08vzkgx-glibc-2.35-163/lib/libc.so.6
7f684f594000-7f684f596000 rw-p 001fa000 00:293f 9223372037455367822      /nix/store/4nlgxhb09sdr51nc9hdm8az5b08vzkgx-glibc-2.35-163/lib/libc.so.6
7f684f596000-7f684f5a3000 rw-p 00000000 00:00 0 
7f684f5a3000-7f684f5a4000 r--p 00000000 00:293f 9223372037455367827      /nix/store/4nlgxhb09sdr51nc9hdm8az5b08vzkgx-glibc-2.35-163/lib/libdl.so.2
7f684f5a4000-7f684f5a5000 r-xp 00001000 00:293f 9223372037455367827      /nix/store/4nlgxhb09sdr51nc9hdm8az5b08vzkgx-glibc-2.35-163/lib/libdl.so.2
7f684f5a5000-7f684f5a6000 r--p 00002000 00:293f 9223372037455367827      /nix/store/4nlgxhb09sdr51nc9hdm8az5b08vzkgx-glibc-2.35-163/lib/libdl.so.2
7f684f5a6000-7f684f5a7000 r--p 00002000 00:293f 9223372037455367827      /nix/store/4nlgxhb09sdr51nc9hdm8az5b08vzkgx-glibc-2.35-163/lib/libdl.so.2
7f684f5a7000-7f684f5a8000 rw-p 00003000 00:293f 9223372037455367827      /nix/store/4nlgxhb09sdr51nc9hdm8az5b08vzkgx-glibc-2.35-163/lib/libdl.so.2
7f684f5a8000-7f684f5ab000 r--p 00000000 00:293f 9223372037534124090      /nix/store/arja5b2nhs4z9ajrcx4wiipjywcw1ip6-openjdk-8u322-ga-jre/lib/openjdk/jre/lib/amd64/jli/libjli.so
7f684f5ab000-7f684f5b4000 r-xp 00003000 00:293f 9223372037534124090      /nix/store/arja5b2nhs4z9ajrcx4wiipjywcw1ip6-openjdk-8u322-ga-jre/lib/openjdk/jre/lib/amd64/jli/libjli.so
7f684f5b4000-7f684f5b7000 r--p 0000c000 00:293f 9223372037534124090      /nix/store/arja5b2nhs4z9ajrcx4wiipjywcw1ip6-openjdk-8u322-ga-jre/lib/openjdk/jre/lib/amd64/jli/libjli.so
7f684f5b7000-7f684f5b8000 r--p 0000e000 00:293f 9223372037534124090      /nix/store/arja5b2nhs4z9ajrcx4wiipjywcw1ip6-openjdk-8u322-ga-jre/lib/openjdk/jre/lib/amd64/jli/libjli.so
7f684f5b8000-7f684f5b9000 rw-p 0000f000 00:293f 9223372037534124090      /nix/store/arja5b2nhs4z9ajrcx4wiipjywcw1ip6-openjdk-8u322-ga-jre/lib/openjdk/jre/lib/amd64/jli/libjli.so
7f684f5b9000-7f684f5bb000 rw-p 00012000 00:293f 9223372037534124090      /nix/store/arja5b2nhs4z9ajrcx4wiipjywcw1ip6-openjdk-8u322-ga-jre/lib/openjdk/jre/lib/amd64/jli/libjli.so
7f684f5bb000-7f684f5bd000 rw-p 00014000 00:293f 9223372037534124090      /nix/store/arja5b2nhs4z9ajrcx4wiipjywcw1ip6-openjdk-8u322-ga-jre/lib/openjdk/jre/lib/amd64/jli/libjli.so
7f684f5bd000-7f684f5bf000 rw-p 00000000 00:00 0 
7f684f5bf000-7f684f5c2000 r--p 00000000 00:293f 9223372037533597975      /nix/store/026hln0aq1hyshaxsdvhg0kmcm6yf45r-zlib-1.2.13/lib/libz.so.1.2.13
7f684f5c2000-7f684f5d4000 r-xp 00003000 00:293f 9223372037533597975      /nix/store/026hln0aq1hyshaxsdvhg0kmcm6yf45r-zlib-1.2.13/lib/libz.so.1.2.13
7f684f5d4000-7f684f5db000 r--p 00015000 00:293f 9223372037533597975      /nix/store/026hln0aq1hyshaxsdvhg0kmcm6yf45r-zlib-1.2.13/lib/libz.so.1.2.13
7f684f5db000-7f684f5dc000 r--p 0001b000 00:293f 9223372037533597975      /nix/store/026hln0aq1hyshaxsdvhg0kmcm6yf45r-zlib-1.2.13/lib/libz.so.1.2.13
7f684f5dc000-7f684f5dd000 rw-p 0001c000 00:293f 9223372037533597975      /nix/store/026hln0aq1hyshaxsdvhg0kmcm6yf45r-zlib-1.2.13/lib/libz.so.1.2.13
7f684f5dd000-7f684f5de000 r--p 00000000 00:293f 9223372037455367846      /nix/store/4nlgxhb09sdr51nc9hdm8az5b08vzkgx-glibc-2.35-163/lib/libpthread.so.0
7f684f5de000-7f684f5df000 r-xp 00001000 00:293f 9223372037455367846      /nix/store/4nlgxhb09sdr51nc9hdm8az5b08vzkgx-glibc-2.35-163/lib/libpthread.so.0
7f684f5df000-7f684f5e0000 r--p 00002000 00:293f 9223372037455367846      /nix/store/4nlgxhb09sdr51nc9hdm8az5b08vzkgx-glibc-2.35-163/lib/libpthread.so.0
7f684f5e0000-7f684f5e1000 r--p 00002000 00:293f 9223372037455367846      /nix/store/4nlgxhb09sdr51nc9hdm8az5b08vzkgx-glibc-2.35-163/lib/libpthread.so.0
7f684f5e1000-7f684f5e2000 rw-p 00003000 00:293f 9223372037455367846      /nix/store/4nlgxhb09sdr51nc9hdm8az5b08vzkgx-glibc-2.35-163/lib/libpthread.so.0
7f684f5e2000-7f684f5e4000 rw-p 00000000 00:00 0 
7f684f5e4000-7f684f5e6000 r--p 00000000 00:293f 9223372037455367816      /nix/store/4nlgxhb09sdr51nc9hdm8az5b08vzkgx-glibc-2.35-163/lib/ld-linux-x86-64.so.2
7f684f5e6000-7f684f60d000 r-xp 00002000 00:293f 9223372037455367816      /nix/store/4nlgxhb09sdr51nc9hdm8az5b08vzkgx-glibc-2.35-163/lib/ld-linux-x86-64.so.2
7f684f60d000-7f684f619000 r--p 00029000 00:293f 9223372037455367816      /nix/store/4nlgxhb09sdr51nc9hdm8az5b08vzkgx-glibc-2.35-163/lib/ld-linux-x86-64.so.2
7f684f619000-7f684f61b000 r--p 00034000 00:293f 9223372037455367816      /nix/store/4nlgxhb09sdr51nc9hdm8az5b08vzkgx-glibc-2.35-163/lib/ld-linux-x86-64.so.2
7f684f61b000-7f684f61d000 rw-p 00036000 00:293f 9223372037455367816      /nix/store/4nlgxhb09sdr51nc9hdm8az5b08vzkgx-glibc-2.35-163/lib/ld-linux-x86-64.so.2
7fff1c807000-7fff1c82c000 rw-p 00000000 00:00 0                          [stack]
7fff1c8e9000-7fff1c8ed000 r--p 00000000 00:00 0                          [vvar]
7fff1c8ed000-7fff1c8ef000 r-xp 00000000 00:00 0                          [vdso]
ffffffffff600000-ffffffffff601000 --xp 00000000 00:00 0                  [vsyscall]

VM Arguments:
jvm_args: -Xmx128M 
java_command: bungee.jar
java_class_path (initial): bungee.jar
Launcher Type: SUN_STANDARD

Environment Variables:
JAVA_HOME=/nix/store/i4qskvnfw3wbc9pldqnnd3kb9cf9yp16-openjdk-11.0.15+10/lib/openjdk
LD_LIBRARY_PATH=/nix/store/hisqvx32cd57apbpcsnkpx6k3549wql1-libglvnd-1.4.0/lib:/nix/store/p36pgcv991mq5srvg765b78yqpxvk3qs-mesa-21.3.3-drivers/lib:/nix/store/mav4251if1ahjq5vkpwycyyvnmy459c4-pulseaudio-14.2/lib
SHELL=/bin/bash

Signal Handlers:
SIGSEGV: [libjvm.so+0xaf1fb0], sa_mask[0]=11111111011111111101111111111110, sa_flags=SA_RESTART|SA_SIGINFO
SIGBUS: [libjvm.so+0xaf1fb0], sa_mask[0]=11111111011111111101111111111110, sa_flags=SA_RESTART|SA_SIGINFO
SIGFPE: [libjvm.so+0x93d520], sa_mask[0]=11111111011111111101111111111110, sa_flags=SA_RESTART|SA_SIGINFO
SIGPIPE: [libjvm.so+0x93d520], sa_mask[0]=11111111011111111101111111111110, sa_flags=SA_RESTART|SA_SIGINFO
SIGXFSZ: [libjvm.so+0x93d520], sa_mask[0]=11111111011111111101111111111110, sa_flags=SA_RESTART|SA_SIGINFO
SIGILL: [libjvm.so+0x93d520], sa_mask[0]=11111111011111111101111111111110, sa_flags=SA_RESTART|SA_SIGINFO
SIGUSR1: SIG_DFL, sa_mask[0]=00000000000000000000000000000000, sa_flags=none
SIGUSR2: [libjvm.so+0x93d850], sa_mask[0]=00000000000000000000000000000000, sa_flags=SA_RESTART|SA_SIGINFO
SIGHUP: [libjvm.so+0x93d7a0], sa_mask[0]=11111111011111111101111111111110, sa_flags=SA_RESTART|SA_SIGINFO
SIGINT: [libjvm.so+0x93d7a0], sa_mask[0]=11111111011111111101111111111110, sa_flags=SA_RESTART|SA_SIGINFO
SIGTERM: [libjvm.so+0x93d7a0], sa_mask[0]=11111111011111111101111111111110, sa_flags=SA_RESTART|SA_SIGINFO
SIGQUIT: [libjvm.so+0x93d7a0], sa_mask[0]=11111111011111111101111111111110, sa_flags=SA_RESTART|SA_SIGINFO


---------------  S Y S T E M  ---------------

OS:DISTRIB_ID=Ubuntu
DISTRIB_RELEASE=20.04
DISTRIB_CODENAME=focal
DISTRIB_DESCRIPTION="Ubuntu 20.04.2 LTS"

uname:Linux 5.15.0-1027-gcp #34~20.04.1-Ubuntu SMP Mon Jan 9 18:40:09 UTC 2023 x86_64
libc:glibc 2.35 NPTL 2.35 
rlimit: STACK 8192k, CORE infinity, NPROC infinity, NOFILE 5242, AS infinity
load average:75.23 123.51 305.50

/proc/meminfo:
MemTotal:       32872720 kB
MemFree:          568028 kB
MemAvailable:    4166812 kB
Buffers:           12276 kB
Cached:          4992620 kB
SwapCached:            0 kB
Active:          1784332 kB
Inactive:       26601500 kB
Active(anon):     884064 kB
Inactive(anon): 24578000 kB
Active(file):     900268 kB
Inactive(file):  2023500 kB
Unevictable:       42552 kB
Mlocked:           42552 kB
SwapTotal:             0 kB
SwapFree:              0 kB
Dirty:              3024 kB
Writeback:             0 kB
AnonPages:      23423828 kB
Mapped:          3275132 kB
Shmem:           2190808 kB
KReclaimable:    1140852 kB
Slab:            2636680 kB
SReclaimable:    1140852 kB
SUnreclaim:      1495828 kB
KernelStack:      526016 kB
PageTables:       404844 kB
NFS_Unstable:          0 kB
Bounce:                0 kB
WritebackTmp:          0 kB
CommitLimit:    16436360 kB
Committed_AS:   114069792 kB
VmallocTotal:   34359738367 kB
VmallocUsed:      568132 kB
VmallocChunk:          0 kB
Percpu:            33664 kB
HardwareCorrupted:     0 kB
AnonHugePages:     18432 kB
ShmemHugePages:        0 kB
ShmemPmdMapped:        0 kB
FileHugePages:         0 kB
FilePmdMapped:         0 kB
HugePages_Total:       0
HugePages_Free:        0
HugePages_Rsvd:        0
HugePages_Surp:        0
Hugepagesize:       2048 kB
Hugetlb:               0 kB
DirectMap4k:     4014912 kB
DirectMap2M:    26390528 kB
DirectMap1G:     5242880 kB

container (cgroup) information:
container_type: cgroupv1
cpu_cpuset_cpus: 1-3
cpu_memory_nodes: 0
active_processor_count: 1
cpu_quota: 30000
cpu_period: 100000
cpu_shares: 307
memory_limit_in_bytes: 1073741824
memory_and_swap_limit_in_bytes: 1073741824
memory_soft_limit_in_bytes: 536870912
memory_usage_in_bytes: 216829952
memory_max_usage_in_bytes: 846274560


CPU:total 4 (initial active 1) (4 cores per cpu, 1 threads per core) family 23 model 49 stepping 0, cmov, cx8, fxsr, mmx, sse, sse2, sse3, ssse3, sse4.1, sse4.2, popcnt, avx, avx2, aes, clmul, mmxext, 3dnowpref, lzcnt, sse4a, tsc, tscinvbit, tscinv, bmi1

/proc/cpuinfo:
processor	: 0
vendor_id	: AuthenticAMD
cpu family	: 23
model		: 49
model name	: AMD EPYC 7B12
stepping	: 0
microcode	: 0xffffffff
cpu MHz		: 2250.000
cache size	: 512 KB
physical id	: 0
siblings	: 4
core id		: 0
cpu cores	: 2
apicid		: 0
initial apicid	: 0
fpu		: yes
fpu_exception	: yes
cpuid level	: 13
wp		: yes
flags		: fpu vme de pse tsc msr pae mce cx8 apic sep mtrr pge mca cmov pat pse36 clflush mmx fxsr sse sse2 ht syscall nx mmxext fxsr_opt pdpe1gb rdtscp lm constant_tsc rep_good nopl nonstop_tsc cpuid extd_apicid tsc_known_freq pni pclmulqdq ssse3 fma cx16 sse4_1 sse4_2 movbe popcnt aes xsave avx f16c rdrand hypervisor lahf_lm cmp_legacy cr8_legacy abm sse4a misalignsse 3dnowprefetch osvw topoext ssbd ibrs ibpb stibp vmmcall fsgsbase tsc_adjust bmi1 avx2 smep bmi2 rdseed adx smap clflushopt clwb sha_ni xsaveopt xsavec xgetbv1 clzero xsaveerptr arat npt nrip_save umip rdpid
bugs		: sysret_ss_attrs null_seg spectre_v1 spectre_v2 spec_store_bypass retbleed
bogomips	: 4500.00
TLB size	: 3072 4K pages
clflush size	: 64
cache_alignment	: 64
address sizes	: 48 bits physical, 48 bits virtual
power management:

processor	: 1
vendor_id	: AuthenticAMD
cpu family	: 23
model		: 49
model name	: AMD EPYC 7B12
stepping	: 0
microcode	: 0xffffffff
cpu MHz		: 2250.000
cache size	: 512 KB
physical id	: 0
siblings	: 4
core id		: 1
cpu cores	: 2
apicid		: 2
initial apicid	: 2
fpu		: yes
fpu_exception	: yes
cpuid level	: 13
wp		: yes
flags		: fpu vme de pse tsc msr pae mce cx8 apic sep mtrr pge mca cmov pat pse36 clflush mmx fxsr sse sse2 ht syscall nx mmxext fxsr_opt pdpe1gb rdtscp lm constant_tsc rep_good nopl nonstop_tsc cpuid extd_apicid tsc_known_freq pni pclmulqdq ssse3 fma cx16 sse4_1 sse4_2 movbe popcnt aes xsave avx f16c rdrand hypervisor lahf_lm cmp_legacy cr8_legacy abm sse4a misalignsse 3dnowprefetch osvw topoext ssbd ibrs ibpb stibp vmmcall fsgsbase tsc_adjust bmi1 avx2 smep bmi2 rdseed adx smap clflushopt clwb sha_ni xsaveopt xsavec xgetbv1 clzero xsaveerptr arat npt nrip_save umip rdpid
bugs		: sysret_ss_attrs null_seg spectre_v1 spectre_v2 spec_store_bypass retbleed
bogomips	: 4500.00
TLB size	: 3072 4K pages
clflush size	: 64
cache_alignment	: 64
address sizes	: 48 bits physical, 48 bits virtual
power management:

processor	: 2
vendor_id	: AuthenticAMD
cpu family	: 23
model		: 49
model name	: AMD EPYC 7B12
stepping	: 0
microcode	: 0xffffffff
cpu MHz		: 2250.000
cache size	: 512 KB
physical id	: 0
siblings	: 4
core id		: 0
cpu cores	: 2
apicid		: 1
initial apicid	: 1
fpu		: yes
fpu_exception	: yes
cpuid level	: 13
wp		: yes
flags		: fpu vme de pse tsc msr pae mce cx8 apic sep mtrr pge mca cmov pat pse36 clflush mmx fxsr sse sse2 ht syscall nx mmxext fxsr_opt pdpe1gb rdtscp lm constant_tsc rep_good nopl nonstop_tsc cpuid extd_apicid tsc_known_freq pni pclmulqdq ssse3 fma cx16 sse4_1 sse4_2 movbe popcnt aes xsave avx f16c rdrand hypervisor lahf_lm cmp_legacy cr8_legacy abm sse4a misalignsse 3dnowprefetch osvw topoext ssbd ibrs ibpb stibp vmmcall fsgsbase tsc_adjust bmi1 avx2 smep bmi2 rdseed adx smap clflushopt clwb sha_ni xsaveopt xsavec xgetbv1 clzero xsaveerptr arat npt nrip_save umip rdpid
bugs		: sysret_ss_attrs null_seg spectre_v1 spectre_v2 spec_store_bypass retbleed
bogomips	: 4500.00
TLB size	: 3072 4K pages
clflush size	: 64
cache_alignment	: 64
address sizes	: 48 bits physical, 48 bits virtual
power management:

processor	: 3
vendor_id	: AuthenticAMD
cpu family	: 23
model		: 49
model name	: AMD EPYC 7B12
stepping	: 0
microcode	: 0xffffffff
cpu MHz		: 2250.000
cache size	: 512 KB
physical id	: 0
siblings	: 4
core id		: 1
cpu cores	: 2
apicid		: 3
initial apicid	: 3
fpu		: yes
fpu_exception	: yes
cpuid level	: 13
wp		: yes
flags		: fpu vme de pse tsc msr pae mce cx8 apic sep mtrr pge mca cmov pat pse36 clflush mmx fxsr sse sse2 ht syscall nx mmxext fxsr_opt pdpe1gb rdtscp lm constant_tsc rep_good nopl nonstop_tsc cpuid extd_apicid tsc_known_freq pni pclmulqdq ssse3 fma cx16 sse4_1 sse4_2 movbe popcnt aes xsave avx f16c rdrand hypervisor lahf_lm cmp_legacy cr8_legacy abm sse4a misalignsse 3dnowprefetch osvw topoext ssbd ibrs ibpb stibp vmmcall fsgsbase tsc_adjust bmi1 avx2 smep bmi2 rdseed adx smap clflushopt clwb sha_ni xsaveopt xsavec xgetbv1 clzero xsaveerptr arat npt nrip_save umip rdpid
bugs		: sysret_ss_attrs null_seg spectre_v1 spectre_v2 spec_store_bypass retbleed
bogomips	: 4500.00
TLB size	: 3072 4K pages
clflush size	: 64
cache_alignment	: 64
address sizes	: 48 bits physical, 48 bits virtual
power management:



Memory: 4k page, physical 1048576k(836864k free), swap 0k(0k free)

vm_info: OpenJDK 64-Bit Server VM (25.322-bga) for linux-amd64 JRE (1.8.0_322-ga), built on Jan  1 1980 00:00:00 by "nixbld" with gcc 11.3.0

time: Wed Jan 25 11:45:45 2023
timezone: UTC
elapsed time: 21.069387 seconds (0d 0h 0m 21s)

