#
# A fatal error has been detected by the Java Runtime Environment:
#
#  SIGSEGV (0xb) at pc=0x00007f1af5114107, pid=3053, tid=0x00007f1b0a36e640
#
# JRE version: OpenJDK Runtime Environment (8.0_322) (build 1.8.0_322-ga)
# Java VM: OpenJDK 64-Bit Server VM (25.322-bga mixed mode linux-amd64 compressed oops)
# Problematic frame:
# J 21 C2 java.lang.CharacterData.of(I)Ljava/lang/CharacterData; (120 bytes) @ 0x00007f1af5114107 [0x00007f1af51140e0+0x27]
#
# Core dump written. Default location: /home/runner/eaglercraftx/bungee/core or core.3053
#
# If you would like to submit a bug report, please visit:
#   http://bugreport.java.com/bugreport/crash.jsp
#

---------------  T H R E A D  ---------------

Current thread (0x00007f1b0400a800):  JavaThread "main" [_thread_in_Java, id=3057, stack(0x00007f1b0a26f000,0x00007f1b0a36f000)]

siginfo: si_signo: 11 (SIGSEGV), si_code: 0 (SI_USER)

Registers:
RAX=0x00000000f8045bb8, RBX=0x00007f1b097a4b00, RCX=0x00007f1b097648e8, RDX=0x00007f1af5007d80
RSP=0x00007f1b0a36a538, RBP=0x00007f1b0a36a590, RSI=0x000000000000006a, RDI=0x0000000000000006
R8 =0x0000000000000000, R9 =0x00000000f81d5cb0, R10=0x00007f1b0b3486a0, R11=0x0000000000000000
R12=0x0000000000000000, R13=0x00007f1b0a36a548, R14=0x00007f1b0a36a5a0, R15=0x00007f1b0400a800
RIP=0x00007f1af5114107, EFLAGS=0x0000000000010206, CSGSFS=0x002b000000000033, ERR=0x0000000000000004
  TRAPNO=0x000000000000000e

Top of Stack: (sp=0x00007f1b0a36a538)
0x00007f1b0a36a538:   00007f1af5007d80 00007f1af5007d80
0x00007f1b0a36a548:   000000000000006a 00007f1b0a36a550
0x00007f1b0a36a558:   00007f1b09679f39 00007f1b0a36a5a0
0x00007f1b0a36a568:   00007f1b097648e8 0000000000000000
0x00007f1b0a36a578:   00007f1b09679f48 00007f1b0a36a548
0x00007f1b0a36a588:   00007f1b0a36a5a0 00007f1b0a36a5e8
0x00007f1b0a36a598:   00007f1af5007a40 000000000000006a
0x00007f1b0a36a5a8:   00007f1b0a36a5a8 00007f1b09679ea1
0x00007f1b0a36a5b8:   00007f1b0a36a5f8 00007f1b097648e8
0x00007f1b0a36a5c8:   0000000000000000 00007f1b09679eb0
0x00007f1b0a36a5d8:   00007f1b0a36a5a0 00007f1b0a36a5f8
0x00007f1b0a36a5e8:   00007f1b0a36a640 00007f1af50078a0
0x00007f1b0a36a5f8:   000000000000006a 00007f1b0a36a600
0x00007f1b0a36a608:   00007f1b095e1cda 00007f1b0a36a6b8
0x00007f1b0a36a618:   00007f1b0968d780 0000000000000000
0x00007f1b0a36a628:   00007f1b095e1d18 00007f1b0a36a5f8
0x00007f1b0a36a638:   00007f1b0a36a690 00007f1b0a36a700
0x00007f1b0a36a648:   00007f1af50077d0 0000000000000000
0x00007f1b0a36a658:   000000000000004e 000000000000006a
0x00007f1b0a36a668:   000000000000006e 0000000000000001
0x00007f1b0a36a678:   00000000f805fee8 0000000000000001
0x00007f1b0a36a688:   00000000f81d5cb0 0000000000000003
0x00007f1b0a36a698:   0000000000000000 00000000f805fed0
0x00007f1b0a36a6a8:   0000000000000000 0000000000000001
0x00007f1b0a36a6b8:   00000000f81d5c98 00007f1b0a36a6c0
0x00007f1b0a36a6c8:   00007f1b097b2e77 00007f1b0a36a718
0x00007f1b0a36a6d8:   00007f1b097b32b0 0000000000000000
0x00007f1b0a36a6e8:   00007f1b097b2e90 00007f1b0a36a690
0x00007f1b0a36a6f8:   00007f1b0a36a710 00007f1b0a36a760
0x00007f1b0a36a708:   00007f1af5007d80 00000000f81d5c98
0x00007f1b0a36a718:   00000000f8051fb8 00007f1b0a36a720
0x00007f1b0a36a728:   00007f1b097b2f76 00007f1b0a36a7e0 

Instructions: (pc=0x00007f1af5114107)
0x00007f1af51140e7:   55 48 83 ec 20 44 8b de 41 c1 eb 08 45 85 db 75
0x00007f1af51140f7:   16 48 b8 b8 5b 04 f8 00 00 00 00 48 83 c4 20 5d
0x00007f1af5114107:   85 05 f3 ce 10 15 c3 8b ee 44 89 1c 24 be 65 ff
0x00007f1af5114117:   ff ff 66 90 e8 c0 12 f3 ff e8 7b 9e dc 15 f4 f4 

Register to memory mapping:

RAX=0x00000000f8045bb8 is an oop
java.lang.CharacterDataLatin1 
 - klass: 'java/lang/CharacterDataLatin1'
RBX={method} {0x00007f1b097a4b00} 'of' '(I)Ljava/lang/CharacterData;' in 'java/lang/CharacterData'
RCX=0x00007f1b097648e8 is pointing into metadata
RDX=0x00007f1af5007d80 is at code_begin+1664 in an Interpreter codelet
invoke return entry points  [0x00007f1af5007700, 0x00007f1af50080e0]  2528 bytes
RSP=0x00007f1b0a36a538 is pointing into the stack for thread: 0x00007f1b0400a800
RBP=0x00007f1b0a36a590 is pointing into the stack for thread: 0x00007f1b0400a800
RSI=0x000000000000006a is an unknown value
RDI=0x0000000000000006 is an unknown value
R8 =0x0000000000000000 is an unknown value
R9 =
[error occurred during error reporting (printing register info), id 0xb]

Stack: [0x00007f1b0a26f000,0x00007f1b0a36f000],  sp=0x00007f1b0a36a538,  free space=1005k
Native frames: (J=compiled Java code, j=interpreted, Vv=VM code, C=native code)
J 21 C2 java.lang.CharacterData.of(I)Ljava/lang/CharacterData; (120 bytes) @ 0x00007f1af5114107 [0x00007f1af51140e0+0x27]
C  0x00007f1b0a36a5a0


---------------  P R O C E S S  ---------------

Java Threads: ( => current thread )
  0x00007f1b040e2800 JavaThread "Service Thread" daemon [_thread_blocked, id=3071, stack(0x00007f1b088fe000,0x00007f1b089fe000)]
  0x00007f1b040dd800 JavaThread "C1 CompilerThread1" daemon [_thread_blocked, id=3069, stack(0x00007f1b089ff000,0x00007f1b08aff000)]
  0x00007f1b040db000 JavaThread "C2 CompilerThread0" daemon [_thread_blocked, id=3067, stack(0x00007f1b08b00000,0x00007f1b08c00000)]
  0x00007f1b040d6000 JavaThread "Signal Dispatcher" daemon [_thread_blocked, id=3066, stack(0x00007f1b08c06000,0x00007f1b08d06000)]
  0x00007f1b040a5800 JavaThread "Finalizer" daemon [_thread_blocked, id=3064, stack(0x00007f1b08fec000,0x00007f1b090ec000)]
  0x00007f1b040a1000 JavaThread "Reference Handler" daemon [_thread_blocked, id=3062, stack(0x00007f1b090ec000,0x00007f1b091ec000)]
=>0x00007f1b0400a800 JavaThread "main" [_thread_in_Java, id=3057, stack(0x00007f1b0a26f000,0x00007f1b0a36f000)]

Other Threads:
  0x00007f1b04097000 VMThread [stack: 0x00007f1b091ed000,0x00007f1b092ed000] [id=3059]
  0x00007f1b040e5800 WatcherThread [stack: 0x00007f1b087fe000,0x00007f1b088fe000] [id=3072]

VM state:synchronizing (normal execution)

VM Mutex/Monitor currently owned by a thread:  ([mutex/lock_event])
[0x00007f1b04008f50] Safepoint_lock - owner thread: 0x00007f1b04097000
[0x00007f1b04008fd0] Threads_lock - owner thread: 0x00007f1b04097000

heap address: 0x00000000f8000000, size: 128 MB, Compressed Oops mode: 32-bit
Narrow klass base: 0x0000000000000000, Narrow klass shift: 3
Compressed class space size: 1073741824 Address: 0x0000000100000000

Heap:
 def new generation   total 4928K, used 1941K [0x00000000f8000000, 0x00000000f8550000, 0x00000000faaa0000)
  eden space 4416K,  43% used [0x00000000f8000000, 0x00000000f81e5630, 0x00000000f8450000)
  from space 512K,   0% used [0x00000000f8450000, 0x00000000f8450000, 0x00000000f84d0000)
  to   space 512K,   0% used [0x00000000f84d0000, 0x00000000f84d0000, 0x00000000f8550000)
 tenured generation   total 10944K, used 0K [0x00000000faaa0000, 0x00000000fb550000, 0x0000000100000000)
   the space 10944K,   0% used [0x00000000faaa0000, 0x00000000faaa0000, 0x00000000faaa0200, 0x00000000fb550000)
 Metaspace       used 4104K, capacity 4768K, committed 4864K, reserved 1056768K
  class space    used 440K, capacity 464K, committed 512K, reserved 1048576K

Card table byte_map: [0x00007f1b09e08000,0x00007f1b09e49000] byte_map_base: 0x00007f1b09648000

Polling page: 0x00007f1b0a221000

CodeCache: size=245760Kb used=1322Kb max_used=1326Kb free=244438Kb
 bounds [0x00007f1af5000000, 0x00007f1af5270000, 0x00007f1b04000000]
 total_blobs=379 nmethods=102 adapters=192
 compilation: enabled

Compilation events (10 events):
Event: 12.056 Thread 0x00007f1b040dd800   97       3       java.util.concurrent.ConcurrentHashMap::casTabAt (20 bytes)
Event: 12.057 Thread 0x00007f1b040dd800 nmethod 97 0x00007f1af5144b90 code [0x00007f1af5144ce0, 0x00007f1af5144e50]
Event: 12.057 Thread 0x00007f1b040dd800   98   !   3       java.util.concurrent.ConcurrentHashMap::putVal (362 bytes)
Event: 12.221 Thread 0x00007f1b040dd800 nmethod 98 0x00007f1af5144ed0 code [0x00007f1af51451a0, 0x00007f1af5146b38]
Event: 12.756 Thread 0x00007f1b040db000  100  s    4       java.io.BufferedInputStream::read (49 bytes)
Event: 12.759 Thread 0x00007f1b040db000 nmethod 100 0x00007f1af514b5d0 code [0x00007f1af514b720, 0x00007f1af514bb48]
Event: 12.759 Thread 0x00007f1b040dd800  102       3       java.util.StringTokenizer::skipDelimiters (116 bytes)
Event: 12.892 Thread 0x00007f1b040dd800 nmethod 102 0x00007f1af514a190 code [0x00007f1af514a3a0, 0x00007f1af514af18]
Event: 12.892 Thread 0x00007f1b040dd800  101       3       java.io.DataInputStream::readInt (72 bytes)
Event: 12.931 Thread 0x00007f1b040dd800 nmethod 101 0x00007f1af5149850 code [0x00007f1af5149a00, 0x00007f1af5149f68]

GC Heap History (0 events):
No events

Deoptimization events (0 events):
No events

Classes redefined (0 events):
No events

Internal exceptions (7 events):
Event: 2.189 Thread 0x00007f1b0400a800 Exception <a 'java/lang/NoSuchMethodError': Method sun.misc.Unsafe.defineClass(Ljava/lang/String;[BII)Ljava/lang/Class; name or signature does not match> (0x00000000f8007cc0) thrown at [/build/source/hotspot/src/share/vm/prims/jni.cpp, line 4014]
Event: 2.189 Thread 0x00007f1b0400a800 Exception <a 'java/lang/NoSuchMethodError': Method sun.misc.Unsafe.prefetchRead(Ljava/lang/Object;J)V name or signature does not match> (0x00000000f8007fa8) thrown at [/build/source/hotspot/src/share/vm/prims/jni.cpp, line 4014]
Event: 11.103 Thread 0x00007f1b0400a800 Exception <a 'java/security/PrivilegedActionException'> (0x00000000f81a4e20) thrown at [/build/source/hotspot/src/share/vm/prims/jvm.cpp, line 1522]
Event: 11.103 Thread 0x00007f1b0400a800 Exception <a 'java/security/PrivilegedActionException'> (0x00000000f81a5218) thrown at [/build/source/hotspot/src/share/vm/prims/jvm.cpp, line 1522]
Event: 11.103 Thread 0x00007f1b0400a800 Exception <a 'java/security/PrivilegedActionException'> (0x00000000f81a8dd0) thrown at [/build/source/hotspot/src/share/vm/prims/jvm.cpp, line 1522]
Event: 11.103 Thread 0x00007f1b0400a800 Exception <a 'java/security/PrivilegedActionException'> (0x00000000f81a91c8) thrown at [/build/source/hotspot/src/share/vm/prims/jvm.cpp, line 1522]
Event: 13.727 Thread 0x00007f1b0400a800 Implicit null exception at 0x00007f1af5114107 to 0x0000000000000000

Events (10 events):
Event: 13.176 loading class io/github/waterfallmc/waterfall/event/ProxyExceptionEvent
Event: 13.176 loading class io/github/waterfallmc/waterfall/event/ProxyExceptionEvent done
Event: 13.185 loading class java/util/MissingResourceException
Event: 13.239 loading class java/util/MissingResourceException done
Event: 13.239 loading class java/util/PropertyResourceBundle
Event: 13.239 loading class java/util/PropertyResourceBundle done
Event: 13.239 loading class java/text/MessageFormat
Event: 13.305 loading class java/text/MessageFormat done
Event: 13.331 loading class net/md_5/bungee/api/config/ServerInfo
Event: 13.331 loading class net/md_5/bungee/api/config/ServerInfo done


Dynamic libraries:
f8000000-f8550000 rw-p 00000000 00:00 0 
f8550000-faaa0000 ---p 00000000 00:00 0 
faaa0000-fb550000 rw-p 00000000 00:00 0 
fb550000-100000000 ---p 00000000 00:00 0 
100000000-100080000 rw-p 00000000 00:00 0 
100080000-140000000 ---p 00000000 00:00 0 
55f1eff9f000-55f1effa0000 r--p 00000000 00:293f 9223372037534124076      /nix/store/arja5b2nhs4z9ajrcx4wiipjywcw1ip6-openjdk-8u322-ga-jre/lib/openjdk/jre/bin/java
55f1effa0000-55f1effa1000 r-xp 00001000 00:293f 9223372037534124076      /nix/store/arja5b2nhs4z9ajrcx4wiipjywcw1ip6-openjdk-8u322-ga-jre/lib/openjdk/jre/bin/java
55f1effa1000-55f1effa2000 r--p 00002000 00:293f 9223372037534124076      /nix/store/arja5b2nhs4z9ajrcx4wiipjywcw1ip6-openjdk-8u322-ga-jre/lib/openjdk/jre/bin/java
55f1effa2000-55f1effa3000 r--p 00002000 00:293f 9223372037534124076      /nix/store/arja5b2nhs4z9ajrcx4wiipjywcw1ip6-openjdk-8u322-ga-jre/lib/openjdk/jre/bin/java
55f1effa3000-55f1effa4000 rw-p 00003000 00:293f 9223372037534124076      /nix/store/arja5b2nhs4z9ajrcx4wiipjywcw1ip6-openjdk-8u322-ga-jre/lib/openjdk/jre/bin/java
55f1effa4000-55f1effa5000 rw-p 00004000 00:293f 9223372037534124076      /nix/store/arja5b2nhs4z9ajrcx4wiipjywcw1ip6-openjdk-8u322-ga-jre/lib/openjdk/jre/bin/java
55f1f1554000-55f1f15b7000 rw-p 00000000 00:00 0                          [heap]
7f1ad0000000-7f1ad0021000 rw-p 00000000 00:00 0 
7f1ad0021000-7f1ad4000000 ---p 00000000 00:00 0 
7f1ad8000000-7f1ad818c000 rw-p 00000000 00:00 0 
7f1ad818c000-7f1adc000000 ---p 00000000 00:00 0 
7f1adc000000-7f1adc021000 rw-p 00000000 00:00 0 
7f1adc021000-7f1ae0000000 ---p 00000000 00:00 0 
7f1ae0000000-7f1ae0021000 rw-p 00000000 00:00 0 
7f1ae0021000-7f1ae4000000 ---p 00000000 00:00 0 
7f1ae4000000-7f1ae4077000 rw-p 00000000 00:00 0 
7f1ae4077000-7f1ae8000000 ---p 00000000 00:00 0 
7f1ae8000000-7f1ae8021000 rw-p 00000000 00:00 0 
7f1ae8021000-7f1aec000000 ---p 00000000 00:00 0 
7f1aec000000-7f1aec021000 rw-p 00000000 00:00 0 
7f1aec021000-7f1af0000000 ---p 00000000 00:00 0 
7f1af0000000-7f1af0021000 rw-p 00000000 00:00 0 
7f1af0021000-7f1af4000000 ---p 00000000 00:00 0 
7f1af5000000-7f1af5270000 rwxp 00000000 00:00 0 
7f1af5270000-7f1b04000000 ---p 00000000 00:00 0 
7f1b04000000-7f1b0443d000 rw-p 00000000 00:00 0 
7f1b0443d000-7f1b08000000 ---p 00000000 00:00 0 
7f1b08668000-7f1b0866d000 r--p 00000000 00:293f 9223372037534124407      /nix/store/arja5b2nhs4z9ajrcx4wiipjywcw1ip6-openjdk-8u322-ga-jre/lib/openjdk/jre/lib/amd64/libnet.so
7f1b0866d000-7f1b0867e000 r-xp 00005000 00:293f 9223372037534124407      /nix/store/arja5b2nhs4z9ajrcx4wiipjywcw1ip6-openjdk-8u322-ga-jre/lib/openjdk/jre/lib/amd64/libnet.so
7f1b0867e000-7f1b08682000 r--p 00016000 00:293f 9223372037534124407      /nix/store/arja5b2nhs4z9ajrcx4wiipjywcw1ip6-openjdk-8u322-ga-jre/lib/openjdk/jre/lib/amd64/libnet.so
7f1b08682000-7f1b08683000 r--p 00019000 00:293f 9223372037534124407      /nix/store/arja5b2nhs4z9ajrcx4wiipjywcw1ip6-openjdk-8u322-ga-jre/lib/openjdk/jre/lib/amd64/libnet.so
7f1b08683000-7f1b08684000 rw-p 0001a000 00:293f 9223372037534124407      /nix/store/arja5b2nhs4z9ajrcx4wiipjywcw1ip6-openjdk-8u322-ga-jre/lib/openjdk/jre/lib/amd64/libnet.so
7f1b08684000-7f1b08687000 rw-p 00020000 00:293f 9223372037534124407      /nix/store/arja5b2nhs4z9ajrcx4wiipjywcw1ip6-openjdk-8u322-ga-jre/lib/openjdk/jre/lib/amd64/libnet.so
7f1b08687000-7f1b0868a000 rw-p 00023000 00:293f 9223372037534124407      /nix/store/arja5b2nhs4z9ajrcx4wiipjywcw1ip6-openjdk-8u322-ga-jre/lib/openjdk/jre/lib/amd64/libnet.so
7f1b0868a000-7f1b08691000 r--p 00000000 00:293f 9223372037534124411      /nix/store/arja5b2nhs4z9ajrcx4wiipjywcw1ip6-openjdk-8u322-ga-jre/lib/openjdk/jre/lib/amd64/libnio.so
7f1b08691000-7f1b08699000 r-xp 00007000 00:293f 9223372037534124411      /nix/store/arja5b2nhs4z9ajrcx4wiipjywcw1ip6-openjdk-8u322-ga-jre/lib/openjdk/jre/lib/amd64/libnio.so
7f1b08699000-7f1b0869c000 r--p 0000f000 00:293f 9223372037534124411      /nix/store/arja5b2nhs4z9ajrcx4wiipjywcw1ip6-openjdk-8u322-ga-jre/lib/openjdk/jre/lib/amd64/libnio.so
7f1b0869c000-7f1b0869d000 r--p 00012000 00:293f 9223372037534124411      /nix/store/arja5b2nhs4z9ajrcx4wiipjywcw1ip6-openjdk-8u322-ga-jre/lib/openjdk/jre/lib/amd64/libnio.so
7f1b0869d000-7f1b0869e000 rw-p 00013000 00:293f 9223372037534124411      /nix/store/arja5b2nhs4z9ajrcx4wiipjywcw1ip6-openjdk-8u322-ga-jre/lib/openjdk/jre/lib/amd64/libnio.so
7f1b0869e000-7f1b086a2000 rw-p 00019000 00:293f 9223372037534124411      /nix/store/arja5b2nhs4z9ajrcx4wiipjywcw1ip6-openjdk-8u322-ga-jre/lib/openjdk/jre/lib/amd64/libnio.so
7f1b086a2000-7f1b086a6000 rw-p 0001d000 00:293f 9223372037534124411      /nix/store/arja5b2nhs4z9ajrcx4wiipjywcw1ip6-openjdk-8u322-ga-jre/lib/openjdk/jre/lib/amd64/libnio.so
7f1b086a6000-7f1b087fd000 r--s 013a1000 00:15a6 357                      /home/runner/eaglercraftx/bungee/bungee.jar
7f1b087fd000-7f1b087fe000 ---p 00000000 00:00 0 
7f1b087fe000-7f1b088fe000 rw-p 00000000 00:00 0 
7f1b088fe000-7f1b08901000 ---p 00000000 00:00 0 
7f1b08901000-7f1b089fe000 rw-p 00000000 00:00 0 
7f1b089fe000-7f1b089ff000 ---p 00000000 00:00 0 
7f1b089ff000-7f1b08a02000 ---p 00000000 00:00 0 
7f1b08a02000-7f1b08aff000 rw-p 00000000 00:00 0 
7f1b08aff000-7f1b08b00000 ---p 00000000 00:00 0 
7f1b08b00000-7f1b08b03000 ---p 00000000 00:00 0 
7f1b08b03000-7f1b08c00000 rw-p 00000000 00:00 0 
7f1b08c00000-7f1b08c06000 r--s 000d3000 00:293f 9223372037534126385      /nix/store/arja5b2nhs4z9ajrcx4wiipjywcw1ip6-openjdk-8u322-ga-jre/lib/openjdk/jre/lib/jfr.jar
7f1b08c06000-7f1b08c09000 ---p 00000000 00:00 0 
7f1b08c09000-7f1b08d06000 rw-p 00000000 00:00 0 
7f1b08d06000-7f1b08fec000 r--p 00000000 00:2930 28444448                 /usr/lib/locale/locale-archive
7f1b08fec000-7f1b08fef000 ---p 00000000 00:00 0 
7f1b08fef000-7f1b090ec000 rw-p 00000000 00:00 0 
7f1b090ec000-7f1b090ef000 ---p 00000000 00:00 0 
7f1b090ef000-7f1b091ec000 rw-p 00000000 00:00 0 
7f1b091ec000-7f1b091ed000 ---p 00000000 00:00 0 
7f1b091ed000-7f1b0933b000 rw-p 00000000 00:00 0 
7f1b0933b000-7f1b0950c000 r--s 03cb6000 00:293f 9223372037534126401      /nix/store/arja5b2nhs4z9ajrcx4wiipjywcw1ip6-openjdk-8u322-ga-jre/lib/openjdk/jre/lib/rt.jar
7f1b0950c000-7f1b09a1d000 rw-p 00000000 00:00 0 
7f1b09a1d000-7f1b09ddd000 ---p 00000000 00:00 0 
7f1b09ddd000-7f1b09de3000 rw-p 00000000 00:00 0 
7f1b09de3000-7f1b09e08000 ---p 00000000 00:00 0 
7f1b09e08000-7f1b09e0b000 rw-p 00000000 00:00 0 
7f1b09e0b000-7f1b09e1d000 ---p 00000000 00:00 0 
7f1b09e1d000-7f1b09e23000 rw-p 00000000 00:00 0 
7f1b09e23000-7f1b09e48000 ---p 00000000 00:00 0 
7f1b09e48000-7f1b09e53000 rw-p 00000000 00:00 0 
7f1b09e53000-7f1b0a209000 ---p 00000000 00:00 0 
7f1b0a209000-7f1b0a20c000 r--p 00000000 00:293f 9223372037534124511      /nix/store/arja5b2nhs4z9ajrcx4wiipjywcw1ip6-openjdk-8u322-ga-jre/lib/openjdk/jre/lib/amd64/libzip.so
7f1b0a20c000-7f1b0a210000 r-xp 00003000 00:293f 9223372037534124511      /nix/store/arja5b2nhs4z9ajrcx4wiipjywcw1ip6-openjdk-8u322-ga-jre/lib/openjdk/jre/lib/amd64/libzip.so
7f1b0a210000-7f1b0a212000 r--p 00007000 00:293f 9223372037534124511      /nix/store/arja5b2nhs4z9ajrcx4wiipjywcw1ip6-openjdk-8u322-ga-jre/lib/openjdk/jre/lib/amd64/libzip.so
7f1b0a212000-7f1b0a213000 r--p 00008000 00:293f 9223372037534124511      /nix/store/arja5b2nhs4z9ajrcx4wiipjywcw1ip6-openjdk-8u322-ga-jre/lib/openjdk/jre/lib/amd64/libzip.so
7f1b0a213000-7f1b0a214000 rw-p 00009000 00:293f 9223372037534124511      /nix/store/arja5b2nhs4z9ajrcx4wiipjywcw1ip6-openjdk-8u322-ga-jre/lib/openjdk/jre/lib/amd64/libzip.so
7f1b0a214000-7f1b0a216000 rw-p 0000c000 00:293f 9223372037534124511      /nix/store/arja5b2nhs4z9ajrcx4wiipjywcw1ip6-openjdk-8u322-ga-jre/lib/openjdk/jre/lib/amd64/libzip.so
7f1b0a216000-7f1b0a218000 rw-p 0000e000 00:293f 9223372037534124511      /nix/store/arja5b2nhs4z9ajrcx4wiipjywcw1ip6-openjdk-8u322-ga-jre/lib/openjdk/jre/lib/amd64/libzip.so
7f1b0a218000-7f1b0a220000 rw-s 00000000 00:994 530                       /tmp/hsperfdata_runner/3053
7f1b0a220000-7f1b0a221000 rw-p 00000000 00:00 0 
7f1b0a221000-7f1b0a222000 ---p 00000000 00:00 0 
7f1b0a222000-7f1b0a22f000 r--p 00000000 00:293f 9223372037534124225      /nix/store/arja5b2nhs4z9ajrcx4wiipjywcw1ip6-openjdk-8u322-ga-jre/lib/openjdk/jre/lib/amd64/libjava.so
7f1b0a22f000-7f1b0a244000 r-xp 0000d000 00:293f 9223372037534124225      /nix/store/arja5b2nhs4z9ajrcx4wiipjywcw1ip6-openjdk-8u322-ga-jre/lib/openjdk/jre/lib/amd64/libjava.so
7f1b0a244000-7f1b0a24b000 r--p 00022000 00:293f 9223372037534124225      /nix/store/arja5b2nhs4z9ajrcx4wiipjywcw1ip6-openjdk-8u322-ga-jre/lib/openjdk/jre/lib/amd64/libjava.so
7f1b0a24b000-7f1b0a24c000 r--p 00028000 00:293f 9223372037534124225      /nix/store/arja5b2nhs4z9ajrcx4wiipjywcw1ip6-openjdk-8u322-ga-jre/lib/openjdk/jre/lib/amd64/libjava.so
7f1b0a24c000-7f1b0a24d000 rw-p 00029000 00:293f 9223372037534124225      /nix/store/arja5b2nhs4z9ajrcx4wiipjywcw1ip6-openjdk-8u322-ga-jre/lib/openjdk/jre/lib/amd64/libjava.so
7f1b0a24d000-7f1b0a24e000 rw-p 00000000 00:00 0 
7f1b0a24e000-7f1b0a254000 rw-p 00033000 00:293f 9223372037534124225      /nix/store/arja5b2nhs4z9ajrcx4wiipjywcw1ip6-openjdk-8u322-ga-jre/lib/openjdk/jre/lib/amd64/libjava.so
7f1b0a254000-7f1b0a259000 rw-p 00039000 00:293f 9223372037534124225      /nix/store/arja5b2nhs4z9ajrcx4wiipjywcw1ip6-openjdk-8u322-ga-jre/lib/openjdk/jre/lib/amd64/libjava.so
7f1b0a259000-7f1b0a25e000 r--p 00000000 00:293f 9223372037534124507      /nix/store/arja5b2nhs4z9ajrcx4wiipjywcw1ip6-openjdk-8u322-ga-jre/lib/openjdk/jre/lib/amd64/libverify.so
7f1b0a25e000-7f1b0a265000 r-xp 00005000 00:293f 9223372037534124507      /nix/store/arja5b2nhs4z9ajrcx4wiipjywcw1ip6-openjdk-8u322-ga-jre/lib/openjdk/jre/lib/amd64/libverify.so
7f1b0a265000-7f1b0a267000 r--p 0000c000 00:293f 9223372037534124507      /nix/store/arja5b2nhs4z9ajrcx4wiipjywcw1ip6-openjdk-8u322-ga-jre/lib/openjdk/jre/lib/amd64/libverify.so
7f1b0a267000-7f1b0a269000 r--p 0000d000 00:293f 9223372037534124507      /nix/store/arja5b2nhs4z9ajrcx4wiipjywcw1ip6-openjdk-8u322-ga-jre/lib/openjdk/jre/lib/amd64/libverify.so
7f1b0a269000-7f1b0a26a000 rw-p 0000f000 00:293f 9223372037534124507      /nix/store/arja5b2nhs4z9ajrcx4wiipjywcw1ip6-openjdk-8u322-ga-jre/lib/openjdk/jre/lib/amd64/libverify.so
7f1b0a26a000-7f1b0a26c000 rw-p 00011000 00:293f 9223372037534124507      /nix/store/arja5b2nhs4z9ajrcx4wiipjywcw1ip6-openjdk-8u322-ga-jre/lib/openjdk/jre/lib/amd64/libverify.so
7f1b0a26c000-7f1b0a26e000 rw-p 00013000 00:293f 9223372037534124507      /nix/store/arja5b2nhs4z9ajrcx4wiipjywcw1ip6-openjdk-8u322-ga-jre/lib/openjdk/jre/lib/amd64/libverify.so
7f1b0a26e000-7f1b0a26f000 ---p 00000000 00:00 0 
7f1b0a26f000-7f1b0a272000 ---p 00000000 00:00 0 
7f1b0a272000-7f1b0a36f000 rw-p 00000000 00:00 0 
7f1b0a36f000-7f1b0a372000 r--p 00000000 00:293f 9223372037532303436      /nix/store/mdck89nsfisflwjv6xv8ydj7dj0sj2pn-gcc-11.3.0-lib/lib/libgcc_s.so.1
7f1b0a372000-7f1b0a384000 r-xp 00003000 00:293f 9223372037532303436      /nix/store/mdck89nsfisflwjv6xv8ydj7dj0sj2pn-gcc-11.3.0-lib/lib/libgcc_s.so.1
7f1b0a384000-7f1b0a387000 r--p 00015000 00:293f 9223372037532303436      /nix/store/mdck89nsfisflwjv6xv8ydj7dj0sj2pn-gcc-11.3.0-lib/lib/libgcc_s.so.1
7f1b0a387000-7f1b0a388000 r--p 00018000 00:293f 9223372037532303436      /nix/store/mdck89nsfisflwjv6xv8ydj7dj0sj2pn-gcc-11.3.0-lib/lib/libgcc_s.so.1
7f1b0a388000-7f1b0a389000 rw-p 00019000 00:293f 9223372037532303436      /nix/store/mdck89nsfisflwjv6xv8ydj7dj0sj2pn-gcc-11.3.0-lib/lib/libgcc_s.so.1
7f1b0a389000-7f1b0a42a000 r--p 00000000 00:293f 9223372037532303461      /nix/store/mdck89nsfisflwjv6xv8ydj7dj0sj2pn-gcc-11.3.0-lib/lib/libstdc++.so.6.0.29
7f1b0a42a000-7f1b0a522000 r-xp 000a1000 00:293f 9223372037532303461      /nix/store/mdck89nsfisflwjv6xv8ydj7dj0sj2pn-gcc-11.3.0-lib/lib/libstdc++.so.6.0.29
7f1b0a522000-7f1b0a58e000 r--p 00199000 00:293f 9223372037532303461      /nix/store/mdck89nsfisflwjv6xv8ydj7dj0sj2pn-gcc-11.3.0-lib/lib/libstdc++.so.6.0.29
7f1b0a58e000-7f1b0a59b000 r--p 00205000 00:293f 9223372037532303461      /nix/store/mdck89nsfisflwjv6xv8ydj7dj0sj2pn-gcc-11.3.0-lib/lib/libstdc++.so.6.0.29
7f1b0a59b000-7f1b0a59c000 rw-p 00212000 00:293f 9223372037532303461      /nix/store/mdck89nsfisflwjv6xv8ydj7dj0sj2pn-gcc-11.3.0-lib/lib/libstdc++.so.6.0.29
7f1b0a59c000-7f1b0a59f000 rw-p 00000000 00:00 0 
7f1b0a59f000-7f1b0a794000 r--p 00000000 00:293f 9223372037534124522      /nix/store/arja5b2nhs4z9ajrcx4wiipjywcw1ip6-openjdk-8u322-ga-jre/lib/openjdk/jre/lib/amd64/server/libjvm.so
7f1b0a794000-7f1b0b0b6000 r-xp 001f5000 00:293f 9223372037534124522      /nix/store/arja5b2nhs4z9ajrcx4wiipjywcw1ip6-openjdk-8u322-ga-jre/lib/openjdk/jre/lib/amd64/server/libjvm.so
7f1b0b0b6000-7f1b0b262000 r--p 00b17000 00:293f 9223372037534124522      /nix/store/arja5b2nhs4z9ajrcx4wiipjywcw1ip6-openjdk-8u322-ga-jre/lib/openjdk/jre/lib/amd64/server/libjvm.so
7f1b0b262000-7f1b0b2f8000 r--p 00cc3000 00:293f 9223372037534124522      /nix/store/arja5b2nhs4z9ajrcx4wiipjywcw1ip6-openjdk-8u322-ga-jre/lib/openjdk/jre/lib/amd64/server/libjvm.so
7f1b0b2f8000-7f1b0b321000 rw-p 00d59000 00:293f 9223372037534124522      /nix/store/arja5b2nhs4z9ajrcx4wiipjywcw1ip6-openjdk-8u322-ga-jre/lib/openjdk/jre/lib/amd64/server/libjvm.so
7f1b0b321000-7f1b0b354000 rw-p 00000000 00:00 0 
7f1b0b354000-7f1b0b359000 rw-p 0100e000 00:293f 9223372037534124522      /nix/store/arja5b2nhs4z9ajrcx4wiipjywcw1ip6-openjdk-8u322-ga-jre/lib/openjdk/jre/lib/amd64/server/libjvm.so
7f1b0b359000-7f1b0b35c000 rw-p 01013000 00:293f 9223372037534124522      /nix/store/arja5b2nhs4z9ajrcx4wiipjywcw1ip6-openjdk-8u322-ga-jre/lib/openjdk/jre/lib/amd64/server/libjvm.so
7f1b0b35c000-7f1b0b365000 rw-p 00000000 00:00 0 
7f1b0b365000-7f1b0b368000 r--p 00000000 00:293f 9223372037533472831      /nix/store/jijvvmbza698qa6yjgr1ndgdgyryvq1i-libcap-2.66-lib/lib/libcap.so.2.66
7f1b0b368000-7f1b0b36d000 r-xp 00003000 00:293f 9223372037533472831      /nix/store/jijvvmbza698qa6yjgr1ndgdgyryvq1i-libcap-2.66-lib/lib/libcap.so.2.66
7f1b0b36d000-7f1b0b36f000 r--p 00008000 00:293f 9223372037533472831      /nix/store/jijvvmbza698qa6yjgr1ndgdgyryvq1i-libcap-2.66-lib/lib/libcap.so.2.66
7f1b0b36f000-7f1b0b370000 r--p 0000a000 00:293f 9223372037533472831      /nix/store/jijvvmbza698qa6yjgr1ndgdgyryvq1i-libcap-2.66-lib/lib/libcap.so.2.66
7f1b0b370000-7f1b0b371000 rw-p 0000b000 00:293f 9223372037533472831      /nix/store/jijvvmbza698qa6yjgr1ndgdgyryvq1i-libcap-2.66-lib/lib/libcap.so.2.66
7f1b0b371000-7f1b0b373000 r--p 00000000 00:293f 9223372037533485846      /nix/store/2rs0zshg1zhczv96rhhg3br9kypdf2bz-libdatrie-2019-12-20-lib/lib/libdatrie.so.1.3.5
7f1b0b373000-7f1b0b377000 r-xp 00002000 00:293f 9223372037533485846      /nix/store/2rs0zshg1zhczv96rhhg3br9kypdf2bz-libdatrie-2019-12-20-lib/lib/libdatrie.so.1.3.5
7f1b0b377000-7f1b0b379000 r--p 00006000 00:293f 9223372037533485846      /nix/store/2rs0zshg1zhczv96rhhg3br9kypdf2bz-libdatrie-2019-12-20-lib/lib/libdatrie.so.1.3.5
7f1b0b379000-7f1b0b37a000 r--p 00007000 00:293f 9223372037533485846      /nix/store/2rs0zshg1zhczv96rhhg3br9kypdf2bz-libdatrie-2019-12-20-lib/lib/libdatrie.so.1.3.5
7f1b0b37a000-7f1b0b37b000 rw-p 00008000 00:293f 9223372037533485846      /nix/store/2rs0zshg1zhczv96rhhg3br9kypdf2bz-libdatrie-2019-12-20-lib/lib/libdatrie.so.1.3.5
7f1b0b37b000-7f1b0b37d000 rw-p 00000000 00:00 0 
7f1b0b37d000-7f1b0b380000 r--p 00000000 00:293f 4611686018429464838      /nix/store/hisqvx32cd57apbpcsnkpx6k3549wql1-libglvnd-1.4.0/lib/libGLX.so.0.0.0
7f1b0b380000-7f1b0b39b000 r-xp 00003000 00:293f 4611686018429464838      /nix/store/hisqvx32cd57apbpcsnkpx6k3549wql1-libglvnd-1.4.0/lib/libGLX.so.0.0.0
7f1b0b39b000-7f1b0b39e000 r--p 0001e000 00:293f 4611686018429464838      /nix/store/hisqvx32cd57apbpcsnkpx6k3549wql1-libglvnd-1.4.0/lib/libGLX.so.0.0.0
7f1b0b39e000-7f1b0b39f000 ---p 00021000 00:293f 4611686018429464838      /nix/store/hisqvx32cd57apbpcsnkpx6k3549wql1-libglvnd-1.4.0/lib/libGLX.so.0.0.0
7f1b0b39f000-7f1b0b3a0000 r--p 00021000 00:293f 4611686018429464838      /nix/store/hisqvx32cd57apbpcsnkpx6k3549wql1-libglvnd-1.4.0/lib/libGLX.so.0.0.0
7f1b0b3a0000-7f1b0b3a1000 rw-p 00022000 00:293f 4611686018429464838      /nix/store/hisqvx32cd57apbpcsnkpx6k3549wql1-libglvnd-1.4.0/lib/libGLX.so.0.0.0
7f1b0b3a1000-7f1b0b3b1000 rw-p 00000000 00:00 0 
7f1b0b3b1000-7f1b0b3b2000 rw-p 00057000 00:293f 4611686018429464838      /nix/store/hisqvx32cd57apbpcsnkpx6k3549wql1-libglvnd-1.4.0/lib/libGLX.so.0.0.0
7f1b0b3b2000-7f1b0b3f3000 r--p 00000000 00:293f 4611686018429464854      /nix/store/hisqvx32cd57apbpcsnkpx6k3549wql1-libglvnd-1.4.0/lib/libGLdispatch.so.0.0.0
7f1b0b3f3000-7f1b0b432000 r-xp 00041000 00:293f 4611686018429464854      /nix/store/hisqvx32cd57apbpcsnkpx6k3549wql1-libglvnd-1.4.0/lib/libGLdispatch.so.0.0.0
7f1b0b432000-7f1b0b445000 r--p 00080000 00:293f 4611686018429464854      /nix/store/hisqvx32cd57apbpcsnkpx6k3549wql1-libglvnd-1.4.0/lib/libGLdispatch.so.0.0.0
7f1b0b445000-7f1b0b446000 ---p 00093000 00:293f 4611686018429464854      /nix/store/hisqvx32cd57apbpcsnkpx6k3549wql1-libglvnd-1.4.0/lib/libGLdispatch.so.0.0.0
7f1b0b446000-7f1b0b462000 r--p 00093000 00:293f 4611686018429464854      /nix/store/hisqvx32cd57apbpcsnkpx6k3549wql1-libglvnd-1.4.0/lib/libGLdispatch.so.0.0.0
7f1b0b462000-7f1b0b463000 rw-p 000af000 00:293f 4611686018429464854      /nix/store/hisqvx32cd57apbpcsnkpx6k3549wql1-libglvnd-1.4.0/lib/libGLdispatch.so.0.0.0
7f1b0b463000-7f1b0b46b000 rw-p 00000000 00:00 0 
7f1b0b46b000-7f1b0b46d000 r--p 00000000 00:293f 9223372037533472782      /nix/store/09gxmx43bc0snqc2hf094hnxpx2bb4hh-libXdmcp-1.1.3/lib/libXdmcp.so.6.0.0
7f1b0b46d000-7f1b0b46f000 r-xp 00002000 00:293f 9223372037533472782      /nix/store/09gxmx43bc0snqc2hf094hnxpx2bb4hh-libXdmcp-1.1.3/lib/libXdmcp.so.6.0.0
7f1b0b46f000-7f1b0b471000 r--p 00004000 00:293f 9223372037533472782      /nix/store/09gxmx43bc0snqc2hf094hnxpx2bb4hh-libXdmcp-1.1.3/lib/libXdmcp.so.6.0.0
7f1b0b471000-7f1b0b472000 r--p 00005000 00:293f 9223372037533472782      /nix/store/09gxmx43bc0snqc2hf094hnxpx2bb4hh-libXdmcp-1.1.3/lib/libXdmcp.so.6.0.0
7f1b0b472000-7f1b0b473000 rw-p 00006000 00:293f 9223372037533472782      /nix/store/09gxmx43bc0snqc2hf094hnxpx2bb4hh-libXdmcp-1.1.3/lib/libXdmcp.so.6.0.0
7f1b0b473000-7f1b0b474000 r--p 00000000 00:293f 9223372037533472719      /nix/store/8ypkjcki98cwblzc4k0kblxz2zpjqj45-libXau-1.0.9/lib/libXau.so.6.0.0
7f1b0b474000-7f1b0b475000 r-xp 00001000 00:293f 9223372037533472719      /nix/store/8ypkjcki98cwblzc4k0kblxz2zpjqj45-libXau-1.0.9/lib/libXau.so.6.0.0
7f1b0b475000-7f1b0b476000 r--p 00002000 00:293f 9223372037533472719      /nix/store/8ypkjcki98cwblzc4k0kblxz2zpjqj45-libXau-1.0.9/lib/libXau.so.6.0.0
7f1b0b476000-7f1b0b477000 r--p 00002000 00:293f 9223372037533472719      /nix/store/8ypkjcki98cwblzc4k0kblxz2zpjqj45-libXau-1.0.9/lib/libXau.so.6.0.0
7f1b0b477000-7f1b0b478000 rw-p 00003000 00:293f 9223372037533472719      /nix/store/8ypkjcki98cwblzc4k0kblxz2zpjqj45-libXau-1.0.9/lib/libXau.so.6.0.0
7f1b0b478000-7f1b0b47a000 rw-p 00000000 00:00 0 
7f1b0b47a000-7f1b0b491000 r--p 00000000 00:293f 9223372037533870545      /nix/store/adnxnv29s3nnrxrv19z5jnqzww0jd1aa-systemd-minimal-251.7/lib/libsystemd.so.0.34.0
7f1b0b491000-7f1b0b51d000 r-xp 00017000 00:293f 9223372037533870545      /nix/store/adnxnv29s3nnrxrv19z5jnqzww0jd1aa-systemd-minimal-251.7/lib/libsystemd.so.0.34.0
7f1b0b51d000-7f1b0b558000 r--p 000a3000 00:293f 9223372037533870545      /nix/store/adnxnv29s3nnrxrv19z5jnqzww0jd1aa-systemd-minimal-251.7/lib/libsystemd.so.0.34.0
7f1b0b558000-7f1b0b564000 r--p 000de000 00:293f 9223372037533870545      /nix/store/adnxnv29s3nnrxrv19z5jnqzww0jd1aa-systemd-minimal-251.7/lib/libsystemd.so.0.34.0
7f1b0b564000-7f1b0b565000 rw-p 000ea000 00:293f 9223372037533870545      /nix/store/adnxnv29s3nnrxrv19z5jnqzww0jd1aa-systemd-minimal-251.7/lib/libsystemd.so.0.34.0
7f1b0b565000-7f1b0b566000 rw-p 00000000 00:00 0 
7f1b0b566000-7f1b0b568000 r--p 00000000 00:293f 9223372037533484464      /nix/store/1dgws25664p544znpc6f1nh9xmjf4ykc-pcre-8.45/lib/libpcre.so.1.2.13
7f1b0b568000-7f1b0b5bf000 r-xp 00002000 00:293f 9223372037533484464      /nix/store/1dgws25664p544znpc6f1nh9xmjf4ykc-pcre-8.45/lib/libpcre.so.1.2.13
7f1b0b5bf000-7f1b0b5dc000 r--p 00059000 00:293f 9223372037533484464      /nix/store/1dgws25664p544znpc6f1nh9xmjf4ykc-pcre-8.45/lib/libpcre.so.1.2.13
7f1b0b5dc000-7f1b0b5dd000 r--p 00075000 00:293f 9223372037533484464      /nix/store/1dgws25664p544znpc6f1nh9xmjf4ykc-pcre-8.45/lib/libpcre.so.1.2.13
7f1b0b5dd000-7f1b0b5de000 rw-p 00076000 00:293f 9223372037533484464      /nix/store/1dgws25664p544znpc6f1nh9xmjf4ykc-pcre-8.45/lib/libpcre.so.1.2.13
7f1b0b5de000-7f1b0b5e8000 r--p 00000000 00:293f 9223372037533490636      /nix/store/acvafmp652dj67f4g3sdx68n2mg1afz4-util-linux-minimal-2.38.1-lib/lib/libblkid.so.1.1.0
7f1b0b5e8000-7f1b0b61e000 r-xp 0000a000 00:293f 9223372037533490636      /nix/store/acvafmp652dj67f4g3sdx68n2mg1afz4-util-linux-minimal-2.38.1-lib/lib/libblkid.so.1.1.0
7f1b0b61e000-7f1b0b62f000 r--p 00040000 00:293f 9223372037533490636      /nix/store/acvafmp652dj67f4g3sdx68n2mg1afz4-util-linux-minimal-2.38.1-lib/lib/libblkid.so.1.1.0
7f1b0b62f000-7f1b0b635000 r--p 00051000 00:293f 9223372037533490636      /nix/store/acvafmp652dj67f4g3sdx68n2mg1afz4-util-linux-minimal-2.38.1-lib/lib/libblkid.so.1.1.0
7f1b0b635000-7f1b0b636000 rw-p 00057000 00:293f 9223372037533490636      /nix/store/acvafmp652dj67f4g3sdx68n2mg1afz4-util-linux-minimal-2.38.1-lib/lib/libblkid.so.1.1.0
7f1b0b636000-7f1b0b639000 r--p 00000000 00:293f 9223372037533472459      /nix/store/ppipcv58wj9xp7impnqblrhz5j9q1gdg-graphite2-1.3.14/lib/libgraphite2.so.3.2.1
7f1b0b639000-7f1b0b656000 r-xp 00003000 00:293f 9223372037533472459      /nix/store/ppipcv58wj9xp7impnqblrhz5j9q1gdg-graphite2-1.3.14/lib/libgraphite2.so.3.2.1
7f1b0b656000-7f1b0b65b000 r--p 00020000 00:293f 9223372037533472459      /nix/store/ppipcv58wj9xp7impnqblrhz5j9q1gdg-graphite2-1.3.14/lib/libgraphite2.so.3.2.1
7f1b0b65b000-7f1b0b65d000 r--p 00024000 00:293f 9223372037533472459      /nix/store/ppipcv58wj9xp7impnqblrhz5j9q1gdg-graphite2-1.3.14/lib/libgraphite2.so.3.2.1
7f1b0b65d000-7f1b0b65e000 rw-p 00026000 00:293f 9223372037533472459      /nix/store/ppipcv58wj9xp7impnqblrhz5j9q1gdg-graphite2-1.3.14/lib/libgraphite2.so.3.2.1
7f1b0b65e000-7f1b0b660000 rw-p 00000000 00:00 0 
7f1b0b660000-7f1b0b663000 r--p 00000000 00:293f 9223372037533486669      /nix/store/cjdm2inq3madwqpnnddi59vv5yd89m52-pcre2-10.40/lib/libpcre2-8.so.0.11.0
7f1b0b663000-7f1b0b6d1000 r-xp 00003000 00:293f 9223372037533486669      /nix/store/cjdm2inq3madwqpnnddi59vv5yd89m52-pcre2-10.40/lib/libpcre2-8.so.0.11.0
7f1b0b6d1000-7f1b0b6fc000 r--p 00071000 00:293f 9223372037533486669      /nix/store/cjdm2inq3madwqpnnddi59vv5yd89m52-pcre2-10.40/lib/libpcre2-8.so.0.11.0
7f1b0b6fc000-7f1b0b6fd000 r--p 0009c000 00:293f 9223372037533486669      /nix/store/cjdm2inq3madwqpnnddi59vv5yd89m52-pcre2-10.40/lib/libpcre2-8.so.0.11.0
7f1b0b6fd000-7f1b0b6fe000 rw-p 0009d000 00:293f 9223372037533486669      /nix/store/cjdm2inq3madwqpnnddi59vv5yd89m52-pcre2-10.40/lib/libpcre2-8.so.0.11.0
7f1b0b6fe000-7f1b0b700000 r--p 00000000 00:293f 9223372037533473396      /nix/store/xghl0l2f6byzqvy06ana2y4isqwa7blw-libffi-3.4.4/lib/libffi.so.8.1.2
7f1b0b700000-7f1b0b707000 r-xp 00002000 00:293f 9223372037533473396      /nix/store/xghl0l2f6byzqvy06ana2y4isqwa7blw-libffi-3.4.4/lib/libffi.so.8.1.2
7f1b0b707000-7f1b0b709000 r--p 00009000 00:293f 9223372037533473396      /nix/store/xghl0l2f6byzqvy06ana2y4isqwa7blw-libffi-3.4.4/lib/libffi.so.8.1.2
7f1b0b709000-7f1b0b70a000 r--p 0000a000 00:293f 9223372037533473396      /nix/store/xghl0l2f6byzqvy06ana2y4isqwa7blw-libffi-3.4.4/lib/libffi.so.8.1.2
7f1b0b70a000-7f1b0b70b000 rw-p 0000b000 00:293f 9223372037533473396      /nix/store/xghl0l2f6byzqvy06ana2y4isqwa7blw-libffi-3.4.4/lib/libffi.so.8.1.2
7f1b0b70b000-7f1b0b70e000 r--p 00000000 00:293f 9223372037533488759      /nix/store/j49aryma2g2np2ycs9hplx4w8xmvwxnf-libthai-0.1.29/lib/libthai.so.0.3.1
7f1b0b70e000-7f1b0b712000 r-xp 00003000 00:293f 9223372037533488759      /nix/store/j49aryma2g2np2ycs9hplx4w8xmvwxnf-libthai-0.1.29/lib/libthai.so.0.3.1
7f1b0b712000-7f1b0b715000 r--p 00007000 00:293f 9223372037533488759      /nix/store/j49aryma2g2np2ycs9hplx4w8xmvwxnf-libthai-0.1.29/lib/libthai.so.0.3.1
7f1b0b715000-7f1b0b716000 r--p 00009000 00:293f 9223372037533488759      /nix/store/j49aryma2g2np2ycs9hplx4w8xmvwxnf-libthai-0.1.29/lib/libthai.so.0.3.1
7f1b0b716000-7f1b0b717000 rw-p 0000a000 00:293f 9223372037533488759      /nix/store/j49aryma2g2np2ycs9hplx4w8xmvwxnf-libthai-0.1.29/lib/libthai.so.0.3.1
7f1b0b717000-7f1b0b719000 r--p 00000000 00:293f 9223372037531798929      /nix/store/qx1955hp5ghvp6j3g4vxyli87wbmc35w-fribidi-1.0.12/lib/libfribidi.so.0.4.0
7f1b0b719000-7f1b0b71e000 r-xp 00002000 00:293f 9223372037531798929      /nix/store/qx1955hp5ghvp6j3g4vxyli87wbmc35w-fribidi-1.0.12/lib/libfribidi.so.0.4.0
7f1b0b71e000-7f1b0b735000 r--p 00007000 00:293f 9223372037531798929      /nix/store/qx1955hp5ghvp6j3g4vxyli87wbmc35w-fribidi-1.0.12/lib/libfribidi.so.0.4.0
7f1b0b735000-7f1b0b736000 r--p 0001d000 00:293f 9223372037531798929      /nix/store/qx1955hp5ghvp6j3g4vxyli87wbmc35w-fribidi-1.0.12/lib/libfribidi.so.0.4.0
7f1b0b736000-7f1b0b737000 rw-p 0001e000 00:293f 9223372037531798929      /nix/store/qx1955hp5ghvp6j3g4vxyli87wbmc35w-fribidi-1.0.12/lib/libfribidi.so.0.4.0
7f1b0b737000-7f1b0b739000 rw-p 00000000 00:00 0 
7f1b0b739000-7f1b0b73e000 r--p 00000000 00:293f 9223372037533473740      /nix/store/ip2qihjd99hcdnr1vpp53dxz5dfsl5fd-libjpeg-turbo-2.1.4/lib/libjpeg.so.62.3.0
7f1b0b73e000-7f1b0b7a3000 r-xp 00005000 00:293f 9223372037533473740      /nix/store/ip2qihjd99hcdnr1vpp53dxz5dfsl5fd-libjpeg-turbo-2.1.4/lib/libjpeg.so.62.3.0
7f1b0b7a3000-7f1b0b7e6000 r--p 0006a000 00:293f 9223372037533473740      /nix/store/ip2qihjd99hcdnr1vpp53dxz5dfsl5fd-libjpeg-turbo-2.1.4/lib/libjpeg.so.62.3.0
7f1b0b7e6000-7f1b0b7e7000 r--p 000ac000 00:293f 9223372037533473740      /nix/store/ip2qihjd99hcdnr1vpp53dxz5dfsl5fd-libjpeg-turbo-2.1.4/lib/libjpeg.so.62.3.0
7f1b0b7e7000-7f1b0b7e8000 rw-p 000ad000 00:293f 9223372037533473740      /nix/store/ip2qihjd99hcdnr1vpp53dxz5dfsl5fd-libjpeg-turbo-2.1.4/lib/libjpeg.so.62.3.0
7f1b0b7e8000-7f1b0b7e9000 r--p 00000000 00:293f 9223372037455367850      /nix/store/4nlgxhb09sdr51nc9hdm8az5b08vzkgx-glibc-2.35-163/lib/librt.so.1
7f1b0b7e9000-7f1b0b7ea000 r-xp 00001000 00:293f 9223372037455367850      /nix/store/4nlgxhb09sdr51nc9hdm8az5b08vzkgx-glibc-2.35-163/lib/librt.so.1
7f1b0b7ea000-7f1b0b7eb000 r--p 00002000 00:293f 9223372037455367850      /nix/store/4nlgxhb09sdr51nc9hdm8az5b08vzkgx-glibc-2.35-163/lib/librt.so.1
7f1b0b7eb000-7f1b0b7ec000 r--p 00002000 00:293f 9223372037455367850      /nix/store/4nlgxhb09sdr51nc9hdm8az5b08vzkgx-glibc-2.35-163/lib/librt.so.1
7f1b0b7ec000-7f1b0b7ed000 rw-p 00003000 00:293f 9223372037455367850      /nix/store/4nlgxhb09sdr51nc9hdm8az5b08vzkgx-glibc-2.35-163/lib/librt.so.1
7f1b0b7ed000-7f1b0b836000 r--p 00000000 00:293f 4611686018429464842      /nix/store/hisqvx32cd57apbpcsnkpx6k3549wql1-libglvnd-1.4.0/lib/libGL.so.1.7.0
7f1b0b836000-7f1b0b856000 r-xp 00049000 00:293f 4611686018429464842      /nix/store/hisqvx32cd57apbpcsnkpx6k3549wql1-libglvnd-1.4.0/lib/libGL.so.1.7.0
7f1b0b856000-7f1b0b86b000 r--p 00069000 00:293f 4611686018429464842      /nix/store/hisqvx32cd57apbpcsnkpx6k3549wql1-libglvnd-1.4.0/lib/libGL.so.1.7.0
7f1b0b86b000-7f1b0b879000 r--p 0007d000 00:293f 4611686018429464842      /nix/store/hisqvx32cd57apbpcsnkpx6k3549wql1-libglvnd-1.4.0/lib/libGL.so.1.7.0
7f1b0b879000-7f1b0b87a000 rw-p 0008b000 00:293f 4611686018429464842      /nix/store/hisqvx32cd57apbpcsnkpx6k3549wql1-libglvnd-1.4.0/lib/libGL.so.1.7.0
7f1b0b87a000-7f1b0b87b000 rw-p 00000000 00:00 0 
7f1b0b87b000-7f1b0b881000 r--p 00000000 00:293f 9223372037533474803      /nix/store/xs3v53gpwwpz34aj5h51rz4wxmjfrf08-libxcb-1.14/lib/libxcb-render.so.0.0.0
7f1b0b881000-7f1b0b886000 r-xp 00006000 00:293f 9223372037533474803      /nix/store/xs3v53gpwwpz34aj5h51rz4wxmjfrf08-libxcb-1.14/lib/libxcb-render.so.0.0.0
7f1b0b886000-7f1b0b888000 r--p 0000b000 00:293f 9223372037533474803      /nix/store/xs3v53gpwwpz34aj5h51rz4wxmjfrf08-libxcb-1.14/lib/libxcb-render.so.0.0.0
7f1b0b888000-7f1b0b889000 r--p 0000d000 00:293f 9223372037533474803      /nix/store/xs3v53gpwwpz34aj5h51rz4wxmjfrf08-libxcb-1.14/lib/libxcb-render.so.0.0.0
7f1b0b889000-7f1b0b88a000 rw-p 0000e000 00:293f 9223372037533474803      /nix/store/xs3v53gpwwpz34aj5h51rz4wxmjfrf08-libxcb-1.14/lib/libxcb-render.so.0.0.0
7f1b0b88a000-7f1b0b88b000 r--p 00000000 00:293f 9223372037533474857      /nix/store/xs3v53gpwwpz34aj5h51rz4wxmjfrf08-libxcb-1.14/lib/libxcb-shm.so.0.0.0
7f1b0b88b000-7f1b0b88c000 r-xp 00001000 00:293f 9223372037533474857      /nix/store/xs3v53gpwwpz34aj5h51rz4wxmjfrf08-libxcb-1.14/lib/libxcb-shm.so.0.0.0
7f1b0b88c000-7f1b0b88d000 r--p 00002000 00:293f 9223372037533474857      /nix/store/xs3v53gpwwpz34aj5h51rz4wxmjfrf08-libxcb-1.14/lib/libxcb-shm.so.0.0.0
7f1b0b88d000-7f1b0b88e000 r--p 00002000 00:293f 9223372037533474857      /nix/store/xs3v53gpwwpz34aj5h51rz4wxmjfrf08-libxcb-1.14/lib/libxcb-shm.so.0.0.0
7f1b0b88e000-7f1b0b88f000 rw-p 00003000 00:293f 9223372037533474857      /nix/store/xs3v53gpwwpz34aj5h51rz4wxmjfrf08-libxcb-1.14/lib/libxcb-shm.so.0.0.0
7f1b0b88f000-7f1b0b891000 rw-p 00000000 00:00 0 
7f1b0b891000-7f1b0b894000 r--p 00000000 00:293f 4611686018429464843      /nix/store/hisqvx32cd57apbpcsnkpx6k3549wql1-libglvnd-1.4.0/lib/libEGL.so.1.1.0
7f1b0b894000-7f1b0b8a0000 r-xp 00003000 00:293f 4611686018429464843      /nix/store/hisqvx32cd57apbpcsnkpx6k3549wql1-libglvnd-1.4.0/lib/libEGL.so.1.1.0
7f1b0b8a0000-7f1b0b8a5000 r--p 0000f000 00:293f 4611686018429464843      /nix/store/hisqvx32cd57apbpcsnkpx6k3549wql1-libglvnd-1.4.0/lib/libEGL.so.1.1.0
7f1b0b8a5000-7f1b0b8a6000 r--p 00013000 00:293f 4611686018429464843      /nix/store/hisqvx32cd57apbpcsnkpx6k3549wql1-libglvnd-1.4.0/lib/libEGL.so.1.1.0
7f1b0b8a6000-7f1b0b8a7000 rw-p 00014000 00:293f 4611686018429464843      /nix/store/hisqvx32cd57apbpcsnkpx6k3549wql1-libglvnd-1.4.0/lib/libEGL.so.1.1.0
7f1b0b8a7000-7f1b0b8b2000 r--p 00000000 00:293f 9223372037533486886      /nix/store/4y2cc1fv776f8mg2j1mk4f5bna71am4q-pixman-0.42.2/lib/libpixman-1.so.0.42.2
7f1b0b8b2000-7f1b0b937000 r-xp 0000b000 00:293f 9223372037533486886      /nix/store/4y2cc1fv776f8mg2j1mk4f5bna71am4q-pixman-0.42.2/lib/libpixman-1.so.0.42.2
7f1b0b937000-7f1b0b949000 r--p 00090000 00:293f 9223372037533486886      /nix/store/4y2cc1fv776f8mg2j1mk4f5bna71am4q-pixman-0.42.2/lib/libpixman-1.so.0.42.2
7f1b0b949000-7f1b0b951000 r--p 000a2000 00:293f 9223372037533486886      /nix/store/4y2cc1fv776f8mg2j1mk4f5bna71am4q-pixman-0.42.2/lib/libpixman-1.so.0.42.2
7f1b0b951000-7f1b0b952000 rw-p 000aa000 00:293f 9223372037533486886      /nix/store/4y2cc1fv776f8mg2j1mk4f5bna71am4q-pixman-0.42.2/lib/libpixman-1.so.0.42.2
7f1b0b952000-7f1b0b95f000 r--p 00000000 00:293f 9223372037533475126      /nix/store/xs3v53gpwwpz34aj5h51rz4wxmjfrf08-libxcb-1.14/lib/libxcb.so.1.1.0
7f1b0b95f000-7f1b0b972000 r-xp 0000d000 00:293f 9223372037533475126      /nix/store/xs3v53gpwwpz34aj5h51rz4wxmjfrf08-libxcb-1.14/lib/libxcb.so.1.1.0
7f1b0b972000-7f1b0b97b000 r--p 00020000 00:293f 9223372037533475126      /nix/store/xs3v53gpwwpz34aj5h51rz4wxmjfrf08-libxcb-1.14/lib/libxcb.so.1.1.0
7f1b0b97b000-7f1b0b97c000 r--p 00028000 00:293f 9223372037533475126      /nix/store/xs3v53gpwwpz34aj5h51rz4wxmjfrf08-libxcb-1.14/lib/libxcb.so.1.1.0
7f1b0b97c000-7f1b0b97d000 rw-p 00029000 00:293f 9223372037533475126      /nix/store/xs3v53gpwwpz34aj5h51rz4wxmjfrf08-libxcb-1.14/lib/libxcb.so.1.1.0
7f1b0b97d000-7f1b0b98f000 r--p 00000000 00:293f 9223372037533470371      /nix/store/ijz81p08bp812q2bvv77lz9qpfzncibd-gmp-with-cxx-6.2.1/lib/libgmp.so.10.4.1
7f1b0b98f000-7f1b0ba03000 r-xp 00012000 00:293f 9223372037533470371      /nix/store/ijz81p08bp812q2bvv77lz9qpfzncibd-gmp-with-cxx-6.2.1/lib/libgmp.so.10.4.1
7f1b0ba03000-7f1b0ba1a000 r--p 00086000 00:293f 9223372037533470371      /nix/store/ijz81p08bp812q2bvv77lz9qpfzncibd-gmp-with-cxx-6.2.1/lib/libgmp.so.10.4.1
7f1b0ba1a000-7f1b0ba1c000 r--p 0009d000 00:293f 9223372037533470371      /nix/store/ijz81p08bp812q2bvv77lz9qpfzncibd-gmp-with-cxx-6.2.1/lib/libgmp.so.10.4.1
7f1b0ba1c000-7f1b0ba1d000 rw-p 0009f000 00:293f 9223372037533470371      /nix/store/ijz81p08bp812q2bvv77lz9qpfzncibd-gmp-with-cxx-6.2.1/lib/libgmp.so.10.4.1
7f1b0ba1d000-7f1b0ba1f000 rw-p 00000000 00:00 0 
7f1b0ba1f000-7f1b0ba29000 r--p 00000000 00:293f 9223372037533598892      /nix/store/raz5jjjszg123qlmx07dv0w5zjqf2x3y-nettle-3.8.1/lib/libhogweed.so.6.6
7f1b0ba29000-7f1b0ba3c000 r-xp 0000a000 00:293f 9223372037533598892      /nix/store/raz5jjjszg123qlmx07dv0w5zjqf2x3y-nettle-3.8.1/lib/libhogweed.so.6.6
7f1b0ba3c000-7f1b0ba66000 r--p 0001d000 00:293f 9223372037533598892      /nix/store/raz5jjjszg123qlmx07dv0w5zjqf2x3y-nettle-3.8.1/lib/libhogweed.so.6.6
7f1b0ba66000-7f1b0ba68000 r--p 00047000 00:293f 9223372037533598892      /nix/store/raz5jjjszg123qlmx07dv0w5zjqf2x3y-nettle-3.8.1/lib/libhogweed.so.6.6
7f1b0ba68000-7f1b0ba69000 rw-p 00049000 00:293f 9223372037533598892      /nix/store/raz5jjjszg123qlmx07dv0w5zjqf2x3y-nettle-3.8.1/lib/libhogweed.so.6.6
7f1b0ba69000-7f1b0ba77000 r--p 00000000 00:293f 9223372037533598906      /nix/store/raz5jjjszg123qlmx07dv0w5zjqf2x3y-nettle-3.8.1/lib/libnettle.so.8.6
7f1b0ba77000-7f1b0ba9d000 r-xp 0000e000 00:293f 9223372037533598906      /nix/store/raz5jjjszg123qlmx07dv0w5zjqf2x3y-nettle-3.8.1/lib/libnettle.so.8.6
7f1b0ba9d000-7f1b0bab4000 r--p 00034000 00:293f 9223372037533598906      /nix/store/raz5jjjszg123qlmx07dv0w5zjqf2x3y-nettle-3.8.1/lib/libnettle.so.8.6
7f1b0bab4000-7f1b0bab6000 r--p 0004b000 00:293f 9223372037533598906      /nix/store/raz5jjjszg123qlmx07dv0w5zjqf2x3y-nettle-3.8.1/lib/libnettle.so.8.6
7f1b0bab6000-7f1b0bab7000 rw-p 0004d000 00:293f 9223372037533598906      /nix/store/raz5jjjszg123qlmx07dv0w5zjqf2x3y-nettle-3.8.1/lib/libnettle.so.8.6
7f1b0bab7000-7f1b0baba000 r--p 00000000 00:293f 9223372037533488306      /nix/store/vzrbz3lvmiziy3i79rzmk01wfprhwjh0-libtasn1-4.19.0/lib/libtasn1.so.6.6.3
7f1b0baba000-7f1b0bac6000 r-xp 00003000 00:293f 9223372037533488306      /nix/store/vzrbz3lvmiziy3i79rzmk01wfprhwjh0-libtasn1-4.19.0/lib/libtasn1.so.6.6.3
7f1b0bac6000-7f1b0baca000 r--p 0000f000 00:293f 9223372037533488306      /nix/store/vzrbz3lvmiziy3i79rzmk01wfprhwjh0-libtasn1-4.19.0/lib/libtasn1.so.6.6.3
7f1b0baca000-7f1b0bacb000 r--p 00013000 00:293f 9223372037533488306      /nix/store/vzrbz3lvmiziy3i79rzmk01wfprhwjh0-libtasn1-4.19.0/lib/libtasn1.so.6.6.3
7f1b0bacb000-7f1b0bacc000 rw-p 00014000 00:293f 9223372037533488306      /nix/store/vzrbz3lvmiziy3i79rzmk01wfprhwjh0-libtasn1-4.19.0/lib/libtasn1.so.6.6.3
7f1b0bacc000-7f1b0badf000 r--p 00000000 00:293f 9223372037434543708      /nix/store/34xlpp3j3vy7ksn09zh44f1c04w77khf-libunistring-1.0/lib/libunistring.so.2.2.0
7f1b0badf000-7f1b0bb14000 r-xp 00013000 00:293f 9223372037434543708      /nix/store/34xlpp3j3vy7ksn09zh44f1c04w77khf-libunistring-1.0/lib/libunistring.so.2.2.0
7f1b0bb14000-7f1b0bc73000 r--p 00048000 00:293f 9223372037434543708      /nix/store/34xlpp3j3vy7ksn09zh44f1c04w77khf-libunistring-1.0/lib/libunistring.so.2.2.0
7f1b0bc73000-7f1b0bc77000 r--p 001a6000 00:293f 9223372037434543708      /nix/store/34xlpp3j3vy7ksn09zh44f1c04w77khf-libunistring-1.0/lib/libunistring.so.2.2.0
7f1b0bc77000-7f1b0bc78000 rw-p 001aa000 00:293f 9223372037434543708      /nix/store/34xlpp3j3vy7ksn09zh44f1c04w77khf-libunistring-1.0/lib/libunistring.so.2.2.0
7f1b0bc78000-7f1b0bc7a000 r--p 00000000 00:293f 9223372037449593805      /nix/store/5mh5019jigj0k14rdnjam1xwk5avn1id-libidn2-2.3.2/lib/libidn2.so.0.3.7
7f1b0bc7a000-7f1b0bc7f000 r-xp 00002000 00:293f 9223372037449593805      /nix/store/5mh5019jigj0k14rdnjam1xwk5avn1id-libidn2-2.3.2/lib/libidn2.so.0.3.7
7f1b0bc7f000-7f1b0bc98000 r--p 00007000 00:293f 9223372037449593805      /nix/store/5mh5019jigj0k14rdnjam1xwk5avn1id-libidn2-2.3.2/lib/libidn2.so.0.3.7
7f1b0bc98000-7f1b0bc99000 r--p 0001f000 00:293f 9223372037449593805      /nix/store/5mh5019jigj0k14rdnjam1xwk5avn1id-libidn2-2.3.2/lib/libidn2.so.0.3.7
7f1b0bc99000-7f1b0bc9a000 rw-p 00020000 00:293f 9223372037449593805      /nix/store/5mh5019jigj0k14rdnjam1xwk5avn1id-libidn2-2.3.2/lib/libidn2.so.0.3.7
7f1b0bc9a000-7f1b0bc9c000 rw-p 00000000 00:00 0 
7f1b0bc9c000-7f1b0bcc8000 r--p 00000000 00:293f 9223372037533599450      /nix/store/h6hww2m19vbc93n6511zvhd810cql278-p11-kit-0.24.1/lib/libp11-kit.so.0.3.0
7f1b0bcc8000-7f1b0bd61000 r-xp 0002c000 00:293f 9223372037533599450      /nix/store/h6hww2m19vbc93n6511zvhd810cql278-p11-kit-0.24.1/lib/libp11-kit.so.0.3.0
7f1b0bd61000-7f1b0bdbd000 r--p 000c5000 00:293f 9223372037533599450      /nix/store/h6hww2m19vbc93n6511zvhd810cql278-p11-kit-0.24.1/lib/libp11-kit.so.0.3.0
7f1b0bdbd000-7f1b0bdc8000 r--p 00120000 00:293f 9223372037533599450      /nix/store/h6hww2m19vbc93n6511zvhd810cql278-p11-kit-0.24.1/lib/libp11-kit.so.0.3.0
7f1b0bdc8000-7f1b0bdd2000 rw-p 0012b000 00:293f 9223372037533599450      /nix/store/h6hww2m19vbc93n6511zvhd810cql278-p11-kit-0.24.1/lib/libp11-kit.so.0.3.0
7f1b0bdd2000-7f1b0bdd3000 r--p 00000000 00:293f 9223372037532303456      /nix/store/mdck89nsfisflwjv6xv8ydj7dj0sj2pn-gcc-11.3.0-lib/lib/libssp.so.0.0.0
7f1b0bdd3000-7f1b0bdd4000 r-xp 00001000 00:293f 9223372037532303456      /nix/store/mdck89nsfisflwjv6xv8ydj7dj0sj2pn-gcc-11.3.0-lib/lib/libssp.so.0.0.0
7f1b0bdd4000-7f1b0bdd5000 r--p 00002000 00:293f 9223372037532303456      /nix/store/mdck89nsfisflwjv6xv8ydj7dj0sj2pn-gcc-11.3.0-lib/lib/libssp.so.0.0.0
7f1b0bdd5000-7f1b0bdd6000 r--p 00002000 00:293f 9223372037532303456      /nix/store/mdck89nsfisflwjv6xv8ydj7dj0sj2pn-gcc-11.3.0-lib/lib/libssp.so.0.0.0
7f1b0bdd6000-7f1b0bdd7000 rw-p 00003000 00:293f 9223372037532303456      /nix/store/mdck89nsfisflwjv6xv8ydj7dj0sj2pn-gcc-11.3.0-lib/lib/libssp.so.0.0.0
7f1b0bdd7000-7f1b0be00000 r--p 00000000 00:293f 9223372037533729576      /nix/store/9yk4rl8vdkq07n9b1aw757hrpnzd1008-ORBit2-2.14.19/lib/libORBit-2.so.0.1.0
7f1b0be00000-7f1b0be25000 r-xp 00029000 00:293f 9223372037533729576      /nix/store/9yk4rl8vdkq07n9b1aw757hrpnzd1008-ORBit2-2.14.19/lib/libORBit-2.so.0.1.0
7f1b0be25000-7f1b0be39000 r--p 0004e000 00:293f 9223372037533729576      /nix/store/9yk4rl8vdkq07n9b1aw757hrpnzd1008-ORBit2-2.14.19/lib/libORBit-2.so.0.1.0
7f1b0be39000-7f1b0be49000 r--p 00061000 00:293f 9223372037533729576      /nix/store/9yk4rl8vdkq07n9b1aw757hrpnzd1008-ORBit2-2.14.19/lib/libORBit-2.so.0.1.0
7f1b0be49000-7f1b0be4b000 rw-p 00071000 00:293f 9223372037533729576      /nix/store/9yk4rl8vdkq07n9b1aw757hrpnzd1008-ORBit2-2.14.19/lib/libORBit-2.so.0.1.0
7f1b0be4b000-7f1b0be4e000 rw-p 00000000 00:00 0 
7f1b0be4e000-7f1b0be4f000 r--p 00000000 00:293f 9223372037533874819      /nix/store/g1gfc2843yh6bv457x7m9sv0dp6crlw2-avahi-0.8/lib/libavahi-glib.so.1.0.2
7f1b0be4f000-7f1b0be50000 r-xp 00001000 00:293f 9223372037533874819      /nix/store/g1gfc2843yh6bv457x7m9sv0dp6crlw2-avahi-0.8/lib/libavahi-glib.so.1.0.2
7f1b0be50000-7f1b0be51000 r--p 00002000 00:293f 9223372037533874819      /nix/store/g1gfc2843yh6bv457x7m9sv0dp6crlw2-avahi-0.8/lib/libavahi-glib.so.1.0.2
7f1b0be51000-7f1b0be52000 r--p 00002000 00:293f 9223372037533874819      /nix/store/g1gfc2843yh6bv457x7m9sv0dp6crlw2-avahi-0.8/lib/libavahi-glib.so.1.0.2
7f1b0be52000-7f1b0be53000 rw-p 00003000 00:293f 9223372037533874819      /nix/store/g1gfc2843yh6bv457x7m9sv0dp6crlw2-avahi-0.8/lib/libavahi-glib.so.1.0.2
7f1b0be53000-7f1b0bf0f000 r--p 00000000 00:293f 9223372037533484018      /nix/store/4mxnw95jcm5a27qk60z7yc0gvxp42b9a-openssl-3.0.7/lib/libcrypto.so.3
7f1b0bf0f000-7f1b0c196000 r-xp 000bc000 00:293f 9223372037533484018      /nix/store/4mxnw95jcm5a27qk60z7yc0gvxp42b9a-openssl-3.0.7/lib/libcrypto.so.3
7f1b0c196000-7f1b0c271000 r--p 00343000 00:293f 9223372037533484018      /nix/store/4mxnw95jcm5a27qk60z7yc0gvxp42b9a-openssl-3.0.7/lib/libcrypto.so.3
7f1b0c271000-7f1b0c2cc000 r--p 0041d000 00:293f 9223372037533484018      /nix/store/4mxnw95jcm5a27qk60z7yc0gvxp42b9a-openssl-3.0.7/lib/libcrypto.so.3
7f1b0c2cc000-7f1b0c2cf000 rw-p 00478000 00:293f 9223372037533484018      /nix/store/4mxnw95jcm5a27qk60z7yc0gvxp42b9a-openssl-3.0.7/lib/libcrypto.so.3
7f1b0c2cf000-7f1b0c2d2000 rw-p 00000000 00:00 0 
7f1b0c2d2000-7f1b0c2f2000 r--p 00000000 00:293f 9223372037533484341      /nix/store/4mxnw95jcm5a27qk60z7yc0gvxp42b9a-openssl-3.0.7/lib/libssl.so.3
7f1b0c2f2000-7f1b0c352000 r-xp 00020000 00:293f 9223372037533484341      /nix/store/4mxnw95jcm5a27qk60z7yc0gvxp42b9a-openssl-3.0.7/lib/libssl.so.3
7f1b0c352000-7f1b0c371000 r--p 00080000 00:293f 9223372037533484341      /nix/store/4mxnw95jcm5a27qk60z7yc0gvxp42b9a-openssl-3.0.7/lib/libssl.so.3
7f1b0c371000-7f1b0c37b000 r--p 0009e000 00:293f 9223372037533484341      /nix/store/4mxnw95jcm5a27qk60z7yc0gvxp42b9a-openssl-3.0.7/lib/libssl.so.3
7f1b0c37b000-7f1b0c37f000 rw-p 000a8000 00:293f 9223372037533484341      /nix/store/4mxnw95jcm5a27qk60z7yc0gvxp42b9a-openssl-3.0.7/lib/libssl.so.3
7f1b0c37f000-7f1b0c38e000 r--p 00000000 00:293f 9223372037533874028      /nix/store/y1ffp4g3yl0ijwdl8lgh4hhq3wl8frcc-dbus-1.14.4-lib/lib/libdbus-1.so.3.32.1
7f1b0c38e000-7f1b0c3bf000 r-xp 0000f000 00:293f 9223372037533874028      /nix/store/y1ffp4g3yl0ijwdl8lgh4hhq3wl8frcc-dbus-1.14.4-lib/lib/libdbus-1.so.3.32.1
7f1b0c3bf000-7f1b0c3d4000 r--p 00040000 00:293f 9223372037533874028      /nix/store/y1ffp4g3yl0ijwdl8lgh4hhq3wl8frcc-dbus-1.14.4-lib/lib/libdbus-1.so.3.32.1
7f1b0c3d4000-7f1b0c3d6000 r--p 00054000 00:293f 9223372037533874028      /nix/store/y1ffp4g3yl0ijwdl8lgh4hhq3wl8frcc-dbus-1.14.4-lib/lib/libdbus-1.so.3.32.1
7f1b0c3d6000-7f1b0c3d7000 rw-p 00056000 00:293f 9223372037533874028      /nix/store/y1ffp4g3yl0ijwdl8lgh4hhq3wl8frcc-dbus-1.14.4-lib/lib/libdbus-1.so.3.32.1
7f1b0c3d7000-7f1b0c3e1000 r--p 00000000 00:293f 9223372037534002261      /nix/store/hfax18sslmvq4q541jxq3bgfhj9cr5zq-dbus-glib-0.112/lib/libdbus-glib-1.so.2.3.5
7f1b0c3e1000-7f1b0c3f6000 r-xp 0000a000 00:293f 9223372037534002261      /nix/store/hfax18sslmvq4q541jxq3bgfhj9cr5zq-dbus-glib-0.112/lib/libdbus-glib-1.so.2.3.5
7f1b0c3f6000-7f1b0c3ff000 r--p 0001f000 00:293f 9223372037534002261      /nix/store/hfax18sslmvq4q541jxq3bgfhj9cr5zq-dbus-glib-0.112/lib/libdbus-glib-1.so.2.3.5
7f1b0c3ff000-7f1b0c401000 r--p 00027000 00:293f 9223372037534002261      /nix/store/hfax18sslmvq4q541jxq3bgfhj9cr5zq-dbus-glib-0.112/lib/libdbus-glib-1.so.2.3.5
7f1b0c401000-7f1b0c402000 rw-p 00029000 00:293f 9223372037534002261      /nix/store/hfax18sslmvq4q541jxq3bgfhj9cr5zq-dbus-glib-0.112/lib/libdbus-glib-1.so.2.3.5
7f1b0c402000-7f1b0c404000 rw-p 00000000 00:00 0 
7f1b0c404000-7f1b0c439000 r--p 00000000 00:293f 9223372037533730125      /nix/store/h5slhj7gqpqh5q4jb00xdbcwbl8vqqa7-libxml2-2.10.3/lib/libxml2.so.2.10.3
7f1b0c439000-7f1b0c517000 r-xp 00035000 00:293f 9223372037533730125      /nix/store/h5slhj7gqpqh5q4jb00xdbcwbl8vqqa7-libxml2-2.10.3/lib/libxml2.so.2.10.3
7f1b0c517000-7f1b0c55e000 r--p 00113000 00:293f 9223372037533730125      /nix/store/h5slhj7gqpqh5q4jb00xdbcwbl8vqqa7-libxml2-2.10.3/lib/libxml2.so.2.10.3
7f1b0c55e000-7f1b0c569000 r--p 00159000 00:293f 9223372037533730125      /nix/store/h5slhj7gqpqh5q4jb00xdbcwbl8vqqa7-libxml2-2.10.3/lib/libxml2.so.2.10.3
7f1b0c569000-7f1b0c56a000 rw-p 00164000 00:293f 9223372037533730125      /nix/store/h5slhj7gqpqh5q4jb00xdbcwbl8vqqa7-libxml2-2.10.3/lib/libxml2.so.2.10.3
7f1b0c56a000-7f1b0c56b000 rw-p 00000000 00:00 0 
7f1b0c56b000-7f1b0c56c000 r--p 00000000 00:293f 9223372037533612519      /nix/store/2k366jrbsra97gjfxwvrhvixjfxdach5-glib-2.74.1/lib/libgthread-2.0.so.0.7400.1
7f1b0c56c000-7f1b0c56d000 r-xp 00001000 00:293f 9223372037533612519      /nix/store/2k366jrbsra97gjfxwvrhvixjfxdach5-glib-2.74.1/lib/libgthread-2.0.so.0.7400.1
7f1b0c56d000-7f1b0c56e000 r--p 00002000 00:293f 9223372037533612519      /nix/store/2k366jrbsra97gjfxwvrhvixjfxdach5-glib-2.74.1/lib/libgthread-2.0.so.0.7400.1
7f1b0c56e000-7f1b0c56f000 r--p 00002000 00:293f 9223372037533612519      /nix/store/2k366jrbsra97gjfxwvrhvixjfxdach5-glib-2.74.1/lib/libgthread-2.0.so.0.7400.1
7f1b0c56f000-7f1b0c570000 rw-p 00003000 00:293f 9223372037533612519      /nix/store/2k366jrbsra97gjfxwvrhvixjfxdach5-glib-2.74.1/lib/libgthread-2.0.so.0.7400.1
7f1b0c570000-7f1b0c577000 r--p 00000000 00:293f 9223372037533486411      /nix/store/ii8xgfqglbvvaiv4isqpy0s7lhqgxrmy-libselinux-3.3/lib/libselinux.so.1
7f1b0c577000-7f1b0c591000 r-xp 00007000 00:293f 9223372037533486411      /nix/store/ii8xgfqglbvvaiv4isqpy0s7lhqgxrmy-libselinux-3.3/lib/libselinux.so.1
7f1b0c591000-7f1b0c599000 r--p 00021000 00:293f 9223372037533486411      /nix/store/ii8xgfqglbvvaiv4isqpy0s7lhqgxrmy-libselinux-3.3/lib/libselinux.so.1
7f1b0c599000-7f1b0c59a000 r--p 00028000 00:293f 9223372037533486411      /nix/store/ii8xgfqglbvvaiv4isqpy0s7lhqgxrmy-libselinux-3.3/lib/libselinux.so.1
7f1b0c59a000-7f1b0c59b000 rw-p 00029000 00:293f 9223372037533486411      /nix/store/ii8xgfqglbvvaiv4isqpy0s7lhqgxrmy-libselinux-3.3/lib/libselinux.so.1
7f1b0c59b000-7f1b0c59d000 rw-p 00000000 00:00 0 
7f1b0c59d000-7f1b0c5aa000 r--p 00000000 00:293f 9223372037533490659      /nix/store/acvafmp652dj67f4g3sdx68n2mg1afz4-util-linux-minimal-2.38.1-lib/lib/libmount.so.1.1.0
7f1b0c5aa000-7f1b0c5e9000 r-xp 0000d000 00:293f 9223372037533490659      /nix/store/acvafmp652dj67f4g3sdx68n2mg1afz4-util-linux-minimal-2.38.1-lib/lib/libmount.so.1.1.0
7f1b0c5e9000-7f1b0c5fc000 r--p 0004c000 00:293f 9223372037533490659      /nix/store/acvafmp652dj67f4g3sdx68n2mg1afz4-util-linux-minimal-2.38.1-lib/lib/libmount.so.1.1.0
7f1b0c5fc000-7f1b0c5fe000 r--p 0005f000 00:293f 9223372037533490659      /nix/store/acvafmp652dj67f4g3sdx68n2mg1afz4-util-linux-minimal-2.38.1-lib/lib/libmount.so.1.1.0
7f1b0c5fe000-7f1b0c5ff000 rw-p 00061000 00:293f 9223372037533490659      /nix/store/acvafmp652dj67f4g3sdx68n2mg1afz4-util-linux-minimal-2.38.1-lib/lib/libmount.so.1.1.0
7f1b0c5ff000-7f1b0c601000 rw-p 00000000 00:00 0 
7f1b0c601000-7f1b0c60d000 r--p 00000000 00:293f 9223372037533729722      /nix/store/2jrs0v6gypniiqi9c1h8498q3iikmcw5-harfbuzz-5.2.0/lib/libharfbuzz.so.0.50200.0
7f1b0c60d000-7f1b0c6cd000 r-xp 0000c000 00:293f 9223372037533729722      /nix/store/2jrs0v6gypniiqi9c1h8498q3iikmcw5-harfbuzz-5.2.0/lib/libharfbuzz.so.0.50200.0
7f1b0c6cd000-7f1b0c706000 r--p 000cc000 00:293f 9223372037533729722      /nix/store/2jrs0v6gypniiqi9c1h8498q3iikmcw5-harfbuzz-5.2.0/lib/libharfbuzz.so.0.50200.0
7f1b0c706000-7f1b0c707000 r--p 00105000 00:293f 9223372037533729722      /nix/store/2jrs0v6gypniiqi9c1h8498q3iikmcw5-harfbuzz-5.2.0/lib/libharfbuzz.so.0.50200.0
7f1b0c707000-7f1b0c708000 rw-p 00106000 00:293f 9223372037533729722      /nix/store/2jrs0v6gypniiqi9c1h8498q3iikmcw5-harfbuzz-5.2.0/lib/libharfbuzz.so.0.50200.0
7f1b0c708000-7f1b0c729000 r--p 00000000 00:293f 9223372037533612455      /nix/store/2k366jrbsra97gjfxwvrhvixjfxdach5-glib-2.74.1/lib/libglib-2.0.so.0.7400.1
7f1b0c729000-7f1b0c7b6000 r-xp 00021000 00:293f 9223372037533612455      /nix/store/2k366jrbsra97gjfxwvrhvixjfxdach5-glib-2.74.1/lib/libglib-2.0.so.0.7400.1
7f1b0c7b6000-7f1b0c842000 r--p 000ae000 00:293f 9223372037533612455      /nix/store/2k366jrbsra97gjfxwvrhvixjfxdach5-glib-2.74.1/lib/libglib-2.0.so.0.7400.1
7f1b0c842000-7f1b0c843000 r--p 00139000 00:293f 9223372037533612455      /nix/store/2k366jrbsra97gjfxwvrhvixjfxdach5-glib-2.74.1/lib/libglib-2.0.so.0.7400.1
7f1b0c843000-7f1b0c844000 rw-p 0013a000 00:293f 9223372037533612455      /nix/store/2k366jrbsra97gjfxwvrhvixjfxdach5-glib-2.74.1/lib/libglib-2.0.so.0.7400.1
7f1b0c844000-7f1b0c845000 rw-p 00000000 00:00 0 
7f1b0c845000-7f1b0c855000 r--p 00000000 00:293f 9223372037533612500      /nix/store/2k366jrbsra97gjfxwvrhvixjfxdach5-glib-2.74.1/lib/libgobject-2.0.so.0.7400.1
7f1b0c855000-7f1b0c888000 r-xp 00010000 00:293f 9223372037533612500      /nix/store/2k366jrbsra97gjfxwvrhvixjfxdach5-glib-2.74.1/lib/libgobject-2.0.so.0.7400.1
7f1b0c888000-7f1b0c8a2000 r--p 00043000 00:293f 9223372037533612500      /nix/store/2k366jrbsra97gjfxwvrhvixjfxdach5-glib-2.74.1/lib/libgobject-2.0.so.0.7400.1
7f1b0c8a2000-7f1b0c8a5000 r--p 0005d000 00:293f 9223372037533612500      /nix/store/2k366jrbsra97gjfxwvrhvixjfxdach5-glib-2.74.1/lib/libgobject-2.0.so.0.7400.1
7f1b0c8a5000-7f1b0c8a6000 rw-p 00060000 00:293f 9223372037533612500      /nix/store/2k366jrbsra97gjfxwvrhvixjfxdach5-glib-2.74.1/lib/libgobject-2.0.so.0.7400.1
7f1b0c8a6000-7f1b0c8b9000 r--p 00000000 00:293f 9223372037533730810      /nix/store/jlkg24hm8bwrg3x4a517w3gb2qrxn7g4-pango-1.50.11/lib/libpango-1.0.so.0.5000.11
7f1b0c8b9000-7f1b0c8ed000 r-xp 00013000 00:293f 9223372037533730810      /nix/store/jlkg24hm8bwrg3x4a517w3gb2qrxn7g4-pango-1.50.11/lib/libpango-1.0.so.0.5000.11
7f1b0c8ed000-7f1b0c908000 r--p 00047000 00:293f 9223372037533730810      /nix/store/jlkg24hm8bwrg3x4a517w3gb2qrxn7g4-pango-1.50.11/lib/libpango-1.0.so.0.5000.11
7f1b0c908000-7f1b0c90c000 r--p 00061000 00:293f 9223372037533730810      /nix/store/jlkg24hm8bwrg3x4a517w3gb2qrxn7g4-pango-1.50.11/lib/libpango-1.0.so.0.5000.11
7f1b0c90c000-7f1b0c90d000 rw-p 00065000 00:293f 9223372037533730810      /nix/store/jlkg24hm8bwrg3x4a517w3gb2qrxn7g4-pango-1.50.11/lib/libpango-1.0.so.0.5000.11
7f1b0c90d000-7f1b0c915000 r--p 00000000 00:293f 9223372037533730816      /nix/store/jlkg24hm8bwrg3x4a517w3gb2qrxn7g4-pango-1.50.11/lib/libpangoft2-1.0.so.0.5000.11
7f1b0c915000-7f1b0c921000 r-xp 00008000 00:293f 9223372037533730816      /nix/store/jlkg24hm8bwrg3x4a517w3gb2qrxn7g4-pango-1.50.11/lib/libpangoft2-1.0.so.0.5000.11
7f1b0c921000-7f1b0c926000 r--p 00014000 00:293f 9223372037533730816      /nix/store/jlkg24hm8bwrg3x4a517w3gb2qrxn7g4-pango-1.50.11/lib/libpangoft2-1.0.so.0.5000.11
7f1b0c926000-7f1b0c927000 r--p 00018000 00:293f 9223372037533730816      /nix/store/jlkg24hm8bwrg3x4a517w3gb2qrxn7g4-pango-1.50.11/lib/libpangoft2-1.0.so.0.5000.11
7f1b0c927000-7f1b0c928000 rw-p 00019000 00:293f 9223372037533730816      /nix/store/jlkg24hm8bwrg3x4a517w3gb2qrxn7g4-pango-1.50.11/lib/libpangoft2-1.0.so.0.5000.11
7f1b0c928000-7f1b0c930000 r--p 00000000 00:293f 9223372037533730234      /nix/store/crz3s569f4dyc5ynldizlk53g6bkw7s5-gdk-pixbuf-2.42.10/lib/libgdk_pixbuf-2.0.so.0.4200.10
7f1b0c930000-7f1b0c94a000 r-xp 00008000 00:293f 9223372037533730234      /nix/store/crz3s569f4dyc5ynldizlk53g6bkw7s5-gdk-pixbuf-2.42.10/lib/libgdk_pixbuf-2.0.so.0.4200.10
7f1b0c94a000-7f1b0c954000 r--p 00022000 00:293f 9223372037533730234      /nix/store/crz3s569f4dyc5ynldizlk53g6bkw7s5-gdk-pixbuf-2.42.10/lib/libgdk_pixbuf-2.0.so.0.4200.10
7f1b0c954000-7f1b0c955000 r--p 0002c000 00:293f 9223372037533730234      /nix/store/crz3s569f4dyc5ynldizlk53g6bkw7s5-gdk-pixbuf-2.42.10/lib/libgdk_pixbuf-2.0.so.0.4200.10
7f1b0c955000-7f1b0c956000 rw-p 0002d000 00:293f 9223372037533730234      /nix/store/crz3s569f4dyc5ynldizlk53g6bkw7s5-gdk-pixbuf-2.42.10/lib/libgdk_pixbuf-2.0.so.0.4200.10
7f1b0c956000-7f1b0c958000 rw-p 00000000 00:00 0 
7f1b0c958000-7f1b0c96d000 r--p 00000000 00:293f 9223372037533614425      /nix/store/72mqxxhh3cy5yifh92wh2yb8cl2hikyy-cairo-1.16.0/lib/libcairo.so.2.11600.0
7f1b0c96d000-7f1b0ca4c000 r-xp 00015000 00:293f 9223372037533614425      /nix/store/72mqxxhh3cy5yifh92wh2yb8cl2hikyy-cairo-1.16.0/lib/libcairo.so.2.11600.0
7f1b0ca4c000-7f1b0ca8e000 r--p 000f4000 00:293f 9223372037533614425      /nix/store/72mqxxhh3cy5yifh92wh2yb8cl2hikyy-cairo-1.16.0/lib/libcairo.so.2.11600.0
7f1b0ca8e000-7f1b0ca92000 r--p 00135000 00:293f 9223372037533614425      /nix/store/72mqxxhh3cy5yifh92wh2yb8cl2hikyy-cairo-1.16.0/lib/libcairo.so.2.11600.0
7f1b0ca92000-7f1b0ca93000 rw-p 00139000 00:293f 9223372037533614425      /nix/store/72mqxxhh3cy5yifh92wh2yb8cl2hikyy-cairo-1.16.0/lib/libcairo.so.2.11600.0
7f1b0ca93000-7f1b0ca95000 rw-p 00000000 00:00 0 
7f1b0ca95000-7f1b0caa0000 r--p 00000000 00:293f 9223372037533874175      /nix/store/6jl8x6kl4ldd8x3g731x1l04cpfyar2g-at-spi2-core-2.46.0/lib/libatk-1.0.so.0.24609.1
7f1b0caa0000-7f1b0caaf000 r-xp 0000b000 00:293f 9223372037533874175      /nix/store/6jl8x6kl4ldd8x3g731x1l04cpfyar2g-at-spi2-core-2.46.0/lib/libatk-1.0.so.0.24609.1
7f1b0caaf000-7f1b0cabb000 r--p 0001a000 00:293f 9223372037533874175      /nix/store/6jl8x6kl4ldd8x3g731x1l04cpfyar2g-at-spi2-core-2.46.0/lib/libatk-1.0.so.0.24609.1
7f1b0cabb000-7f1b0cabe000 r--p 00025000 00:293f 9223372037533874175      /nix/store/6jl8x6kl4ldd8x3g731x1l04cpfyar2g-at-spi2-core-2.46.0/lib/libatk-1.0.so.0.24609.1
7f1b0cabe000-7f1b0cabf000 rw-p 00028000 00:293f 9223372037533874175      /nix/store/6jl8x6kl4ldd8x3g731x1l04cpfyar2g-at-spi2-core-2.46.0/lib/libatk-1.0.so.0.24609.1
7f1b0cabf000-7f1b0cac0000 r--p 00000000 00:293f 9223372037533490843      /nix/store/swg93im3s35jqdf5cqynq8qskzw6v3a8-libXcomposite-0.4.5/lib/libXcomposite.so.1.0.0
7f1b0cac0000-7f1b0cac1000 r-xp 00001000 00:293f 9223372037533490843      /nix/store/swg93im3s35jqdf5cqynq8qskzw6v3a8-libXcomposite-0.4.5/lib/libXcomposite.so.1.0.0
7f1b0cac1000-7f1b0cac2000 r--p 00002000 00:293f 9223372037533490843      /nix/store/swg93im3s35jqdf5cqynq8qskzw6v3a8-libXcomposite-0.4.5/lib/libXcomposite.so.1.0.0
7f1b0cac2000-7f1b0cac3000 r--p 00002000 00:293f 9223372037533490843      /nix/store/swg93im3s35jqdf5cqynq8qskzw6v3a8-libXcomposite-0.4.5/lib/libXcomposite.so.1.0.0
7f1b0cac3000-7f1b0cac4000 rw-p 00003000 00:293f 9223372037533490843      /nix/store/swg93im3s35jqdf5cqynq8qskzw6v3a8-libXcomposite-0.4.5/lib/libXcomposite.so.1.0.0
7f1b0cac4000-7f1b0cac6000 r--p 00000000 00:293f 9223372037533478493      /nix/store/cr7ldrd6xlq4rgqr99yygy43f77zdk1x-libXfixes-6.0.0/lib/libXfixes.so.3.1.0
7f1b0cac6000-7f1b0cac9000 r-xp 00002000 00:293f 9223372037533478493      /nix/store/cr7ldrd6xlq4rgqr99yygy43f77zdk1x-libXfixes-6.0.0/lib/libXfixes.so.3.1.0
7f1b0cac9000-7f1b0caca000 r--p 00005000 00:293f 9223372037533478493      /nix/store/cr7ldrd6xlq4rgqr99yygy43f77zdk1x-libXfixes-6.0.0/lib/libXfixes.so.3.1.0
7f1b0caca000-7f1b0cacb000 r--p 00006000 00:293f 9223372037533478493      /nix/store/cr7ldrd6xlq4rgqr99yygy43f77zdk1x-libXfixes-6.0.0/lib/libXfixes.so.3.1.0
7f1b0cacb000-7f1b0cacc000 rw-p 00007000 00:293f 9223372037533478493      /nix/store/cr7ldrd6xlq4rgqr99yygy43f77zdk1x-libXfixes-6.0.0/lib/libXfixes.so.3.1.0
7f1b0cacc000-7f1b0cad1000 r--p 00000000 00:293f 9223372037533730813      /nix/store/jlkg24hm8bwrg3x4a517w3gb2qrxn7g4-pango-1.50.11/lib/libpangocairo-1.0.so.0.5000.11
7f1b0cad1000-7f1b0cad8000 r-xp 00005000 00:293f 9223372037533730813      /nix/store/jlkg24hm8bwrg3x4a517w3gb2qrxn7g4-pango-1.50.11/lib/libpangocairo-1.0.so.0.5000.11
7f1b0cad8000-7f1b0cadb000 r--p 0000c000 00:293f 9223372037533730813      /nix/store/jlkg24hm8bwrg3x4a517w3gb2qrxn7g4-pango-1.50.11/lib/libpangocairo-1.0.so.0.5000.11
7f1b0cadb000-7f1b0cadc000 r--p 0000e000 00:293f 9223372037533730813      /nix/store/jlkg24hm8bwrg3x4a517w3gb2qrxn7g4-pango-1.50.11/lib/libpangocairo-1.0.so.0.5000.11
7f1b0cadc000-7f1b0cadd000 rw-p 0000f000 00:293f 9223372037533730813      /nix/store/jlkg24hm8bwrg3x4a517w3gb2qrxn7g4-pango-1.50.11/lib/libpangocairo-1.0.so.0.5000.11
7f1b0cadd000-7f1b0cadf000 rw-p 00000000 00:00 0 
7f1b0cadf000-7f1b0cae1000 r--p 00000000 00:293f 9223372037533612497      /nix/store/2k366jrbsra97gjfxwvrhvixjfxdach5-glib-2.74.1/lib/libgmodule-2.0.so.0.7400.1
7f1b0cae1000-7f1b0cae3000 r-xp 00002000 00:293f 9223372037533612497      /nix/store/2k366jrbsra97gjfxwvrhvixjfxdach5-glib-2.74.1/lib/libgmodule-2.0.so.0.7400.1
7f1b0cae3000-7f1b0cae4000 r--p 00004000 00:293f 9223372037533612497      /nix/store/2k366jrbsra97gjfxwvrhvixjfxdach5-glib-2.74.1/lib/libgmodule-2.0.so.0.7400.1
7f1b0cae4000-7f1b0cae5000 r--p 00004000 00:293f 9223372037533612497      /nix/store/2k366jrbsra97gjfxwvrhvixjfxdach5-glib-2.74.1/lib/libgmodule-2.0.so.0.7400.1
7f1b0cae5000-7f1b0cae6000 rw-p 00005000 00:293f 9223372037533612497      /nix/store/2k366jrbsra97gjfxwvrhvixjfxdach5-glib-2.74.1/lib/libgmodule-2.0.so.0.7400.1
7f1b0cae6000-7f1b0cae9000 r--p 00000000 00:293f 9223372037533491016      /nix/store/mnf2gsd24llnva76k5qgirvkg16pic4z-libXcursor-1.2.0/lib/libXcursor.so.1.0.2
7f1b0cae9000-7f1b0caef000 r-xp 00003000 00:293f 9223372037533491016      /nix/store/mnf2gsd24llnva76k5qgirvkg16pic4z-libXcursor-1.2.0/lib/libXcursor.so.1.0.2
7f1b0caef000-7f1b0caf1000 r--p 00009000 00:293f 9223372037533491016      /nix/store/mnf2gsd24llnva76k5qgirvkg16pic4z-libXcursor-1.2.0/lib/libXcursor.so.1.0.2
7f1b0caf1000-7f1b0caf2000 r--p 0000a000 00:293f 9223372037533491016      /nix/store/mnf2gsd24llnva76k5qgirvkg16pic4z-libXcursor-1.2.0/lib/libXcursor.so.1.0.2
7f1b0caf2000-7f1b0caf3000 rw-p 0000b000 00:293f 9223372037533491016      /nix/store/mnf2gsd24llnva76k5qgirvkg16pic4z-libXcursor-1.2.0/lib/libXcursor.so.1.0.2
7f1b0caf3000-7f1b0caf6000 r--p 00000000 00:293f 9223372037533490909      /nix/store/bjhi22jj82f08b3mk58p8vaj1778jyzi-libXi-1.8/lib/libXi.so.6.1.0
7f1b0caf6000-7f1b0cb02000 r-xp 00003000 00:293f 9223372037533490909      /nix/store/bjhi22jj82f08b3mk58p8vaj1778jyzi-libXi-1.8/lib/libXi.so.6.1.0
7f1b0cb02000-7f1b0cb05000 r--p 0000f000 00:293f 9223372037533490909      /nix/store/bjhi22jj82f08b3mk58p8vaj1778jyzi-libXi-1.8/lib/libXi.so.6.1.0
7f1b0cb05000-7f1b0cb06000 r--p 00011000 00:293f 9223372037533490909      /nix/store/bjhi22jj82f08b3mk58p8vaj1778jyzi-libXi-1.8/lib/libXi.so.6.1.0
7f1b0cb06000-7f1b0cb07000 rw-p 00012000 00:293f 9223372037533490909      /nix/store/bjhi22jj82f08b3mk58p8vaj1778jyzi-libXi-1.8/lib/libXi.so.6.1.0
7f1b0cb07000-7f1b0cb25000 r--p 00000000 00:293f 9223372037534002441      /nix/store/jpimcg7iyg5ii67yd400ak0gvn00x3l7-gtk+-2.24.33/lib/libgdk-x11-2.0.so.0.2400.33
7f1b0cb25000-7f1b0cb83000 r-xp 0001e000 00:293f 9223372037534002441      /nix/store/jpimcg7iyg5ii67yd400ak0gvn00x3l7-gtk+-2.24.33/lib/libgdk-x11-2.0.so.0.2400.33
7f1b0cb83000-7f1b0cbbe000 r--p 0007c000 00:293f 9223372037534002441      /nix/store/jpimcg7iyg5ii67yd400ak0gvn00x3l7-gtk+-2.24.33/lib/libgdk-x11-2.0.so.0.2400.33
7f1b0cbbe000-7f1b0cbc3000 r--p 000b7000 00:293f 9223372037534002441      /nix/store/jpimcg7iyg5ii67yd400ak0gvn00x3l7-gtk+-2.24.33/lib/libgdk-x11-2.0.so.0.2400.33
7f1b0cbc3000-7f1b0cbc4000 rw-p 000bc000 00:293f 9223372037534002441      /nix/store/jpimcg7iyg5ii67yd400ak0gvn00x3l7-gtk+-2.24.33/lib/libgdk-x11-2.0.so.0.2400.33
7f1b0cbc4000-7f1b0cbc6000 rw-p 00000000 00:00 0 
7f1b0cbc6000-7f1b0cbc8000 r--p 00000000 00:293f 9223372037533478636      /nix/store/13cv29rz58179gnajkjcc2ibm9xvw5fk-libXrender-0.9.10/lib/libXrender.so.1.3.0
7f1b0cbc8000-7f1b0cbcf000 r-xp 00002000 00:293f 9223372037533478636      /nix/store/13cv29rz58179gnajkjcc2ibm9xvw5fk-libXrender-0.9.10/lib/libXrender.so.1.3.0
7f1b0cbcf000-7f1b0cbd1000 r--p 00009000 00:293f 9223372037533478636      /nix/store/13cv29rz58179gnajkjcc2ibm9xvw5fk-libXrender-0.9.10/lib/libXrender.so.1.3.0
7f1b0cbd1000-7f1b0cbd2000 r--p 0000a000 00:293f 9223372037533478636      /nix/store/13cv29rz58179gnajkjcc2ibm9xvw5fk-libXrender-0.9.10/lib/libXrender.so.1.3.0
7f1b0cbd2000-7f1b0cbd3000 rw-p 0000b000 00:293f 9223372037533478636      /nix/store/13cv29rz58179gnajkjcc2ibm9xvw5fk-libXrender-0.9.10/lib/libXrender.so.1.3.0
7f1b0cbd3000-7f1b0cbd7000 r--p 00000000 00:293f 9223372037533478445      /nix/store/qvvaq9p7lw05r7szvsx3c17ca5x8h982-libXext-1.3.4/lib/libXext.so.6.4.0
7f1b0cbd7000-7f1b0cbe2000 r-xp 00004000 00:293f 9223372037533478445      /nix/store/qvvaq9p7lw05r7szvsx3c17ca5x8h982-libXext-1.3.4/lib/libXext.so.6.4.0
7f1b0cbe2000-7f1b0cbe6000 r--p 0000f000 00:293f 9223372037533478445      /nix/store/qvvaq9p7lw05r7szvsx3c17ca5x8h982-libXext-1.3.4/lib/libXext.so.6.4.0
7f1b0cbe6000-7f1b0cbe7000 r--p 00012000 00:293f 9223372037533478445      /nix/store/qvvaq9p7lw05r7szvsx3c17ca5x8h982-libXext-1.3.4/lib/libXext.so.6.4.0
7f1b0cbe7000-7f1b0cbe8000 rw-p 00013000 00:293f 9223372037533478445      /nix/store/qvvaq9p7lw05r7szvsx3c17ca5x8h982-libXext-1.3.4/lib/libXext.so.6.4.0
7f1b0cbe8000-7f1b0cc06000 r--p 00000000 00:293f 9223372037533476047      /nix/store/w3zzhfl4a7xp0xfflz2gawv02y8ba9z8-libX11-1.8.1/lib/libX11.so.6.4.0
7f1b0cc06000-7f1b0cc92000 r-xp 0001e000 00:293f 9223372037533476047      /nix/store/w3zzhfl4a7xp0xfflz2gawv02y8ba9z8-libX11-1.8.1/lib/libX11.so.6.4.0
7f1b0cc92000-7f1b0cd27000 r--p 000aa000 00:293f 9223372037533476047      /nix/store/w3zzhfl4a7xp0xfflz2gawv02y8ba9z8-libX11-1.8.1/lib/libX11.so.6.4.0
7f1b0cd27000-7f1b0cd28000 r--p 0013f000 00:293f 9223372037533476047      /nix/store/w3zzhfl4a7xp0xfflz2gawv02y8ba9z8-libX11-1.8.1/lib/libX11.so.6.4.0
7f1b0cd28000-7f1b0cd2d000 rw-p 00140000 00:293f 9223372037533476047      /nix/store/w3zzhfl4a7xp0xfflz2gawv02y8ba9z8-libX11-1.8.1/lib/libX11.so.6.4.0
7f1b0cd2d000-7f1b0cd2f000 rw-p 00000000 00:00 0 
7f1b0cd2f000-7f1b0cd3d000 r--p 00000000 00:293f 9223372037455367831      /nix/store/4nlgxhb09sdr51nc9hdm8az5b08vzkgx-glibc-2.35-163/lib/libm.so.6
7f1b0cd3d000-7f1b0cdb0000 r-xp 0000e000 00:293f 9223372037455367831      /nix/store/4nlgxhb09sdr51nc9hdm8az5b08vzkgx-glibc-2.35-163/lib/libm.so.6
7f1b0cdb0000-7f1b0ce0d000 r--p 00081000 00:293f 9223372037455367831      /nix/store/4nlgxhb09sdr51nc9hdm8az5b08vzkgx-glibc-2.35-163/lib/libm.so.6
7f1b0ce0d000-7f1b0ce0e000 r--p 000dd000 00:293f 9223372037455367831      /nix/store/4nlgxhb09sdr51nc9hdm8az5b08vzkgx-glibc-2.35-163/lib/libm.so.6
7f1b0ce0e000-7f1b0ce0f000 rw-p 000de000 00:293f 9223372037455367831      /nix/store/4nlgxhb09sdr51nc9hdm8az5b08vzkgx-glibc-2.35-163/lib/libm.so.6
7f1b0ce0f000-7f1b0ce48000 r--p 00000000 00:293f 9223372037533614380      /nix/store/mq9jfv5yzjr626nszc429pkbg6qc22wa-gnutls-3.7.8/lib/libgnutls.so.30.34.2
7f1b0ce48000-7f1b0cf74000 r-xp 00039000 00:293f 9223372037533614380      /nix/store/mq9jfv5yzjr626nszc429pkbg6qc22wa-gnutls-3.7.8/lib/libgnutls.so.30.34.2
7f1b0cf74000-7f1b0d00e000 r--p 00165000 00:293f 9223372037533614380      /nix/store/mq9jfv5yzjr626nszc429pkbg6qc22wa-gnutls-3.7.8/lib/libgnutls.so.30.34.2
7f1b0d00e000-7f1b0d01f000 r--p 001fe000 00:293f 9223372037533614380      /nix/store/mq9jfv5yzjr626nszc429pkbg6qc22wa-gnutls-3.7.8/lib/libgnutls.so.30.34.2
7f1b0d01f000-7f1b0d021000 rw-p 0020f000 00:293f 9223372037533614380      /nix/store/mq9jfv5yzjr626nszc429pkbg6qc22wa-gnutls-3.7.8/lib/libgnutls.so.30.34.2
7f1b0d021000-7f1b0d025000 rw-p 00000000 00:00 0 
7f1b0d025000-7f1b0d029000 r--p 00000000 00:293f 9223372037533874691      /nix/store/g1gfc2843yh6bv457x7m9sv0dp6crlw2-avahi-0.8/lib/libavahi-client.so.3.2.9
7f1b0d029000-7f1b0d032000 r-xp 00004000 00:293f 9223372037533874691      /nix/store/g1gfc2843yh6bv457x7m9sv0dp6crlw2-avahi-0.8/lib/libavahi-client.so.3.2.9
7f1b0d032000-7f1b0d036000 r--p 0000d000 00:293f 9223372037533874691      /nix/store/g1gfc2843yh6bv457x7m9sv0dp6crlw2-avahi-0.8/lib/libavahi-client.so.3.2.9
7f1b0d036000-7f1b0d037000 r--p 00011000 00:293f 9223372037533874691      /nix/store/g1gfc2843yh6bv457x7m9sv0dp6crlw2-avahi-0.8/lib/libavahi-client.so.3.2.9
7f1b0d037000-7f1b0d038000 rw-p 00012000 00:293f 9223372037533874691      /nix/store/g1gfc2843yh6bv457x7m9sv0dp6crlw2-avahi-0.8/lib/libavahi-client.so.3.2.9
7f1b0d038000-7f1b0d03c000 r--p 00000000 00:293f 9223372037533874708      /nix/store/g1gfc2843yh6bv457x7m9sv0dp6crlw2-avahi-0.8/lib/libavahi-common.so.3.5.4
7f1b0d03c000-7f1b0d042000 r-xp 00004000 00:293f 9223372037533874708      /nix/store/g1gfc2843yh6bv457x7m9sv0dp6crlw2-avahi-0.8/lib/libavahi-common.so.3.5.4
7f1b0d042000-7f1b0d045000 r--p 0000a000 00:293f 9223372037533874708      /nix/store/g1gfc2843yh6bv457x7m9sv0dp6crlw2-avahi-0.8/lib/libavahi-common.so.3.5.4
7f1b0d045000-7f1b0d046000 r--p 0000d000 00:293f 9223372037533874708      /nix/store/g1gfc2843yh6bv457x7m9sv0dp6crlw2-avahi-0.8/lib/libavahi-common.so.3.5.4
7f1b0d046000-7f1b0d047000 rw-p 0000e000 00:293f 9223372037533874708      /nix/store/g1gfc2843yh6bv457x7m9sv0dp6crlw2-avahi-0.8/lib/libavahi-common.so.3.5.4
7f1b0d047000-7f1b0d04b000 r--p 00000000 00:293f 9223372037523930339      /nix/store/4lkjvagv0bqq58qpysfabw66rqrbddgb-expat-2.5.0/lib/libexpat.so.1.8.10
7f1b0d04b000-7f1b0d06a000 r-xp 00004000 00:293f 9223372037523930339      /nix/store/4lkjvagv0bqq58qpysfabw66rqrbddgb-expat-2.5.0/lib/libexpat.so.1.8.10
7f1b0d06a000-7f1b0d074000 r--p 00023000 00:293f 9223372037523930339      /nix/store/4lkjvagv0bqq58qpysfabw66rqrbddgb-expat-2.5.0/lib/libexpat.so.1.8.10
7f1b0d074000-7f1b0d076000 r--p 0002d000 00:293f 9223372037523930339      /nix/store/4lkjvagv0bqq58qpysfabw66rqrbddgb-expat-2.5.0/lib/libexpat.so.1.8.10
7f1b0d076000-7f1b0d077000 rw-p 0002f000 00:293f 9223372037523930339      /nix/store/4lkjvagv0bqq58qpysfabw66rqrbddgb-expat-2.5.0/lib/libexpat.so.1.8.10
7f1b0d077000-7f1b0d079000 rw-p 00000000 00:00 0 
7f1b0d079000-7f1b0d07f000 r--p 00000000 00:293f 9223372037533613543      /nix/store/d9i9f63d1121378id4kf2swn06a5grwa-libpng-apng-1.6.37/lib/libpng16.so.16.37.0
7f1b0d07f000-7f1b0d0a5000 r-xp 00006000 00:293f 9223372037533613543      /nix/store/d9i9f63d1121378id4kf2swn06a5grwa-libpng-apng-1.6.37/lib/libpng16.so.16.37.0
7f1b0d0a5000-7f1b0d0b1000 r--p 0002c000 00:293f 9223372037533613543      /nix/store/d9i9f63d1121378id4kf2swn06a5grwa-libpng-apng-1.6.37/lib/libpng16.so.16.37.0
7f1b0d0b1000-7f1b0d0b2000 r--p 00037000 00:293f 9223372037533613543      /nix/store/d9i9f63d1121378id4kf2swn06a5grwa-libpng-apng-1.6.37/lib/libpng16.so.16.37.0
7f1b0d0b2000-7f1b0d0b3000 rw-p 00038000 00:293f 9223372037533613543      /nix/store/d9i9f63d1121378id4kf2swn06a5grwa-libpng-apng-1.6.37/lib/libpng16.so.16.37.0
7f1b0d0b3000-7f1b0d0b5000 r--p 00000000 00:293f 9223372037518430836      /nix/store/ysl6qj5r7nn63b16954dhk7x47r5yq7i-bzip2-1.0.8/lib/libbz2.so.1.0.8
7f1b0d0b5000-7f1b0d0c2000 r-xp 00002000 00:293f 9223372037518430836      /nix/store/ysl6qj5r7nn63b16954dhk7x47r5yq7i-bzip2-1.0.8/lib/libbz2.so.1.0.8
7f1b0d0c2000-7f1b0d0c4000 r--p 0000f000 00:293f 9223372037518430836      /nix/store/ysl6qj5r7nn63b16954dhk7x47r5yq7i-bzip2-1.0.8/lib/libbz2.so.1.0.8
7f1b0d0c4000-7f1b0d0c5000 r--p 00010000 00:293f 9223372037518430836      /nix/store/ysl6qj5r7nn63b16954dhk7x47r5yq7i-bzip2-1.0.8/lib/libbz2.so.1.0.8
7f1b0d0c5000-7f1b0d0c6000 rw-p 00011000 00:293f 9223372037518430836      /nix/store/ysl6qj5r7nn63b16954dhk7x47r5yq7i-bzip2-1.0.8/lib/libbz2.so.1.0.8
7f1b0d0c6000-7f1b0d0d4000 r--p 00000000 00:293f 9223372037533614093      /nix/store/shxbchcb9zl755mvlhf0ll61hz8s6imm-freetype-2.12.1/lib/libfreetype.so.6.18.3
7f1b0d0d4000-7f1b0d15a000 r-xp 0000e000 00:293f 9223372037533614093      /nix/store/shxbchcb9zl755mvlhf0ll61hz8s6imm-freetype-2.12.1/lib/libfreetype.so.6.18.3
7f1b0d15a000-7f1b0d185000 r--p 00094000 00:293f 9223372037533614093      /nix/store/shxbchcb9zl755mvlhf0ll61hz8s6imm-freetype-2.12.1/lib/libfreetype.so.6.18.3
7f1b0d185000-7f1b0d18d000 r--p 000be000 00:293f 9223372037533614093      /nix/store/shxbchcb9zl755mvlhf0ll61hz8s6imm-freetype-2.12.1/lib/libfreetype.so.6.18.3
7f1b0d18d000-7f1b0d18e000 rw-p 000c6000 00:293f 9223372037533614093      /nix/store/shxbchcb9zl755mvlhf0ll61hz8s6imm-freetype-2.12.1/lib/libfreetype.so.6.18.3
7f1b0d18e000-7f1b0d19f000 r--p 00000000 00:293f 9223372037534122125      /nix/store/3814q7yzfvk2jsdd8a93lqsi2qyhi2a9-gconf-3.2.6/lib/libgconf-2.so.4.1.5
7f1b0d19f000-7f1b0d1be000 r-xp 00011000 00:293f 9223372037534122125      /nix/store/3814q7yzfvk2jsdd8a93lqsi2qyhi2a9-gconf-3.2.6/lib/libgconf-2.so.4.1.5
7f1b0d1be000-7f1b0d1cc000 r--p 00030000 00:293f 9223372037534122125      /nix/store/3814q7yzfvk2jsdd8a93lqsi2qyhi2a9-gconf-3.2.6/lib/libgconf-2.so.4.1.5
7f1b0d1cc000-7f1b0d1cf000 r--p 0003d000 00:293f 9223372037534122125      /nix/store/3814q7yzfvk2jsdd8a93lqsi2qyhi2a9-gconf-3.2.6/lib/libgconf-2.so.4.1.5
7f1b0d1cf000-7f1b0d1d1000 rw-p 00040000 00:293f 9223372037534122125      /nix/store/3814q7yzfvk2jsdd8a93lqsi2qyhi2a9-gconf-3.2.6/lib/libgconf-2.so.4.1.5
7f1b0d1d1000-7f1b0d1d3000 rw-p 00000000 00:00 0 
7f1b0d1d3000-7f1b0d1ea000 r--p 00000000 00:293f 9223372037534123735      /nix/store/y056fs7d6j488j49bwjcl7bwrqg3ia1v-gnome-vfs-2.24.4/lib/libgnomevfs-2.so.0.2400.4
7f1b0d1ea000-7f1b0d223000 r-xp 00017000 00:293f 9223372037534123735      /nix/store/y056fs7d6j488j49bwjcl7bwrqg3ia1v-gnome-vfs-2.24.4/lib/libgnomevfs-2.so.0.2400.4
7f1b0d223000-7f1b0d23c000 r--p 00050000 00:293f 9223372037534123735      /nix/store/y056fs7d6j488j49bwjcl7bwrqg3ia1v-gnome-vfs-2.24.4/lib/libgnomevfs-2.so.0.2400.4
7f1b0d23c000-7f1b0d240000 r--p 00068000 00:293f 9223372037534123735      /nix/store/y056fs7d6j488j49bwjcl7bwrqg3ia1v-gnome-vfs-2.24.4/lib/libgnomevfs-2.so.0.2400.4
7f1b0d240000-7f1b0d241000 rw-p 0006c000 00:293f 9223372037534123735      /nix/store/y056fs7d6j488j49bwjcl7bwrqg3ia1v-gnome-vfs-2.24.4/lib/libgnomevfs-2.so.0.2400.4
7f1b0d241000-7f1b0d242000 rw-p 00000000 00:00 0 
7f1b0d242000-7f1b0d282000 r--p 00000000 00:293f 9223372037533612376      /nix/store/2k366jrbsra97gjfxwvrhvixjfxdach5-glib-2.74.1/lib/libgio-2.0.so.0.7400.1
7f1b0d282000-7f1b0d390000 r-xp 00040000 00:293f 9223372037533612376      /nix/store/2k366jrbsra97gjfxwvrhvixjfxdach5-glib-2.74.1/lib/libgio-2.0.so.0.7400.1
7f1b0d390000-7f1b0d41d000 r--p 0014e000 00:293f 9223372037533612376      /nix/store/2k366jrbsra97gjfxwvrhvixjfxdach5-glib-2.74.1/lib/libgio-2.0.so.0.7400.1
7f1b0d41d000-7f1b0d426000 r--p 001da000 00:293f 9223372037533612376      /nix/store/2k366jrbsra97gjfxwvrhvixjfxdach5-glib-2.74.1/lib/libgio-2.0.so.0.7400.1
7f1b0d426000-7f1b0d427000 rw-p 001e3000 00:293f 9223372037533612376      /nix/store/2k366jrbsra97gjfxwvrhvixjfxdach5-glib-2.74.1/lib/libgio-2.0.so.0.7400.1
7f1b0d427000-7f1b0d429000 rw-p 00000000 00:00 0 
7f1b0d429000-7f1b0d497000 r--p 00000000 00:293f 9223372037534002472      /nix/store/jpimcg7iyg5ii67yd400ak0gvn00x3l7-gtk+-2.24.33/lib/libgtk-x11-2.0.so.0.2400.33
7f1b0d497000-7f1b0d709000 r-xp 0006e000 00:293f 9223372037534002472      /nix/store/jpimcg7iyg5ii67yd400ak0gvn00x3l7-gtk+-2.24.33/lib/libgtk-x11-2.0.so.0.2400.33
7f1b0d709000-7f1b0d87b000 r--p 002e0000 00:293f 9223372037534002472      /nix/store/jpimcg7iyg5ii67yd400ak0gvn00x3l7-gtk+-2.24.33/lib/libgtk-x11-2.0.so.0.2400.33
7f1b0d87b000-7f1b0d885000 r--p 00452000 00:293f 9223372037534002472      /nix/store/jpimcg7iyg5ii67yd400ak0gvn00x3l7-gtk+-2.24.33/lib/libgtk-x11-2.0.so.0.2400.33
7f1b0d885000-7f1b0d886000 rw-p 0045c000 00:293f 9223372037534002472      /nix/store/jpimcg7iyg5ii67yd400ak0gvn00x3l7-gtk+-2.24.33/lib/libgtk-x11-2.0.so.0.2400.33
7f1b0d886000-7f1b0d888000 rw-p 00000000 00:00 0 
7f1b0d888000-7f1b0d88c000 r--p 00000000 00:293f 9223372037533598831      /nix/store/p4vpay6wkmraar8p626zk2421790vr62-file-5.43/lib/libmagic.so.1.0.0
7f1b0d88c000-7f1b0d8a8000 r-xp 00004000 00:293f 9223372037533598831      /nix/store/p4vpay6wkmraar8p626zk2421790vr62-file-5.43/lib/libmagic.so.1.0.0
7f1b0d8a8000-7f1b0d8b1000 r--p 00020000 00:293f 9223372037533598831      /nix/store/p4vpay6wkmraar8p626zk2421790vr62-file-5.43/lib/libmagic.so.1.0.0
7f1b0d8b1000-7f1b0d8b3000 r--p 00028000 00:293f 9223372037533598831      /nix/store/p4vpay6wkmraar8p626zk2421790vr62-file-5.43/lib/libmagic.so.1.0.0
7f1b0d8b3000-7f1b0d8b4000 rw-p 0002a000 00:293f 9223372037533598831      /nix/store/p4vpay6wkmraar8p626zk2421790vr62-file-5.43/lib/libmagic.so.1.0.0
7f1b0d8b4000-7f1b0d8b6000 r--p 00000000 00:293f 9223372037533491072      /nix/store/dn40mwzzfpikw1d5n01fmj5cl0b33yl5-libXrandr-1.5.2/lib/libXrandr.so.2.2.0
7f1b0d8b6000-7f1b0d8bd000 r-xp 00002000 00:293f 9223372037533491072      /nix/store/dn40mwzzfpikw1d5n01fmj5cl0b33yl5-libXrandr-1.5.2/lib/libXrandr.so.2.2.0
7f1b0d8bd000-7f1b0d8bf000 r--p 00009000 00:293f 9223372037533491072      /nix/store/dn40mwzzfpikw1d5n01fmj5cl0b33yl5-libXrandr-1.5.2/lib/libXrandr.so.2.2.0
7f1b0d8bf000-7f1b0d8c0000 r--p 0000a000 00:293f 9223372037533491072      /nix/store/dn40mwzzfpikw1d5n01fmj5cl0b33yl5-libXrandr-1.5.2/lib/libXrandr.so.2.2.0
7f1b0d8c0000-7f1b0d8c1000 rw-p 0000b000 00:293f 9223372037533491072      /nix/store/dn40mwzzfpikw1d5n01fmj5cl0b33yl5-libXrandr-1.5.2/lib/libXrandr.so.2.2.0
7f1b0d8c1000-7f1b0d8c2000 r--p 00000000 00:293f 9223372037533478551      /nix/store/nylgj86p4v01rlm50f71537ashgbhhsg-libXinerama-1.1.4/lib/libXinerama.so.1.0.0
7f1b0d8c2000-7f1b0d8c3000 r-xp 00001000 00:293f 9223372037533478551      /nix/store/nylgj86p4v01rlm50f71537ashgbhhsg-libXinerama-1.1.4/lib/libXinerama.so.1.0.0
7f1b0d8c3000-7f1b0d8c4000 r--p 00002000 00:293f 9223372037533478551      /nix/store/nylgj86p4v01rlm50f71537ashgbhhsg-libXinerama-1.1.4/lib/libXinerama.so.1.0.0
7f1b0d8c4000-7f1b0d8c5000 r--p 00002000 00:293f 9223372037533478551      /nix/store/nylgj86p4v01rlm50f71537ashgbhhsg-libXinerama-1.1.4/lib/libXinerama.so.1.0.0
7f1b0d8c5000-7f1b0d8c6000 rw-p 00003000 00:293f 9223372037533478551      /nix/store/nylgj86p4v01rlm50f71537ashgbhhsg-libXinerama-1.1.4/lib/libXinerama.so.1.0.0
7f1b0d8c6000-7f1b0d8c8000 rw-p 00000000 00:00 0 
7f1b0d8c8000-7f1b0d8e8000 r--p 00000000 00:293f 9223372037533991043      /nix/store/a4pff549sk2idnkpzk5nsfps3mdkdnvm-cups-2.4.2-lib/lib/libcups.so.2
7f1b0d8e8000-7f1b0d92c000 r-xp 00020000 00:293f 9223372037533991043      /nix/store/a4pff549sk2idnkpzk5nsfps3mdkdnvm-cups-2.4.2-lib/lib/libcups.so.2
7f1b0d92c000-7f1b0d948000 r--p 00064000 00:293f 9223372037533991043      /nix/store/a4pff549sk2idnkpzk5nsfps3mdkdnvm-cups-2.4.2-lib/lib/libcups.so.2
7f1b0d948000-7f1b0d952000 r--p 0007f000 00:293f 9223372037533991043      /nix/store/a4pff549sk2idnkpzk5nsfps3mdkdnvm-cups-2.4.2-lib/lib/libcups.so.2
7f1b0d952000-7f1b0d953000 rw-p 00089000 00:293f 9223372037533991043      /nix/store/a4pff549sk2idnkpzk5nsfps3mdkdnvm-cups-2.4.2-lib/lib/libcups.so.2
7f1b0d953000-7f1b0d95b000 r--p 00000000 00:293f 9223372037533614205      /nix/store/4llf22n9mbnk5i20zkwa1j6zx5c1gz8h-fontconfig-2.14.0-lib/lib/libfontconfig.so.1.12.0
7f1b0d95b000-7f1b0d983000 r-xp 00008000 00:293f 9223372037533614205      /nix/store/4llf22n9mbnk5i20zkwa1j6zx5c1gz8h-fontconfig-2.14.0-lib/lib/libfontconfig.so.1.12.0
7f1b0d983000-7f1b0d99c000 r--p 00030000 00:293f 9223372037533614205      /nix/store/4llf22n9mbnk5i20zkwa1j6zx5c1gz8h-fontconfig-2.14.0-lib/lib/libfontconfig.so.1.12.0
7f1b0d99c000-7f1b0d99e000 r--p 00048000 00:293f 9223372037533614205      /nix/store/4llf22n9mbnk5i20zkwa1j6zx5c1gz8h-fontconfig-2.14.0-lib/lib/libfontconfig.so.1.12.0
7f1b0d99e000-7f1b0d99f000 rw-p 0004a000 00:293f 9223372037533614205      /nix/store/4llf22n9mbnk5i20zkwa1j6zx5c1gz8h-fontconfig-2.14.0-lib/lib/libfontconfig.so.1.12.0
7f1b0d99f000-7f1b0d9c7000 r--p 00000000 00:293f 9223372037455367822      /nix/store/4nlgxhb09sdr51nc9hdm8az5b08vzkgx-glibc-2.35-163/lib/libc.so.6
7f1b0d9c7000-7f1b0db3d000 r-xp 00028000 00:293f 9223372037455367822      /nix/store/4nlgxhb09sdr51nc9hdm8az5b08vzkgx-glibc-2.35-163/lib/libc.so.6
7f1b0db3d000-7f1b0db95000 r--p 0019e000 00:293f 9223372037455367822      /nix/store/4nlgxhb09sdr51nc9hdm8az5b08vzkgx-glibc-2.35-163/lib/libc.so.6
7f1b0db95000-7f1b0db99000 r--p 001f6000 00:293f 9223372037455367822      /nix/store/4nlgxhb09sdr51nc9hdm8az5b08vzkgx-glibc-2.35-163/lib/libc.so.6
7f1b0db99000-7f1b0db9b000 rw-p 001fa000 00:293f 9223372037455367822      /nix/store/4nlgxhb09sdr51nc9hdm8az5b08vzkgx-glibc-2.35-163/lib/libc.so.6
7f1b0db9b000-7f1b0dba8000 rw-p 00000000 00:00 0 
7f1b0dba8000-7f1b0dba9000 r--p 00000000 00:293f 9223372037455367827      /nix/store/4nlgxhb09sdr51nc9hdm8az5b08vzkgx-glibc-2.35-163/lib/libdl.so.2
7f1b0dba9000-7f1b0dbaa000 r-xp 00001000 00:293f 9223372037455367827      /nix/store/4nlgxhb09sdr51nc9hdm8az5b08vzkgx-glibc-2.35-163/lib/libdl.so.2
7f1b0dbaa000-7f1b0dbab000 r--p 00002000 00:293f 9223372037455367827      /nix/store/4nlgxhb09sdr51nc9hdm8az5b08vzkgx-glibc-2.35-163/lib/libdl.so.2
7f1b0dbab000-7f1b0dbac000 r--p 00002000 00:293f 9223372037455367827      /nix/store/4nlgxhb09sdr51nc9hdm8az5b08vzkgx-glibc-2.35-163/lib/libdl.so.2
7f1b0dbac000-7f1b0dbad000 rw-p 00003000 00:293f 9223372037455367827      /nix/store/4nlgxhb09sdr51nc9hdm8az5b08vzkgx-glibc-2.35-163/lib/libdl.so.2
7f1b0dbad000-7f1b0dbb0000 r--p 00000000 00:293f 9223372037534124090      /nix/store/arja5b2nhs4z9ajrcx4wiipjywcw1ip6-openjdk-8u322-ga-jre/lib/openjdk/jre/lib/amd64/jli/libjli.so
7f1b0dbb0000-7f1b0dbb9000 r-xp 00003000 00:293f 9223372037534124090      /nix/store/arja5b2nhs4z9ajrcx4wiipjywcw1ip6-openjdk-8u322-ga-jre/lib/openjdk/jre/lib/amd64/jli/libjli.so
7f1b0dbb9000-7f1b0dbbc000 r--p 0000c000 00:293f 9223372037534124090      /nix/store/arja5b2nhs4z9ajrcx4wiipjywcw1ip6-openjdk-8u322-ga-jre/lib/openjdk/jre/lib/amd64/jli/libjli.so
7f1b0dbbc000-7f1b0dbbd000 r--p 0000e000 00:293f 9223372037534124090      /nix/store/arja5b2nhs4z9ajrcx4wiipjywcw1ip6-openjdk-8u322-ga-jre/lib/openjdk/jre/lib/amd64/jli/libjli.so
7f1b0dbbd000-7f1b0dbbe000 rw-p 0000f000 00:293f 9223372037534124090      /nix/store/arja5b2nhs4z9ajrcx4wiipjywcw1ip6-openjdk-8u322-ga-jre/lib/openjdk/jre/lib/amd64/jli/libjli.so
7f1b0dbbe000-7f1b0dbc0000 rw-p 00012000 00:293f 9223372037534124090      /nix/store/arja5b2nhs4z9ajrcx4wiipjywcw1ip6-openjdk-8u322-ga-jre/lib/openjdk/jre/lib/amd64/jli/libjli.so
7f1b0dbc0000-7f1b0dbc2000 rw-p 00014000 00:293f 9223372037534124090      /nix/store/arja5b2nhs4z9ajrcx4wiipjywcw1ip6-openjdk-8u322-ga-jre/lib/openjdk/jre/lib/amd64/jli/libjli.so
7f1b0dbc2000-7f1b0dbc4000 rw-p 00000000 00:00 0 
7f1b0dbc4000-7f1b0dbc7000 r--p 00000000 00:293f 9223372037533597975      /nix/store/026hln0aq1hyshaxsdvhg0kmcm6yf45r-zlib-1.2.13/lib/libz.so.1.2.13
7f1b0dbc7000-7f1b0dbd9000 r-xp 00003000 00:293f 9223372037533597975      /nix/store/026hln0aq1hyshaxsdvhg0kmcm6yf45r-zlib-1.2.13/lib/libz.so.1.2.13
7f1b0dbd9000-7f1b0dbe0000 r--p 00015000 00:293f 9223372037533597975      /nix/store/026hln0aq1hyshaxsdvhg0kmcm6yf45r-zlib-1.2.13/lib/libz.so.1.2.13
7f1b0dbe0000-7f1b0dbe1000 r--p 0001b000 00:293f 9223372037533597975      /nix/store/026hln0aq1hyshaxsdvhg0kmcm6yf45r-zlib-1.2.13/lib/libz.so.1.2.13
7f1b0dbe1000-7f1b0dbe2000 rw-p 0001c000 00:293f 9223372037533597975      /nix/store/026hln0aq1hyshaxsdvhg0kmcm6yf45r-zlib-1.2.13/lib/libz.so.1.2.13
7f1b0dbe2000-7f1b0dbe3000 r--p 00000000 00:293f 9223372037455367846      /nix/store/4nlgxhb09sdr51nc9hdm8az5b08vzkgx-glibc-2.35-163/lib/libpthread.so.0
7f1b0dbe3000-7f1b0dbe4000 r-xp 00001000 00:293f 9223372037455367846      /nix/store/4nlgxhb09sdr51nc9hdm8az5b08vzkgx-glibc-2.35-163/lib/libpthread.so.0
7f1b0dbe4000-7f1b0dbe5000 r--p 00002000 00:293f 9223372037455367846      /nix/store/4nlgxhb09sdr51nc9hdm8az5b08vzkgx-glibc-2.35-163/lib/libpthread.so.0
7f1b0dbe5000-7f1b0dbe6000 r--p 00002000 00:293f 9223372037455367846      /nix/store/4nlgxhb09sdr51nc9hdm8az5b08vzkgx-glibc-2.35-163/lib/libpthread.so.0
7f1b0dbe6000-7f1b0dbe7000 rw-p 00003000 00:293f 9223372037455367846      /nix/store/4nlgxhb09sdr51nc9hdm8az5b08vzkgx-glibc-2.35-163/lib/libpthread.so.0
7f1b0dbe7000-7f1b0dbe9000 rw-p 00000000 00:00 0 
7f1b0dbe9000-7f1b0dbeb000 r--p 00000000 00:293f 9223372037455367816      /nix/store/4nlgxhb09sdr51nc9hdm8az5b08vzkgx-glibc-2.35-163/lib/ld-linux-x86-64.so.2
7f1b0dbeb000-7f1b0dc12000 r-xp 00002000 00:293f 9223372037455367816      /nix/store/4nlgxhb09sdr51nc9hdm8az5b08vzkgx-glibc-2.35-163/lib/ld-linux-x86-64.so.2
7f1b0dc12000-7f1b0dc1e000 r--p 00029000 00:293f 9223372037455367816      /nix/store/4nlgxhb09sdr51nc9hdm8az5b08vzkgx-glibc-2.35-163/lib/ld-linux-x86-64.so.2
7f1b0dc1e000-7f1b0dc20000 r--p 00034000 00:293f 9223372037455367816      /nix/store/4nlgxhb09sdr51nc9hdm8az5b08vzkgx-glibc-2.35-163/lib/ld-linux-x86-64.so.2
7f1b0dc20000-7f1b0dc22000 rw-p 00036000 00:293f 9223372037455367816      /nix/store/4nlgxhb09sdr51nc9hdm8az5b08vzkgx-glibc-2.35-163/lib/ld-linux-x86-64.so.2
7ffc1a619000-7ffc1a63e000 rw-p 00000000 00:00 0                          [stack]
7ffc1a731000-7ffc1a735000 r--p 00000000 00:00 0                          [vvar]
7ffc1a735000-7ffc1a737000 r-xp 00000000 00:00 0                          [vdso]
ffffffffff600000-ffffffffff601000 --xp 00000000 00:00 0                  [vsyscall]

VM Arguments:
jvm_args: -Xmx128M 
java_command: bungee.jar
java_class_path (initial): bungee.jar
Launcher Type: SUN_STANDARD

Environment Variables:
JAVA_HOME=/nix/store/i4qskvnfw3wbc9pldqnnd3kb9cf9yp16-openjdk-11.0.15+10/lib/openjdk
LD_LIBRARY_PATH=/nix/store/hisqvx32cd57apbpcsnkpx6k3549wql1-libglvnd-1.4.0/lib:/nix/store/p36pgcv991mq5srvg765b78yqpxvk3qs-mesa-21.3.3-drivers/lib:/nix/store/mav4251if1ahjq5vkpwycyyvnmy459c4-pulseaudio-14.2/lib
SHELL=/bin/bash

Signal Handlers:
SIGSEGV: [libjvm.so+0xaf1fb0], sa_mask[0]=11111111011111111101111111111110, sa_flags=SA_RESTART|SA_SIGINFO
SIGBUS: [libjvm.so+0xaf1fb0], sa_mask[0]=11111111011111111101111111111110, sa_flags=SA_RESTART|SA_SIGINFO
SIGFPE: [libjvm.so+0x93d520], sa_mask[0]=11111111011111111101111111111110, sa_flags=SA_RESTART|SA_SIGINFO
SIGPIPE: [libjvm.so+0x93d520], sa_mask[0]=11111111011111111101111111111110, sa_flags=SA_RESTART|SA_SIGINFO
SIGXFSZ: [libjvm.so+0x93d520], sa_mask[0]=11111111011111111101111111111110, sa_flags=SA_RESTART|SA_SIGINFO
SIGILL: [libjvm.so+0x93d520], sa_mask[0]=11111111011111111101111111111110, sa_flags=SA_RESTART|SA_SIGINFO
SIGUSR1: SIG_DFL, sa_mask[0]=00000000000000000000000000000000, sa_flags=none
SIGUSR2: [libjvm.so+0x93d850], sa_mask[0]=00000000000000000000000000000000, sa_flags=SA_RESTART|SA_SIGINFO
SIGHUP: [libjvm.so+0x93d7a0], sa_mask[0]=11111111011111111101111111111110, sa_flags=SA_RESTART|SA_SIGINFO
SIGINT: [libjvm.so+0x93d7a0], sa_mask[0]=11111111011111111101111111111110, sa_flags=SA_RESTART|SA_SIGINFO
SIGTERM: [libjvm.so+0x93d7a0], sa_mask[0]=11111111011111111101111111111110, sa_flags=SA_RESTART|SA_SIGINFO
SIGQUIT: [libjvm.so+0x93d7a0], sa_mask[0]=11111111011111111101111111111110, sa_flags=SA_RESTART|SA_SIGINFO


---------------  S Y S T E M  ---------------

OS:DISTRIB_ID=Ubuntu
DISTRIB_RELEASE=20.04
DISTRIB_CODENAME=focal
DISTRIB_DESCRIPTION="Ubuntu 20.04.2 LTS"

uname:Linux 5.15.0-1027-gcp #34~20.04.1-Ubuntu SMP Mon Jan 9 18:40:09 UTC 2023 x86_64
libc:glibc 2.35 NPTL 2.35 
rlimit: STACK 8192k, CORE infinity, NPROC infinity, NOFILE 5242, AS infinity
load average:77.22 78.40 114.60

/proc/meminfo:
MemTotal:       32872720 kB
MemFree:          616452 kB
MemAvailable:    3991900 kB
Buffers:           14064 kB
Cached:          4774712 kB
SwapCached:            0 kB
Active:          1798096 kB
Inactive:       26534216 kB
Active(anon):     926764 kB
Inactive(anon): 24703256 kB
Active(file):     871332 kB
Inactive(file):  1830960 kB
Unevictable:       42552 kB
Mlocked:           42552 kB
SwapTotal:             0 kB
SwapFree:              0 kB
Dirty:              3972 kB
Writeback:             0 kB
AnonPages:      23586152 kB
Mapped:          3239260 kB
Shmem:           2192584 kB
KReclaimable:    1138992 kB
Slab:            2634420 kB
SReclaimable:    1138992 kB
SUnreclaim:      1495428 kB
KernelStack:      525480 kB
PageTables:       406032 kB
NFS_Unstable:          0 kB
Bounce:                0 kB
WritebackTmp:          0 kB
CommitLimit:    16436360 kB
Committed_AS:   114118424 kB
VmallocTotal:   34359738367 kB
VmallocUsed:      567436 kB
VmallocChunk:          0 kB
Percpu:            33664 kB
HardwareCorrupted:     0 kB
AnonHugePages:     14336 kB
ShmemHugePages:        0 kB
ShmemPmdMapped:        0 kB
FileHugePages:         0 kB
FilePmdMapped:         0 kB
HugePages_Total:       0
HugePages_Free:        0
HugePages_Rsvd:        0
HugePages_Surp:        0
Hugepagesize:       2048 kB
Hugetlb:               0 kB
DirectMap4k:     4086592 kB
DirectMap2M:    26318848 kB
DirectMap1G:     5242880 kB

container (cgroup) information:
container_type: cgroupv1
cpu_cpuset_cpus: 1-3
cpu_memory_nodes: 0
active_processor_count: 1
cpu_quota: 30000
cpu_period: 100000
cpu_shares: 307
memory_limit_in_bytes: 1073741824
memory_and_swap_limit_in_bytes: 1073741824
memory_soft_limit_in_bytes: 536870912
memory_usage_in_bytes: 216367104
memory_max_usage_in_bytes: 846274560


CPU:total 4 (initial active 1) (4 cores per cpu, 1 threads per core) family 23 model 49 stepping 0, cmov, cx8, fxsr, mmx, sse, sse2, sse3, ssse3, sse4.1, sse4.2, popcnt, avx, avx2, aes, clmul, mmxext, 3dnowpref, lzcnt, sse4a, tsc, tscinvbit, tscinv, bmi1

/proc/cpuinfo:
processor	: 0
vendor_id	: AuthenticAMD
cpu family	: 23
model		: 49
model name	: AMD EPYC 7B12
stepping	: 0
microcode	: 0xffffffff
cpu MHz		: 2250.000
cache size	: 512 KB
physical id	: 0
siblings	: 4
core id		: 0
cpu cores	: 2
apicid		: 0
initial apicid	: 0
fpu		: yes
fpu_exception	: yes
cpuid level	: 13
wp		: yes
flags		: fpu vme de pse tsc msr pae mce cx8 apic sep mtrr pge mca cmov pat pse36 clflush mmx fxsr sse sse2 ht syscall nx mmxext fxsr_opt pdpe1gb rdtscp lm constant_tsc rep_good nopl nonstop_tsc cpuid extd_apicid tsc_known_freq pni pclmulqdq ssse3 fma cx16 sse4_1 sse4_2 movbe popcnt aes xsave avx f16c rdrand hypervisor lahf_lm cmp_legacy cr8_legacy abm sse4a misalignsse 3dnowprefetch osvw topoext ssbd ibrs ibpb stibp vmmcall fsgsbase tsc_adjust bmi1 avx2 smep bmi2 rdseed adx smap clflushopt clwb sha_ni xsaveopt xsavec xgetbv1 clzero xsaveerptr arat npt nrip_save umip rdpid
bugs		: sysret_ss_attrs null_seg spectre_v1 spectre_v2 spec_store_bypass retbleed
bogomips	: 4500.00
TLB size	: 3072 4K pages
clflush size	: 64
cache_alignment	: 64
address sizes	: 48 bits physical, 48 bits virtual
power management:

processor	: 1
vendor_id	: AuthenticAMD
cpu family	: 23
model		: 49
model name	: AMD EPYC 7B12
stepping	: 0
microcode	: 0xffffffff
cpu MHz		: 2250.000
cache size	: 512 KB
physical id	: 0
siblings	: 4
core id		: 1
cpu cores	: 2
apicid		: 2
initial apicid	: 2
fpu		: yes
fpu_exception	: yes
cpuid level	: 13
wp		: yes
flags		: fpu vme de pse tsc msr pae mce cx8 apic sep mtrr pge mca cmov pat pse36 clflush mmx fxsr sse sse2 ht syscall nx mmxext fxsr_opt pdpe1gb rdtscp lm constant_tsc rep_good nopl nonstop_tsc cpuid extd_apicid tsc_known_freq pni pclmulqdq ssse3 fma cx16 sse4_1 sse4_2 movbe popcnt aes xsave avx f16c rdrand hypervisor lahf_lm cmp_legacy cr8_legacy abm sse4a misalignsse 3dnowprefetch osvw topoext ssbd ibrs ibpb stibp vmmcall fsgsbase tsc_adjust bmi1 avx2 smep bmi2 rdseed adx smap clflushopt clwb sha_ni xsaveopt xsavec xgetbv1 clzero xsaveerptr arat npt nrip_save umip rdpid
bugs		: sysret_ss_attrs null_seg spectre_v1 spectre_v2 spec_store_bypass retbleed
bogomips	: 4500.00
TLB size	: 3072 4K pages
clflush size	: 64
cache_alignment	: 64
address sizes	: 48 bits physical, 48 bits virtual
power management:

processor	: 2
vendor_id	: AuthenticAMD
cpu family	: 23
model		: 49
model name	: AMD EPYC 7B12
stepping	: 0
microcode	: 0xffffffff
cpu MHz		: 2250.000
cache size	: 512 KB
physical id	: 0
siblings	: 4
core id		: 0
cpu cores	: 2
apicid		: 1
initial apicid	: 1
fpu		: yes
fpu_exception	: yes
cpuid level	: 13
wp		: yes
flags		: fpu vme de pse tsc msr pae mce cx8 apic sep mtrr pge mca cmov pat pse36 clflush mmx fxsr sse sse2 ht syscall nx mmxext fxsr_opt pdpe1gb rdtscp lm constant_tsc rep_good nopl nonstop_tsc cpuid extd_apicid tsc_known_freq pni pclmulqdq ssse3 fma cx16 sse4_1 sse4_2 movbe popcnt aes xsave avx f16c rdrand hypervisor lahf_lm cmp_legacy cr8_legacy abm sse4a misalignsse 3dnowprefetch osvw topoext ssbd ibrs ibpb stibp vmmcall fsgsbase tsc_adjust bmi1 avx2 smep bmi2 rdseed adx smap clflushopt clwb sha_ni xsaveopt xsavec xgetbv1 clzero xsaveerptr arat npt nrip_save umip rdpid
bugs		: sysret_ss_attrs null_seg spectre_v1 spectre_v2 spec_store_bypass retbleed
bogomips	: 4500.00
TLB size	: 3072 4K pages
clflush size	: 64
cache_alignment	: 64
address sizes	: 48 bits physical, 48 bits virtual
power management:

processor	: 3
vendor_id	: AuthenticAMD
cpu family	: 23
model		: 49
model name	: AMD EPYC 7B12
stepping	: 0
microcode	: 0xffffffff
cpu MHz		: 2250.000
cache size	: 512 KB
physical id	: 0
siblings	: 4
core id		: 1
cpu cores	: 2
apicid		: 3
initial apicid	: 3
fpu		: yes
fpu_exception	: yes
cpuid level	: 13
wp		: yes
flags		: fpu vme de pse tsc msr pae mce cx8 apic sep mtrr pge mca cmov pat pse36 clflush mmx fxsr sse sse2 ht syscall nx mmxext fxsr_opt pdpe1gb rdtscp lm constant_tsc rep_good nopl nonstop_tsc cpuid extd_apicid tsc_known_freq pni pclmulqdq ssse3 fma cx16 sse4_1 sse4_2 movbe popcnt aes xsave avx f16c rdrand hypervisor lahf_lm cmp_legacy cr8_legacy abm sse4a misalignsse 3dnowprefetch osvw topoext ssbd ibrs ibpb stibp vmmcall fsgsbase tsc_adjust bmi1 avx2 smep bmi2 rdseed adx smap clflushopt clwb sha_ni xsaveopt xsavec xgetbv1 clzero xsaveerptr arat npt nrip_save umip rdpid
bugs		: sysret_ss_attrs null_seg spectre_v1 spectre_v2 spec_store_bypass retbleed
bogomips	: 4500.00
TLB size	: 3072 4K pages
clflush size	: 64
cache_alignment	: 64
address sizes	: 48 bits physical, 48 bits virtual
power management:



Memory: 4k page, physical 1048576k(837272k free), swap 0k(0k free)

vm_info: OpenJDK 64-Bit Server VM (25.322-bga) for linux-amd64 JRE (1.8.0_322-ga), built on Jan  1 1980 00:00:00 by "nixbld" with gcc 11.3.0

time: Wed Jan 25 12:14:35 2023
timezone: UTC
elapsed time: 15.870173 seconds (0d 0h 0m 15s)

